[0.344s] DEBUG:colcon:Command line arguments: ['/usr/bin/colcon', 'build', '--packages-select', 'py04_param']
[0.344s] DEBUG:colcon:Parsed command line arguments: Namespace(log_base=None, log_level=None, verb_name='build', build_base='build', install_base='install', merge_install=False, symlink_install=False, test_result_base=None, continue_on_error=False, executor='parallel', parallel_workers=8, event_handlers=None, ignore_user_meta=False, metas=['./colcon.meta'], base_paths=['.'], packages_ignore=None, packages_ignore_regex=None, paths=None, packages_up_to=None, packages_up_to_regex=None, packages_above=None, packages_above_and_dependencies=None, packages_above_depth=None, packages_select_by_dep=None, packages_skip_by_dep=None, packages_skip_up_to=None, packages_select_build_failed=False, packages_skip_build_finished=False, packages_select_test_failures=False, packages_skip_test_passed=False, packages_select=['py04_param'], packages_skip=None, packages_select_regex=None, packages_skip_regex=None, packages_start=None, packages_end=None, allow_overriding=[], cmake_args=None, cmake_target=None, cmake_target_skip_unavailable=False, cmake_clean_cache=False, cmake_clean_first=False, cmake_force_configure=False, ament_cmake_args=None, catkin_cmake_args=None, catkin_skip_building_tests=False, verb_parser=<colcon_defaults.argument_parser.defaults.DefaultArgumentsDecorator object at 0x7f15305a39a0>, verb_extension=<colcon_core.verb.build.BuildVerb object at 0x7f15305a3430>, main=<bound method BuildVerb.main of <colcon_core.verb.build.BuildVerb object at 0x7f15305a3430>>)
[0.367s] Level 1:colcon.colcon_core.package_discovery:discover_packages(colcon_meta) check parameters
[0.367s] Level 1:colcon.colcon_core.package_discovery:discover_packages(recursive) check parameters
[0.367s] Level 1:colcon.colcon_core.package_discovery:discover_packages(ignore) check parameters
[0.367s] Level 1:colcon.colcon_core.package_discovery:discover_packages(path) check parameters
[0.367s] Level 1:colcon.colcon_core.package_discovery:discover_packages(colcon_meta) discover
[0.367s] Level 1:colcon.colcon_core.package_discovery:discover_packages(recursive) discover
[0.367s] INFO:colcon.colcon_core.package_discovery:Crawling recursively for packages in '/home/xukai/00-Learn/ros2-learning/ws01_plumbing'
[0.367s] Level 1:colcon.colcon_core.package_identification:_identify(.) by extensions ['ignore', 'ignore_ament_install']
[0.367s] Level 1:colcon.colcon_core.package_identification:_identify(.) by extension 'ignore'
[0.367s] Level 1:colcon.colcon_core.package_identification:_identify(.) by extension 'ignore_ament_install'
[0.367s] Level 1:colcon.colcon_core.package_identification:_identify(.) by extensions ['colcon_pkg']
[0.367s] Level 1:colcon.colcon_core.package_identification:_identify(.) by extension 'colcon_pkg'
[0.367s] Level 1:colcon.colcon_core.package_identification:_identify(.) by extensions ['colcon_meta']
[0.367s] Level 1:colcon.colcon_core.package_identification:_identify(.) by extension 'colcon_meta'
[0.367s] Level 1:colcon.colcon_core.package_identification:_identify(.) by extensions ['ros']
[0.367s] Level 1:colcon.colcon_core.package_identification:_identify(.) by extension 'ros'
[0.377s] Level 1:colcon.colcon_core.package_identification:_identify(.) by extensions ['cmake', 'python']
[0.377s] Level 1:colcon.colcon_core.package_identification:_identify(.) by extension 'cmake'
[0.377s] Level 1:colcon.colcon_core.package_identification:_identify(.) by extension 'python'
[0.377s] Level 1:colcon.colcon_core.package_identification:_identify(.) by extensions ['python_setup_py']
[0.377s] Level 1:colcon.colcon_core.package_identification:_identify(.) by extension 'python_setup_py'
[0.378s] Level 1:colcon.colcon_core.package_identification:_identify(build) by extensions ['ignore', 'ignore_ament_install']
[0.378s] Level 1:colcon.colcon_core.package_identification:_identify(build) by extension 'ignore'
[0.378s] Level 1:colcon.colcon_core.package_identification:_identify(build) ignored
[0.378s] Level 1:colcon.colcon_core.package_identification:_identify(install) by extensions ['ignore', 'ignore_ament_install']
[0.378s] Level 1:colcon.colcon_core.package_identification:_identify(install) by extension 'ignore'
[0.378s] Level 1:colcon.colcon_core.package_identification:_identify(install) ignored
[0.378s] Level 1:colcon.colcon_core.package_identification:_identify(log) by extensions ['ignore', 'ignore_ament_install']
[0.378s] Level 1:colcon.colcon_core.package_identification:_identify(log) by extension 'ignore'
[0.378s] Level 1:colcon.colcon_core.package_identification:_identify(log) ignored
[0.378s] Level 1:colcon.colcon_core.package_identification:_identify(src) by extensions ['ignore', 'ignore_ament_install']
[0.379s] Level 1:colcon.colcon_core.package_identification:_identify(src) by extension 'ignore'
[0.379s] Level 1:colcon.colcon_core.package_identification:_identify(src) by extension 'ignore_ament_install'
[0.379s] Level 1:colcon.colcon_core.package_identification:_identify(src) by extensions ['colcon_pkg']
[0.379s] Level 1:colcon.colcon_core.package_identification:_identify(src) by extension 'colcon_pkg'
[0.379s] Level 1:colcon.colcon_core.package_identification:_identify(src) by extensions ['colcon_meta']
[0.379s] Level 1:colcon.colcon_core.package_identification:_identify(src) by extension 'colcon_meta'
[0.379s] Level 1:colcon.colcon_core.package_identification:_identify(src) by extensions ['ros']
[0.379s] Level 1:colcon.colcon_core.package_identification:_identify(src) by extension 'ros'
[0.379s] Level 1:colcon.colcon_core.package_identification:_identify(src) by extensions ['cmake', 'python']
[0.379s] Level 1:colcon.colcon_core.package_identification:_identify(src) by extension 'cmake'
[0.379s] Level 1:colcon.colcon_core.package_identification:_identify(src) by extension 'python'
[0.379s] Level 1:colcon.colcon_core.package_identification:_identify(src) by extensions ['python_setup_py']
[0.379s] Level 1:colcon.colcon_core.package_identification:_identify(src) by extension 'python_setup_py'
[0.379s] Level 1:colcon.colcon_core.package_identification:_identify(src/base_interfaces_demo) by extensions ['ignore', 'ignore_ament_install']
[0.379s] Level 1:colcon.colcon_core.package_identification:_identify(src/base_interfaces_demo) by extension 'ignore'
[0.379s] Level 1:colcon.colcon_core.package_identification:_identify(src/base_interfaces_demo) by extension 'ignore_ament_install'
[0.379s] Level 1:colcon.colcon_core.package_identification:_identify(src/base_interfaces_demo) by extensions ['colcon_pkg']
[0.379s] Level 1:colcon.colcon_core.package_identification:_identify(src/base_interfaces_demo) by extension 'colcon_pkg'
[0.379s] Level 1:colcon.colcon_core.package_identification:_identify(src/base_interfaces_demo) by extensions ['colcon_meta']
[0.379s] Level 1:colcon.colcon_core.package_identification:_identify(src/base_interfaces_demo) by extension 'colcon_meta'
[0.379s] Level 1:colcon.colcon_core.package_identification:_identify(src/base_interfaces_demo) by extensions ['ros']
[0.380s] Level 1:colcon.colcon_core.package_identification:_identify(src/base_interfaces_demo) by extension 'ros'
[0.382s] DEBUG:colcon.colcon_core.package_identification:Package 'src/base_interfaces_demo' with type 'ros.ament_cmake' and name 'base_interfaces_demo'
[0.382s] Level 1:colcon.colcon_core.package_identification:_identify(src/py01_topic) by extensions ['ignore', 'ignore_ament_install']
[0.383s] Level 1:colcon.colcon_core.package_identification:_identify(src/py01_topic) by extension 'ignore'
[0.383s] Level 1:colcon.colcon_core.package_identification:_identify(src/py01_topic) by extension 'ignore_ament_install'
[0.383s] Level 1:colcon.colcon_core.package_identification:_identify(src/py01_topic) by extensions ['colcon_pkg']
[0.383s] Level 1:colcon.colcon_core.package_identification:_identify(src/py01_topic) by extension 'colcon_pkg'
[0.383s] Level 1:colcon.colcon_core.package_identification:_identify(src/py01_topic) by extensions ['colcon_meta']
[0.383s] Level 1:colcon.colcon_core.package_identification:_identify(src/py01_topic) by extension 'colcon_meta'
[0.383s] Level 1:colcon.colcon_core.package_identification:_identify(src/py01_topic) by extensions ['ros']
[0.383s] Level 1:colcon.colcon_core.package_identification:_identify(src/py01_topic) by extension 'ros'
[0.383s] DEBUG:colcon.colcon_core.package_identification:Package 'src/py01_topic' with type 'ros.ament_python' and name 'py01_topic'
[0.384s] Level 1:colcon.colcon_core.package_identification:_identify(src/py02_service) by extensions ['ignore', 'ignore_ament_install']
[0.384s] Level 1:colcon.colcon_core.package_identification:_identify(src/py02_service) by extension 'ignore'
[0.384s] Level 1:colcon.colcon_core.package_identification:_identify(src/py02_service) by extension 'ignore_ament_install'
[0.384s] Level 1:colcon.colcon_core.package_identification:_identify(src/py02_service) by extensions ['colcon_pkg']
[0.384s] Level 1:colcon.colcon_core.package_identification:_identify(src/py02_service) by extension 'colcon_pkg'
[0.384s] Level 1:colcon.colcon_core.package_identification:_identify(src/py02_service) by extensions ['colcon_meta']
[0.384s] Level 1:colcon.colcon_core.package_identification:_identify(src/py02_service) by extension 'colcon_meta'
[0.384s] Level 1:colcon.colcon_core.package_identification:_identify(src/py02_service) by extensions ['ros']
[0.384s] Level 1:colcon.colcon_core.package_identification:_identify(src/py02_service) by extension 'ros'
[0.385s] DEBUG:colcon.colcon_core.package_identification:Package 'src/py02_service' with type 'ros.ament_python' and name 'py02_service'
[0.385s] Level 1:colcon.colcon_core.package_identification:_identify(src/py03_action) by extensions ['ignore', 'ignore_ament_install']
[0.385s] Level 1:colcon.colcon_core.package_identification:_identify(src/py03_action) by extension 'ignore'
[0.386s] Level 1:colcon.colcon_core.package_identification:_identify(src/py03_action) by extension 'ignore_ament_install'
[0.386s] Level 1:colcon.colcon_core.package_identification:_identify(src/py03_action) by extensions ['colcon_pkg']
[0.386s] Level 1:colcon.colcon_core.package_identification:_identify(src/py03_action) by extension 'colcon_pkg'
[0.386s] Level 1:colcon.colcon_core.package_identification:_identify(src/py03_action) by extensions ['colcon_meta']
[0.386s] Level 1:colcon.colcon_core.package_identification:_identify(src/py03_action) by extension 'colcon_meta'
[0.386s] Level 1:colcon.colcon_core.package_identification:_identify(src/py03_action) by extensions ['ros']
[0.386s] Level 1:colcon.colcon_core.package_identification:_identify(src/py03_action) by extension 'ros'
[0.386s] DEBUG:colcon.colcon_core.package_identification:Package 'src/py03_action' with type 'ros.ament_python' and name 'py03_action'
[0.386s] Level 1:colcon.colcon_core.package_identification:_identify(src/py04_param) by extensions ['ignore', 'ignore_ament_install']
[0.386s] Level 1:colcon.colcon_core.package_identification:_identify(src/py04_param) by extension 'ignore'
[0.386s] Level 1:colcon.colcon_core.package_identification:_identify(src/py04_param) by extension 'ignore_ament_install'
[0.387s] Level 1:colcon.colcon_core.package_identification:_identify(src/py04_param) by extensions ['colcon_pkg']
[0.387s] Level 1:colcon.colcon_core.package_identification:_identify(src/py04_param) by extension 'colcon_pkg'
[0.387s] Level 1:colcon.colcon_core.package_identification:_identify(src/py04_param) by extensions ['colcon_meta']
[0.387s] Level 1:colcon.colcon_core.package_identification:_identify(src/py04_param) by extension 'colcon_meta'
[0.387s] Level 1:colcon.colcon_core.package_identification:_identify(src/py04_param) by extensions ['ros']
[0.387s] Level 1:colcon.colcon_core.package_identification:_identify(src/py04_param) by extension 'ros'
[0.387s] DEBUG:colcon.colcon_core.package_identification:Package 'src/py04_param' with type 'ros.ament_python' and name 'py04_param'
[0.387s] Level 1:colcon.colcon_core.package_discovery:discover_packages(recursive) using defaults
[0.387s] Level 1:colcon.colcon_core.package_discovery:discover_packages(ignore) discover
[0.387s] Level 1:colcon.colcon_core.package_discovery:discover_packages(ignore) using defaults
[0.387s] Level 1:colcon.colcon_core.package_discovery:discover_packages(path) discover
[0.387s] Level 1:colcon.colcon_core.package_discovery:discover_packages(path) using defaults
[0.410s] INFO:colcon.colcon_core.package_selection:Skipping not selected package 'base_interfaces_demo' in 'src/base_interfaces_demo'
[0.410s] INFO:colcon.colcon_core.package_selection:Skipping not selected package 'py01_topic' in 'src/py01_topic'
[0.410s] INFO:colcon.colcon_core.package_selection:Skipping not selected package 'py02_service' in 'src/py02_service'
[0.410s] INFO:colcon.colcon_core.package_selection:Skipping not selected package 'py03_action' in 'src/py03_action'
[0.410s] Level 1:colcon.colcon_core.package_discovery:discover_packages(prefix_path) check parameters
[0.410s] Level 1:colcon.colcon_core.package_discovery:discover_packages(prefix_path) discover
[0.413s] DEBUG:colcon.colcon_installed_package_information.package_discovery:Found 5 installed packages in /home/xukai/00-Learn/ros2-learning/ws01_plumbing/install
[0.415s] DEBUG:colcon.colcon_installed_package_information.package_discovery:Found 270 installed packages in /opt/ros/humble
[0.416s] Level 1:colcon.colcon_core.package_discovery:discover_packages(prefix_path) using defaults
[0.474s] Level 5:colcon.colcon_core.verb:set package 'py04_param' build argument 'cmake_args' from command line to 'None'
[0.474s] Level 5:colcon.colcon_core.verb:set package 'py04_param' build argument 'cmake_target' from command line to 'None'
[0.474s] Level 5:colcon.colcon_core.verb:set package 'py04_param' build argument 'cmake_target_skip_unavailable' from command line to 'False'
[0.474s] Level 5:colcon.colcon_core.verb:set package 'py04_param' build argument 'cmake_clean_cache' from command line to 'False'
[0.474s] Level 5:colcon.colcon_core.verb:set package 'py04_param' build argument 'cmake_clean_first' from command line to 'False'
[0.474s] Level 5:colcon.colcon_core.verb:set package 'py04_param' build argument 'cmake_force_configure' from command line to 'False'
[0.474s] Level 5:colcon.colcon_core.verb:set package 'py04_param' build argument 'ament_cmake_args' from command line to 'None'
[0.474s] Level 5:colcon.colcon_core.verb:set package 'py04_param' build argument 'catkin_cmake_args' from command line to 'None'
[0.474s] Level 5:colcon.colcon_core.verb:set package 'py04_param' build argument 'catkin_skip_building_tests' from command line to 'False'
[0.474s] DEBUG:colcon.colcon_core.verb:Building package 'py04_param' with the following arguments: {'ament_cmake_args': None, 'build_base': '/home/xukai/00-Learn/ros2-learning/ws01_plumbing/build/py04_param', 'catkin_cmake_args': None, 'catkin_skip_building_tests': False, 'cmake_args': None, 'cmake_clean_cache': False, 'cmake_clean_first': False, 'cmake_force_configure': False, 'cmake_target': None, 'cmake_target_skip_unavailable': False, 'install_base': '/home/xukai/00-Learn/ros2-learning/ws01_plumbing/install/py04_param', 'merge_install': False, 'path': '/home/xukai/00-Learn/ros2-learning/ws01_plumbing/src/py04_param', 'symlink_install': False, 'test_result_base': None}
[0.475s] INFO:colcon.colcon_core.executor:Executing jobs using 'parallel' executor
[0.478s] DEBUG:colcon.colcon_parallel_executor.executor.parallel:run_until_complete
[0.479s] INFO:colcon.colcon_ros.task.ament_python.build:Building ROS package in '/home/xukai/00-Learn/ros2-learning/ws01_plumbing/src/py04_param' with build type 'ament_python'
[0.479s] Level 1:colcon.colcon_core.shell:create_environment_hook('py04_param', 'ament_prefix_path')
[0.484s] INFO:colcon.colcon_core.plugin_system:Skipping extension 'colcon_core.shell.bat': Not used on non-Windows systems
[0.484s] INFO:colcon.colcon_core.shell:Creating environment hook '/home/xukai/00-Learn/ros2-learning/ws01_plumbing/install/py04_param/share/py04_param/hook/ament_prefix_path.ps1'
[0.485s] INFO:colcon.colcon_core.shell:Creating environment descriptor '/home/xukai/00-Learn/ros2-learning/ws01_plumbing/install/py04_param/share/py04_param/hook/ament_prefix_path.dsv'
[0.486s] INFO:colcon.colcon_core.shell:Creating environment hook '/home/xukai/00-Learn/ros2-learning/ws01_plumbing/install/py04_param/share/py04_param/hook/ament_prefix_path.sh'
[0.487s] INFO:colcon.colcon_core.shell:Skip shell extension 'powershell' for command environment: Not usable outside of PowerShell
[0.488s] DEBUG:colcon.colcon_core.shell:Skip shell extension 'dsv' for command environment
[0.802s] INFO:colcon.colcon_core.task.python.build:Building Python package in '/home/xukai/00-Learn/ros2-learning/ws01_plumbing/src/py04_param'
[0.803s] INFO:colcon.colcon_core.shell:Skip shell extension 'powershell' for command environment: Not usable outside of PowerShell
[0.803s] DEBUG:colcon.colcon_core.shell:Skip shell extension 'dsv' for command environment
[1.204s] DEBUG:colcon.colcon_core.event_handler.log_command:Invoking command in '/home/xukai/00-Learn/ros2-learning/ws01_plumbing/src/py04_param': PYTHONPATH=/home/xukai/00-Learn/ros2-learning/ws01_plumbing/build/py04_param/prefix_override:/home/xukai/00-Learn/ros2-learning/ws01_plumbing/install/py04_param/lib/python3.10/site-packages:${PYTHONPATH} /usr/bin/python3 setup.py egg_info --egg-base ../../build/py04_param build --build-base /home/xukai/00-Learn/ros2-learning/ws01_plumbing/build/py04_param/build install --record /home/xukai/00-Learn/ros2-learning/ws01_plumbing/build/py04_param/install.log --single-version-externally-managed
[1.527s] DEBUG:colcon.colcon_core.event_handler.log_command:Invoked command in '/home/xukai/00-Learn/ros2-learning/ws01_plumbing/src/py04_param' returned '0': PYTHONPATH=/home/xukai/00-Learn/ros2-learning/ws01_plumbing/build/py04_param/prefix_override:/home/xukai/00-Learn/ros2-learning/ws01_plumbing/install/py04_param/lib/python3.10/site-packages:${PYTHONPATH} /usr/bin/python3 setup.py egg_info --egg-base ../../build/py04_param build --build-base /home/xukai/00-Learn/ros2-learning/ws01_plumbing/build/py04_param/build install --record /home/xukai/00-Learn/ros2-learning/ws01_plumbing/build/py04_param/install.log --single-version-externally-managed
[1.532s] Level 1:colcon.colcon_core.environment:checking '/home/xukai/00-Learn/ros2-learning/ws01_plumbing/install/py04_param' for CMake module files
[1.533s] Level 1:colcon.colcon_core.environment:checking '/home/xukai/00-Learn/ros2-learning/ws01_plumbing/install/py04_param' for CMake config files
[1.533s] Level 1:colcon.colcon_core.environment:checking '/home/xukai/00-Learn/ros2-learning/ws01_plumbing/install/py04_param/lib'
[1.534s] Level 1:colcon.colcon_core.environment:checking '/home/xukai/00-Learn/ros2-learning/ws01_plumbing/install/py04_param/bin'
[1.534s] Level 1:colcon.colcon_core.environment:checking '/home/xukai/00-Learn/ros2-learning/ws01_plumbing/install/py04_param/lib/pkgconfig/py04_param.pc'
[1.534s] Level 1:colcon.colcon_core.environment:checking '/home/xukai/00-Learn/ros2-learning/ws01_plumbing/install/py04_param/lib/python3.10/site-packages'
[1.534s] Level 1:colcon.colcon_core.shell:create_environment_hook('py04_param', 'pythonpath')
[1.535s] INFO:colcon.colcon_core.shell:Creating environment hook '/home/xukai/00-Learn/ros2-learning/ws01_plumbing/install/py04_param/share/py04_param/hook/pythonpath.ps1'
[1.536s] INFO:colcon.colcon_core.shell:Creating environment descriptor '/home/xukai/00-Learn/ros2-learning/ws01_plumbing/install/py04_param/share/py04_param/hook/pythonpath.dsv'
[1.536s] INFO:colcon.colcon_core.shell:Creating environment hook '/home/xukai/00-Learn/ros2-learning/ws01_plumbing/install/py04_param/share/py04_param/hook/pythonpath.sh'
[1.536s] Level 1:colcon.colcon_core.environment:checking '/home/xukai/00-Learn/ros2-learning/ws01_plumbing/install/py04_param/bin'
[1.536s] Level 1:colcon.colcon_core.environment:create_environment_scripts_only(py04_param)
[1.538s] INFO:colcon.colcon_core.shell:Creating package script '/home/xukai/00-Learn/ros2-learning/ws01_plumbing/install/py04_param/share/py04_param/package.ps1'
[1.538s] INFO:colcon.colcon_core.shell:Creating package descriptor '/home/xukai/00-Learn/ros2-learning/ws01_plumbing/install/py04_param/share/py04_param/package.dsv'
[1.539s] INFO:colcon.colcon_core.shell:Creating package script '/home/xukai/00-Learn/ros2-learning/ws01_plumbing/install/py04_param/share/py04_param/package.sh'
[1.540s] INFO:colcon.colcon_core.shell:Creating package script '/home/xukai/00-Learn/ros2-learning/ws01_plumbing/install/py04_param/share/py04_param/package.bash'
[1.540s] INFO:colcon.colcon_core.shell:Creating package script '/home/xukai/00-Learn/ros2-learning/ws01_plumbing/install/py04_param/share/py04_param/package.zsh'
[1.541s] Level 1:colcon.colcon_core.environment:create_file_with_runtime_dependencies(/home/xukai/00-Learn/ros2-learning/ws01_plumbing/install/py04_param/share/colcon-core/packages/py04_param)
[1.541s] DEBUG:colcon.colcon_parallel_executor.executor.parallel:closing loop
[1.542s] DEBUG:colcon.colcon_parallel_executor.executor.parallel:loop closed
[1.542s] DEBUG:colcon.colcon_parallel_executor.executor.parallel:run_until_complete finished with '0'
[1.542s] DEBUG:colcon.colcon_core.event_reactor:joining thread
[1.548s] INFO:colcon.colcon_core.plugin_system:Skipping extension 'colcon_notification.desktop_notification.terminal_notifier': Not used on non-Darwin systems
[1.548s] INFO:colcon.colcon_core.plugin_system:Skipping extension 'colcon_notification.desktop_notification.win32': Not used on non-Windows systems
[1.548s] INFO:colcon.colcon_notification.desktop_notification:Sending desktop notification using 'notify2'
[1.561s] DEBUG:colcon.colcon_core.event_reactor:joined thread
[1.562s] INFO:colcon.colcon_core.shell:Creating prefix script '/home/xukai/00-Learn/ros2-learning/ws01_plumbing/install/local_setup.ps1'
[1.564s] INFO:colcon.colcon_core.shell:Creating prefix util module '/home/xukai/00-Learn/ros2-learning/ws01_plumbing/install/_local_setup_util_ps1.py'
[1.566s] INFO:colcon.colcon_core.shell:Creating prefix chain script '/home/xukai/00-Learn/ros2-learning/ws01_plumbing/install/setup.ps1'
[1.569s] INFO:colcon.colcon_core.shell:Creating prefix script '/home/xukai/00-Learn/ros2-learning/ws01_plumbing/install/local_setup.sh'
[1.570s] INFO:colcon.colcon_core.shell:Creating prefix util module '/home/xukai/00-Learn/ros2-learning/ws01_plumbing/install/_local_setup_util_sh.py'
[1.570s] INFO:colcon.colcon_core.shell:Creating prefix chain script '/home/xukai/00-Learn/ros2-learning/ws01_plumbing/install/setup.sh'
[1.571s] INFO:colcon.colcon_core.shell:Creating prefix script '/home/xukai/00-Learn/ros2-learning/ws01_plumbing/install/local_setup.bash'
[1.572s] INFO:colcon.colcon_core.shell:Creating prefix chain script '/home/xukai/00-Learn/ros2-learning/ws01_plumbing/install/setup.bash'
[1.573s] INFO:colcon.colcon_core.shell:Creating prefix script '/home/xukai/00-Learn/ros2-learning/ws01_plumbing/install/local_setup.zsh'
[1.574s] INFO:colcon.colcon_core.shell:Creating prefix chain script '/home/xukai/00-Learn/ros2-learning/ws01_plumbing/install/setup.zsh'
