[0.600s] Invoking command in '/home/xukai/00-Learn/ros2-learning/ws01_plumbing/src/py06_time': PYTHONPATH=/home/xukai/00-Learn/ros2-learning/ws01_plumbing/build/py06_time/prefix_override:/home/xukai/00-Learn/ros2-learning/ws01_plumbing/install/py06_time/lib/python3.10/site-packages:${PYTHONPATH} /usr/bin/python3 setup.py egg_info --egg-base ../../build/py06_time build --build-base /home/xukai/00-Learn/ros2-learning/ws01_plumbing/build/py06_time/build install --record /home/xukai/00-Learn/ros2-learning/ws01_plumbing/build/py06_time/install.log --single-version-externally-managed
[0.835s] running egg_info
[0.836s] creating ../../build/py06_time/py06_time.egg-info
[0.836s] writing ../../build/py06_time/py06_time.egg-info/PKG-INFO
[0.836s] writing dependency_links to ../../build/py06_time/py06_time.egg-info/dependency_links.txt
[0.837s] writing entry points to ../../build/py06_time/py06_time.egg-info/entry_points.txt
[0.837s] writing requirements to ../../build/py06_time/py06_time.egg-info/requires.txt
[0.837s] writing top-level names to ../../build/py06_time/py06_time.egg-info/top_level.txt
[0.837s] writing manifest file '../../build/py06_time/py06_time.egg-info/SOURCES.txt'
[0.839s] reading manifest file '../../build/py06_time/py06_time.egg-info/SOURCES.txt'
[0.839s] writing manifest file '../../build/py06_time/py06_time.egg-info/SOURCES.txt'
[0.840s] running build
[0.840s] running build_py
[0.840s] creating /home/xukai/00-Learn/ros2-learning/ws01_plumbing/build/py06_time/build
[0.840s] creating /home/xukai/00-Learn/ros2-learning/ws01_plumbing/build/py06_time/build/lib
[0.840s] creating /home/xukai/00-Learn/ros2-learning/ws01_plumbing/build/py06_time/build/lib/py06_time
[0.841s] copying py06_time/__init__.py -> /home/xukai/00-Learn/ros2-learning/ws01_plumbing/build/py06_time/build/lib/py06_time
[0.841s] copying py06_time/demo01_time.py -> /home/xukai/00-Learn/ros2-learning/ws01_plumbing/build/py06_time/build/lib/py06_time
[0.841s] running install
[0.841s] running install_lib
[0.841s] creating /home/xukai/00-Learn/ros2-learning/ws01_plumbing/install/py06_time/lib/python3.10/site-packages/py06_time
[0.841s] copying /home/xukai/00-Learn/ros2-learning/ws01_plumbing/build/py06_time/build/lib/py06_time/__init__.py -> /home/xukai/00-Learn/ros2-learning/ws01_plumbing/install/py06_time/lib/python3.10/site-packages/py06_time
[0.841s] copying /home/xukai/00-Learn/ros2-learning/ws01_plumbing/build/py06_time/build/lib/py06_time/demo01_time.py -> /home/xukai/00-Learn/ros2-learning/ws01_plumbing/install/py06_time/lib/python3.10/site-packages/py06_time
[0.842s] byte-compiling /home/xukai/00-Learn/ros2-learning/ws01_plumbing/install/py06_time/lib/python3.10/site-packages/py06_time/__init__.py to __init__.cpython-310.pyc
[0.842s] byte-compiling /home/xukai/00-Learn/ros2-learning/ws01_plumbing/install/py06_time/lib/python3.10/site-packages/py06_time/demo01_time.py to demo01_time.cpython-310.pyc
[0.843s] running install_data
[0.843s] creating /home/xukai/00-Learn/ros2-learning/ws01_plumbing/install/py06_time/share/ament_index
[0.843s] creating /home/xukai/00-Learn/ros2-learning/ws01_plumbing/install/py06_time/share/ament_index/resource_index
[0.843s] creating /home/xukai/00-Learn/ros2-learning/ws01_plumbing/install/py06_time/share/ament_index/resource_index/packages
[0.844s] copying resource/py06_time -> /home/xukai/00-Learn/ros2-learning/ws01_plumbing/install/py06_time/share/ament_index/resource_index/packages
[0.844s] copying package.xml -> /home/xukai/00-Learn/ros2-learning/ws01_plumbing/install/py06_time/share/py06_time
[0.844s] running install_egg_info
[0.845s] Copying ../../build/py06_time/py06_time.egg-info to /home/xukai/00-Learn/ros2-learning/ws01_plumbing/install/py06_time/lib/python3.10/site-packages/py06_time-0.0.0-py3.10.egg-info
[0.846s] running install_scripts
[0.862s] Installing demo01_time script to /home/xukai/00-Learn/ros2-learning/ws01_plumbing/install/py06_time/lib/py06_time
[0.863s] writing list of installed files to '/home/xukai/00-Learn/ros2-learning/ws01_plumbing/build/py06_time/install.log'
[0.884s] Invoked command in '/home/xukai/00-Learn/ros2-learning/ws01_plumbing/src/py06_time' returned '0': PYTHONPATH=/home/xukai/00-Learn/ros2-learning/ws01_plumbing/build/py06_time/prefix_override:/home/xukai/00-Learn/ros2-learning/ws01_plumbing/install/py06_time/lib/python3.10/site-packages:${PYTHONPATH} /usr/bin/python3 setup.py egg_info --egg-base ../../build/py06_time build --build-base /home/xukai/00-Learn/ros2-learning/ws01_plumbing/build/py06_time/build install --record /home/xukai/00-Learn/ros2-learning/ws01_plumbing/build/py06_time/install.log --single-version-externally-managed
