[1.138s] Invoking command in '/home/xukai/00-Learn/ros2-learning/ws01_plumbing/build/turtlesim': CMAKE_PREFIX_PATH=/opt/ros/humble /usr/bin/cmake /home/xukai/00-Learn/ros2-learning/ws01_plumbing/src/turtlesim -DCMAKE_INSTALL_PREFIX=/home/xukai/00-Learn/ros2-learning/ws01_plumbing/install/turtlesim
[1.219s] -- The C compiler identification is GNU 9.5.0
[1.317s] -- The CXX compiler identification is GNU 9.5.0
[1.328s] -- Detecting C compiler ABI info
[1.439s] -- Detecting C compiler ABI info - done
[1.458s] -- Check for working C compiler: /usr/bin/cc - skipped
[1.459s] -- Detecting C compile features
[1.460s] -- Detecting C compile features - done
[1.465s] -- Detecting CXX compiler ABI info
[1.579s] -- Detecting CXX compiler ABI info - done
[1.593s] -- Check for working CXX compiler: /usr/bin/c++ - skipped
[1.593s] -- Detecting CXX compile features
[1.594s] -- Detecting CXX compile features - done
[1.597s] -- Found ament_cmake: 1.3.4 (/opt/ros/humble/share/ament_cmake/cmake)
[1.878s] -- Found Python3: /usr/bin/python3.10 (found version "3.10.6") found components: Interpreter 
[2.028s] -- Found ament_index_cpp: 1.4.0 (/opt/ros/humble/share/ament_index_cpp/cmake)
[2.031s] -- Found geometry_msgs: 4.2.3 (/opt/ros/humble/share/geometry_msgs/cmake)
[2.108s] -- Found rosidl_generator_c: 3.1.4 (/opt/ros/humble/share/rosidl_generator_c/cmake)
[2.117s] -- Found rosidl_adapter: 3.1.4 (/opt/ros/humble/share/rosidl_adapter/cmake)
[2.135s] -- Found rosidl_generator_cpp: 3.1.4 (/opt/ros/humble/share/rosidl_generator_cpp/cmake)
[2.165s] -- Using all available rosidl_typesupport_c: rosidl_typesupport_fastrtps_c;rosidl_typesupport_introspection_c
[2.236s] -- Using all available rosidl_typesupport_cpp: rosidl_typesupport_fastrtps_cpp;rosidl_typesupport_introspection_cpp
[2.515s] -- Found rclcpp: 16.0.4 (/opt/ros/humble/share/rclcpp/cmake)
[2.636s] -- Found rmw_implementation_cmake: 6.1.1 (/opt/ros/humble/share/rmw_implementation_cmake/cmake)
[2.640s] -- Found rmw_fastrtps_cpp: 6.2.2 (/opt/ros/humble/share/rmw_fastrtps_cpp/cmake)
[2.803s] -- Found OpenSSL: /usr/lib/x86_64-linux-gnu/libcrypto.so (found version "3.0.2")  
[2.842s] -- Found FastRTPS: /opt/ros/humble/include  
[2.913s] -- Using RMW implementation 'rmw_fastrtps_cpp' as default
[2.924s] -- Looking for pthread.h
[3.029s] -- Looking for pthread.h - found
[3.029s] -- Performing Test CMAKE_HAVE_LIBC_PTHREAD
[3.163s] -- Performing Test CMAKE_HAVE_LIBC_PTHREAD - Success
[3.163s] -- Found Threads: TRUE  
[3.487s] -- Found rclcpp_action: 16.0.4 (/opt/ros/humble/share/rclcpp_action/cmake)
[3.703s] -- Found rosidl_default_generators: 1.2.0 (/opt/ros/humble/share/rosidl_default_generators/cmake)
[3.724s] -- Found std_srvs: 4.2.3 (/opt/ros/humble/share/std_srvs/cmake)
[4.543s] -- Found ament_cmake_ros: 0.10.0 (/opt/ros/humble/share/ament_cmake_ros/cmake)
[5.557s] -- Using all available rosidl_typesupport_c: rosidl_typesupport_fastrtps_c;rosidl_typesupport_introspection_c
[5.974s] -- Using all available rosidl_typesupport_cpp: rosidl_typesupport_fastrtps_cpp;rosidl_typesupport_introspection_cpp
[6.017s] -- Found PythonInterp: /usr/bin/python3 (found suitable version "3.10.6", minimum required is "3.6") 
[6.020s] -- Found python_cmake_module: 0.10.0 (/opt/ros/humble/share/python_cmake_module/cmake)
[6.065s] -- Found PythonLibs: /usr/lib/x86_64-linux-gnu/libpython3.10.so (found suitable version "3.10.6", minimum required is "3.5") 
[6.065s] -- Using PYTHON_EXECUTABLE: /usr/bin/python3
[6.066s] -- Using PYTHON_INCLUDE_DIRS: /usr/include/python3.10
[6.066s] -- Using PYTHON_LIBRARIES: /usr/lib/x86_64-linux-gnu/libpython3.10.so
[6.143s] -- Found PythonExtra: .so  
[6.280s] -- Configuring done
[6.413s] -- Generating done
[6.420s] -- Build files have been written to: /home/xukai/00-Learn/ros2-learning/ws01_plumbing/build/turtlesim
[6.442s] Invoked command in '/home/xukai/00-Learn/ros2-learning/ws01_plumbing/build/turtlesim' returned '0': CMAKE_PREFIX_PATH=/opt/ros/humble /usr/bin/cmake /home/xukai/00-Learn/ros2-learning/ws01_plumbing/src/turtlesim -DCMAKE_INSTALL_PREFIX=/home/xukai/00-Learn/ros2-learning/ws01_plumbing/install/turtlesim
[6.444s] Invoking command in '/home/xukai/00-Learn/ros2-learning/ws01_plumbing/build/turtlesim': CMAKE_PREFIX_PATH=/opt/ros/humble /usr/bin/cmake --build /home/xukai/00-Learn/ros2-learning/ws01_plumbing/build/turtlesim -- -j8 -l8
[6.514s] [  1%] [34m[1mGenerating C code for ROS interfaces[0m
[6.542s] [  1%] Built target ament_cmake_python_copy_turtlesim
[6.544s] [  2%] [34m[1mGenerating C++ code for ROS interfaces[0m
[7.028s] running egg_info
[7.029s] creating turtlesim.egg-info
[7.029s] writing turtlesim.egg-info/PKG-INFO
[7.029s] writing dependency_links to turtlesim.egg-info/dependency_links.txt
[7.030s] writing top-level names to turtlesim.egg-info/top_level.txt
[7.030s] writing manifest file 'turtlesim.egg-info/SOURCES.txt'
[7.033s] reading manifest file 'turtlesim.egg-info/SOURCES.txt'
[7.034s] writing manifest file 'turtlesim.egg-info/SOURCES.txt'
[7.069s] [  2%] Built target ament_cmake_python_build_turtlesim_egg
[7.868s] [  2%] Built target turtlesim__cpp
[7.880s] [  3%] [34m[1mGenerating C++ introspection for ROS interfaces[0m
[7.883s] [  4%] [34m[1mGenerating C++ type support for eProsima Fast-RTPS[0m
[7.883s] [  5%] [34m[1mGenerating C++ type support dispatch for ROS interfaces[0m
[8.337s] [  6%] [32mBuilding C object CMakeFiles/turtlesim__rosidl_generator_c.dir/rosidl_generator_c/turtlesim/msg/detail/color__functions.c.o[0m
[8.338s] [  7%] [32mBuilding C object CMakeFiles/turtlesim__rosidl_generator_c.dir/rosidl_generator_c/turtlesim/action/detail/rotate_absolute__functions.c.o[0m
[8.348s] [  8%] [32mBuilding C object CMakeFiles/turtlesim__rosidl_generator_c.dir/rosidl_generator_c/turtlesim/srv/detail/kill__functions.c.o[0m
[8.350s] [  9%] [32mBuilding C object CMakeFiles/turtlesim__rosidl_generator_c.dir/rosidl_generator_c/turtlesim/srv/detail/set_pen__functions.c.o[0m
[8.351s] [ 10%] [32mBuilding C object CMakeFiles/turtlesim__rosidl_generator_c.dir/rosidl_generator_c/turtlesim/msg/detail/pose__functions.c.o[0m
[8.449s] [ 11%] [32mBuilding C object CMakeFiles/turtlesim__rosidl_generator_c.dir/rosidl_generator_c/turtlesim/srv/detail/spawn__functions.c.o[0m
[8.470s] [ 12%] [32mBuilding C object CMakeFiles/turtlesim__rosidl_generator_c.dir/rosidl_generator_c/turtlesim/srv/detail/teleport_absolute__functions.c.o[0m
[8.500s] [ 13%] [32mBuilding C object CMakeFiles/turtlesim__rosidl_generator_c.dir/rosidl_generator_c/turtlesim/srv/detail/teleport_relative__functions.c.o[0m
[8.620s] [ 14%] [32m[1mLinking C shared library libturtlesim__rosidl_generator_c.so[0m
[8.708s] [ 14%] Built target turtlesim__rosidl_generator_c
[8.729s] [ 15%] [34m[1mGenerating C type support dispatch for ROS interfaces[0m
[8.741s] [ 16%] [34m[1mGenerating C introspection for ROS interfaces[0m
[8.749s] [ 17%] [34m[1mGenerating C type support for eProsima Fast-RTPS[0m
[9.223s] [ 18%] [32mBuilding CXX object CMakeFiles/turtlesim__rosidl_typesupport_cpp.dir/rosidl_typesupport_cpp/turtlesim/action/rotate_absolute__type_support.cpp.o[0m
[9.255s] [ 19%] [32mBuilding CXX object CMakeFiles/turtlesim__rosidl_typesupport_cpp.dir/rosidl_typesupport_cpp/turtlesim/msg/color__type_support.cpp.o[0m
[9.397s] [ 20%] [32mBuilding CXX object CMakeFiles/turtlesim__rosidl_typesupport_cpp.dir/rosidl_typesupport_cpp/turtlesim/msg/pose__type_support.cpp.o[0m
[9.451s] [ 21%] [32mBuilding CXX object CMakeFiles/turtlesim__rosidl_typesupport_introspection_cpp.dir/rosidl_typesupport_introspection_cpp/turtlesim/action/detail/rotate_absolute__type_support.cpp.o[0m
[9.862s] [ 22%] [32mBuilding CXX object CMakeFiles/turtlesim__rosidl_typesupport_cpp.dir/rosidl_typesupport_cpp/turtlesim/srv/kill__type_support.cpp.o[0m
[10.047s] [ 23%] [32mBuilding CXX object CMakeFiles/turtlesim__rosidl_typesupport_c.dir/rosidl_typesupport_c/turtlesim/action/rotate_absolute__type_support.cpp.o[0m
[10.140s] [ 24%] [32mBuilding CXX object CMakeFiles/turtlesim__rosidl_typesupport_c.dir/rosidl_typesupport_c/turtlesim/msg/color__type_support.cpp.o[0m
[10.195s] [ 25%] [32mBuilding CXX object CMakeFiles/turtlesim__rosidl_typesupport_fastrtps_cpp.dir/rosidl_typesupport_fastrtps_cpp/turtlesim/action/detail/dds_fastrtps/rotate_absolute__type_support.cpp.o[0m
[10.208s] [ 26%] [32mBuilding CXX object CMakeFiles/turtlesim__rosidl_typesupport_c.dir/rosidl_typesupport_c/turtlesim/msg/pose__type_support.cpp.o[0m
[10.285s] [ 27%] [32mBuilding CXX object CMakeFiles/turtlesim__rosidl_typesupport_c.dir/rosidl_typesupport_c/turtlesim/srv/kill__type_support.cpp.o[0m
[10.343s] [ 28%] [32mBuilding CXX object CMakeFiles/turtlesim__rosidl_typesupport_c.dir/rosidl_typesupport_c/turtlesim/srv/set_pen__type_support.cpp.o[0m
[10.401s] [ 29%] [32mBuilding CXX object CMakeFiles/turtlesim__rosidl_typesupport_cpp.dir/rosidl_typesupport_cpp/turtlesim/srv/set_pen__type_support.cpp.o[0m
[10.471s] [ 30%] [32mBuilding CXX object CMakeFiles/turtlesim__rosidl_typesupport_c.dir/rosidl_typesupport_c/turtlesim/srv/spawn__type_support.cpp.o[0m
[10.530s] [ 31%] [32mBuilding CXX object CMakeFiles/turtlesim__rosidl_typesupport_c.dir/rosidl_typesupport_c/turtlesim/srv/teleport_absolute__type_support.cpp.o[0m
[10.580s] [ 32%] [32mBuilding CXX object CMakeFiles/turtlesim__rosidl_typesupport_cpp.dir/rosidl_typesupport_cpp/turtlesim/srv/spawn__type_support.cpp.o[0m
[10.594s] [ 33%] [32mBuilding CXX object CMakeFiles/turtlesim__rosidl_typesupport_c.dir/rosidl_typesupport_c/turtlesim/srv/teleport_relative__type_support.cpp.o[0m
[10.651s] [ 34%] [32mBuilding CXX object CMakeFiles/turtlesim__rosidl_typesupport_cpp.dir/rosidl_typesupport_cpp/turtlesim/srv/teleport_absolute__type_support.cpp.o[0m
[10.678s] [ 35%] [32m[1mLinking CXX shared library libturtlesim__rosidl_typesupport_c.so[0m
[10.788s] [ 35%] Built target turtlesim__rosidl_typesupport_c
[10.825s] [ 36%] [32mBuilding CXX object CMakeFiles/turtlesim__rosidl_typesupport_cpp.dir/rosidl_typesupport_cpp/turtlesim/srv/teleport_relative__type_support.cpp.o[0m
[10.852s] [ 37%] [32mBuilding CXX object CMakeFiles/turtlesim__rosidl_typesupport_introspection_cpp.dir/rosidl_typesupport_introspection_cpp/turtlesim/msg/detail/color__type_support.cpp.o[0m
[11.047s] [ 38%] [32mBuilding CXX object CMakeFiles/turtlesim__rosidl_typesupport_introspection_cpp.dir/rosidl_typesupport_introspection_cpp/turtlesim/msg/detail/pose__type_support.cpp.o[0m
[11.111s] [ 39%] [32mBuilding CXX object CMakeFiles/turtlesim__rosidl_typesupport_introspection_cpp.dir/rosidl_typesupport_introspection_cpp/turtlesim/srv/detail/kill__type_support.cpp.o[0m
[11.265s] [ 40%] [32mBuilding CXX object CMakeFiles/turtlesim__rosidl_typesupport_introspection_cpp.dir/rosidl_typesupport_introspection_cpp/turtlesim/srv/detail/set_pen__type_support.cpp.o[0m
[11.269s] [ 41%] [32mBuilding C object CMakeFiles/turtlesim__rosidl_typesupport_introspection_c.dir/rosidl_typesupport_introspection_c/turtlesim/action/detail/rotate_absolute__type_support.c.o[0m
[11.462s] [ 42%] [32mBuilding C object CMakeFiles/turtlesim__rosidl_typesupport_introspection_c.dir/rosidl_typesupport_introspection_c/turtlesim/msg/detail/color__type_support.c.o[0m
[11.572s] [ 43%] [32mBuilding C object CMakeFiles/turtlesim__rosidl_typesupport_introspection_c.dir/rosidl_typesupport_introspection_c/turtlesim/msg/detail/pose__type_support.c.o[0m
[11.586s] [ 44%] [32mBuilding CXX object CMakeFiles/turtlesim__rosidl_typesupport_fastrtps_cpp.dir/rosidl_typesupport_fastrtps_cpp/turtlesim/msg/detail/dds_fastrtps/color__type_support.cpp.o[0m
[11.607s] [ 45%] [32m[1mLinking CXX shared library libturtlesim__rosidl_typesupport_cpp.so[0m
[11.663s] [ 46%] [32mBuilding CXX object CMakeFiles/turtlesim__rosidl_typesupport_fastrtps_c.dir/rosidl_typesupport_fastrtps_c/turtlesim/action/detail/rotate_absolute__type_support_c.cpp.o[0m
[11.671s] [ 47%] [32mBuilding C object CMakeFiles/turtlesim__rosidl_typesupport_introspection_c.dir/rosidl_typesupport_introspection_c/turtlesim/srv/detail/kill__type_support.c.o[0m
[11.730s] [ 48%] Built target turtlesim__rosidl_typesupport_cpp
[11.731s] [ 48%] [32mBuilding CXX object CMakeFiles/turtlesim__rosidl_typesupport_fastrtps_cpp.dir/rosidl_typesupport_fastrtps_cpp/turtlesim/msg/detail/dds_fastrtps/pose__type_support.cpp.o[0m
[11.746s] [ 49%] [32mBuilding C object CMakeFiles/turtlesim__rosidl_typesupport_introspection_c.dir/rosidl_typesupport_introspection_c/turtlesim/srv/detail/set_pen__type_support.c.o[0m
[11.777s] [ 50%] [32mBuilding CXX object CMakeFiles/turtlesim__rosidl_typesupport_introspection_cpp.dir/rosidl_typesupport_introspection_cpp/turtlesim/srv/detail/spawn__type_support.cpp.o[0m
[11.812s] [ 51%] [32mBuilding C object CMakeFiles/turtlesim__rosidl_typesupport_introspection_c.dir/rosidl_typesupport_introspection_c/turtlesim/srv/detail/spawn__type_support.c.o[0m
[11.835s] [ 52%] [32mBuilding CXX object CMakeFiles/turtlesim__rosidl_typesupport_fastrtps_c.dir/rosidl_typesupport_fastrtps_c/turtlesim/msg/detail/color__type_support_c.cpp.o[0m
[11.974s] [ 53%] [32mBuilding C object CMakeFiles/turtlesim__rosidl_typesupport_introspection_c.dir/rosidl_typesupport_introspection_c/turtlesim/srv/detail/teleport_absolute__type_support.c.o[0m
[12.005s] [ 54%] [32mBuilding CXX object CMakeFiles/turtlesim__rosidl_typesupport_introspection_cpp.dir/rosidl_typesupport_introspection_cpp/turtlesim/srv/detail/teleport_absolute__type_support.cpp.o[0m
[12.079s] [ 55%] [34m[1mGenerating include/turtlesim/moc_turtle_frame.cpp[0m
[12.131s] [ 56%] [32mBuilding C object CMakeFiles/turtlesim__rosidl_typesupport_introspection_c.dir/rosidl_typesupport_introspection_c/turtlesim/srv/detail/teleport_relative__type_support.c.o[0m
[12.215s] [ 57%] [32mBuilding CXX object CMakeFiles/turtlesim_node.dir/src/turtlesim.cpp.o[0m
[12.322s] [ 58%] [32m[1mLinking C shared library libturtlesim__rosidl_typesupport_introspection_c.so[0m
[12.381s] [ 59%] [32mBuilding CXX object CMakeFiles/turtlesim__rosidl_typesupport_fastrtps_c.dir/rosidl_typesupport_fastrtps_c/turtlesim/msg/detail/pose__type_support_c.cpp.o[0m
[12.405s] [ 60%] [32mBuilding CXX object CMakeFiles/turtlesim__rosidl_typesupport_fastrtps_c.dir/rosidl_typesupport_fastrtps_c/turtlesim/srv/detail/kill__type_support_c.cpp.o[0m
[12.455s] [ 61%] [32mBuilding CXX object CMakeFiles/turtle_teleop_key.dir/tutorials/teleop_turtle_key.cpp.o[0m
[12.462s] [ 61%] Built target turtlesim__rosidl_typesupport_introspection_c
[12.500s] [ 62%] [32mBuilding CXX object CMakeFiles/draw_square.dir/tutorials/draw_square.cpp.o[0m
[12.523s] [ 63%] [32mBuilding CXX object CMakeFiles/turtlesim__rosidl_typesupport_fastrtps_cpp.dir/rosidl_typesupport_fastrtps_cpp/turtlesim/srv/detail/dds_fastrtps/kill__type_support.cpp.o[0m
[12.550s] [ 64%] [32mBuilding CXX object CMakeFiles/turtlesim__rosidl_typesupport_fastrtps_cpp.dir/rosidl_typesupport_fastrtps_cpp/turtlesim/srv/detail/dds_fastrtps/set_pen__type_support.cpp.o[0m
[12.727s] [ 65%] [32mBuilding CXX object CMakeFiles/turtlesim__rosidl_typesupport_introspection_cpp.dir/rosidl_typesupport_introspection_cpp/turtlesim/srv/detail/teleport_relative__type_support.cpp.o[0m
[13.054s] [ 66%] [32mBuilding CXX object CMakeFiles/turtlesim__rosidl_typesupport_fastrtps_cpp.dir/rosidl_typesupport_fastrtps_cpp/turtlesim/srv/detail/dds_fastrtps/spawn__type_support.cpp.o[0m
[13.090s] [ 67%] [32mBuilding CXX object CMakeFiles/turtlesim__rosidl_typesupport_fastrtps_c.dir/rosidl_typesupport_fastrtps_c/turtlesim/srv/detail/set_pen__type_support_c.cpp.o[0m
[13.469s] [ 68%] [32mBuilding CXX object CMakeFiles/mimic.dir/tutorials/mimic.cpp.o[0m
[13.471s] [ 69%] [32m[1mLinking CXX shared library libturtlesim__rosidl_typesupport_introspection_cpp.so[0m
[13.517s] [ 70%] [32mBuilding CXX object CMakeFiles/turtlesim_node.dir/src/turtle.cpp.o[0m
[13.785s] [ 70%] Built target turtlesim__rosidl_typesupport_introspection_cpp
[13.833s] [ 71%] [32mBuilding CXX object CMakeFiles/turtlesim__rosidl_typesupport_fastrtps_c.dir/rosidl_typesupport_fastrtps_c/turtlesim/srv/detail/spawn__type_support_c.cpp.o[0m
[13.901s] [ 72%] [32mBuilding CXX object CMakeFiles/turtlesim__rosidl_typesupport_fastrtps_c.dir/rosidl_typesupport_fastrtps_c/turtlesim/srv/detail/teleport_absolute__type_support_c.cpp.o[0m
[14.044s] [ 73%] [32mBuilding CXX object CMakeFiles/turtlesim__rosidl_typesupport_fastrtps_cpp.dir/rosidl_typesupport_fastrtps_cpp/turtlesim/srv/detail/dds_fastrtps/teleport_absolute__type_support.cpp.o[0m
[14.491s] [ 74%] [32mBuilding CXX object CMakeFiles/turtlesim__rosidl_typesupport_fastrtps_c.dir/rosidl_typesupport_fastrtps_c/turtlesim/srv/detail/teleport_relative__type_support_c.cpp.o[0m
[14.720s] [ 75%] [32mBuilding CXX object CMakeFiles/turtlesim__rosidl_typesupport_fastrtps_cpp.dir/rosidl_typesupport_fastrtps_cpp/turtlesim/srv/detail/dds_fastrtps/teleport_relative__type_support.cpp.o[0m
[14.903s] [ 76%] [32mBuilding CXX object CMakeFiles/turtlesim_node.dir/src/turtle_frame.cpp.o[0m
[15.262s] [ 77%] [32m[1mLinking CXX shared library libturtlesim__rosidl_typesupport_fastrtps_c.so[0m
[15.724s] [ 77%] Built target turtlesim__rosidl_typesupport_fastrtps_c
[15.791s] [ 78%] [32mBuilding CXX object CMakeFiles/turtlesim_node.dir/include/turtlesim/moc_turtle_frame.cpp.o[0m
[15.876s] [ 79%] [32m[1mLinking CXX shared library libturtlesim__rosidl_typesupport_fastrtps_cpp.so[0m
[16.278s] [ 79%] Built target turtlesim__rosidl_typesupport_fastrtps_cpp
[16.422s] [ 79%] Built target turtlesim
[16.590s] [ 80%] [34m[1mGenerating Python code for ROS interfaces[0m
[20.926s] [ 80%] Built target turtlesim__py
[20.960s] [ 81%] [32mBuilding C object CMakeFiles/turtlesim__rosidl_generator_py.dir/rosidl_generator_py/turtlesim/action/_rotate_absolute_s.c.o[0m
[21.272s] [ 82%] [32mBuilding C object CMakeFiles/turtlesim__rosidl_generator_py.dir/rosidl_generator_py/turtlesim/msg/_color_s.c.o[0m
[21.479s] [ 83%] [32mBuilding C object CMakeFiles/turtlesim__rosidl_generator_py.dir/rosidl_generator_py/turtlesim/msg/_pose_s.c.o[0m
[21.721s] [ 84%] [32mBuilding C object CMakeFiles/turtlesim__rosidl_generator_py.dir/rosidl_generator_py/turtlesim/srv/_kill_s.c.o[0m
[22.018s] [ 85%] [32mBuilding C object CMakeFiles/turtlesim__rosidl_generator_py.dir/rosidl_generator_py/turtlesim/srv/_set_pen_s.c.o[0m
[22.467s] [ 86%] [32mBuilding C object CMakeFiles/turtlesim__rosidl_generator_py.dir/rosidl_generator_py/turtlesim/srv/_spawn_s.c.o[0m
[22.808s] [ 87%] [32mBuilding C object CMakeFiles/turtlesim__rosidl_generator_py.dir/rosidl_generator_py/turtlesim/srv/_teleport_absolute_s.c.o[0m
[23.141s] [ 88%] [32mBuilding C object CMakeFiles/turtlesim__rosidl_generator_py.dir/rosidl_generator_py/turtlesim/srv/_teleport_relative_s.c.o[0m
[23.325s] [ 89%] [32m[1mLinking C shared library rosidl_generator_py/turtlesim/libturtlesim__rosidl_generator_py.so[0m
[23.514s] [ 89%] Built target turtlesim__rosidl_generator_py
[23.677s] [ 90%] [32mBuilding C object CMakeFiles/turtlesim__rosidl_typesupport_introspection_c__pyext.dir/rosidl_generator_py/turtlesim/_turtlesim_s.ep.rosidl_typesupport_introspection_c.c.o[0m
[23.729s] [ 91%] [32mBuilding C object CMakeFiles/turtlesim__rosidl_typesupport_fastrtps_c__pyext.dir/rosidl_generator_py/turtlesim/_turtlesim_s.ep.rosidl_typesupport_fastrtps_c.c.o[0m
[24.139s] [ 92%] [32m[1mLinking CXX executable turtle_teleop_key[0m
[24.286s] [ 93%] [32m[1mLinking C shared library rosidl_generator_py/turtlesim/turtlesim_s__rosidl_typesupport_introspection_c.cpython-310-x86_64-linux-gnu.so[0m
[24.325s] [ 94%] [32m[1mLinking C shared library rosidl_generator_py/turtlesim/turtlesim_s__rosidl_typesupport_fastrtps_c.cpython-310-x86_64-linux-gnu.so[0m
[24.407s] [ 94%] Built target turtlesim__rosidl_typesupport_introspection_c__pyext
[24.443s] [ 95%] [32mBuilding C object CMakeFiles/turtlesim__rosidl_typesupport_c__pyext.dir/rosidl_generator_py/turtlesim/_turtlesim_s.ep.rosidl_typesupport_c.c.o[0m
[24.547s] [ 95%] Built target turtlesim__rosidl_typesupport_fastrtps_c__pyext
[24.716s] [ 96%] [32m[1mLinking C shared library rosidl_generator_py/turtlesim/turtlesim_s__rosidl_typesupport_c.cpython-310-x86_64-linux-gnu.so[0m
[24.724s] [ 96%] Built target turtle_teleop_key
[24.764s] [ 96%] Built target turtlesim__rosidl_typesupport_c__pyext
[29.159s] [ 97%] [32m[1mLinking CXX executable draw_square[0m
[29.216s] [ 98%] [32m[1mLinking CXX executable mimic[0m
[29.839s] [ 98%] Built target mimic
[29.893s] [ 98%] Built target draw_square
[34.017s] [100%] [32m[1mLinking CXX executable turtlesim_node[0m
[36.165s] [100%] Built target turtlesim_node
[36.178s] Invoked command in '/home/xukai/00-Learn/ros2-learning/ws01_plumbing/build/turtlesim' returned '0': CMAKE_PREFIX_PATH=/opt/ros/humble /usr/bin/cmake --build /home/xukai/00-Learn/ros2-learning/ws01_plumbing/build/turtlesim -- -j8 -l8
[36.387s] Invoking command in '/home/xukai/00-Learn/ros2-learning/ws01_plumbing/build/turtlesim': CMAKE_PREFIX_PATH=/opt/ros/humble /usr/bin/cmake --install /home/xukai/00-Learn/ros2-learning/ws01_plumbing/build/turtlesim
[36.394s] -- Install configuration: ""
[36.394s] -- Installing: /home/xukai/00-Learn/ros2-learning/ws01_plumbing/install/turtlesim/share/ament_index/resource_index/rosidl_interfaces/turtlesim
[36.394s] -- Installing: /home/xukai/00-Learn/ros2-learning/ws01_plumbing/install/turtlesim/include/turtlesim/turtlesim
[36.394s] -- Installing: /home/xukai/00-Learn/ros2-learning/ws01_plumbing/install/turtlesim/include/turtlesim/turtlesim/msg
[36.394s] -- Installing: /home/xukai/00-Learn/ros2-learning/ws01_plumbing/install/turtlesim/include/turtlesim/turtlesim/msg/rosidl_generator_c__visibility_control.h
[36.395s] -- Installing: /home/xukai/00-Learn/ros2-learning/ws01_plumbing/install/turtlesim/include/turtlesim/turtlesim/msg/pose.h
[36.395s] -- Installing: /home/xukai/00-Learn/ros2-learning/ws01_plumbing/install/turtlesim/include/turtlesim/turtlesim/msg/color.h
[36.395s] -- Installing: /home/xukai/00-Learn/ros2-learning/ws01_plumbing/install/turtlesim/include/turtlesim/turtlesim/msg/detail
[36.395s] -- Installing: /home/xukai/00-Learn/ros2-learning/ws01_plumbing/install/turtlesim/include/turtlesim/turtlesim/msg/detail/color__struct.h
[36.395s] -- Installing: /home/xukai/00-Learn/ros2-learning/ws01_plumbing/install/turtlesim/include/turtlesim/turtlesim/msg/detail/pose__struct.h
[36.395s] -- Installing: /home/xukai/00-Learn/ros2-learning/ws01_plumbing/install/turtlesim/include/turtlesim/turtlesim/msg/detail/color__functions.c
[36.395s] -- Installing: /home/xukai/00-Learn/ros2-learning/ws01_plumbing/install/turtlesim/include/turtlesim/turtlesim/msg/detail/pose__functions.c
[36.395s] -- Installing: /home/xukai/00-Learn/ros2-learning/ws01_plumbing/install/turtlesim/include/turtlesim/turtlesim/msg/detail/color__type_support.h
[36.395s] -- Installing: /home/xukai/00-Learn/ros2-learning/ws01_plumbing/install/turtlesim/include/turtlesim/turtlesim/msg/detail/pose__functions.h
[36.395s] -- Installing: /home/xukai/00-Learn/ros2-learning/ws01_plumbing/install/turtlesim/include/turtlesim/turtlesim/msg/detail/color__functions.h
[36.396s] -- Installing: /home/xukai/00-Learn/ros2-learning/ws01_plumbing/install/turtlesim/include/turtlesim/turtlesim/msg/detail/pose__type_support.h
[36.396s] -- Installing: /home/xukai/00-Learn/ros2-learning/ws01_plumbing/install/turtlesim/include/turtlesim/turtlesim/action
[36.396s] -- Installing: /home/xukai/00-Learn/ros2-learning/ws01_plumbing/install/turtlesim/include/turtlesim/turtlesim/action/rotate_absolute.h
[36.396s] -- Installing: /home/xukai/00-Learn/ros2-learning/ws01_plumbing/install/turtlesim/include/turtlesim/turtlesim/action/detail
[36.396s] -- Installing: /home/xukai/00-Learn/ros2-learning/ws01_plumbing/install/turtlesim/include/turtlesim/turtlesim/action/detail/rotate_absolute__functions.h
[36.396s] -- Installing: /home/xukai/00-Learn/ros2-learning/ws01_plumbing/install/turtlesim/include/turtlesim/turtlesim/action/detail/rotate_absolute__functions.c
[36.396s] -- Installing: /home/xukai/00-Learn/ros2-learning/ws01_plumbing/install/turtlesim/include/turtlesim/turtlesim/action/detail/rotate_absolute__struct.h
[36.397s] -- Installing: /home/xukai/00-Learn/ros2-learning/ws01_plumbing/install/turtlesim/include/turtlesim/turtlesim/action/detail/rotate_absolute__type_support.h
[36.397s] -- Installing: /home/xukai/00-Learn/ros2-learning/ws01_plumbing/install/turtlesim/include/turtlesim/turtlesim/srv
[36.397s] -- Installing: /home/xukai/00-Learn/ros2-learning/ws01_plumbing/install/turtlesim/include/turtlesim/turtlesim/srv/kill.h
[36.397s] -- Installing: /home/xukai/00-Learn/ros2-learning/ws01_plumbing/install/turtlesim/include/turtlesim/turtlesim/srv/teleport_absolute.h
[36.397s] -- Installing: /home/xukai/00-Learn/ros2-learning/ws01_plumbing/install/turtlesim/include/turtlesim/turtlesim/srv/spawn.h
[36.397s] -- Installing: /home/xukai/00-Learn/ros2-learning/ws01_plumbing/install/turtlesim/include/turtlesim/turtlesim/srv/detail
[36.397s] -- Installing: /home/xukai/00-Learn/ros2-learning/ws01_plumbing/install/turtlesim/include/turtlesim/turtlesim/srv/detail/teleport_absolute__struct.h
[36.397s] -- Installing: /home/xukai/00-Learn/ros2-learning/ws01_plumbing/install/turtlesim/include/turtlesim/turtlesim/srv/detail/set_pen__functions.c
[36.398s] -- Installing: /home/xukai/00-Learn/ros2-learning/ws01_plumbing/install/turtlesim/include/turtlesim/turtlesim/srv/detail/spawn__struct.h
[36.398s] -- Installing: /home/xukai/00-Learn/ros2-learning/ws01_plumbing/install/turtlesim/include/turtlesim/turtlesim/srv/detail/teleport_relative__functions.c
[36.398s] -- Installing: /home/xukai/00-Learn/ros2-learning/ws01_plumbing/install/turtlesim/include/turtlesim/turtlesim/srv/detail/teleport_absolute__type_support.h
[36.398s] -- Installing: /home/xukai/00-Learn/ros2-learning/ws01_plumbing/install/turtlesim/include/turtlesim/turtlesim/srv/detail/set_pen__type_support.h
[36.398s] -- Installing: /home/xukai/00-Learn/ros2-learning/ws01_plumbing/install/turtlesim/include/turtlesim/turtlesim/srv/detail/kill__struct.h
[36.398s] -- Installing: /home/xukai/00-Learn/ros2-learning/ws01_plumbing/install/turtlesim/include/turtlesim/turtlesim/srv/detail/kill__type_support.h
[36.398s] -- Installing: /home/xukai/00-Learn/ros2-learning/ws01_plumbing/install/turtlesim/include/turtlesim/turtlesim/srv/detail/teleport_absolute__functions.c
[36.398s] -- Installing: /home/xukai/00-Learn/ros2-learning/ws01_plumbing/install/turtlesim/include/turtlesim/turtlesim/srv/detail/teleport_absolute__functions.h
[36.398s] -- Installing: /home/xukai/00-Learn/ros2-learning/ws01_plumbing/install/turtlesim/include/turtlesim/turtlesim/srv/detail/kill__functions.h
[36.399s] -- Installing: /home/xukai/00-Learn/ros2-learning/ws01_plumbing/install/turtlesim/include/turtlesim/turtlesim/srv/detail/teleport_relative__functions.h
[36.399s] -- Installing: /home/xukai/00-Learn/ros2-learning/ws01_plumbing/install/turtlesim/include/turtlesim/turtlesim/srv/detail/set_pen__functions.h
[36.399s] -- Installing: /home/xukai/00-Learn/ros2-learning/ws01_plumbing/install/turtlesim/include/turtlesim/turtlesim/srv/detail/spawn__functions.h
[36.399s] -- Installing: /home/xukai/00-Learn/ros2-learning/ws01_plumbing/install/turtlesim/include/turtlesim/turtlesim/srv/detail/spawn__type_support.h
[36.399s] -- Installing: /home/xukai/00-Learn/ros2-learning/ws01_plumbing/install/turtlesim/include/turtlesim/turtlesim/srv/detail/spawn__functions.c
[36.399s] -- Installing: /home/xukai/00-Learn/ros2-learning/ws01_plumbing/install/turtlesim/include/turtlesim/turtlesim/srv/detail/kill__functions.c
[36.399s] -- Installing: /home/xukai/00-Learn/ros2-learning/ws01_plumbing/install/turtlesim/include/turtlesim/turtlesim/srv/detail/teleport_relative__type_support.h
[36.400s] -- Installing: /home/xukai/00-Learn/ros2-learning/ws01_plumbing/install/turtlesim/include/turtlesim/turtlesim/srv/detail/teleport_relative__struct.h
[36.400s] -- Installing: /home/xukai/00-Learn/ros2-learning/ws01_plumbing/install/turtlesim/include/turtlesim/turtlesim/srv/detail/set_pen__struct.h
[36.400s] -- Installing: /home/xukai/00-Learn/ros2-learning/ws01_plumbing/install/turtlesim/include/turtlesim/turtlesim/srv/teleport_relative.h
[36.400s] -- Installing: /home/xukai/00-Learn/ros2-learning/ws01_plumbing/install/turtlesim/include/turtlesim/turtlesim/srv/set_pen.h
[36.400s] -- Installing: /home/xukai/00-Learn/ros2-learning/ws01_plumbing/install/turtlesim/share/turtlesim/environment/library_path.sh
[36.400s] -- Installing: /home/xukai/00-Learn/ros2-learning/ws01_plumbing/install/turtlesim/share/turtlesim/environment/library_path.dsv
[36.400s] -- Installing: /home/xukai/00-Learn/ros2-learning/ws01_plumbing/install/turtlesim/lib/libturtlesim__rosidl_generator_c.so
[36.401s] -- Set runtime path of "/home/xukai/00-Learn/ros2-learning/ws01_plumbing/install/turtlesim/lib/libturtlesim__rosidl_generator_c.so" to ""
[36.401s] -- Up-to-date: /home/xukai/00-Learn/ros2-learning/ws01_plumbing/install/turtlesim/include/turtlesim/turtlesim
[36.401s] -- Up-to-date: /home/xukai/00-Learn/ros2-learning/ws01_plumbing/install/turtlesim/include/turtlesim/turtlesim/msg
[36.401s] -- Installing: /home/xukai/00-Learn/ros2-learning/ws01_plumbing/install/turtlesim/include/turtlesim/turtlesim/msg/rosidl_typesupport_fastrtps_c__visibility_control.h
[36.402s] -- Up-to-date: /home/xukai/00-Learn/ros2-learning/ws01_plumbing/install/turtlesim/include/turtlesim/turtlesim/msg/detail
[36.402s] -- Installing: /home/xukai/00-Learn/ros2-learning/ws01_plumbing/install/turtlesim/include/turtlesim/turtlesim/msg/detail/pose__rosidl_typesupport_fastrtps_c.h
[36.402s] -- Installing: /home/xukai/00-Learn/ros2-learning/ws01_plumbing/install/turtlesim/include/turtlesim/turtlesim/msg/detail/color__rosidl_typesupport_fastrtps_c.h
[36.402s] -- Up-to-date: /home/xukai/00-Learn/ros2-learning/ws01_plumbing/install/turtlesim/include/turtlesim/turtlesim/action
[36.402s] -- Up-to-date: /home/xukai/00-Learn/ros2-learning/ws01_plumbing/install/turtlesim/include/turtlesim/turtlesim/action/detail
[36.402s] -- Installing: /home/xukai/00-Learn/ros2-learning/ws01_plumbing/install/turtlesim/include/turtlesim/turtlesim/action/detail/rotate_absolute__rosidl_typesupport_fastrtps_c.h
[36.402s] -- Up-to-date: /home/xukai/00-Learn/ros2-learning/ws01_plumbing/install/turtlesim/include/turtlesim/turtlesim/srv
[36.402s] -- Up-to-date: /home/xukai/00-Learn/ros2-learning/ws01_plumbing/install/turtlesim/include/turtlesim/turtlesim/srv/detail
[36.402s] -- Installing: /home/xukai/00-Learn/ros2-learning/ws01_plumbing/install/turtlesim/include/turtlesim/turtlesim/srv/detail/spawn__rosidl_typesupport_fastrtps_c.h
[36.402s] -- Installing: /home/xukai/00-Learn/ros2-learning/ws01_plumbing/install/turtlesim/include/turtlesim/turtlesim/srv/detail/teleport_relative__rosidl_typesupport_fastrtps_c.h
[36.402s] -- Installing: /home/xukai/00-Learn/ros2-learning/ws01_plumbing/install/turtlesim/include/turtlesim/turtlesim/srv/detail/kill__rosidl_typesupport_fastrtps_c.h
[36.402s] -- Installing: /home/xukai/00-Learn/ros2-learning/ws01_plumbing/install/turtlesim/include/turtlesim/turtlesim/srv/detail/set_pen__rosidl_typesupport_fastrtps_c.h
[36.403s] -- Installing: /home/xukai/00-Learn/ros2-learning/ws01_plumbing/install/turtlesim/include/turtlesim/turtlesim/srv/detail/teleport_absolute__rosidl_typesupport_fastrtps_c.h
[36.403s] -- Installing: /home/xukai/00-Learn/ros2-learning/ws01_plumbing/install/turtlesim/lib/libturtlesim__rosidl_typesupport_fastrtps_c.so
[36.403s] -- Set runtime path of "/home/xukai/00-Learn/ros2-learning/ws01_plumbing/install/turtlesim/lib/libturtlesim__rosidl_typesupport_fastrtps_c.so" to ""
[36.403s] -- Up-to-date: /home/xukai/00-Learn/ros2-learning/ws01_plumbing/install/turtlesim/include/turtlesim/turtlesim
[36.404s] -- Up-to-date: /home/xukai/00-Learn/ros2-learning/ws01_plumbing/install/turtlesim/include/turtlesim/turtlesim/msg
[36.404s] -- Installing: /home/xukai/00-Learn/ros2-learning/ws01_plumbing/install/turtlesim/include/turtlesim/turtlesim/msg/pose.hpp
[36.404s] -- Installing: /home/xukai/00-Learn/ros2-learning/ws01_plumbing/install/turtlesim/include/turtlesim/turtlesim/msg/color.hpp
[36.404s] -- Up-to-date: /home/xukai/00-Learn/ros2-learning/ws01_plumbing/install/turtlesim/include/turtlesim/turtlesim/msg/detail
[36.404s] -- Installing: /home/xukai/00-Learn/ros2-learning/ws01_plumbing/install/turtlesim/include/turtlesim/turtlesim/msg/detail/pose__builder.hpp
[36.404s] -- Installing: /home/xukai/00-Learn/ros2-learning/ws01_plumbing/install/turtlesim/include/turtlesim/turtlesim/msg/detail/pose__struct.hpp
[36.404s] -- Installing: /home/xukai/00-Learn/ros2-learning/ws01_plumbing/install/turtlesim/include/turtlesim/turtlesim/msg/detail/color__struct.hpp
[36.404s] -- Installing: /home/xukai/00-Learn/ros2-learning/ws01_plumbing/install/turtlesim/include/turtlesim/turtlesim/msg/detail/color__traits.hpp
[36.404s] -- Installing: /home/xukai/00-Learn/ros2-learning/ws01_plumbing/install/turtlesim/include/turtlesim/turtlesim/msg/detail/color__builder.hpp
[36.404s] -- Installing: /home/xukai/00-Learn/ros2-learning/ws01_plumbing/install/turtlesim/include/turtlesim/turtlesim/msg/detail/pose__traits.hpp
[36.404s] -- Up-to-date: /home/xukai/00-Learn/ros2-learning/ws01_plumbing/install/turtlesim/include/turtlesim/turtlesim/action
[36.404s] -- Installing: /home/xukai/00-Learn/ros2-learning/ws01_plumbing/install/turtlesim/include/turtlesim/turtlesim/action/rotate_absolute.hpp
[36.405s] -- Up-to-date: /home/xukai/00-Learn/ros2-learning/ws01_plumbing/install/turtlesim/include/turtlesim/turtlesim/action/detail
[36.405s] -- Installing: /home/xukai/00-Learn/ros2-learning/ws01_plumbing/install/turtlesim/include/turtlesim/turtlesim/action/detail/rotate_absolute__traits.hpp
[36.405s] -- Installing: /home/xukai/00-Learn/ros2-learning/ws01_plumbing/install/turtlesim/include/turtlesim/turtlesim/action/detail/rotate_absolute__builder.hpp
[36.405s] -- Installing: /home/xukai/00-Learn/ros2-learning/ws01_plumbing/install/turtlesim/include/turtlesim/turtlesim/action/detail/rotate_absolute__struct.hpp
[36.405s] -- Up-to-date: /home/xukai/00-Learn/ros2-learning/ws01_plumbing/install/turtlesim/include/turtlesim/turtlesim/srv
[36.405s] -- Installing: /home/xukai/00-Learn/ros2-learning/ws01_plumbing/install/turtlesim/include/turtlesim/turtlesim/srv/kill.hpp
[36.405s] -- Installing: /home/xukai/00-Learn/ros2-learning/ws01_plumbing/install/turtlesim/include/turtlesim/turtlesim/srv/teleport_relative.hpp
[36.405s] -- Installing: /home/xukai/00-Learn/ros2-learning/ws01_plumbing/install/turtlesim/include/turtlesim/turtlesim/srv/spawn.hpp
[36.405s] -- Installing: /home/xukai/00-Learn/ros2-learning/ws01_plumbing/install/turtlesim/include/turtlesim/turtlesim/srv/teleport_absolute.hpp
[36.405s] -- Installing: /home/xukai/00-Learn/ros2-learning/ws01_plumbing/install/turtlesim/include/turtlesim/turtlesim/srv/set_pen.hpp
[36.406s] -- Up-to-date: /home/xukai/00-Learn/ros2-learning/ws01_plumbing/install/turtlesim/include/turtlesim/turtlesim/srv/detail
[36.406s] -- Installing: /home/xukai/00-Learn/ros2-learning/ws01_plumbing/install/turtlesim/include/turtlesim/turtlesim/srv/detail/kill__traits.hpp
[36.406s] -- Installing: /home/xukai/00-Learn/ros2-learning/ws01_plumbing/install/turtlesim/include/turtlesim/turtlesim/srv/detail/teleport_absolute__builder.hpp
[36.406s] -- Installing: /home/xukai/00-Learn/ros2-learning/ws01_plumbing/install/turtlesim/include/turtlesim/turtlesim/srv/detail/teleport_relative__struct.hpp
[36.406s] -- Installing: /home/xukai/00-Learn/ros2-learning/ws01_plumbing/install/turtlesim/include/turtlesim/turtlesim/srv/detail/spawn__traits.hpp
[36.406s] -- Installing: /home/xukai/00-Learn/ros2-learning/ws01_plumbing/install/turtlesim/include/turtlesim/turtlesim/srv/detail/teleport_relative__builder.hpp
[36.406s] -- Installing: /home/xukai/00-Learn/ros2-learning/ws01_plumbing/install/turtlesim/include/turtlesim/turtlesim/srv/detail/teleport_absolute__struct.hpp
[36.406s] -- Installing: /home/xukai/00-Learn/ros2-learning/ws01_plumbing/install/turtlesim/include/turtlesim/turtlesim/srv/detail/kill__builder.hpp
[36.406s] -- Installing: /home/xukai/00-Learn/ros2-learning/ws01_plumbing/install/turtlesim/include/turtlesim/turtlesim/srv/detail/set_pen__traits.hpp
[36.407s] -- Installing: /home/xukai/00-Learn/ros2-learning/ws01_plumbing/install/turtlesim/include/turtlesim/turtlesim/srv/detail/set_pen__builder.hpp
[36.407s] -- Installing: /home/xukai/00-Learn/ros2-learning/ws01_plumbing/install/turtlesim/include/turtlesim/turtlesim/srv/detail/teleport_absolute__traits.hpp
[36.407s] -- Installing: /home/xukai/00-Learn/ros2-learning/ws01_plumbing/install/turtlesim/include/turtlesim/turtlesim/srv/detail/spawn__builder.hpp
[36.407s] -- Installing: /home/xukai/00-Learn/ros2-learning/ws01_plumbing/install/turtlesim/include/turtlesim/turtlesim/srv/detail/set_pen__struct.hpp
[36.407s] -- Installing: /home/xukai/00-Learn/ros2-learning/ws01_plumbing/install/turtlesim/include/turtlesim/turtlesim/srv/detail/spawn__struct.hpp
[36.407s] -- Installing: /home/xukai/00-Learn/ros2-learning/ws01_plumbing/install/turtlesim/include/turtlesim/turtlesim/srv/detail/teleport_relative__traits.hpp
[36.407s] -- Installing: /home/xukai/00-Learn/ros2-learning/ws01_plumbing/install/turtlesim/include/turtlesim/turtlesim/srv/detail/kill__struct.hpp
[36.407s] -- Up-to-date: /home/xukai/00-Learn/ros2-learning/ws01_plumbing/install/turtlesim/include/turtlesim/turtlesim
[36.408s] -- Up-to-date: /home/xukai/00-Learn/ros2-learning/ws01_plumbing/install/turtlesim/include/turtlesim/turtlesim/msg
[36.408s] -- Up-to-date: /home/xukai/00-Learn/ros2-learning/ws01_plumbing/install/turtlesim/include/turtlesim/turtlesim/msg/detail
[36.408s] -- Installing: /home/xukai/00-Learn/ros2-learning/ws01_plumbing/install/turtlesim/include/turtlesim/turtlesim/msg/detail/dds_fastrtps
[36.408s] -- Installing: /home/xukai/00-Learn/ros2-learning/ws01_plumbing/install/turtlesim/include/turtlesim/turtlesim/msg/detail/color__rosidl_typesupport_fastrtps_cpp.hpp
[36.408s] -- Installing: /home/xukai/00-Learn/ros2-learning/ws01_plumbing/install/turtlesim/include/turtlesim/turtlesim/msg/detail/pose__rosidl_typesupport_fastrtps_cpp.hpp
[36.408s] -- Installing: /home/xukai/00-Learn/ros2-learning/ws01_plumbing/install/turtlesim/include/turtlesim/turtlesim/msg/rosidl_typesupport_fastrtps_cpp__visibility_control.h
[36.408s] -- Up-to-date: /home/xukai/00-Learn/ros2-learning/ws01_plumbing/install/turtlesim/include/turtlesim/turtlesim/action
[36.408s] -- Up-to-date: /home/xukai/00-Learn/ros2-learning/ws01_plumbing/install/turtlesim/include/turtlesim/turtlesim/action/detail
[36.408s] -- Installing: /home/xukai/00-Learn/ros2-learning/ws01_plumbing/install/turtlesim/include/turtlesim/turtlesim/action/detail/dds_fastrtps
[36.408s] -- Installing: /home/xukai/00-Learn/ros2-learning/ws01_plumbing/install/turtlesim/include/turtlesim/turtlesim/action/detail/rotate_absolute__rosidl_typesupport_fastrtps_cpp.hpp
[36.408s] -- Up-to-date: /home/xukai/00-Learn/ros2-learning/ws01_plumbing/install/turtlesim/include/turtlesim/turtlesim/srv
[36.408s] -- Up-to-date: /home/xukai/00-Learn/ros2-learning/ws01_plumbing/install/turtlesim/include/turtlesim/turtlesim/srv/detail
[36.408s] -- Installing: /home/xukai/00-Learn/ros2-learning/ws01_plumbing/install/turtlesim/include/turtlesim/turtlesim/srv/detail/dds_fastrtps
[36.409s] -- Installing: /home/xukai/00-Learn/ros2-learning/ws01_plumbing/install/turtlesim/include/turtlesim/turtlesim/srv/detail/teleport_relative__rosidl_typesupport_fastrtps_cpp.hpp
[36.409s] -- Installing: /home/xukai/00-Learn/ros2-learning/ws01_plumbing/install/turtlesim/include/turtlesim/turtlesim/srv/detail/set_pen__rosidl_typesupport_fastrtps_cpp.hpp
[36.409s] -- Installing: /home/xukai/00-Learn/ros2-learning/ws01_plumbing/install/turtlesim/include/turtlesim/turtlesim/srv/detail/teleport_absolute__rosidl_typesupport_fastrtps_cpp.hpp
[36.409s] -- Installing: /home/xukai/00-Learn/ros2-learning/ws01_plumbing/install/turtlesim/include/turtlesim/turtlesim/srv/detail/kill__rosidl_typesupport_fastrtps_cpp.hpp
[36.409s] -- Installing: /home/xukai/00-Learn/ros2-learning/ws01_plumbing/install/turtlesim/include/turtlesim/turtlesim/srv/detail/spawn__rosidl_typesupport_fastrtps_cpp.hpp
[36.409s] -- Installing: /home/xukai/00-Learn/ros2-learning/ws01_plumbing/install/turtlesim/lib/libturtlesim__rosidl_typesupport_fastrtps_cpp.so
[36.410s] -- Set runtime path of "/home/xukai/00-Learn/ros2-learning/ws01_plumbing/install/turtlesim/lib/libturtlesim__rosidl_typesupport_fastrtps_cpp.so" to ""
[36.410s] -- Up-to-date: /home/xukai/00-Learn/ros2-learning/ws01_plumbing/install/turtlesim/include/turtlesim/turtlesim
[36.410s] -- Up-to-date: /home/xukai/00-Learn/ros2-learning/ws01_plumbing/install/turtlesim/include/turtlesim/turtlesim/msg
[36.410s] -- Installing: /home/xukai/00-Learn/ros2-learning/ws01_plumbing/install/turtlesim/include/turtlesim/turtlesim/msg/rosidl_typesupport_introspection_c__visibility_control.h
[36.410s] -- Up-to-date: /home/xukai/00-Learn/ros2-learning/ws01_plumbing/install/turtlesim/include/turtlesim/turtlesim/msg/detail
[36.410s] -- Installing: /home/xukai/00-Learn/ros2-learning/ws01_plumbing/install/turtlesim/include/turtlesim/turtlesim/msg/detail/color__type_support.c
[36.410s] -- Installing: /home/xukai/00-Learn/ros2-learning/ws01_plumbing/install/turtlesim/include/turtlesim/turtlesim/msg/detail/color__rosidl_typesupport_introspection_c.h
[36.410s] -- Installing: /home/xukai/00-Learn/ros2-learning/ws01_plumbing/install/turtlesim/include/turtlesim/turtlesim/msg/detail/pose__type_support.c
[36.411s] -- Installing: /home/xukai/00-Learn/ros2-learning/ws01_plumbing/install/turtlesim/include/turtlesim/turtlesim/msg/detail/pose__rosidl_typesupport_introspection_c.h
[36.411s] -- Up-to-date: /home/xukai/00-Learn/ros2-learning/ws01_plumbing/install/turtlesim/include/turtlesim/turtlesim/action
[36.411s] -- Up-to-date: /home/xukai/00-Learn/ros2-learning/ws01_plumbing/install/turtlesim/include/turtlesim/turtlesim/action/detail
[36.411s] -- Installing: /home/xukai/00-Learn/ros2-learning/ws01_plumbing/install/turtlesim/include/turtlesim/turtlesim/action/detail/rotate_absolute__rosidl_typesupport_introspection_c.h
[36.411s] -- Installing: /home/xukai/00-Learn/ros2-learning/ws01_plumbing/install/turtlesim/include/turtlesim/turtlesim/action/detail/rotate_absolute__type_support.c
[36.411s] -- Up-to-date: /home/xukai/00-Learn/ros2-learning/ws01_plumbing/install/turtlesim/include/turtlesim/turtlesim/srv
[36.411s] -- Up-to-date: /home/xukai/00-Learn/ros2-learning/ws01_plumbing/install/turtlesim/include/turtlesim/turtlesim/srv/detail
[36.411s] -- Installing: /home/xukai/00-Learn/ros2-learning/ws01_plumbing/install/turtlesim/include/turtlesim/turtlesim/srv/detail/teleport_relative__rosidl_typesupport_introspection_c.h
[36.411s] -- Installing: /home/xukai/00-Learn/ros2-learning/ws01_plumbing/install/turtlesim/include/turtlesim/turtlesim/srv/detail/kill__rosidl_typesupport_introspection_c.h
[36.411s] -- Installing: /home/xukai/00-Learn/ros2-learning/ws01_plumbing/install/turtlesim/include/turtlesim/turtlesim/srv/detail/teleport_absolute__rosidl_typesupport_introspection_c.h
[36.411s] -- Installing: /home/xukai/00-Learn/ros2-learning/ws01_plumbing/install/turtlesim/include/turtlesim/turtlesim/srv/detail/set_pen__type_support.c
[36.412s] -- Installing: /home/xukai/00-Learn/ros2-learning/ws01_plumbing/install/turtlesim/include/turtlesim/turtlesim/srv/detail/set_pen__rosidl_typesupport_introspection_c.h
[36.412s] -- Installing: /home/xukai/00-Learn/ros2-learning/ws01_plumbing/install/turtlesim/include/turtlesim/turtlesim/srv/detail/spawn__rosidl_typesupport_introspection_c.h
[36.412s] -- Installing: /home/xukai/00-Learn/ros2-learning/ws01_plumbing/install/turtlesim/include/turtlesim/turtlesim/srv/detail/kill__type_support.c
[36.412s] -- Installing: /home/xukai/00-Learn/ros2-learning/ws01_plumbing/install/turtlesim/include/turtlesim/turtlesim/srv/detail/teleport_relative__type_support.c
[36.412s] -- Installing: /home/xukai/00-Learn/ros2-learning/ws01_plumbing/install/turtlesim/include/turtlesim/turtlesim/srv/detail/spawn__type_support.c
[36.412s] -- Installing: /home/xukai/00-Learn/ros2-learning/ws01_plumbing/install/turtlesim/include/turtlesim/turtlesim/srv/detail/teleport_absolute__type_support.c
[36.412s] -- Installing: /home/xukai/00-Learn/ros2-learning/ws01_plumbing/install/turtlesim/lib/libturtlesim__rosidl_typesupport_introspection_c.so
[36.413s] -- Set runtime path of "/home/xukai/00-Learn/ros2-learning/ws01_plumbing/install/turtlesim/lib/libturtlesim__rosidl_typesupport_introspection_c.so" to ""
[36.413s] -- Installing: /home/xukai/00-Learn/ros2-learning/ws01_plumbing/install/turtlesim/lib/libturtlesim__rosidl_typesupport_c.so
[36.414s] -- Set runtime path of "/home/xukai/00-Learn/ros2-learning/ws01_plumbing/install/turtlesim/lib/libturtlesim__rosidl_typesupport_c.so" to ""
[36.414s] -- Up-to-date: /home/xukai/00-Learn/ros2-learning/ws01_plumbing/install/turtlesim/include/turtlesim/turtlesim
[36.414s] -- Up-to-date: /home/xukai/00-Learn/ros2-learning/ws01_plumbing/install/turtlesim/include/turtlesim/turtlesim/msg
[36.414s] -- Up-to-date: /home/xukai/00-Learn/ros2-learning/ws01_plumbing/install/turtlesim/include/turtlesim/turtlesim/msg/detail
[36.414s] -- Installing: /home/xukai/00-Learn/ros2-learning/ws01_plumbing/install/turtlesim/include/turtlesim/turtlesim/msg/detail/color__type_support.cpp
[36.414s] -- Installing: /home/xukai/00-Learn/ros2-learning/ws01_plumbing/install/turtlesim/include/turtlesim/turtlesim/msg/detail/color__rosidl_typesupport_introspection_cpp.hpp
[36.414s] -- Installing: /home/xukai/00-Learn/ros2-learning/ws01_plumbing/install/turtlesim/include/turtlesim/turtlesim/msg/detail/pose__type_support.cpp
[36.414s] -- Installing: /home/xukai/00-Learn/ros2-learning/ws01_plumbing/install/turtlesim/include/turtlesim/turtlesim/msg/detail/pose__rosidl_typesupport_introspection_cpp.hpp
[36.414s] -- Up-to-date: /home/xukai/00-Learn/ros2-learning/ws01_plumbing/install/turtlesim/include/turtlesim/turtlesim/action
[36.414s] -- Up-to-date: /home/xukai/00-Learn/ros2-learning/ws01_plumbing/install/turtlesim/include/turtlesim/turtlesim/action/detail
[36.414s] -- Installing: /home/xukai/00-Learn/ros2-learning/ws01_plumbing/install/turtlesim/include/turtlesim/turtlesim/action/detail/rotate_absolute__rosidl_typesupport_introspection_cpp.hpp
[36.414s] -- Installing: /home/xukai/00-Learn/ros2-learning/ws01_plumbing/install/turtlesim/include/turtlesim/turtlesim/action/detail/rotate_absolute__type_support.cpp
[36.415s] -- Up-to-date: /home/xukai/00-Learn/ros2-learning/ws01_plumbing/install/turtlesim/include/turtlesim/turtlesim/srv
[36.415s] -- Up-to-date: /home/xukai/00-Learn/ros2-learning/ws01_plumbing/install/turtlesim/include/turtlesim/turtlesim/srv/detail
[36.415s] -- Installing: /home/xukai/00-Learn/ros2-learning/ws01_plumbing/install/turtlesim/include/turtlesim/turtlesim/srv/detail/kill__type_support.cpp
[36.415s] -- Installing: /home/xukai/00-Learn/ros2-learning/ws01_plumbing/install/turtlesim/include/turtlesim/turtlesim/srv/detail/teleport_absolute__type_support.cpp
[36.415s] -- Installing: /home/xukai/00-Learn/ros2-learning/ws01_plumbing/install/turtlesim/include/turtlesim/turtlesim/srv/detail/set_pen__type_support.cpp
[36.415s] -- Installing: /home/xukai/00-Learn/ros2-learning/ws01_plumbing/install/turtlesim/include/turtlesim/turtlesim/srv/detail/spawn__type_support.cpp
[36.415s] -- Installing: /home/xukai/00-Learn/ros2-learning/ws01_plumbing/install/turtlesim/include/turtlesim/turtlesim/srv/detail/teleport_absolute__rosidl_typesupport_introspection_cpp.hpp
[36.416s] -- Installing: /home/xukai/00-Learn/ros2-learning/ws01_plumbing/install/turtlesim/include/turtlesim/turtlesim/srv/detail/set_pen__rosidl_typesupport_introspection_cpp.hpp
[36.416s] -- Installing: /home/xukai/00-Learn/ros2-learning/ws01_plumbing/install/turtlesim/include/turtlesim/turtlesim/srv/detail/kill__rosidl_typesupport_introspection_cpp.hpp
[36.416s] -- Installing: /home/xukai/00-Learn/ros2-learning/ws01_plumbing/install/turtlesim/include/turtlesim/turtlesim/srv/detail/spawn__rosidl_typesupport_introspection_cpp.hpp
[36.416s] -- Installing: /home/xukai/00-Learn/ros2-learning/ws01_plumbing/install/turtlesim/include/turtlesim/turtlesim/srv/detail/teleport_relative__rosidl_typesupport_introspection_cpp.hpp
[36.416s] -- Installing: /home/xukai/00-Learn/ros2-learning/ws01_plumbing/install/turtlesim/include/turtlesim/turtlesim/srv/detail/teleport_relative__type_support.cpp
[36.416s] -- Installing: /home/xukai/00-Learn/ros2-learning/ws01_plumbing/install/turtlesim/lib/libturtlesim__rosidl_typesupport_introspection_cpp.so
[36.417s] -- Set runtime path of "/home/xukai/00-Learn/ros2-learning/ws01_plumbing/install/turtlesim/lib/libturtlesim__rosidl_typesupport_introspection_cpp.so" to ""
[36.417s] -- Installing: /home/xukai/00-Learn/ros2-learning/ws01_plumbing/install/turtlesim/lib/libturtlesim__rosidl_typesupport_cpp.so
[36.417s] -- Set runtime path of "/home/xukai/00-Learn/ros2-learning/ws01_plumbing/install/turtlesim/lib/libturtlesim__rosidl_typesupport_cpp.so" to ""
[36.418s] -- Installing: /home/xukai/00-Learn/ros2-learning/ws01_plumbing/install/turtlesim/share/turtlesim/environment/pythonpath.sh
[36.418s] -- Installing: /home/xukai/00-Learn/ros2-learning/ws01_plumbing/install/turtlesim/share/turtlesim/environment/pythonpath.dsv
[36.418s] -- Installing: /home/xukai/00-Learn/ros2-learning/ws01_plumbing/install/turtlesim/local/lib/python3.10/dist-packages/turtlesim-1.4.2-py3.10.egg-info
[36.418s] -- Installing: /home/xukai/00-Learn/ros2-learning/ws01_plumbing/install/turtlesim/local/lib/python3.10/dist-packages/turtlesim-1.4.2-py3.10.egg-info/SOURCES.txt
[36.418s] -- Installing: /home/xukai/00-Learn/ros2-learning/ws01_plumbing/install/turtlesim/local/lib/python3.10/dist-packages/turtlesim-1.4.2-py3.10.egg-info/top_level.txt
[36.418s] -- Installing: /home/xukai/00-Learn/ros2-learning/ws01_plumbing/install/turtlesim/local/lib/python3.10/dist-packages/turtlesim-1.4.2-py3.10.egg-info/PKG-INFO
[36.418s] -- Installing: /home/xukai/00-Learn/ros2-learning/ws01_plumbing/install/turtlesim/local/lib/python3.10/dist-packages/turtlesim-1.4.2-py3.10.egg-info/dependency_links.txt
[36.418s] -- Installing: /home/xukai/00-Learn/ros2-learning/ws01_plumbing/install/turtlesim/local/lib/python3.10/dist-packages/turtlesim
[36.419s] -- Installing: /home/xukai/00-Learn/ros2-learning/ws01_plumbing/install/turtlesim/local/lib/python3.10/dist-packages/turtlesim/turtlesim_s__rosidl_typesupport_fastrtps_c.cpython-310-x86_64-linux-gnu.so
[36.419s] -- Installing: /home/xukai/00-Learn/ros2-learning/ws01_plumbing/install/turtlesim/local/lib/python3.10/dist-packages/turtlesim/msg
[36.419s] -- Installing: /home/xukai/00-Learn/ros2-learning/ws01_plumbing/install/turtlesim/local/lib/python3.10/dist-packages/turtlesim/msg/_pose.py
[36.419s] -- Installing: /home/xukai/00-Learn/ros2-learning/ws01_plumbing/install/turtlesim/local/lib/python3.10/dist-packages/turtlesim/msg/_pose_s.c
[36.419s] -- Installing: /home/xukai/00-Learn/ros2-learning/ws01_plumbing/install/turtlesim/local/lib/python3.10/dist-packages/turtlesim/msg/_color.py
[36.419s] -- Installing: /home/xukai/00-Learn/ros2-learning/ws01_plumbing/install/turtlesim/local/lib/python3.10/dist-packages/turtlesim/msg/__init__.py
[36.419s] -- Installing: /home/xukai/00-Learn/ros2-learning/ws01_plumbing/install/turtlesim/local/lib/python3.10/dist-packages/turtlesim/msg/_color_s.c
[36.419s] -- Installing: /home/xukai/00-Learn/ros2-learning/ws01_plumbing/install/turtlesim/local/lib/python3.10/dist-packages/turtlesim/action
[36.419s] -- Installing: /home/xukai/00-Learn/ros2-learning/ws01_plumbing/install/turtlesim/local/lib/python3.10/dist-packages/turtlesim/action/_rotate_absolute_s.c
[36.420s] -- Installing: /home/xukai/00-Learn/ros2-learning/ws01_plumbing/install/turtlesim/local/lib/python3.10/dist-packages/turtlesim/action/__init__.py
[36.420s] -- Installing: /home/xukai/00-Learn/ros2-learning/ws01_plumbing/install/turtlesim/local/lib/python3.10/dist-packages/turtlesim/action/_rotate_absolute.py
[36.420s] -- Installing: /home/xukai/00-Learn/ros2-learning/ws01_plumbing/install/turtlesim/local/lib/python3.10/dist-packages/turtlesim/turtlesim_s__rosidl_typesupport_c.cpython-310-x86_64-linux-gnu.so
[36.420s] -- Installing: /home/xukai/00-Learn/ros2-learning/ws01_plumbing/install/turtlesim/local/lib/python3.10/dist-packages/turtlesim/libturtlesim__rosidl_generator_py.so
[36.420s] -- Installing: /home/xukai/00-Learn/ros2-learning/ws01_plumbing/install/turtlesim/local/lib/python3.10/dist-packages/turtlesim/srv
[36.420s] -- Installing: /home/xukai/00-Learn/ros2-learning/ws01_plumbing/install/turtlesim/local/lib/python3.10/dist-packages/turtlesim/srv/_kill.py
[36.420s] -- Installing: /home/xukai/00-Learn/ros2-learning/ws01_plumbing/install/turtlesim/local/lib/python3.10/dist-packages/turtlesim/srv/_set_pen.py
[36.421s] -- Installing: /home/xukai/00-Learn/ros2-learning/ws01_plumbing/install/turtlesim/local/lib/python3.10/dist-packages/turtlesim/srv/_set_pen_s.c
[36.421s] -- Installing: /home/xukai/00-Learn/ros2-learning/ws01_plumbing/install/turtlesim/local/lib/python3.10/dist-packages/turtlesim/srv/_teleport_relative_s.c
[36.421s] -- Installing: /home/xukai/00-Learn/ros2-learning/ws01_plumbing/install/turtlesim/local/lib/python3.10/dist-packages/turtlesim/srv/_kill_s.c
[36.421s] -- Installing: /home/xukai/00-Learn/ros2-learning/ws01_plumbing/install/turtlesim/local/lib/python3.10/dist-packages/turtlesim/srv/_teleport_absolute.py
[36.421s] -- Installing: /home/xukai/00-Learn/ros2-learning/ws01_plumbing/install/turtlesim/local/lib/python3.10/dist-packages/turtlesim/srv/_teleport_absolute_s.c
[36.421s] -- Installing: /home/xukai/00-Learn/ros2-learning/ws01_plumbing/install/turtlesim/local/lib/python3.10/dist-packages/turtlesim/srv/__init__.py
[36.421s] -- Installing: /home/xukai/00-Learn/ros2-learning/ws01_plumbing/install/turtlesim/local/lib/python3.10/dist-packages/turtlesim/srv/_teleport_relative.py
[36.421s] -- Installing: /home/xukai/00-Learn/ros2-learning/ws01_plumbing/install/turtlesim/local/lib/python3.10/dist-packages/turtlesim/srv/_spawn_s.c
[36.421s] -- Installing: /home/xukai/00-Learn/ros2-learning/ws01_plumbing/install/turtlesim/local/lib/python3.10/dist-packages/turtlesim/srv/_spawn.py
[36.422s] -- Installing: /home/xukai/00-Learn/ros2-learning/ws01_plumbing/install/turtlesim/local/lib/python3.10/dist-packages/turtlesim/_turtlesim_s.ep.rosidl_typesupport_introspection_c.c
[36.422s] -- Installing: /home/xukai/00-Learn/ros2-learning/ws01_plumbing/install/turtlesim/local/lib/python3.10/dist-packages/turtlesim/_turtlesim_s.ep.rosidl_typesupport_fastrtps_c.c
[36.422s] -- Installing: /home/xukai/00-Learn/ros2-learning/ws01_plumbing/install/turtlesim/local/lib/python3.10/dist-packages/turtlesim/__init__.py
[36.422s] -- Installing: /home/xukai/00-Learn/ros2-learning/ws01_plumbing/install/turtlesim/local/lib/python3.10/dist-packages/turtlesim/turtlesim_s__rosidl_typesupport_introspection_c.cpython-310-x86_64-linux-gnu.so
[36.422s] -- Installing: /home/xukai/00-Learn/ros2-learning/ws01_plumbing/install/turtlesim/local/lib/python3.10/dist-packages/turtlesim/_turtlesim_s.ep.rosidl_typesupport_c.c
[36.470s] Listing '/home/xukai/00-Learn/ros2-learning/ws01_plumbing/install/turtlesim/local/lib/python3.10/dist-packages/turtlesim'...
[36.470s] Compiling '/home/xukai/00-Learn/ros2-learning/ws01_plumbing/install/turtlesim/local/lib/python3.10/dist-packages/turtlesim/__init__.py'...
[36.470s] Listing '/home/xukai/00-Learn/ros2-learning/ws01_plumbing/install/turtlesim/local/lib/python3.10/dist-packages/turtlesim/action'...
[36.470s] Compiling '/home/xukai/00-Learn/ros2-learning/ws01_plumbing/install/turtlesim/local/lib/python3.10/dist-packages/turtlesim/action/__init__.py'...
[36.470s] Compiling '/home/xukai/00-Learn/ros2-learning/ws01_plumbing/install/turtlesim/local/lib/python3.10/dist-packages/turtlesim/action/_rotate_absolute.py'...
[36.470s] Listing '/home/xukai/00-Learn/ros2-learning/ws01_plumbing/install/turtlesim/local/lib/python3.10/dist-packages/turtlesim/msg'...
[36.470s] Compiling '/home/xukai/00-Learn/ros2-learning/ws01_plumbing/install/turtlesim/local/lib/python3.10/dist-packages/turtlesim/msg/__init__.py'...
[36.470s] Compiling '/home/xukai/00-Learn/ros2-learning/ws01_plumbing/install/turtlesim/local/lib/python3.10/dist-packages/turtlesim/msg/_color.py'...
[36.470s] Compiling '/home/xukai/00-Learn/ros2-learning/ws01_plumbing/install/turtlesim/local/lib/python3.10/dist-packages/turtlesim/msg/_pose.py'...
[36.470s] Listing '/home/xukai/00-Learn/ros2-learning/ws01_plumbing/install/turtlesim/local/lib/python3.10/dist-packages/turtlesim/srv'...
[36.470s] Compiling '/home/xukai/00-Learn/ros2-learning/ws01_plumbing/install/turtlesim/local/lib/python3.10/dist-packages/turtlesim/srv/__init__.py'...
[36.470s] Compiling '/home/xukai/00-Learn/ros2-learning/ws01_plumbing/install/turtlesim/local/lib/python3.10/dist-packages/turtlesim/srv/_kill.py'...
[36.470s] Compiling '/home/xukai/00-Learn/ros2-learning/ws01_plumbing/install/turtlesim/local/lib/python3.10/dist-packages/turtlesim/srv/_set_pen.py'...
[36.471s] Compiling '/home/xukai/00-Learn/ros2-learning/ws01_plumbing/install/turtlesim/local/lib/python3.10/dist-packages/turtlesim/srv/_spawn.py'...
[36.471s] Compiling '/home/xukai/00-Learn/ros2-learning/ws01_plumbing/install/turtlesim/local/lib/python3.10/dist-packages/turtlesim/srv/_teleport_absolute.py'...
[36.471s] Compiling '/home/xukai/00-Learn/ros2-learning/ws01_plumbing/install/turtlesim/local/lib/python3.10/dist-packages/turtlesim/srv/_teleport_relative.py'...
[36.474s] -- Installing: /home/xukai/00-Learn/ros2-learning/ws01_plumbing/install/turtlesim/local/lib/python3.10/dist-packages/turtlesim/turtlesim_s__rosidl_typesupport_fastrtps_c.cpython-310-x86_64-linux-gnu.so
[36.475s] -- Set runtime path of "/home/xukai/00-Learn/ros2-learning/ws01_plumbing/install/turtlesim/local/lib/python3.10/dist-packages/turtlesim/turtlesim_s__rosidl_typesupport_fastrtps_c.cpython-310-x86_64-linux-gnu.so" to ""
[36.475s] -- Installing: /home/xukai/00-Learn/ros2-learning/ws01_plumbing/install/turtlesim/local/lib/python3.10/dist-packages/turtlesim/turtlesim_s__rosidl_typesupport_introspection_c.cpython-310-x86_64-linux-gnu.so
[36.475s] -- Set runtime path of "/home/xukai/00-Learn/ros2-learning/ws01_plumbing/install/turtlesim/local/lib/python3.10/dist-packages/turtlesim/turtlesim_s__rosidl_typesupport_introspection_c.cpython-310-x86_64-linux-gnu.so" to ""
[36.476s] -- Installing: /home/xukai/00-Learn/ros2-learning/ws01_plumbing/install/turtlesim/local/lib/python3.10/dist-packages/turtlesim/turtlesim_s__rosidl_typesupport_c.cpython-310-x86_64-linux-gnu.so
[36.476s] -- Set runtime path of "/home/xukai/00-Learn/ros2-learning/ws01_plumbing/install/turtlesim/local/lib/python3.10/dist-packages/turtlesim/turtlesim_s__rosidl_typesupport_c.cpython-310-x86_64-linux-gnu.so" to ""
[36.476s] -- Installing: /home/xukai/00-Learn/ros2-learning/ws01_plumbing/install/turtlesim/lib/libturtlesim__rosidl_generator_py.so
[36.477s] -- Set runtime path of "/home/xukai/00-Learn/ros2-learning/ws01_plumbing/install/turtlesim/lib/libturtlesim__rosidl_generator_py.so" to ""
[36.477s] -- Installing: /home/xukai/00-Learn/ros2-learning/ws01_plumbing/install/turtlesim/share/turtlesim/action/RotateAbsolute.idl
[36.477s] -- Installing: /home/xukai/00-Learn/ros2-learning/ws01_plumbing/install/turtlesim/share/turtlesim/msg/Color.idl
[36.477s] -- Installing: /home/xukai/00-Learn/ros2-learning/ws01_plumbing/install/turtlesim/share/turtlesim/msg/Pose.idl
[36.477s] -- Installing: /home/xukai/00-Learn/ros2-learning/ws01_plumbing/install/turtlesim/share/turtlesim/srv/Kill.idl
[36.477s] -- Installing: /home/xukai/00-Learn/ros2-learning/ws01_plumbing/install/turtlesim/share/turtlesim/srv/SetPen.idl
[36.478s] -- Installing: /home/xukai/00-Learn/ros2-learning/ws01_plumbing/install/turtlesim/share/turtlesim/srv/Spawn.idl
[36.478s] -- Installing: /home/xukai/00-Learn/ros2-learning/ws01_plumbing/install/turtlesim/share/turtlesim/srv/TeleportAbsolute.idl
[36.478s] -- Installing: /home/xukai/00-Learn/ros2-learning/ws01_plumbing/install/turtlesim/share/turtlesim/srv/TeleportRelative.idl
[36.478s] -- Installing: /home/xukai/00-Learn/ros2-learning/ws01_plumbing/install/turtlesim/share/turtlesim/action/RotateAbsolute.action
[36.478s] -- Installing: /home/xukai/00-Learn/ros2-learning/ws01_plumbing/install/turtlesim/share/turtlesim/msg/Color.msg
[36.478s] -- Installing: /home/xukai/00-Learn/ros2-learning/ws01_plumbing/install/turtlesim/share/turtlesim/msg/Pose.msg
[36.478s] -- Installing: /home/xukai/00-Learn/ros2-learning/ws01_plumbing/install/turtlesim/share/turtlesim/srv/Kill.srv
[36.478s] -- Installing: /home/xukai/00-Learn/ros2-learning/ws01_plumbing/install/turtlesim/share/turtlesim/srv/Kill_Request.msg
[36.479s] -- Installing: /home/xukai/00-Learn/ros2-learning/ws01_plumbing/install/turtlesim/share/turtlesim/srv/Kill_Response.msg
[36.479s] -- Installing: /home/xukai/00-Learn/ros2-learning/ws01_plumbing/install/turtlesim/share/turtlesim/srv/SetPen.srv
[36.479s] -- Installing: /home/xukai/00-Learn/ros2-learning/ws01_plumbing/install/turtlesim/share/turtlesim/srv/SetPen_Request.msg
[36.479s] -- Installing: /home/xukai/00-Learn/ros2-learning/ws01_plumbing/install/turtlesim/share/turtlesim/srv/SetPen_Response.msg
[36.479s] -- Installing: /home/xukai/00-Learn/ros2-learning/ws01_plumbing/install/turtlesim/share/turtlesim/srv/Spawn.srv
[36.479s] -- Installing: /home/xukai/00-Learn/ros2-learning/ws01_plumbing/install/turtlesim/share/turtlesim/srv/Spawn_Request.msg
[36.479s] -- Installing: /home/xukai/00-Learn/ros2-learning/ws01_plumbing/install/turtlesim/share/turtlesim/srv/Spawn_Response.msg
[36.479s] -- Installing: /home/xukai/00-Learn/ros2-learning/ws01_plumbing/install/turtlesim/share/turtlesim/srv/TeleportAbsolute.srv
[36.480s] -- Installing: /home/xukai/00-Learn/ros2-learning/ws01_plumbing/install/turtlesim/share/turtlesim/srv/TeleportAbsolute_Request.msg
[36.480s] -- Installing: /home/xukai/00-Learn/ros2-learning/ws01_plumbing/install/turtlesim/share/turtlesim/srv/TeleportAbsolute_Response.msg
[36.480s] -- Installing: /home/xukai/00-Learn/ros2-learning/ws01_plumbing/install/turtlesim/share/turtlesim/srv/TeleportRelative.srv
[36.480s] -- Installing: /home/xukai/00-Learn/ros2-learning/ws01_plumbing/install/turtlesim/share/turtlesim/srv/TeleportRelative_Request.msg
[36.480s] -- Installing: /home/xukai/00-Learn/ros2-learning/ws01_plumbing/install/turtlesim/share/turtlesim/srv/TeleportRelative_Response.msg
[36.480s] -- Installing: /home/xukai/00-Learn/ros2-learning/ws01_plumbing/install/turtlesim/lib/turtlesim/turtlesim_node
[36.490s] -- Set runtime path of "/home/xukai/00-Learn/ros2-learning/ws01_plumbing/install/turtlesim/lib/turtlesim/turtlesim_node" to ""
[36.490s] -- Installing: /home/xukai/00-Learn/ros2-learning/ws01_plumbing/install/turtlesim/lib/turtlesim/turtle_teleop_key
[36.492s] -- Set runtime path of "/home/xukai/00-Learn/ros2-learning/ws01_plumbing/install/turtlesim/lib/turtlesim/turtle_teleop_key" to ""
[36.493s] -- Installing: /home/xukai/00-Learn/ros2-learning/ws01_plumbing/install/turtlesim/lib/turtlesim/draw_square
[36.498s] -- Set runtime path of "/home/xukai/00-Learn/ros2-learning/ws01_plumbing/install/turtlesim/lib/turtlesim/draw_square" to ""
[36.498s] -- Installing: /home/xukai/00-Learn/ros2-learning/ws01_plumbing/install/turtlesim/lib/turtlesim/mimic
[36.502s] -- Set runtime path of "/home/xukai/00-Learn/ros2-learning/ws01_plumbing/install/turtlesim/lib/turtlesim/mimic" to ""
[36.502s] -- Installing: /home/xukai/00-Learn/ros2-learning/ws01_plumbing/install/turtlesim/share/turtlesim/images
[36.502s] -- Installing: /home/xukai/00-Learn/ros2-learning/ws01_plumbing/install/turtlesim/share/turtlesim/images/ardent.png
[36.502s] -- Installing: /home/xukai/00-Learn/ros2-learning/ws01_plumbing/install/turtlesim/share/turtlesim/images/eloquent.png
[36.502s] -- Installing: /home/xukai/00-Learn/ros2-learning/ws01_plumbing/install/turtlesim/share/turtlesim/images/crystal.png
[36.503s] -- Installing: /home/xukai/00-Learn/ros2-learning/ws01_plumbing/install/turtlesim/share/turtlesim/images/bouncy.png
[36.503s] -- Installing: /home/xukai/00-Learn/ros2-learning/ws01_plumbing/install/turtlesim/share/turtlesim/images/rolling.png
[36.503s] -- Installing: /home/xukai/00-Learn/ros2-learning/ws01_plumbing/install/turtlesim/share/turtlesim/images/humble.png
[36.503s] -- Installing: /home/xukai/00-Learn/ros2-learning/ws01_plumbing/install/turtlesim/share/turtlesim/images/galactic.png
[36.503s] -- Installing: /home/xukai/00-Learn/ros2-learning/ws01_plumbing/install/turtlesim/share/turtlesim/images/dashing.png
[36.503s] -- Installing: /home/xukai/00-Learn/ros2-learning/ws01_plumbing/install/turtlesim/share/turtlesim/images/foxy.png
[36.503s] -- Installing: /home/xukai/00-Learn/ros2-learning/ws01_plumbing/install/turtlesim/share/turtlesim/launch
[36.503s] -- Installing: /home/xukai/00-Learn/ros2-learning/ws01_plumbing/install/turtlesim/share/turtlesim/launch/multisim.launch.py
[36.503s] -- Installing: /home/xukai/00-Learn/ros2-learning/ws01_plumbing/install/turtlesim/share/ament_index/resource_index/package_run_dependencies/turtlesim
[36.503s] -- Installing: /home/xukai/00-Learn/ros2-learning/ws01_plumbing/install/turtlesim/share/ament_index/resource_index/parent_prefix_path/turtlesim
[36.504s] -- Installing: /home/xukai/00-Learn/ros2-learning/ws01_plumbing/install/turtlesim/share/turtlesim/environment/ament_prefix_path.sh
[36.504s] -- Installing: /home/xukai/00-Learn/ros2-learning/ws01_plumbing/install/turtlesim/share/turtlesim/environment/ament_prefix_path.dsv
[36.504s] -- Installing: /home/xukai/00-Learn/ros2-learning/ws01_plumbing/install/turtlesim/share/turtlesim/environment/path.sh
[36.504s] -- Installing: /home/xukai/00-Learn/ros2-learning/ws01_plumbing/install/turtlesim/share/turtlesim/environment/path.dsv
[36.504s] -- Installing: /home/xukai/00-Learn/ros2-learning/ws01_plumbing/install/turtlesim/share/turtlesim/local_setup.bash
[36.504s] -- Installing: /home/xukai/00-Learn/ros2-learning/ws01_plumbing/install/turtlesim/share/turtlesim/local_setup.sh
[36.504s] -- Installing: /home/xukai/00-Learn/ros2-learning/ws01_plumbing/install/turtlesim/share/turtlesim/local_setup.zsh
[36.504s] -- Installing: /home/xukai/00-Learn/ros2-learning/ws01_plumbing/install/turtlesim/share/turtlesim/local_setup.dsv
[36.504s] -- Installing: /home/xukai/00-Learn/ros2-learning/ws01_plumbing/install/turtlesim/share/turtlesim/package.dsv
[36.505s] -- Installing: /home/xukai/00-Learn/ros2-learning/ws01_plumbing/install/turtlesim/share/ament_index/resource_index/packages/turtlesim
[36.505s] -- Installing: /home/xukai/00-Learn/ros2-learning/ws01_plumbing/install/turtlesim/share/turtlesim/cmake/export_turtlesim__rosidl_generator_cExport.cmake
[36.505s] -- Installing: /home/xukai/00-Learn/ros2-learning/ws01_plumbing/install/turtlesim/share/turtlesim/cmake/export_turtlesim__rosidl_generator_cExport-noconfig.cmake
[36.505s] -- Installing: /home/xukai/00-Learn/ros2-learning/ws01_plumbing/install/turtlesim/share/turtlesim/cmake/export_turtlesim__rosidl_typesupport_fastrtps_cExport.cmake
[36.505s] -- Installing: /home/xukai/00-Learn/ros2-learning/ws01_plumbing/install/turtlesim/share/turtlesim/cmake/export_turtlesim__rosidl_typesupport_fastrtps_cExport-noconfig.cmake
[36.505s] -- Installing: /home/xukai/00-Learn/ros2-learning/ws01_plumbing/install/turtlesim/share/turtlesim/cmake/export_turtlesim__rosidl_generator_cppExport.cmake
[36.505s] -- Installing: /home/xukai/00-Learn/ros2-learning/ws01_plumbing/install/turtlesim/share/turtlesim/cmake/export_turtlesim__rosidl_typesupport_fastrtps_cppExport.cmake
[36.506s] -- Installing: /home/xukai/00-Learn/ros2-learning/ws01_plumbing/install/turtlesim/share/turtlesim/cmake/export_turtlesim__rosidl_typesupport_fastrtps_cppExport-noconfig.cmake
[36.506s] -- Installing: /home/xukai/00-Learn/ros2-learning/ws01_plumbing/install/turtlesim/share/turtlesim/cmake/turtlesim__rosidl_typesupport_introspection_cExport.cmake
[36.506s] -- Installing: /home/xukai/00-Learn/ros2-learning/ws01_plumbing/install/turtlesim/share/turtlesim/cmake/turtlesim__rosidl_typesupport_introspection_cExport-noconfig.cmake
[36.506s] -- Installing: /home/xukai/00-Learn/ros2-learning/ws01_plumbing/install/turtlesim/share/turtlesim/cmake/turtlesim__rosidl_typesupport_cExport.cmake
[36.506s] -- Installing: /home/xukai/00-Learn/ros2-learning/ws01_plumbing/install/turtlesim/share/turtlesim/cmake/turtlesim__rosidl_typesupport_cExport-noconfig.cmake
[36.506s] -- Installing: /home/xukai/00-Learn/ros2-learning/ws01_plumbing/install/turtlesim/share/turtlesim/cmake/turtlesim__rosidl_typesupport_introspection_cppExport.cmake
[36.506s] -- Installing: /home/xukai/00-Learn/ros2-learning/ws01_plumbing/install/turtlesim/share/turtlesim/cmake/turtlesim__rosidl_typesupport_introspection_cppExport-noconfig.cmake
[36.507s] -- Installing: /home/xukai/00-Learn/ros2-learning/ws01_plumbing/install/turtlesim/share/turtlesim/cmake/turtlesim__rosidl_typesupport_cppExport.cmake
[36.507s] -- Installing: /home/xukai/00-Learn/ros2-learning/ws01_plumbing/install/turtlesim/share/turtlesim/cmake/turtlesim__rosidl_typesupport_cppExport-noconfig.cmake
[36.507s] -- Installing: /home/xukai/00-Learn/ros2-learning/ws01_plumbing/install/turtlesim/share/turtlesim/cmake/export_turtlesim__rosidl_generator_pyExport.cmake
[36.507s] -- Installing: /home/xukai/00-Learn/ros2-learning/ws01_plumbing/install/turtlesim/share/turtlesim/cmake/export_turtlesim__rosidl_generator_pyExport-noconfig.cmake
[36.507s] -- Installing: /home/xukai/00-Learn/ros2-learning/ws01_plumbing/install/turtlesim/share/turtlesim/cmake/rosidl_cmake-extras.cmake
[36.507s] -- Installing: /home/xukai/00-Learn/ros2-learning/ws01_plumbing/install/turtlesim/share/turtlesim/cmake/ament_cmake_export_dependencies-extras.cmake
[36.507s] -- Installing: /home/xukai/00-Learn/ros2-learning/ws01_plumbing/install/turtlesim/share/turtlesim/cmake/ament_cmake_export_include_directories-extras.cmake
[36.508s] -- Installing: /home/xukai/00-Learn/ros2-learning/ws01_plumbing/install/turtlesim/share/turtlesim/cmake/ament_cmake_export_libraries-extras.cmake
[36.508s] -- Installing: /home/xukai/00-Learn/ros2-learning/ws01_plumbing/install/turtlesim/share/turtlesim/cmake/ament_cmake_export_targets-extras.cmake
[36.508s] -- Installing: /home/xukai/00-Learn/ros2-learning/ws01_plumbing/install/turtlesim/share/turtlesim/cmake/rosidl_cmake_export_typesupport_targets-extras.cmake
[36.508s] -- Installing: /home/xukai/00-Learn/ros2-learning/ws01_plumbing/install/turtlesim/share/turtlesim/cmake/rosidl_cmake_export_typesupport_libraries-extras.cmake
[36.508s] -- Installing: /home/xukai/00-Learn/ros2-learning/ws01_plumbing/install/turtlesim/share/turtlesim/cmake/turtlesimConfig.cmake
[36.508s] -- Installing: /home/xukai/00-Learn/ros2-learning/ws01_plumbing/install/turtlesim/share/turtlesim/cmake/turtlesimConfig-version.cmake
[36.508s] -- Installing: /home/xukai/00-Learn/ros2-learning/ws01_plumbing/install/turtlesim/share/turtlesim/package.xml
[36.514s] Invoked command in '/home/xukai/00-Learn/ros2-learning/ws01_plumbing/build/turtlesim' returned '0': CMAKE_PREFIX_PATH=/opt/ros/humble /usr/bin/cmake --install /home/xukai/00-Learn/ros2-learning/ws01_plumbing/build/turtlesim
