[1.600s] Invoking command in '/home/xukai/00-Learn/ros2-learning/ws01_plumbing/src/py05_names': PYTHONPATH=/home/xukai/00-Learn/ros2-learning/ws01_plumbing/build/py05_names/prefix_override:/home/xukai/00-Learn/ros2-learning/ws01_plumbing/install/py05_names/lib/python3.10/site-packages:${PYTHONPATH} /usr/bin/python3 setup.py egg_info --egg-base ../../build/py05_names build --build-base /home/xukai/00-Learn/ros2-learning/ws01_plumbing/build/py05_names/build install --record /home/xukai/00-Learn/ros2-learning/ws01_plumbing/build/py05_names/install.log --single-version-externally-managed
[1.872s] running egg_info
[1.872s] writing ../../build/py05_names/py05_names.egg-info/PKG-INFO
[1.872s] writing dependency_links to ../../build/py05_names/py05_names.egg-info/dependency_links.txt
[1.872s] writing entry points to ../../build/py05_names/py05_names.egg-info/entry_points.txt
[1.873s] writing requirements to ../../build/py05_names/py05_names.egg-info/requires.txt
[1.874s] writing top-level names to ../../build/py05_names/py05_names.egg-info/top_level.txt
[1.875s] reading manifest file '../../build/py05_names/py05_names.egg-info/SOURCES.txt'
[1.875s] writing manifest file '../../build/py05_names/py05_names.egg-info/SOURCES.txt'
[1.875s] running build
[1.875s] running build_py
[1.875s] running install
[1.876s] running install_lib
[1.876s] running install_data
[1.876s] copying launch/demo02_names_launch.xml -> /home/xukai/00-Learn/ros2-learning/ws01_plumbing/install/py05_names/share/py05_names/launch
[1.877s] copying launch/demo03_names_launch.yaml -> /home/xukai/00-Learn/ros2-learning/ws01_plumbing/install/py05_names/share/py05_names/launch
[1.877s] running install_egg_info
[1.879s] removing '/home/xukai/00-Learn/ros2-learning/ws01_plumbing/install/py05_names/lib/python3.10/site-packages/py05_names-0.0.0-py3.10.egg-info' (and everything under it)
[1.879s] Copying ../../build/py05_names/py05_names.egg-info to /home/xukai/00-Learn/ros2-learning/ws01_plumbing/install/py05_names/lib/python3.10/site-packages/py05_names-0.0.0-py3.10.egg-info
[1.880s] running install_scripts
[1.880s] Installing demo01_names script to /home/xukai/00-Learn/ros2-learning/ws01_plumbing/install/py05_names/lib/py05_names
[1.880s] writing list of installed files to '/home/xukai/00-Learn/ros2-learning/ws01_plumbing/build/py05_names/install.log'
[1.918s] Invoked command in '/home/xukai/00-Learn/ros2-learning/ws01_plumbing/src/py05_names' returned '0': PYTHONPATH=/home/xukai/00-Learn/ros2-learning/ws01_plumbing/build/py05_names/prefix_override:/home/xukai/00-Learn/ros2-learning/ws01_plumbing/install/py05_names/lib/python3.10/site-packages:${PYTHONPATH} /usr/bin/python3 setup.py egg_info --egg-base ../../build/py05_names build --build-base /home/xukai/00-Learn/ros2-learning/ws01_plumbing/build/py05_names/build install --record /home/xukai/00-Learn/ros2-learning/ws01_plumbing/build/py05_names/install.log --single-version-externally-managed
