[1.815s] Invoking command in '/home/xukai/00-Learn/ros2-learning/ws01_plumbing/src/py06_time': PYTHONPATH=/home/xukai/00-Learn/ros2-learning/ws01_plumbing/build/py06_time/prefix_override:/home/xukai/00-Learn/ros2-learning/ws01_plumbing/install/py06_time/lib/python3.10/site-packages:${PYTHONPATH} /usr/bin/python3 setup.py egg_info --egg-base ../../build/py06_time build --build-base /home/xukai/00-Learn/ros2-learning/ws01_plumbing/build/py06_time/build install --record /home/xukai/00-Learn/ros2-learning/ws01_plumbing/build/py06_time/install.log --single-version-externally-managed
[2.313s] running egg_info
[2.314s] creating ../../build/py06_time/py06_time.egg-info
[2.314s] writing ../../build/py06_time/py06_time.egg-info/PKG-INFO
[2.314s] writing dependency_links to ../../build/py06_time/py06_time.egg-info/dependency_links.txt
[2.314s] writing entry points to ../../build/py06_time/py06_time.egg-info/entry_points.txt
[2.314s] writing requirements to ../../build/py06_time/py06_time.egg-info/requires.txt
[2.314s] writing top-level names to ../../build/py06_time/py06_time.egg-info/top_level.txt
[2.314s] writing manifest file '../../build/py06_time/py06_time.egg-info/SOURCES.txt'
[2.318s] reading manifest file '../../build/py06_time/py06_time.egg-info/SOURCES.txt'
[2.320s] writing manifest file '../../build/py06_time/py06_time.egg-info/SOURCES.txt'
[2.321s] running build
[2.321s] running build_py
[2.321s] creating /home/xukai/00-Learn/ros2-learning/ws01_plumbing/build/py06_time/build
[2.321s] creating /home/xukai/00-Learn/ros2-learning/ws01_plumbing/build/py06_time/build/lib
[2.322s] creating /home/xukai/00-Learn/ros2-learning/ws01_plumbing/build/py06_time/build/lib/py06_time
[2.322s] copying py06_time/__init__.py -> /home/xukai/00-Learn/ros2-learning/ws01_plumbing/build/py06_time/build/lib/py06_time
[2.323s] copying py06_time/demo01_time.py -> /home/xukai/00-Learn/ros2-learning/ws01_plumbing/build/py06_time/build/lib/py06_time
[2.324s] running install
[2.325s] running install_lib
[2.326s] creating /home/xukai/00-Learn/ros2-learning/ws01_plumbing/install/py06_time/lib/python3.10/site-packages/py06_time
[2.327s] copying /home/xukai/00-Learn/ros2-learning/ws01_plumbing/build/py06_time/build/lib/py06_time/__init__.py -> /home/xukai/00-Learn/ros2-learning/ws01_plumbing/install/py06_time/lib/python3.10/site-packages/py06_time
[2.327s] copying /home/xukai/00-Learn/ros2-learning/ws01_plumbing/build/py06_time/build/lib/py06_time/demo01_time.py -> /home/xukai/00-Learn/ros2-learning/ws01_plumbing/install/py06_time/lib/python3.10/site-packages/py06_time
[2.328s] byte-compiling /home/xukai/00-Learn/ros2-learning/ws01_plumbing/install/py06_time/lib/python3.10/site-packages/py06_time/__init__.py to __init__.cpython-310.pyc
[2.329s] byte-compiling /home/xukai/00-Learn/ros2-learning/ws01_plumbing/install/py06_time/lib/python3.10/site-packages/py06_time/demo01_time.py to demo01_time.cpython-310.pyc
[2.331s] running install_data
[2.333s] creating /home/xukai/00-Learn/ros2-learning/ws01_plumbing/install/py06_time/share/ament_index
[2.333s] creating /home/xukai/00-Learn/ros2-learning/ws01_plumbing/install/py06_time/share/ament_index/resource_index
[2.333s] creating /home/xukai/00-Learn/ros2-learning/ws01_plumbing/install/py06_time/share/ament_index/resource_index/packages
[2.334s] copying resource/py06_time -> /home/xukai/00-Learn/ros2-learning/ws01_plumbing/install/py06_time/share/ament_index/resource_index/packages
[2.335s] copying package.xml -> /home/xukai/00-Learn/ros2-learning/ws01_plumbing/install/py06_time/share/py06_time
[2.335s] running install_egg_info
[2.339s] Copying ../../build/py06_time/py06_time.egg-info to /home/xukai/00-Learn/ros2-learning/ws01_plumbing/install/py06_time/lib/python3.10/site-packages/py06_time-0.0.0-py3.10.egg-info
[2.341s] running install_scripts
[2.388s] Installing demo01_time script to /home/xukai/00-Learn/ros2-learning/ws01_plumbing/install/py06_time/lib/py06_time
[2.389s] writing list of installed files to '/home/xukai/00-Learn/ros2-learning/ws01_plumbing/build/py06_time/install.log'
[2.451s] Invoked command in '/home/xukai/00-Learn/ros2-learning/ws01_plumbing/src/py06_time' returned '0': PYTHONPATH=/home/xukai/00-Learn/ros2-learning/ws01_plumbing/build/py06_time/prefix_override:/home/xukai/00-Learn/ros2-learning/ws01_plumbing/install/py06_time/lib/python3.10/site-packages:${PYTHONPATH} /usr/bin/python3 setup.py egg_info --egg-base ../../build/py06_time build --build-base /home/xukai/00-Learn/ros2-learning/ws01_plumbing/build/py06_time/build install --record /home/xukai/00-Learn/ros2-learning/ws01_plumbing/build/py06_time/install.log --single-version-externally-managed
