[1.018s] Invoking command in '/home/xukai/00-Learn/ros2-learning/ws01_plumbing/src/py04_param': PYTHONPATH=/home/xukai/00-Learn/ros2-learning/ws01_plumbing/build/py04_param/prefix_override:/home/xukai/00-Learn/ros2-learning/ws01_plumbing/install/py04_param/lib/python3.10/site-packages:${PYTHONPATH} /usr/bin/python3 setup.py egg_info --egg-base ../../build/py04_param build --build-base /home/xukai/00-Learn/ros2-learning/ws01_plumbing/build/py04_param/build install --record /home/xukai/00-Learn/ros2-learning/ws01_plumbing/build/py04_param/install.log --single-version-externally-managed
[1.277s] running egg_info
[1.278s] creating ../../build/py04_param/py04_param.egg-info
[1.279s] writing ../../build/py04_param/py04_param.egg-info/PKG-INFO
[1.279s] writing dependency_links to ../../build/py04_param/py04_param.egg-info/dependency_links.txt
[1.279s] writing entry points to ../../build/py04_param/py04_param.egg-info/entry_points.txt
[1.279s] writing requirements to ../../build/py04_param/py04_param.egg-info/requires.txt
[1.279s] writing top-level names to ../../build/py04_param/py04_param.egg-info/top_level.txt
[1.279s] writing manifest file '../../build/py04_param/py04_param.egg-info/SOURCES.txt'
[1.282s] reading manifest file '../../build/py04_param/py04_param.egg-info/SOURCES.txt'
[1.283s] writing manifest file '../../build/py04_param/py04_param.egg-info/SOURCES.txt'
[1.283s] running build
[1.284s] running build_py
[1.284s] creating /home/xukai/00-Learn/ros2-learning/ws01_plumbing/build/py04_param/build
[1.284s] creating /home/xukai/00-Learn/ros2-learning/ws01_plumbing/build/py04_param/build/lib
[1.284s] creating /home/xukai/00-Learn/ros2-learning/ws01_plumbing/build/py04_param/build/lib/py04_param
[1.285s] copying py04_param/demo00_param_py.py -> /home/xukai/00-Learn/ros2-learning/ws01_plumbing/build/py04_param/build/lib/py04_param
[1.285s] copying py04_param/__init__.py -> /home/xukai/00-Learn/ros2-learning/ws01_plumbing/build/py04_param/build/lib/py04_param
[1.285s] copying py04_param/demo02_param_client_py.py -> /home/xukai/00-Learn/ros2-learning/ws01_plumbing/build/py04_param/build/lib/py04_param
[1.285s] copying py04_param/demo01_param_server_py.py -> /home/xukai/00-Learn/ros2-learning/ws01_plumbing/build/py04_param/build/lib/py04_param
[1.285s] running install
[1.286s] running install_lib
[1.286s] creating /home/xukai/00-Learn/ros2-learning/ws01_plumbing/install/py04_param/lib/python3.10/site-packages/py04_param
[1.286s] copying /home/xukai/00-Learn/ros2-learning/ws01_plumbing/build/py04_param/build/lib/py04_param/demo00_param_py.py -> /home/xukai/00-Learn/ros2-learning/ws01_plumbing/install/py04_param/lib/python3.10/site-packages/py04_param
[1.287s] copying /home/xukai/00-Learn/ros2-learning/ws01_plumbing/build/py04_param/build/lib/py04_param/__init__.py -> /home/xukai/00-Learn/ros2-learning/ws01_plumbing/install/py04_param/lib/python3.10/site-packages/py04_param
[1.287s] copying /home/xukai/00-Learn/ros2-learning/ws01_plumbing/build/py04_param/build/lib/py04_param/demo02_param_client_py.py -> /home/xukai/00-Learn/ros2-learning/ws01_plumbing/install/py04_param/lib/python3.10/site-packages/py04_param
[1.287s] copying /home/xukai/00-Learn/ros2-learning/ws01_plumbing/build/py04_param/build/lib/py04_param/demo01_param_server_py.py -> /home/xukai/00-Learn/ros2-learning/ws01_plumbing/install/py04_param/lib/python3.10/site-packages/py04_param
[1.287s] byte-compiling /home/xukai/00-Learn/ros2-learning/ws01_plumbing/install/py04_param/lib/python3.10/site-packages/py04_param/demo00_param_py.py to demo00_param_py.cpython-310.pyc
[1.288s] byte-compiling /home/xukai/00-Learn/ros2-learning/ws01_plumbing/install/py04_param/lib/python3.10/site-packages/py04_param/__init__.py to __init__.cpython-310.pyc
[1.288s] byte-compiling /home/xukai/00-Learn/ros2-learning/ws01_plumbing/install/py04_param/lib/python3.10/site-packages/py04_param/demo02_param_client_py.py to demo02_param_client_py.cpython-310.pyc
[1.289s] byte-compiling /home/xukai/00-Learn/ros2-learning/ws01_plumbing/install/py04_param/lib/python3.10/site-packages/py04_param/demo01_param_server_py.py to demo01_param_server_py.cpython-310.pyc
[1.290s] running install_data
[1.290s] creating /home/xukai/00-Learn/ros2-learning/ws01_plumbing/install/py04_param/share/ament_index
[1.291s] creating /home/xukai/00-Learn/ros2-learning/ws01_plumbing/install/py04_param/share/ament_index/resource_index
[1.291s] creating /home/xukai/00-Learn/ros2-learning/ws01_plumbing/install/py04_param/share/ament_index/resource_index/packages
[1.291s] copying resource/py04_param -> /home/xukai/00-Learn/ros2-learning/ws01_plumbing/install/py04_param/share/ament_index/resource_index/packages
[1.291s] copying package.xml -> /home/xukai/00-Learn/ros2-learning/ws01_plumbing/install/py04_param/share/py04_param
[1.291s] running install_egg_info
[1.293s] Copying ../../build/py04_param/py04_param.egg-info to /home/xukai/00-Learn/ros2-learning/ws01_plumbing/install/py04_param/lib/python3.10/site-packages/py04_param-0.0.0-py3.10.egg-info
[1.295s] running install_scripts
[1.320s] Installing demo00_param_py script to /home/xukai/00-Learn/ros2-learning/ws01_plumbing/install/py04_param/lib/py04_param
[1.321s] Installing demo01_param_server_py script to /home/xukai/00-Learn/ros2-learning/ws01_plumbing/install/py04_param/lib/py04_param
[1.321s] Installing demo02_param_client_py script to /home/xukai/00-Learn/ros2-learning/ws01_plumbing/install/py04_param/lib/py04_param
[1.321s] writing list of installed files to '/home/xukai/00-Learn/ros2-learning/ws01_plumbing/build/py04_param/install.log'
[1.367s] Invoked command in '/home/xukai/00-Learn/ros2-learning/ws01_plumbing/src/py04_param' returned '0': PYTHONPATH=/home/xukai/00-Learn/ros2-learning/ws01_plumbing/build/py04_param/prefix_override:/home/xukai/00-Learn/ros2-learning/ws01_plumbing/install/py04_param/lib/python3.10/site-packages:${PYTHONPATH} /usr/bin/python3 setup.py egg_info --egg-base ../../build/py04_param build --build-base /home/xukai/00-Learn/ros2-learning/ws01_plumbing/build/py04_param/build install --record /home/xukai/00-Learn/ros2-learning/ws01_plumbing/build/py04_param/install.log --single-version-externally-managed
