[1.367s] Invoking command in '/home/xukai/00-Learn/ros2-learning/ws01_plumbing/src/py03_action': PYTHONPATH=/home/xukai/00-Learn/ros2-learning/ws01_plumbing/build/py03_action/prefix_override:/home/xukai/00-Learn/ros2-learning/ws01_plumbing/install/py03_action/lib/python3.10/site-packages:${PYTHONPATH} /usr/bin/python3 setup.py egg_info --egg-base ../../build/py03_action build --build-base /home/xukai/00-Learn/ros2-learning/ws01_plumbing/build/py03_action/build install --record /home/xukai/00-Learn/ros2-learning/ws01_plumbing/build/py03_action/install.log --single-version-externally-managed
[1.655s] running egg_info
[1.656s] writing ../../build/py03_action/py03_action.egg-info/PKG-INFO
[1.656s] writing dependency_links to ../../build/py03_action/py03_action.egg-info/dependency_links.txt
[1.657s] writing entry points to ../../build/py03_action/py03_action.egg-info/entry_points.txt
[1.657s] writing requirements to ../../build/py03_action/py03_action.egg-info/requires.txt
[1.657s] writing top-level names to ../../build/py03_action/py03_action.egg-info/top_level.txt
[1.660s] reading manifest file '../../build/py03_action/py03_action.egg-info/SOURCES.txt'
[1.662s] writing manifest file '../../build/py03_action/py03_action.egg-info/SOURCES.txt'
[1.662s] running build
[1.662s] running build_py
[1.662s] running install
[1.662s] running install_lib
[1.664s] running install_data
[1.665s] running install_egg_info
[1.666s] removing '/home/xukai/00-Learn/ros2-learning/ws01_plumbing/install/py03_action/lib/python3.10/site-packages/py03_action-0.0.0-py3.10.egg-info' (and everything under it)
[1.667s] Copying ../../build/py03_action/py03_action.egg-info to /home/xukai/00-Learn/ros2-learning/ws01_plumbing/install/py03_action/lib/python3.10/site-packages/py03_action-0.0.0-py3.10.egg-info
[1.668s] running install_scripts
[1.689s] Installing demo01_action_server_py script to /home/xukai/00-Learn/ros2-learning/ws01_plumbing/install/py03_action/lib/py03_action
[1.690s] Installing demo02_action_client_py script to /home/xukai/00-Learn/ros2-learning/ws01_plumbing/install/py03_action/lib/py03_action
[1.690s] writing list of installed files to '/home/xukai/00-Learn/ros2-learning/ws01_plumbing/build/py03_action/install.log'
[1.717s] Invoked command in '/home/xukai/00-Learn/ros2-learning/ws01_plumbing/src/py03_action' returned '0': PYTHONPATH=/home/xukai/00-Learn/ros2-learning/ws01_plumbing/build/py03_action/prefix_override:/home/xukai/00-Learn/ros2-learning/ws01_plumbing/install/py03_action/lib/python3.10/site-packages:${PYTHONPATH} /usr/bin/python3 setup.py egg_info --egg-base ../../build/py03_action build --build-base /home/xukai/00-Learn/ros2-learning/ws01_plumbing/build/py03_action/build install --record /home/xukai/00-Learn/ros2-learning/ws01_plumbing/build/py03_action/install.log --single-version-externally-managed
