[0.950s] Invoking command in '/home/xukai/00-Learn/ros2-learning/ws01_plumbing/src/py02_service': PYTHONPATH=/home/xukai/00-Learn/ros2-learning/ws01_plumbing/build/py02_service/prefix_override:/home/xukai/00-Learn/ros2-learning/ws01_plumbing/install/py02_service/lib/python3.10/site-packages:${PYTHONPATH} /usr/bin/python3 setup.py egg_info --egg-base ../../build/py02_service build --build-base /home/xukai/00-Learn/ros2-learning/ws01_plumbing/build/py02_service/build install --record /home/xukai/00-Learn/ros2-learning/ws01_plumbing/build/py02_service/install.log --single-version-externally-managed
[1.257s] running egg_info
[1.259s] creating ../../build/py02_service/py02_service.egg-info
[1.259s] writing ../../build/py02_service/py02_service.egg-info/PKG-INFO
[1.260s] writing dependency_links to ../../build/py02_service/py02_service.egg-info/dependency_links.txt
[1.260s] writing entry points to ../../build/py02_service/py02_service.egg-info/entry_points.txt
[1.260s] writing requirements to ../../build/py02_service/py02_service.egg-info/requires.txt
[1.260s] writing top-level names to ../../build/py02_service/py02_service.egg-info/top_level.txt
[1.261s] writing manifest file '../../build/py02_service/py02_service.egg-info/SOURCES.txt'
[1.265s] reading manifest file '../../build/py02_service/py02_service.egg-info/SOURCES.txt'
[1.266s] writing manifest file '../../build/py02_service/py02_service.egg-info/SOURCES.txt'
[1.266s] running build
[1.266s] running build_py
[1.266s] creating /home/xukai/00-Learn/ros2-learning/ws01_plumbing/build/py02_service/build
[1.266s] creating /home/xukai/00-Learn/ros2-learning/ws01_plumbing/build/py02_service/build/lib
[1.266s] creating /home/xukai/00-Learn/ros2-learning/ws01_plumbing/build/py02_service/build/lib/py02_service
[1.266s] copying py02_service/demo02_client_py.py -> /home/xukai/00-Learn/ros2-learning/ws01_plumbing/build/py02_service/build/lib/py02_service
[1.266s] copying py02_service/__init__.py -> /home/xukai/00-Learn/ros2-learning/ws01_plumbing/build/py02_service/build/lib/py02_service
[1.266s] copying py02_service/demo01_server_py.py -> /home/xukai/00-Learn/ros2-learning/ws01_plumbing/build/py02_service/build/lib/py02_service
[1.267s] running install
[1.267s] running install_lib
[1.268s] creating /home/xukai/00-Learn/ros2-learning/ws01_plumbing/install/py02_service/lib/python3.10/site-packages/py02_service
[1.268s] copying /home/xukai/00-Learn/ros2-learning/ws01_plumbing/build/py02_service/build/lib/py02_service/demo02_client_py.py -> /home/xukai/00-Learn/ros2-learning/ws01_plumbing/install/py02_service/lib/python3.10/site-packages/py02_service
[1.268s] copying /home/xukai/00-Learn/ros2-learning/ws01_plumbing/build/py02_service/build/lib/py02_service/__init__.py -> /home/xukai/00-Learn/ros2-learning/ws01_plumbing/install/py02_service/lib/python3.10/site-packages/py02_service
[1.268s] copying /home/xukai/00-Learn/ros2-learning/ws01_plumbing/build/py02_service/build/lib/py02_service/demo01_server_py.py -> /home/xukai/00-Learn/ros2-learning/ws01_plumbing/install/py02_service/lib/python3.10/site-packages/py02_service
[1.269s] byte-compiling /home/xukai/00-Learn/ros2-learning/ws01_plumbing/install/py02_service/lib/python3.10/site-packages/py02_service/demo02_client_py.py to demo02_client_py.cpython-310.pyc
[1.270s] byte-compiling /home/xukai/00-Learn/ros2-learning/ws01_plumbing/install/py02_service/lib/python3.10/site-packages/py02_service/__init__.py to __init__.cpython-310.pyc
[1.270s] byte-compiling /home/xukai/00-Learn/ros2-learning/ws01_plumbing/install/py02_service/lib/python3.10/site-packages/py02_service/demo01_server_py.py to demo01_server_py.cpython-310.pyc
[1.270s] running install_data
[1.271s] creating /home/xukai/00-Learn/ros2-learning/ws01_plumbing/install/py02_service/share/ament_index
[1.272s] creating /home/xukai/00-Learn/ros2-learning/ws01_plumbing/install/py02_service/share/ament_index/resource_index
[1.272s] creating /home/xukai/00-Learn/ros2-learning/ws01_plumbing/install/py02_service/share/ament_index/resource_index/packages
[1.272s] copying resource/py02_service -> /home/xukai/00-Learn/ros2-learning/ws01_plumbing/install/py02_service/share/ament_index/resource_index/packages
[1.272s] copying package.xml -> /home/xukai/00-Learn/ros2-learning/ws01_plumbing/install/py02_service/share/py02_service
[1.272s] running install_egg_info
[1.275s] Copying ../../build/py02_service/py02_service.egg-info to /home/xukai/00-Learn/ros2-learning/ws01_plumbing/install/py02_service/lib/python3.10/site-packages/py02_service-0.0.0-py3.10.egg-info
[1.277s] running install_scripts
[1.300s] Installing demo01_server_py script to /home/xukai/00-Learn/ros2-learning/ws01_plumbing/install/py02_service/lib/py02_service
[1.301s] Installing demo02_client_py script to /home/xukai/00-Learn/ros2-learning/ws01_plumbing/install/py02_service/lib/py02_service
[1.301s] writing list of installed files to '/home/xukai/00-Learn/ros2-learning/ws01_plumbing/build/py02_service/install.log'
[1.346s] Invoked command in '/home/xukai/00-Learn/ros2-learning/ws01_plumbing/src/py02_service' returned '0': PYTHONPATH=/home/xukai/00-Learn/ros2-learning/ws01_plumbing/build/py02_service/prefix_override:/home/xukai/00-Learn/ros2-learning/ws01_plumbing/install/py02_service/lib/python3.10/site-packages:${PYTHONPATH} /usr/bin/python3 setup.py egg_info --egg-base ../../build/py02_service build --build-base /home/xukai/00-Learn/ros2-learning/ws01_plumbing/build/py02_service/build install --record /home/xukai/00-Learn/ros2-learning/ws01_plumbing/build/py02_service/install.log --single-version-externally-managed
