[0.716s] Invoking command in '/home/xukai/00-Learn/ros2-learning/ws02_tools/src/py01_launch': PYTHONPATH=/home/xukai/00-Learn/ros2-learning/ws02_tools/build/py01_launch/prefix_override:/home/xukai/00-Learn/ros2-learning/ws02_tools/install/py01_launch/lib/python3.10/site-packages:${PYTHONPATH} /usr/bin/python3 setup.py egg_info --egg-base ../../build/py01_launch build --build-base /home/xukai/00-Learn/ros2-learning/ws02_tools/build/py01_launch/build install --record /home/xukai/00-Learn/ros2-learning/ws02_tools/build/py01_launch/install.log --single-version-externally-managed
[0.967s] running egg_info
[0.968s] writing ../../build/py01_launch/py01_launch.egg-info/PKG-INFO
[0.968s] writing dependency_links to ../../build/py01_launch/py01_launch.egg-info/dependency_links.txt
[0.968s] writing entry points to ../../build/py01_launch/py01_launch.egg-info/entry_points.txt
[0.969s] writing requirements to ../../build/py01_launch/py01_launch.egg-info/requires.txt
[0.969s] writing top-level names to ../../build/py01_launch/py01_launch.egg-info/top_level.txt
[0.971s] reading manifest file '../../build/py01_launch/py01_launch.egg-info/SOURCES.txt'
[0.972s] writing manifest file '../../build/py01_launch/py01_launch.egg-info/SOURCES.txt'
[0.972s] running build
[0.972s] running build_py
[0.972s] running install
[0.973s] running install_lib
[0.974s] running install_data
[0.974s] copying launch/py/py01_node.launch.py -> /home/xukai/00-Learn/ros2-learning/ws02_tools/install/py01_launch/share/py01_launch
[0.975s] running install_egg_info
[0.976s] removing '/home/xukai/00-Learn/ros2-learning/ws02_tools/install/py01_launch/lib/python3.10/site-packages/py01_launch-0.0.0-py3.10.egg-info' (and everything under it)
[0.977s] Copying ../../build/py01_launch/py01_launch.egg-info to /home/xukai/00-Learn/ros2-learning/ws02_tools/install/py01_launch/lib/python3.10/site-packages/py01_launch-0.0.0-py3.10.egg-info
[0.977s] running install_scripts
[0.996s] writing list of installed files to '/home/xukai/00-Learn/ros2-learning/ws02_tools/build/py01_launch/install.log'
[1.025s] Invoked command in '/home/xukai/00-Learn/ros2-learning/ws02_tools/src/py01_launch' returned '0': PYTHONPATH=/home/xukai/00-Learn/ros2-learning/ws02_tools/build/py01_launch/prefix_override:/home/xukai/00-Learn/ros2-learning/ws02_tools/install/py01_launch/lib/python3.10/site-packages:${PYTHONPATH} /usr/bin/python3 setup.py egg_info --egg-base ../../build/py01_launch build --build-base /home/xukai/00-Learn/ros2-learning/ws02_tools/build/py01_launch/build install --record /home/xukai/00-Learn/ros2-learning/ws02_tools/build/py01_launch/install.log --single-version-externally-managed
