[1.180s] Invoking command in '/home/xukai/00-Learn/ros2-learning/ws01_plumbing/src/py01_topic': PYTHONPATH=/home/xukai/00-Learn/ros2-learning/ws01_plumbing/build/py01_topic/prefix_override:/home/xukai/00-Learn/ros2-learning/ws01_plumbing/install/py01_topic/lib/python3.10/site-packages:${PYTHONPATH} /usr/bin/python3 setup.py egg_info --egg-base ../../build/py01_topic build --build-base /home/xukai/00-Learn/ros2-learning/ws01_plumbing/build/py01_topic/build install --record /home/xukai/00-Learn/ros2-learning/ws01_plumbing/build/py01_topic/install.log --single-version-externally-managed
[1.523s] running egg_info
[1.525s] creating ../../build/py01_topic/py01_topic.egg-info
[1.525s] writing ../../build/py01_topic/py01_topic.egg-info/PKG-INFO
[1.526s] writing dependency_links to ../../build/py01_topic/py01_topic.egg-info/dependency_links.txt
[1.526s] writing entry points to ../../build/py01_topic/py01_topic.egg-info/entry_points.txt
[1.526s] writing requirements to ../../build/py01_topic/py01_topic.egg-info/requires.txt
[1.526s] writing top-level names to ../../build/py01_topic/py01_topic.egg-info/top_level.txt
[1.527s] writing manifest file '../../build/py01_topic/py01_topic.egg-info/SOURCES.txt'
[1.529s] reading manifest file '../../build/py01_topic/py01_topic.egg-info/SOURCES.txt'
[1.530s] writing manifest file '../../build/py01_topic/py01_topic.egg-info/SOURCES.txt'
[1.530s] running build
[1.531s] running build_py
[1.531s] creating /home/xukai/00-Learn/ros2-learning/ws01_plumbing/build/py01_topic/build
[1.532s] creating /home/xukai/00-Learn/ros2-learning/ws01_plumbing/build/py01_topic/build/lib
[1.532s] creating /home/xukai/00-Learn/ros2-learning/ws01_plumbing/build/py01_topic/build/lib/py01_topic
[1.532s] copying py01_topic/demo01_publisher_str_py.py -> /home/xukai/00-Learn/ros2-learning/ws01_plumbing/build/py01_topic/build/lib/py01_topic
[1.532s] copying py01_topic/demo03_publisher_stu_py.py -> /home/xukai/00-Learn/ros2-learning/ws01_plumbing/build/py01_topic/build/lib/py01_topic
[1.532s] copying py01_topic/__init__.py -> /home/xukai/00-Learn/ros2-learning/ws01_plumbing/build/py01_topic/build/lib/py01_topic
[1.533s] copying py01_topic/demo02_subscriber_str_py.py -> /home/xukai/00-Learn/ros2-learning/ws01_plumbing/build/py01_topic/build/lib/py01_topic
[1.533s] copying py01_topic/demo04_subscriber_stu_py.py -> /home/xukai/00-Learn/ros2-learning/ws01_plumbing/build/py01_topic/build/lib/py01_topic
[1.533s] running install
[1.533s] running install_lib
[1.533s] creating /home/xukai/00-Learn/ros2-learning/ws01_plumbing/install/py01_topic/lib/python3.10/site-packages/py01_topic
[1.533s] copying /home/xukai/00-Learn/ros2-learning/ws01_plumbing/build/py01_topic/build/lib/py01_topic/demo01_publisher_str_py.py -> /home/xukai/00-Learn/ros2-learning/ws01_plumbing/install/py01_topic/lib/python3.10/site-packages/py01_topic
[1.534s] copying /home/xukai/00-Learn/ros2-learning/ws01_plumbing/build/py01_topic/build/lib/py01_topic/demo03_publisher_stu_py.py -> /home/xukai/00-Learn/ros2-learning/ws01_plumbing/install/py01_topic/lib/python3.10/site-packages/py01_topic
[1.534s] copying /home/xukai/00-Learn/ros2-learning/ws01_plumbing/build/py01_topic/build/lib/py01_topic/__init__.py -> /home/xukai/00-Learn/ros2-learning/ws01_plumbing/install/py01_topic/lib/python3.10/site-packages/py01_topic
[1.534s] copying /home/xukai/00-Learn/ros2-learning/ws01_plumbing/build/py01_topic/build/lib/py01_topic/demo02_subscriber_str_py.py -> /home/xukai/00-Learn/ros2-learning/ws01_plumbing/install/py01_topic/lib/python3.10/site-packages/py01_topic
[1.534s] copying /home/xukai/00-Learn/ros2-learning/ws01_plumbing/build/py01_topic/build/lib/py01_topic/demo04_subscriber_stu_py.py -> /home/xukai/00-Learn/ros2-learning/ws01_plumbing/install/py01_topic/lib/python3.10/site-packages/py01_topic
[1.535s] byte-compiling /home/xukai/00-Learn/ros2-learning/ws01_plumbing/install/py01_topic/lib/python3.10/site-packages/py01_topic/demo01_publisher_str_py.py to demo01_publisher_str_py.cpython-310.pyc
[1.535s] byte-compiling /home/xukai/00-Learn/ros2-learning/ws01_plumbing/install/py01_topic/lib/python3.10/site-packages/py01_topic/demo03_publisher_stu_py.py to demo03_publisher_stu_py.cpython-310.pyc
[1.536s] byte-compiling /home/xukai/00-Learn/ros2-learning/ws01_plumbing/install/py01_topic/lib/python3.10/site-packages/py01_topic/__init__.py to __init__.cpython-310.pyc
[1.536s] byte-compiling /home/xukai/00-Learn/ros2-learning/ws01_plumbing/install/py01_topic/lib/python3.10/site-packages/py01_topic/demo02_subscriber_str_py.py to demo02_subscriber_str_py.cpython-310.pyc
[1.537s] byte-compiling /home/xukai/00-Learn/ros2-learning/ws01_plumbing/install/py01_topic/lib/python3.10/site-packages/py01_topic/demo04_subscriber_stu_py.py to demo04_subscriber_stu_py.cpython-310.pyc
[1.538s] running install_data
[1.538s] creating /home/xukai/00-Learn/ros2-learning/ws01_plumbing/install/py01_topic/share/ament_index
[1.539s] creating /home/xukai/00-Learn/ros2-learning/ws01_plumbing/install/py01_topic/share/ament_index/resource_index
[1.539s] creating /home/xukai/00-Learn/ros2-learning/ws01_plumbing/install/py01_topic/share/ament_index/resource_index/packages
[1.539s] copying resource/py01_topic -> /home/xukai/00-Learn/ros2-learning/ws01_plumbing/install/py01_topic/share/ament_index/resource_index/packages
[1.539s] copying package.xml -> /home/xukai/00-Learn/ros2-learning/ws01_plumbing/install/py01_topic/share/py01_topic
[1.539s] running install_egg_info
[1.542s] Copying ../../build/py01_topic/py01_topic.egg-info to /home/xukai/00-Learn/ros2-learning/ws01_plumbing/install/py01_topic/lib/python3.10/site-packages/py01_topic-0.0.0-py3.10.egg-info
[1.543s] running install_scripts
[1.575s] Installing demo01_publisher_str_py script to /home/xukai/00-Learn/ros2-learning/ws01_plumbing/install/py01_topic/lib/py01_topic
[1.576s] Installing demo02_subscriber_str_py script to /home/xukai/00-Learn/ros2-learning/ws01_plumbing/install/py01_topic/lib/py01_topic
[1.577s] Installing demo03_publisher_stu_py script to /home/xukai/00-Learn/ros2-learning/ws01_plumbing/install/py01_topic/lib/py01_topic
[1.577s] Installing demo04_subscriber_stu_py script to /home/xukai/00-Learn/ros2-learning/ws01_plumbing/install/py01_topic/lib/py01_topic
[1.577s] writing list of installed files to '/home/xukai/00-Learn/ros2-learning/ws01_plumbing/build/py01_topic/install.log'
[1.614s] Invoked command in '/home/xukai/00-Learn/ros2-learning/ws01_plumbing/src/py01_topic' returned '0': PYTHONPATH=/home/xukai/00-Learn/ros2-learning/ws01_plumbing/build/py01_topic/prefix_override:/home/xukai/00-Learn/ros2-learning/ws01_plumbing/install/py01_topic/lib/python3.10/site-packages:${PYTHONPATH} /usr/bin/python3 setup.py egg_info --egg-base ../../build/py01_topic build --build-base /home/xukai/00-Learn/ros2-learning/ws01_plumbing/build/py01_topic/build install --record /home/xukai/00-Learn/ros2-learning/ws01_plumbing/build/py01_topic/install.log --single-version-externally-managed
