[1.276s] Invoking command in '/home/xukai/00-Learn/ros2-learning/ws01_plumbing/src/py02_service': PYTHONPATH=/home/xukai/00-Learn/ros2-learning/ws01_plumbing/build/py02_service/prefix_override:/home/xukai/00-Learn/ros2-learning/ws01_plumbing/install/py02_service/lib/python3.10/site-packages:${PYTHONPATH} /usr/bin/python3 setup.py egg_info --egg-base ../../build/py02_service build --build-base /home/xukai/00-Learn/ros2-learning/ws01_plumbing/build/py02_service/build install --record /home/xukai/00-Learn/ros2-learning/ws01_plumbing/build/py02_service/install.log --single-version-externally-managed
[1.563s] running egg_info
[1.564s] writing ../../build/py02_service/py02_service.egg-info/PKG-INFO
[1.565s] writing dependency_links to ../../build/py02_service/py02_service.egg-info/dependency_links.txt
[1.565s] writing entry points to ../../build/py02_service/py02_service.egg-info/entry_points.txt
[1.565s] writing requirements to ../../build/py02_service/py02_service.egg-info/requires.txt
[1.565s] writing top-level names to ../../build/py02_service/py02_service.egg-info/top_level.txt
[1.567s] reading manifest file '../../build/py02_service/py02_service.egg-info/SOURCES.txt'
[1.568s] writing manifest file '../../build/py02_service/py02_service.egg-info/SOURCES.txt'
[1.569s] running build
[1.569s] running build_py
[1.569s] running install
[1.569s] running install_lib
[1.571s] running install_data
[1.571s] running install_egg_info
[1.573s] removing '/home/xukai/00-Learn/ros2-learning/ws01_plumbing/install/py02_service/lib/python3.10/site-packages/py02_service-0.0.0-py3.10.egg-info' (and everything under it)
[1.574s] Copying ../../build/py02_service/py02_service.egg-info to /home/xukai/00-Learn/ros2-learning/ws01_plumbing/install/py02_service/lib/python3.10/site-packages/py02_service-0.0.0-py3.10.egg-info
[1.575s] running install_scripts
[1.596s] Installing demo01_server_py script to /home/xukai/00-Learn/ros2-learning/ws01_plumbing/install/py02_service/lib/py02_service
[1.596s] Installing demo02_client_py script to /home/xukai/00-Learn/ros2-learning/ws01_plumbing/install/py02_service/lib/py02_service
[1.596s] writing list of installed files to '/home/xukai/00-Learn/ros2-learning/ws01_plumbing/build/py02_service/install.log'
[1.647s] Invoked command in '/home/xukai/00-Learn/ros2-learning/ws01_plumbing/src/py02_service' returned '0': PYTHONPATH=/home/xukai/00-Learn/ros2-learning/ws01_plumbing/build/py02_service/prefix_override:/home/xukai/00-Learn/ros2-learning/ws01_plumbing/install/py02_service/lib/python3.10/site-packages:${PYTHONPATH} /usr/bin/python3 setup.py egg_info --egg-base ../../build/py02_service build --build-base /home/xukai/00-Learn/ros2-learning/ws01_plumbing/build/py02_service/build install --record /home/xukai/00-Learn/ros2-learning/ws01_plumbing/build/py02_service/install.log --single-version-externally-managed
