[0.627s] Invoking command in '/home/xukai/00-Learn/ros2-learning/ws01_plumbing/src/py02_service': PYTHONPATH=/home/xukai/00-Learn/ros2-learning/ws01_plumbing/build/py02_service/prefix_override:/home/xukai/00-Learn/ros2-learning/ws01_plumbing/install/py02_service/lib/python3.10/site-packages:${PYTHONPATH} /usr/bin/python3 setup.py egg_info --egg-base ../../build/py02_service build --build-base /home/xukai/00-Learn/ros2-learning/ws01_plumbing/build/py02_service/build install --record /home/xukai/00-Learn/ros2-learning/ws01_plumbing/build/py02_service/install.log --single-version-externally-managed
[0.856s] running egg_info
[0.857s] writing ../../build/py02_service/py02_service.egg-info/PKG-INFO
[0.857s] writing dependency_links to ../../build/py02_service/py02_service.egg-info/dependency_links.txt
[0.858s] writing entry points to ../../build/py02_service/py02_service.egg-info/entry_points.txt
[0.858s] writing requirements to ../../build/py02_service/py02_service.egg-info/requires.txt
[0.858s] writing top-level names to ../../build/py02_service/py02_service.egg-info/top_level.txt
[0.859s] reading manifest file '../../build/py02_service/py02_service.egg-info/SOURCES.txt'
[0.860s] writing manifest file '../../build/py02_service/py02_service.egg-info/SOURCES.txt'
[0.860s] running build
[0.861s] running build_py
[0.861s] copying py02_service/demo01_server_py.py -> /home/xukai/00-Learn/ros2-learning/ws01_plumbing/build/py02_service/build/lib/py02_service
[0.861s] running install
[0.861s] running install_lib
[0.862s] copying /home/xukai/00-Learn/ros2-learning/ws01_plumbing/build/py02_service/build/lib/py02_service/demo01_server_py.py -> /home/xukai/00-Learn/ros2-learning/ws01_plumbing/install/py02_service/lib/python3.10/site-packages/py02_service
[0.862s] byte-compiling /home/xukai/00-Learn/ros2-learning/ws01_plumbing/install/py02_service/lib/python3.10/site-packages/py02_service/demo01_server_py.py to demo01_server_py.cpython-310.pyc
[0.863s] running install_data
[0.863s] running install_egg_info
[0.865s] removing '/home/xukai/00-Learn/ros2-learning/ws01_plumbing/install/py02_service/lib/python3.10/site-packages/py02_service-0.0.0-py3.10.egg-info' (and everything under it)
[0.865s] Copying ../../build/py02_service/py02_service.egg-info to /home/xukai/00-Learn/ros2-learning/ws01_plumbing/install/py02_service/lib/python3.10/site-packages/py02_service-0.0.0-py3.10.egg-info
[0.866s] running install_scripts
[0.883s] Installing demo01_server_py script to /home/xukai/00-Learn/ros2-learning/ws01_plumbing/install/py02_service/lib/py02_service
[0.883s] Installing demo02_client_py script to /home/xukai/00-Learn/ros2-learning/ws01_plumbing/install/py02_service/lib/py02_service
[0.883s] writing list of installed files to '/home/xukai/00-Learn/ros2-learning/ws01_plumbing/build/py02_service/install.log'
[0.904s] Invoked command in '/home/xukai/00-Learn/ros2-learning/ws01_plumbing/src/py02_service' returned '0': PYTHONPATH=/home/xukai/00-Learn/ros2-learning/ws01_plumbing/build/py02_service/prefix_override:/home/xukai/00-Learn/ros2-learning/ws01_plumbing/install/py02_service/lib/python3.10/site-packages:${PYTHONPATH} /usr/bin/python3 setup.py egg_info --egg-base ../../build/py02_service build --build-base /home/xukai/00-Learn/ros2-learning/ws01_plumbing/build/py02_service/build install --record /home/xukai/00-Learn/ros2-learning/ws01_plumbing/build/py02_service/install.log --single-version-externally-managed
