/home/xukai/00-Learn/ros2-learning/ws01_plumbing/install/py07_exercise/lib/python3.10/site-packages/py07_exercise/exe03_client_py.py
/home/xukai/00-Learn/ros2-learning/ws01_plumbing/install/py07_exercise/lib/python3.10/site-packages/py07_exercise/exe02_server_py.py
/home/xukai/00-Learn/ros2-learning/ws01_plumbing/install/py07_exercise/lib/python3.10/site-packages/py07_exercise/__init__.py
/home/xukai/00-Learn/ros2-learning/ws01_plumbing/install/py07_exercise/lib/python3.10/site-packages/py07_exercise/exe01_pub_sub_py.py
/home/xukai/00-Learn/ros2-learning/ws01_plumbing/install/py07_exercise/lib/python3.10/site-packages/py07_exercise/__pycache__/exe03_client_py.cpython-310.pyc
/home/xukai/00-Learn/ros2-learning/ws01_plumbing/install/py07_exercise/lib/python3.10/site-packages/py07_exercise/__pycache__/exe02_server_py.cpython-310.pyc
/home/xukai/00-Learn/ros2-learning/ws01_plumbing/install/py07_exercise/lib/python3.10/site-packages/py07_exercise/__pycache__/__init__.cpython-310.pyc
/home/xukai/00-Learn/ros2-learning/ws01_plumbing/install/py07_exercise/lib/python3.10/site-packages/py07_exercise/__pycache__/exe01_pub_sub_py.cpython-310.pyc
/home/xukai/00-Learn/ros2-learning/ws01_plumbing/install/py07_exercise/share/ament_index/resource_index/packages/py07_exercise
/home/xukai/00-Learn/ros2-learning/ws01_plumbing/install/py07_exercise/share/py07_exercise/package.xml
/home/xukai/00-Learn/ros2-learning/ws01_plumbing/install/py07_exercise/share/py07_exercise/launch/exe02_server.launch.py
/home/xukai/00-Learn/ros2-learning/ws01_plumbing/install/py07_exercise/share/py07_exercise/launch/exe01_pub_sub.launch.py
/home/xukai/00-Learn/ros2-learning/ws01_plumbing/install/py07_exercise/share/py07_exercise/launch/exe03_client.launch.py
/home/xukai/00-Learn/ros2-learning/ws01_plumbing/install/py07_exercise/lib/python3.10/site-packages/py07_exercise-0.0.0-py3.10.egg-info/zip-safe
/home/xukai/00-Learn/ros2-learning/ws01_plumbing/install/py07_exercise/lib/python3.10/site-packages/py07_exercise-0.0.0-py3.10.egg-info/entry_points.txt
/home/xukai/00-Learn/ros2-learning/ws01_plumbing/install/py07_exercise/lib/python3.10/site-packages/py07_exercise-0.0.0-py3.10.egg-info/requires.txt
/home/xukai/00-Learn/ros2-learning/ws01_plumbing/install/py07_exercise/lib/python3.10/site-packages/py07_exercise-0.0.0-py3.10.egg-info/SOURCES.txt
/home/xukai/00-Learn/ros2-learning/ws01_plumbing/install/py07_exercise/lib/python3.10/site-packages/py07_exercise-0.0.0-py3.10.egg-info/top_level.txt
/home/xukai/00-Learn/ros2-learning/ws01_plumbing/install/py07_exercise/lib/python3.10/site-packages/py07_exercise-0.0.0-py3.10.egg-info/PKG-INFO
/home/xukai/00-Learn/ros2-learning/ws01_plumbing/install/py07_exercise/lib/python3.10/site-packages/py07_exercise-0.0.0-py3.10.egg-info/dependency_links.txt
/home/xukai/00-Learn/ros2-learning/ws01_plumbing/install/py07_exercise/lib/py07_exercise/exe01_pub_sub_py
/home/xukai/00-Learn/ros2-learning/ws01_plumbing/install/py07_exercise/lib/py07_exercise/exe02_server_py
/home/xukai/00-Learn/ros2-learning/ws01_plumbing/install/py07_exercise/lib/py07_exercise/exe03_client_py
