[0.640s] DEBUG:colcon:Command line arguments: ['/usr/bin/colcon', 'build']
[0.640s] DEBUG:colcon:Parsed command line arguments: Namespace(log_base=None, log_level=None, verb_name='build', build_base='build', install_base='install', merge_install=False, symlink_install=False, test_result_base=None, continue_on_error=False, executor='parallel', parallel_workers=8, event_handlers=None, ignore_user_meta=False, metas=['./colcon.meta'], base_paths=['.'], packages_ignore=None, packages_ignore_regex=None, paths=None, packages_up_to=None, packages_up_to_regex=None, packages_above=None, packages_above_and_dependencies=None, packages_above_depth=None, packages_select_by_dep=None, packages_skip_by_dep=None, packages_skip_up_to=None, packages_select_build_failed=False, packages_skip_build_finished=False, packages_select_test_failures=False, packages_skip_test_passed=False, packages_select=None, packages_skip=None, packages_select_regex=None, packages_skip_regex=None, packages_start=None, packages_end=None, allow_overriding=[], cmake_args=None, cmake_target=None, cmake_target_skip_unavailable=False, cmake_clean_cache=False, cmake_clean_first=False, cmake_force_configure=False, ament_cmake_args=None, catkin_cmake_args=None, catkin_skip_building_tests=False, verb_parser=<colcon_defaults.argument_parser.defaults.DefaultArgumentsDecorator object at 0x7ff018e6b5e0>, verb_extension=<colcon_core.verb.build.BuildVerb object at 0x7ff018e6b070>, main=<bound method BuildVerb.main of <colcon_core.verb.build.BuildVerb object at 0x7ff018e6b070>>)
[0.676s] Level 1:colcon.colcon_core.package_discovery:discover_packages(colcon_meta) check parameters
[0.676s] Level 1:colcon.colcon_core.package_discovery:discover_packages(recursive) check parameters
[0.677s] Level 1:colcon.colcon_core.package_discovery:discover_packages(ignore) check parameters
[0.677s] Level 1:colcon.colcon_core.package_discovery:discover_packages(path) check parameters
[0.677s] Level 1:colcon.colcon_core.package_discovery:discover_packages(colcon_meta) discover
[0.677s] Level 1:colcon.colcon_core.package_discovery:discover_packages(recursive) discover
[0.677s] INFO:colcon.colcon_core.package_discovery:Crawling recursively for packages in '/home/xukai/00-Learn/ros2-learning/ws02_tools'
[0.677s] Level 1:colcon.colcon_core.package_identification:_identify(.) by extensions ['ignore', 'ignore_ament_install']
[0.677s] Level 1:colcon.colcon_core.package_identification:_identify(.) by extension 'ignore'
[0.677s] Level 1:colcon.colcon_core.package_identification:_identify(.) by extension 'ignore_ament_install'
[0.677s] Level 1:colcon.colcon_core.package_identification:_identify(.) by extensions ['colcon_pkg']
[0.677s] Level 1:colcon.colcon_core.package_identification:_identify(.) by extension 'colcon_pkg'
[0.678s] Level 1:colcon.colcon_core.package_identification:_identify(.) by extensions ['colcon_meta']
[0.678s] Level 1:colcon.colcon_core.package_identification:_identify(.) by extension 'colcon_meta'
[0.678s] Level 1:colcon.colcon_core.package_identification:_identify(.) by extensions ['ros']
[0.678s] Level 1:colcon.colcon_core.package_identification:_identify(.) by extension 'ros'
[0.693s] Level 1:colcon.colcon_core.package_identification:_identify(.) by extensions ['cmake', 'python']
[0.693s] Level 1:colcon.colcon_core.package_identification:_identify(.) by extension 'cmake'
[0.694s] Level 1:colcon.colcon_core.package_identification:_identify(.) by extension 'python'
[0.694s] Level 1:colcon.colcon_core.package_identification:_identify(.) by extensions ['python_setup_py']
[0.694s] Level 1:colcon.colcon_core.package_identification:_identify(.) by extension 'python_setup_py'
[0.694s] Level 1:colcon.colcon_core.package_identification:_identify(build) by extensions ['ignore', 'ignore_ament_install']
[0.694s] Level 1:colcon.colcon_core.package_identification:_identify(build) by extension 'ignore'
[0.694s] Level 1:colcon.colcon_core.package_identification:_identify(build) ignored
[0.694s] Level 1:colcon.colcon_core.package_identification:_identify(install) by extensions ['ignore', 'ignore_ament_install']
[0.694s] Level 1:colcon.colcon_core.package_identification:_identify(install) by extension 'ignore'
[0.694s] Level 1:colcon.colcon_core.package_identification:_identify(install) ignored
[0.694s] Level 1:colcon.colcon_core.package_identification:_identify(log) by extensions ['ignore', 'ignore_ament_install']
[0.695s] Level 1:colcon.colcon_core.package_identification:_identify(log) by extension 'ignore'
[0.695s] Level 1:colcon.colcon_core.package_identification:_identify(log) ignored
[0.695s] Level 1:colcon.colcon_core.package_identification:_identify(src) by extensions ['ignore', 'ignore_ament_install']
[0.695s] Level 1:colcon.colcon_core.package_identification:_identify(src) by extension 'ignore'
[0.695s] Level 1:colcon.colcon_core.package_identification:_identify(src) by extension 'ignore_ament_install'
[0.695s] Level 1:colcon.colcon_core.package_identification:_identify(src) by extensions ['colcon_pkg']
[0.695s] Level 1:colcon.colcon_core.package_identification:_identify(src) by extension 'colcon_pkg'
[0.695s] Level 1:colcon.colcon_core.package_identification:_identify(src) by extensions ['colcon_meta']
[0.695s] Level 1:colcon.colcon_core.package_identification:_identify(src) by extension 'colcon_meta'
[0.695s] Level 1:colcon.colcon_core.package_identification:_identify(src) by extensions ['ros']
[0.695s] Level 1:colcon.colcon_core.package_identification:_identify(src) by extension 'ros'
[0.695s] Level 1:colcon.colcon_core.package_identification:_identify(src) by extensions ['cmake', 'python']
[0.695s] Level 1:colcon.colcon_core.package_identification:_identify(src) by extension 'cmake'
[0.695s] Level 1:colcon.colcon_core.package_identification:_identify(src) by extension 'python'
[0.695s] Level 1:colcon.colcon_core.package_identification:_identify(src) by extensions ['python_setup_py']
[0.695s] Level 1:colcon.colcon_core.package_identification:_identify(src) by extension 'python_setup_py'
[0.696s] Level 1:colcon.colcon_core.package_identification:_identify(src/py01_launch) by extensions ['ignore', 'ignore_ament_install']
[0.696s] Level 1:colcon.colcon_core.package_identification:_identify(src/py01_launch) by extension 'ignore'
[0.696s] Level 1:colcon.colcon_core.package_identification:_identify(src/py01_launch) by extension 'ignore_ament_install'
[0.696s] Level 1:colcon.colcon_core.package_identification:_identify(src/py01_launch) by extensions ['colcon_pkg']
[0.696s] Level 1:colcon.colcon_core.package_identification:_identify(src/py01_launch) by extension 'colcon_pkg'
[0.696s] Level 1:colcon.colcon_core.package_identification:_identify(src/py01_launch) by extensions ['colcon_meta']
[0.696s] Level 1:colcon.colcon_core.package_identification:_identify(src/py01_launch) by extension 'colcon_meta'
[0.696s] Level 1:colcon.colcon_core.package_identification:_identify(src/py01_launch) by extensions ['ros']
[0.696s] Level 1:colcon.colcon_core.package_identification:_identify(src/py01_launch) by extension 'ros'
[0.700s] DEBUG:colcon.colcon_core.package_identification:Package 'src/py01_launch' with type 'ros.ament_python' and name 'py01_launch'
[0.700s] Level 1:colcon.colcon_core.package_discovery:discover_packages(recursive) using defaults
[0.700s] Level 1:colcon.colcon_core.package_discovery:discover_packages(ignore) discover
[0.700s] Level 1:colcon.colcon_core.package_discovery:discover_packages(ignore) using defaults
[0.700s] Level 1:colcon.colcon_core.package_discovery:discover_packages(path) discover
[0.700s] Level 1:colcon.colcon_core.package_discovery:discover_packages(path) using defaults
[0.745s] Level 1:colcon.colcon_core.package_discovery:discover_packages(prefix_path) check parameters
[0.745s] Level 1:colcon.colcon_core.package_discovery:discover_packages(prefix_path) discover
[0.750s] DEBUG:colcon.colcon_installed_package_information.package_discovery:Found 1 installed packages in /home/xukai/00-Learn/ros2-learning/ws02_tools/install
[0.754s] DEBUG:colcon.colcon_installed_package_information.package_discovery:Found 270 installed packages in /opt/ros/humble
[0.757s] Level 1:colcon.colcon_core.package_discovery:discover_packages(prefix_path) using defaults
[0.875s] Level 5:colcon.colcon_core.verb:set package 'py01_launch' build argument 'cmake_args' from command line to 'None'
[0.875s] Level 5:colcon.colcon_core.verb:set package 'py01_launch' build argument 'cmake_target' from command line to 'None'
[0.875s] Level 5:colcon.colcon_core.verb:set package 'py01_launch' build argument 'cmake_target_skip_unavailable' from command line to 'False'
[0.875s] Level 5:colcon.colcon_core.verb:set package 'py01_launch' build argument 'cmake_clean_cache' from command line to 'False'
[0.875s] Level 5:colcon.colcon_core.verb:set package 'py01_launch' build argument 'cmake_clean_first' from command line to 'False'
[0.875s] Level 5:colcon.colcon_core.verb:set package 'py01_launch' build argument 'cmake_force_configure' from command line to 'False'
[0.875s] Level 5:colcon.colcon_core.verb:set package 'py01_launch' build argument 'ament_cmake_args' from command line to 'None'
[0.875s] Level 5:colcon.colcon_core.verb:set package 'py01_launch' build argument 'catkin_cmake_args' from command line to 'None'
[0.875s] Level 5:colcon.colcon_core.verb:set package 'py01_launch' build argument 'catkin_skip_building_tests' from command line to 'False'
[0.875s] DEBUG:colcon.colcon_core.verb:Building package 'py01_launch' with the following arguments: {'ament_cmake_args': None, 'build_base': '/home/xukai/00-Learn/ros2-learning/ws02_tools/build/py01_launch', 'catkin_cmake_args': None, 'catkin_skip_building_tests': False, 'cmake_args': None, 'cmake_clean_cache': False, 'cmake_clean_first': False, 'cmake_force_configure': False, 'cmake_target': None, 'cmake_target_skip_unavailable': False, 'install_base': '/home/xukai/00-Learn/ros2-learning/ws02_tools/install/py01_launch', 'merge_install': False, 'path': '/home/xukai/00-Learn/ros2-learning/ws02_tools/src/py01_launch', 'symlink_install': False, 'test_result_base': None}
[0.877s] INFO:colcon.colcon_core.executor:Executing jobs using 'parallel' executor
[0.883s] DEBUG:colcon.colcon_parallel_executor.executor.parallel:run_until_complete
[0.883s] INFO:colcon.colcon_ros.task.ament_python.build:Building ROS package in '/home/xukai/00-Learn/ros2-learning/ws02_tools/src/py01_launch' with build type 'ament_python'
[0.884s] Level 1:colcon.colcon_core.shell:create_environment_hook('py01_launch', 'ament_prefix_path')
[0.890s] INFO:colcon.colcon_core.plugin_system:Skipping extension 'colcon_core.shell.bat': Not used on non-Windows systems
[0.890s] INFO:colcon.colcon_core.shell:Creating environment hook '/home/xukai/00-Learn/ros2-learning/ws02_tools/install/py01_launch/share/py01_launch/hook/ament_prefix_path.ps1'
[0.891s] INFO:colcon.colcon_core.shell:Creating environment descriptor '/home/xukai/00-Learn/ros2-learning/ws02_tools/install/py01_launch/share/py01_launch/hook/ament_prefix_path.dsv'
[0.892s] INFO:colcon.colcon_core.shell:Creating environment hook '/home/xukai/00-Learn/ros2-learning/ws02_tools/install/py01_launch/share/py01_launch/hook/ament_prefix_path.sh'
[0.895s] INFO:colcon.colcon_core.shell:Skip shell extension 'powershell' for command environment: Not usable outside of PowerShell
[0.895s] DEBUG:colcon.colcon_core.shell:Skip shell extension 'dsv' for command environment
[1.458s] INFO:colcon.colcon_core.task.python.build:Building Python package in '/home/xukai/00-Learn/ros2-learning/ws02_tools/src/py01_launch'
[1.461s] INFO:colcon.colcon_core.shell:Skip shell extension 'powershell' for command environment: Not usable outside of PowerShell
[1.462s] DEBUG:colcon.colcon_core.shell:Skip shell extension 'dsv' for command environment
[2.157s] DEBUG:colcon.colcon_core.event_handler.log_command:Invoking command in '/home/xukai/00-Learn/ros2-learning/ws02_tools/src/py01_launch': PYTHONPATH=/home/xukai/00-Learn/ros2-learning/ws02_tools/build/py01_launch/prefix_override:/home/xukai/00-Learn/ros2-learning/ws02_tools/install/py01_launch/lib/python3.10/site-packages:${PYTHONPATH} /usr/bin/python3 setup.py egg_info --egg-base ../../build/py01_launch build --build-base /home/xukai/00-Learn/ros2-learning/ws02_tools/build/py01_launch/build install --record /home/xukai/00-Learn/ros2-learning/ws02_tools/build/py01_launch/install.log --single-version-externally-managed
[2.782s] DEBUG:colcon.colcon_core.event_handler.log_command:Invoked command in '/home/xukai/00-Learn/ros2-learning/ws02_tools/src/py01_launch' returned '0': PYTHONPATH=/home/xukai/00-Learn/ros2-learning/ws02_tools/build/py01_launch/prefix_override:/home/xukai/00-Learn/ros2-learning/ws02_tools/install/py01_launch/lib/python3.10/site-packages:${PYTHONPATH} /usr/bin/python3 setup.py egg_info --egg-base ../../build/py01_launch build --build-base /home/xukai/00-Learn/ros2-learning/ws02_tools/build/py01_launch/build install --record /home/xukai/00-Learn/ros2-learning/ws02_tools/build/py01_launch/install.log --single-version-externally-managed
[2.784s] Level 1:colcon.colcon_core.environment:checking '/home/xukai/00-Learn/ros2-learning/ws02_tools/install/py01_launch' for CMake module files
[2.785s] Level 1:colcon.colcon_core.environment:checking '/home/xukai/00-Learn/ros2-learning/ws02_tools/install/py01_launch' for CMake config files
[2.787s] Level 1:colcon.colcon_core.environment:checking '/home/xukai/00-Learn/ros2-learning/ws02_tools/install/py01_launch/lib'
[2.787s] Level 1:colcon.colcon_core.environment:checking '/home/xukai/00-Learn/ros2-learning/ws02_tools/install/py01_launch/bin'
[2.788s] Level 1:colcon.colcon_core.environment:checking '/home/xukai/00-Learn/ros2-learning/ws02_tools/install/py01_launch/lib/pkgconfig/py01_launch.pc'
[2.789s] Level 1:colcon.colcon_core.environment:checking '/home/xukai/00-Learn/ros2-learning/ws02_tools/install/py01_launch/lib/python3.10/site-packages'
[2.790s] Level 1:colcon.colcon_core.shell:create_environment_hook('py01_launch', 'pythonpath')
[2.793s] INFO:colcon.colcon_core.shell:Creating environment hook '/home/xukai/00-Learn/ros2-learning/ws02_tools/install/py01_launch/share/py01_launch/hook/pythonpath.ps1'
[2.796s] INFO:colcon.colcon_core.shell:Creating environment descriptor '/home/xukai/00-Learn/ros2-learning/ws02_tools/install/py01_launch/share/py01_launch/hook/pythonpath.dsv'
[2.798s] INFO:colcon.colcon_core.shell:Creating environment hook '/home/xukai/00-Learn/ros2-learning/ws02_tools/install/py01_launch/share/py01_launch/hook/pythonpath.sh'
[2.802s] Level 1:colcon.colcon_core.environment:checking '/home/xukai/00-Learn/ros2-learning/ws02_tools/install/py01_launch/bin'
[2.803s] Level 1:colcon.colcon_core.environment:create_environment_scripts_only(py01_launch)
[2.807s] INFO:colcon.colcon_core.shell:Creating package script '/home/xukai/00-Learn/ros2-learning/ws02_tools/install/py01_launch/share/py01_launch/package.ps1'
[2.811s] INFO:colcon.colcon_core.shell:Creating package descriptor '/home/xukai/00-Learn/ros2-learning/ws02_tools/install/py01_launch/share/py01_launch/package.dsv'
[2.820s] INFO:colcon.colcon_core.shell:Creating package script '/home/xukai/00-Learn/ros2-learning/ws02_tools/install/py01_launch/share/py01_launch/package.sh'
[2.824s] INFO:colcon.colcon_core.shell:Creating package script '/home/xukai/00-Learn/ros2-learning/ws02_tools/install/py01_launch/share/py01_launch/package.bash'
[2.827s] INFO:colcon.colcon_core.shell:Creating package script '/home/xukai/00-Learn/ros2-learning/ws02_tools/install/py01_launch/share/py01_launch/package.zsh'
[2.830s] Level 1:colcon.colcon_core.environment:create_file_with_runtime_dependencies(/home/xukai/00-Learn/ros2-learning/ws02_tools/install/py01_launch/share/colcon-core/packages/py01_launch)
[2.834s] DEBUG:colcon.colcon_parallel_executor.executor.parallel:closing loop
[2.834s] DEBUG:colcon.colcon_parallel_executor.executor.parallel:loop closed
[2.834s] DEBUG:colcon.colcon_parallel_executor.executor.parallel:run_until_complete finished with '0'
[2.834s] DEBUG:colcon.colcon_core.event_reactor:joining thread
[2.843s] INFO:colcon.colcon_core.plugin_system:Skipping extension 'colcon_notification.desktop_notification.terminal_notifier': Not used on non-Darwin systems
[2.844s] INFO:colcon.colcon_core.plugin_system:Skipping extension 'colcon_notification.desktop_notification.win32': Not used on non-Windows systems
[2.844s] INFO:colcon.colcon_notification.desktop_notification:Sending desktop notification using 'notify2'
[2.872s] DEBUG:colcon.colcon_core.event_reactor:joined thread
[2.875s] INFO:colcon.colcon_core.shell:Creating prefix script '/home/xukai/00-Learn/ros2-learning/ws02_tools/install/local_setup.ps1'
[2.876s] INFO:colcon.colcon_core.shell:Creating prefix util module '/home/xukai/00-Learn/ros2-learning/ws02_tools/install/_local_setup_util_ps1.py'
[2.879s] INFO:colcon.colcon_core.shell:Creating prefix chain script '/home/xukai/00-Learn/ros2-learning/ws02_tools/install/setup.ps1'
[2.882s] INFO:colcon.colcon_core.shell:Creating prefix script '/home/xukai/00-Learn/ros2-learning/ws02_tools/install/local_setup.sh'
[2.882s] INFO:colcon.colcon_core.shell:Creating prefix util module '/home/xukai/00-Learn/ros2-learning/ws02_tools/install/_local_setup_util_sh.py'
[2.883s] INFO:colcon.colcon_core.shell:Creating prefix chain script '/home/xukai/00-Learn/ros2-learning/ws02_tools/install/setup.sh'
[2.885s] INFO:colcon.colcon_core.shell:Creating prefix script '/home/xukai/00-Learn/ros2-learning/ws02_tools/install/local_setup.bash'
[2.886s] INFO:colcon.colcon_core.shell:Creating prefix chain script '/home/xukai/00-Learn/ros2-learning/ws02_tools/install/setup.bash'
[2.889s] INFO:colcon.colcon_core.shell:Creating prefix script '/home/xukai/00-Learn/ros2-learning/ws02_tools/install/local_setup.zsh'
[2.890s] INFO:colcon.colcon_core.shell:Creating prefix chain script '/home/xukai/00-Learn/ros2-learning/ws02_tools/install/setup.zsh'
