[0.563s] Invoking command in '/home/xukai/00-Learn/ros2-learning/ws01_plumbing/src/py01_topic': PYTHONPATH=/home/xukai/00-Learn/ros2-learning/ws01_plumbing/build/py01_topic/prefix_override:/home/xukai/00-Learn/ros2-learning/ws01_plumbing/install/py01_topic/lib/python3.10/site-packages:${PYTHONPATH} /usr/bin/python3 setup.py egg_info --egg-base ../../build/py01_topic build --build-base /home/xukai/00-Learn/ros2-learning/ws01_plumbing/build/py01_topic/build install --record /home/xukai/00-Learn/ros2-learning/ws01_plumbing/build/py01_topic/install.log --single-version-externally-managed
[0.790s] running egg_info
[0.790s] writing ../../build/py01_topic/py01_topic.egg-info/PKG-INFO
[0.791s] writing dependency_links to ../../build/py01_topic/py01_topic.egg-info/dependency_links.txt
[0.791s] writing entry points to ../../build/py01_topic/py01_topic.egg-info/entry_points.txt
[0.791s] writing requirements to ../../build/py01_topic/py01_topic.egg-info/requires.txt
[0.791s] writing top-level names to ../../build/py01_topic/py01_topic.egg-info/top_level.txt
[0.793s] reading manifest file '../../build/py01_topic/py01_topic.egg-info/SOURCES.txt'
[0.794s] writing manifest file '../../build/py01_topic/py01_topic.egg-info/SOURCES.txt'
[0.794s] running build
[0.794s] running build_py
[0.795s] running install
[0.795s] running install_lib
[0.796s] running install_data
[0.797s] running install_egg_info
[0.799s] removing '/home/xukai/00-Learn/ros2-learning/ws01_plumbing/install/py01_topic/lib/python3.10/site-packages/py01_topic-0.0.0-py3.10.egg-info' (and everything under it)
[0.799s] Copying ../../build/py01_topic/py01_topic.egg-info to /home/xukai/00-Learn/ros2-learning/ws01_plumbing/install/py01_topic/lib/python3.10/site-packages/py01_topic-0.0.0-py3.10.egg-info
[0.800s] running install_scripts
[0.819s] Installing demo01_publisher_str_py script to /home/xukai/00-Learn/ros2-learning/ws01_plumbing/install/py01_topic/lib/py01_topic
[0.819s] Installing demo02_subscriber_str_py script to /home/xukai/00-Learn/ros2-learning/ws01_plumbing/install/py01_topic/lib/py01_topic
[0.819s] writing list of installed files to '/home/xukai/00-Learn/ros2-learning/ws01_plumbing/build/py01_topic/install.log'
[0.846s] Invoked command in '/home/xukai/00-Learn/ros2-learning/ws01_plumbing/src/py01_topic' returned '0': PYTHONPATH=/home/xukai/00-Learn/ros2-learning/ws01_plumbing/build/py01_topic/prefix_override:/home/xukai/00-Learn/ros2-learning/ws01_plumbing/install/py01_topic/lib/python3.10/site-packages:${PYTHONPATH} /usr/bin/python3 setup.py egg_info --egg-base ../../build/py01_topic build --build-base /home/xukai/00-Learn/ros2-learning/ws01_plumbing/build/py01_topic/build install --record /home/xukai/00-Learn/ros2-learning/ws01_plumbing/build/py01_topic/install.log --single-version-externally-managed
