[0.643s] Invoking command in '/home/xukai/00-Learn/ros2-learning/ws02_tools/src/py01_launch': PYTHONPATH=/home/xukai/00-Learn/ros2-learning/ws02_tools/build/py01_launch/prefix_override:/home/xukai/00-Learn/ros2-learning/ws02_tools/install/py01_launch/lib/python3.10/site-packages:${PYTHONPATH} /usr/bin/python3 setup.py egg_info --egg-base ../../build/py01_launch build --build-base /home/xukai/00-Learn/ros2-learning/ws02_tools/build/py01_launch/build install --record /home/xukai/00-Learn/ros2-learning/ws02_tools/build/py01_launch/install.log --single-version-externally-managed
[0.895s] running egg_info
[0.897s] writing ../../build/py01_launch/py01_launch.egg-info/PKG-INFO
[0.897s] writing dependency_links to ../../build/py01_launch/py01_launch.egg-info/dependency_links.txt
[0.897s] writing entry points to ../../build/py01_launch/py01_launch.egg-info/entry_points.txt
[0.897s] writing requirements to ../../build/py01_launch/py01_launch.egg-info/requires.txt
[0.897s] writing top-level names to ../../build/py01_launch/py01_launch.egg-info/top_level.txt
[0.899s] reading manifest file '../../build/py01_launch/py01_launch.egg-info/SOURCES.txt'
[0.900s] writing manifest file '../../build/py01_launch/py01_launch.egg-info/SOURCES.txt'
[0.900s] running build
[0.900s] running build_py
[0.901s] running install
[0.901s] running install_lib
[0.902s] running install_data
[0.902s] copying package.xml -> /home/xukai/00-Learn/ros2-learning/ws02_tools/install/py01_launch/share/py01_launch
[0.903s] running install_egg_info
[0.904s] removing '/home/xukai/00-Learn/ros2-learning/ws02_tools/install/py01_launch/lib/python3.10/site-packages/py01_launch-0.0.0-py3.10.egg-info' (and everything under it)
[0.904s] Copying ../../build/py01_launch/py01_launch.egg-info to /home/xukai/00-Learn/ros2-learning/ws02_tools/install/py01_launch/lib/python3.10/site-packages/py01_launch-0.0.0-py3.10.egg-info
[0.905s] running install_scripts
[0.924s] writing list of installed files to '/home/xukai/00-Learn/ros2-learning/ws02_tools/build/py01_launch/install.log'
[0.953s] Invoked command in '/home/xukai/00-Learn/ros2-learning/ws02_tools/src/py01_launch' returned '0': PYTHONPATH=/home/xukai/00-Learn/ros2-learning/ws02_tools/build/py01_launch/prefix_override:/home/xukai/00-Learn/ros2-learning/ws02_tools/install/py01_launch/lib/python3.10/site-packages:${PYTHONPATH} /usr/bin/python3 setup.py egg_info --egg-base ../../build/py01_launch build --build-base /home/xukai/00-Learn/ros2-learning/ws02_tools/build/py01_launch/build install --record /home/xukai/00-Learn/ros2-learning/ws02_tools/build/py01_launch/install.log --single-version-externally-managed
