[0.616s] Invoking command in '/home/xukai/00-Learn/ros2-learning/ws02_tools/src/py01_launch': PYTHONPATH=/home/xukai/00-Learn/ros2-learning/ws02_tools/build/py01_launch/prefix_override:/home/xukai/00-Learn/ros2-learning/ws02_tools/install/py01_launch/lib/python3.10/site-packages:${PYTHONPATH} /usr/bin/python3 setup.py egg_info --egg-base ../../build/py01_launch build --build-base /home/xukai/00-Learn/ros2-learning/ws02_tools/build/py01_launch/build install --record /home/xukai/00-Learn/ros2-learning/ws02_tools/build/py01_launch/install.log --single-version-externally-managed
[0.858s] running egg_info
[0.859s] writing ../../build/py01_launch/py01_launch.egg-info/PKG-INFO
[0.859s] writing dependency_links to ../../build/py01_launch/py01_launch.egg-info/dependency_links.txt
[0.859s] writing entry points to ../../build/py01_launch/py01_launch.egg-info/entry_points.txt
[0.860s] writing requirements to ../../build/py01_launch/py01_launch.egg-info/requires.txt
[0.860s] writing top-level names to ../../build/py01_launch/py01_launch.egg-info/top_level.txt
[0.862s] reading manifest file '../../build/py01_launch/py01_launch.egg-info/SOURCES.txt'
[0.863s] writing manifest file '../../build/py01_launch/py01_launch.egg-info/SOURCES.txt'
[0.863s] running build
[0.863s] running build_py
[0.863s] running install
[0.864s] running install_lib
[0.865s] running install_data
[0.865s] copying launch/py/py01_node.launch.py -> /home/xukai/00-Learn/ros2-learning/ws02_tools/install/py01_launch/share/py01_launch
[0.865s] running install_egg_info
[0.867s] removing '/home/xukai/00-Learn/ros2-learning/ws02_tools/install/py01_launch/lib/python3.10/site-packages/py01_launch-0.0.0-py3.10.egg-info' (and everything under it)
[0.868s] Copying ../../build/py01_launch/py01_launch.egg-info to /home/xukai/00-Learn/ros2-learning/ws02_tools/install/py01_launch/lib/python3.10/site-packages/py01_launch-0.0.0-py3.10.egg-info
[0.869s] running install_scripts
[0.886s] writing list of installed files to '/home/xukai/00-Learn/ros2-learning/ws02_tools/build/py01_launch/install.log'
[0.912s] Invoked command in '/home/xukai/00-Learn/ros2-learning/ws02_tools/src/py01_launch' returned '0': PYTHONPATH=/home/xukai/00-Learn/ros2-learning/ws02_tools/build/py01_launch/prefix_override:/home/xukai/00-Learn/ros2-learning/ws02_tools/install/py01_launch/lib/python3.10/site-packages:${PYTHONPATH} /usr/bin/python3 setup.py egg_info --egg-base ../../build/py01_launch build --build-base /home/xukai/00-Learn/ros2-learning/ws02_tools/build/py01_launch/build install --record /home/xukai/00-Learn/ros2-learning/ws02_tools/build/py01_launch/install.log --single-version-externally-managed
