[0.557s] Invoking command in '/home/xukai/00-Learn/ros2-learning/ws01_plumbing/src/py06_time': PYTHONPATH=/home/xukai/00-Learn/ros2-learning/ws01_plumbing/build/py06_time/prefix_override:/home/xukai/00-Learn/ros2-learning/ws01_plumbing/install/py06_time/lib/python3.10/site-packages:${PYTHONPATH} /usr/bin/python3 setup.py egg_info --egg-base ../../build/py06_time build --build-base /home/xukai/00-Learn/ros2-learning/ws01_plumbing/build/py06_time/build install --record /home/xukai/00-Learn/ros2-learning/ws01_plumbing/build/py06_time/install.log --single-version-externally-managed
[0.773s] running egg_info
[0.774s] writing ../../build/py06_time/py06_time.egg-info/PKG-INFO
[0.774s] writing dependency_links to ../../build/py06_time/py06_time.egg-info/dependency_links.txt
[0.774s] writing entry points to ../../build/py06_time/py06_time.egg-info/entry_points.txt
[0.774s] writing requirements to ../../build/py06_time/py06_time.egg-info/requires.txt
[0.774s] writing top-level names to ../../build/py06_time/py06_time.egg-info/top_level.txt
[0.776s] reading manifest file '../../build/py06_time/py06_time.egg-info/SOURCES.txt'
[0.777s] writing manifest file '../../build/py06_time/py06_time.egg-info/SOURCES.txt'
[0.777s] running build
[0.777s] running build_py
[0.777s] running install
[0.778s] running install_lib
[0.779s] running install_data
[0.779s] running install_egg_info
[0.780s] removing '/home/xukai/00-Learn/ros2-learning/ws01_plumbing/install/py06_time/lib/python3.10/site-packages/py06_time-0.0.0-py3.10.egg-info' (and everything under it)
[0.781s] Copying ../../build/py06_time/py06_time.egg-info to /home/xukai/00-Learn/ros2-learning/ws01_plumbing/install/py06_time/lib/python3.10/site-packages/py06_time-0.0.0-py3.10.egg-info
[0.781s] running install_scripts
[0.798s] Installing demo01_time script to /home/xukai/00-Learn/ros2-learning/ws01_plumbing/install/py06_time/lib/py06_time
[0.798s] writing list of installed files to '/home/xukai/00-Learn/ros2-learning/ws01_plumbing/build/py06_time/install.log'
[0.818s] Invoked command in '/home/xukai/00-Learn/ros2-learning/ws01_plumbing/src/py06_time' returned '0': PYTHONPATH=/home/xukai/00-Learn/ros2-learning/ws01_plumbing/build/py06_time/prefix_override:/home/xukai/00-Learn/ros2-learning/ws01_plumbing/install/py06_time/lib/python3.10/site-packages:${PYTHONPATH} /usr/bin/python3 setup.py egg_info --egg-base ../../build/py06_time build --build-base /home/xukai/00-Learn/ros2-learning/ws01_plumbing/build/py06_time/build install --record /home/xukai/00-Learn/ros2-learning/ws01_plumbing/build/py06_time/install.log --single-version-externally-managed
