[0.734s] Invoking command in '/home/xukai/00-Learn/ros2-learning/ws01_plumbing/src/py02_service': PYTHONPATH=/home/xukai/00-Learn/ros2-learning/ws01_plumbing/build/py02_service/prefix_override:/home/xukai/00-Learn/ros2-learning/ws01_plumbing/install/py02_service/lib/python3.10/site-packages:${PYTHONPATH} /usr/bin/python3 setup.py egg_info --egg-base ../../build/py02_service build --build-base /home/xukai/00-Learn/ros2-learning/ws01_plumbing/build/py02_service/build install --record /home/xukai/00-Learn/ros2-learning/ws01_plumbing/build/py02_service/install.log --single-version-externally-managed
[1.000s] running egg_info
[1.001s] writing ../../build/py02_service/py02_service.egg-info/PKG-INFO
[1.001s] writing dependency_links to ../../build/py02_service/py02_service.egg-info/dependency_links.txt
[1.001s] writing entry points to ../../build/py02_service/py02_service.egg-info/entry_points.txt
[1.002s] writing requirements to ../../build/py02_service/py02_service.egg-info/requires.txt
[1.002s] writing top-level names to ../../build/py02_service/py02_service.egg-info/top_level.txt
[1.004s] reading manifest file '../../build/py02_service/py02_service.egg-info/SOURCES.txt'
[1.006s] writing manifest file '../../build/py02_service/py02_service.egg-info/SOURCES.txt'
[1.006s] running build
[1.007s] running build_py
[1.007s] copying py02_service/demo02_client_py.py -> /home/xukai/00-Learn/ros2-learning/ws01_plumbing/build/py02_service/build/lib/py02_service
[1.007s] running install
[1.008s] running install_lib
[1.009s] copying /home/xukai/00-Learn/ros2-learning/ws01_plumbing/build/py02_service/build/lib/py02_service/demo02_client_py.py -> /home/xukai/00-Learn/ros2-learning/ws01_plumbing/install/py02_service/lib/python3.10/site-packages/py02_service
[1.010s] byte-compiling /home/xukai/00-Learn/ros2-learning/ws01_plumbing/install/py02_service/lib/python3.10/site-packages/py02_service/demo02_client_py.py to demo02_client_py.cpython-310.pyc
[1.011s] running install_data
[1.012s] running install_egg_info
[1.013s] removing '/home/xukai/00-Learn/ros2-learning/ws01_plumbing/install/py02_service/lib/python3.10/site-packages/py02_service-0.0.0-py3.10.egg-info' (and everything under it)
[1.014s] Copying ../../build/py02_service/py02_service.egg-info to /home/xukai/00-Learn/ros2-learning/ws01_plumbing/install/py02_service/lib/python3.10/site-packages/py02_service-0.0.0-py3.10.egg-info
[1.015s] running install_scripts
[1.039s] Installing demo01_server_py script to /home/xukai/00-Learn/ros2-learning/ws01_plumbing/install/py02_service/lib/py02_service
[1.039s] Installing demo02_client_py script to /home/xukai/00-Learn/ros2-learning/ws01_plumbing/install/py02_service/lib/py02_service
[1.039s] writing list of installed files to '/home/xukai/00-Learn/ros2-learning/ws01_plumbing/build/py02_service/install.log'
[1.069s] Invoked command in '/home/xukai/00-Learn/ros2-learning/ws01_plumbing/src/py02_service' returned '0': PYTHONPATH=/home/xukai/00-Learn/ros2-learning/ws01_plumbing/build/py02_service/prefix_override:/home/xukai/00-Learn/ros2-learning/ws01_plumbing/install/py02_service/lib/python3.10/site-packages:${PYTHONPATH} /usr/bin/python3 setup.py egg_info --egg-base ../../build/py02_service build --build-base /home/xukai/00-Learn/ros2-learning/ws01_plumbing/build/py02_service/build install --record /home/xukai/00-Learn/ros2-learning/ws01_plumbing/build/py02_service/install.log --single-version-externally-managed
