running egg_info
creating ../../build/py03_action/py03_action.egg-info
writing ../../build/py03_action/py03_action.egg-info/PKG-INFO
writing dependency_links to ../../build/py03_action/py03_action.egg-info/dependency_links.txt
writing entry points to ../../build/py03_action/py03_action.egg-info/entry_points.txt
writing requirements to ../../build/py03_action/py03_action.egg-info/requires.txt
writing top-level names to ../../build/py03_action/py03_action.egg-info/top_level.txt
writing manifest file '../../build/py03_action/py03_action.egg-info/SOURCES.txt'
reading manifest file '../../build/py03_action/py03_action.egg-info/SOURCES.txt'
writing manifest file '../../build/py03_action/py03_action.egg-info/SOURCES.txt'
running build
running build_py
creating /home/xukai/00-Learn/ros2-learning/ws01_plumbing/build/py03_action/build
creating /home/xukai/00-Learn/ros2-learning/ws01_plumbing/build/py03_action/build/lib
creating /home/xukai/00-Learn/ros2-learning/ws01_plumbing/build/py03_action/build/lib/py03_action
copying py03_action/demo02_action_client_py.py -> /home/xukai/00-Learn/ros2-learning/ws01_plumbing/build/py03_action/build/lib/py03_action
copying py03_action/demo01_action_server_py.py -> /home/xukai/00-Learn/ros2-learning/ws01_plumbing/build/py03_action/build/lib/py03_action
copying py03_action/__init__.py -> /home/xukai/00-Learn/ros2-learning/ws01_plumbing/build/py03_action/build/lib/py03_action
running install
running install_lib
creating /home/xukai/00-Learn/ros2-learning/ws01_plumbing/install/py03_action/lib/python3.10/site-packages/py03_action
copying /home/xukai/00-Learn/ros2-learning/ws01_plumbing/build/py03_action/build/lib/py03_action/demo02_action_client_py.py -> /home/xukai/00-Learn/ros2-learning/ws01_plumbing/install/py03_action/lib/python3.10/site-packages/py03_action
copying /home/xukai/00-Learn/ros2-learning/ws01_plumbing/build/py03_action/build/lib/py03_action/demo01_action_server_py.py -> /home/xukai/00-Learn/ros2-learning/ws01_plumbing/install/py03_action/lib/python3.10/site-packages/py03_action
copying /home/xukai/00-Learn/ros2-learning/ws01_plumbing/build/py03_action/build/lib/py03_action/__init__.py -> /home/xukai/00-Learn/ros2-learning/ws01_plumbing/install/py03_action/lib/python3.10/site-packages/py03_action
byte-compiling /home/xukai/00-Learn/ros2-learning/ws01_plumbing/install/py03_action/lib/python3.10/site-packages/py03_action/demo02_action_client_py.py to demo02_action_client_py.cpython-310.pyc
byte-compiling /home/xukai/00-Learn/ros2-learning/ws01_plumbing/install/py03_action/lib/python3.10/site-packages/py03_action/demo01_action_server_py.py to demo01_action_server_py.cpython-310.pyc
byte-compiling /home/xukai/00-Learn/ros2-learning/ws01_plumbing/install/py03_action/lib/python3.10/site-packages/py03_action/__init__.py to __init__.cpython-310.pyc
running install_data
creating /home/xukai/00-Learn/ros2-learning/ws01_plumbing/install/py03_action/share/ament_index
creating /home/xukai/00-Learn/ros2-learning/ws01_plumbing/install/py03_action/share/ament_index/resource_index
creating /home/xukai/00-Learn/ros2-learning/ws01_plumbing/install/py03_action/share/ament_index/resource_index/packages
copying resource/py03_action -> /home/xukai/00-Learn/ros2-learning/ws01_plumbing/install/py03_action/share/ament_index/resource_index/packages
copying package.xml -> /home/xukai/00-Learn/ros2-learning/ws01_plumbing/install/py03_action/share/py03_action
running install_egg_info
Copying ../../build/py03_action/py03_action.egg-info to /home/xukai/00-Learn/ros2-learning/ws01_plumbing/install/py03_action/lib/python3.10/site-packages/py03_action-0.0.0-py3.10.egg-info
running install_scripts
Installing demo01_action_server_py script to /home/xukai/00-Learn/ros2-learning/ws01_plumbing/install/py03_action/lib/py03_action
Installing dmeo02_action_client_py script to /home/xukai/00-Learn/ros2-learning/ws01_plumbing/install/py03_action/lib/py03_action
writing list of installed files to '/home/xukai/00-Learn/ros2-learning/ws01_plumbing/build/py03_action/install.log'
