[0.718s] Invoking command in '/home/xukai/00-Learn/ros2-learning/ws01_plumbing/src/py04_param': PYTHONPATH=/home/xukai/00-Learn/ros2-learning/ws01_plumbing/build/py04_param/prefix_override:/home/xukai/00-Learn/ros2-learning/ws01_plumbing/install/py04_param/lib/python3.10/site-packages:${PYTHONPATH} /usr/bin/python3 setup.py egg_info --egg-base ../../build/py04_param build --build-base /home/xukai/00-Learn/ros2-learning/ws01_plumbing/build/py04_param/build install --record /home/xukai/00-Learn/ros2-learning/ws01_plumbing/build/py04_param/install.log --single-version-externally-managed
[0.994s] running egg_info
[0.995s] writing ../../build/py04_param/py04_param.egg-info/PKG-INFO
[0.995s] writing dependency_links to ../../build/py04_param/py04_param.egg-info/dependency_links.txt
[0.995s] writing entry points to ../../build/py04_param/py04_param.egg-info/entry_points.txt
[0.996s] writing requirements to ../../build/py04_param/py04_param.egg-info/requires.txt
[0.996s] writing top-level names to ../../build/py04_param/py04_param.egg-info/top_level.txt
[0.997s] reading manifest file '../../build/py04_param/py04_param.egg-info/SOURCES.txt'
[0.998s] writing manifest file '../../build/py04_param/py04_param.egg-info/SOURCES.txt'
[0.998s] running build
[0.998s] running build_py
[0.998s] running install
[0.998s] running install_lib
[1.000s] running install_data
[1.000s] running install_egg_info
[1.002s] removing '/home/xukai/00-Learn/ros2-learning/ws01_plumbing/install/py04_param/lib/python3.10/site-packages/py04_param-0.0.0-py3.10.egg-info' (and everything under it)
[1.002s] Copying ../../build/py04_param/py04_param.egg-info to /home/xukai/00-Learn/ros2-learning/ws01_plumbing/install/py04_param/lib/python3.10/site-packages/py04_param-0.0.0-py3.10.egg-info
[1.004s] running install_scripts
[1.028s] Installing demo00_param_py script to /home/xukai/00-Learn/ros2-learning/ws01_plumbing/install/py04_param/lib/py04_param
[1.028s] writing list of installed files to '/home/xukai/00-Learn/ros2-learning/ws01_plumbing/build/py04_param/install.log'
[1.056s] Invoked command in '/home/xukai/00-Learn/ros2-learning/ws01_plumbing/src/py04_param' returned '0': PYTHONPATH=/home/xukai/00-Learn/ros2-learning/ws01_plumbing/build/py04_param/prefix_override:/home/xukai/00-Learn/ros2-learning/ws01_plumbing/install/py04_param/lib/python3.10/site-packages:${PYTHONPATH} /usr/bin/python3 setup.py egg_info --egg-base ../../build/py04_param build --build-base /home/xukai/00-Learn/ros2-learning/ws01_plumbing/build/py04_param/build install --record /home/xukai/00-Learn/ros2-learning/ws01_plumbing/build/py04_param/install.log --single-version-externally-managed
