[0.014s] Invoking command in '/home/xukai/00-Learn/ros2-learning/ws01_plumbing/build/turtlesim': CMAKE_PREFIX_PATH=/opt/ros/humble /usr/bin/cmake /home/xukai/00-Learn/ros2-learning/ws01_plumbing/src/turtlesim -DCMAKE_INSTALL_PREFIX=/home/xukai/00-Learn/ros2-learning/ws01_plumbing/install/turtlesim
[0.222s] -- The C compiler identification is GNU 9.5.0
[0.391s] -- The CXX compiler identification is GNU 9.5.0
[0.405s] -- Detecting C compiler ABI info
[0.494s] -- Detecting C compiler ABI info - done
[0.503s] -- Check for working C compiler: /usr/bin/cc - skipped
[0.503s] -- Detecting C compile features
[0.505s] -- Detecting C compile features - done
[0.511s] -- Detecting CXX compiler ABI info
[0.601s] -- Detecting CXX compiler ABI info - done
[0.614s] -- Check for working CXX compiler: /usr/bin/c++ - skipped
[0.614s] -- Detecting CXX compile features
[0.615s] -- Detecting CXX compile features - done
[0.622s] -- Found ament_cmake: 1.3.4 (/opt/ros/humble/share/ament_cmake/cmake)
[0.851s] -- Found Python3: /usr/bin/python3.10 (found version "3.10.6") found components: Interpreter 
[0.992s] -- Found ament_index_cpp: 1.4.0 (/opt/ros/humble/share/ament_index_cpp/cmake)
[0.996s] -- Found geometry_msgs: 4.2.3 (/opt/ros/humble/share/geometry_msgs/cmake)
[1.061s] -- Found rosidl_generator_c: 3.1.4 (/opt/ros/humble/share/rosidl_generator_c/cmake)
[1.068s] -- Found rosidl_adapter: 3.1.4 (/opt/ros/humble/share/rosidl_adapter/cmake)
[1.083s] -- Found rosidl_generator_cpp: 3.1.4 (/opt/ros/humble/share/rosidl_generator_cpp/cmake)
[1.105s] -- Using all available rosidl_typesupport_c: rosidl_typesupport_fastrtps_c;rosidl_typesupport_introspection_c
[1.135s] -- Using all available rosidl_typesupport_cpp: rosidl_typesupport_fastrtps_cpp;rosidl_typesupport_introspection_cpp
[1.345s] -- Found rclcpp: 16.0.4 (/opt/ros/humble/share/rclcpp/cmake)
[1.447s] -- Found rmw_implementation_cmake: 6.1.1 (/opt/ros/humble/share/rmw_implementation_cmake/cmake)
[1.451s] -- Found rmw_fastrtps_cpp: 6.2.2 (/opt/ros/humble/share/rmw_fastrtps_cpp/cmake)
[1.581s] -- Found OpenSSL: /usr/lib/x86_64-linux-gnu/libcrypto.so (found version "3.0.2")  
[1.612s] -- Found FastRTPS: /opt/ros/humble/include  
[1.666s] -- Using RMW implementation 'rmw_fastrtps_cpp' as default
[1.681s] -- Looking for pthread.h
[1.768s] -- Looking for pthread.h - found
[1.768s] -- Performing Test CMAKE_HAVE_LIBC_PTHREAD
[1.856s] -- Performing Test CMAKE_HAVE_LIBC_PTHREAD - Success
[1.858s] -- Found Threads: TRUE  
[2.050s] -- Found rclcpp_action: 16.0.4 (/opt/ros/humble/share/rclcpp_action/cmake)
[2.185s] -- Found rosidl_default_generators: 1.2.0 (/opt/ros/humble/share/rosidl_default_generators/cmake)
[2.198s] -- Found std_srvs: 4.2.3 (/opt/ros/humble/share/std_srvs/cmake)
[2.575s] -- Found ament_cmake_ros: 0.10.0 (/opt/ros/humble/share/ament_cmake_ros/cmake)
[2.977s] -- Using all available rosidl_typesupport_c: rosidl_typesupport_fastrtps_c;rosidl_typesupport_introspection_c
[3.114s] -- Using all available rosidl_typesupport_cpp: rosidl_typesupport_fastrtps_cpp;rosidl_typesupport_introspection_cpp
[3.142s] -- Found PythonInterp: /usr/bin/python3 (found suitable version "3.10.6", minimum required is "3.6") 
[3.145s] -- Found python_cmake_module: 0.10.0 (/opt/ros/humble/share/python_cmake_module/cmake)
[3.174s] -- Found PythonLibs: /usr/lib/x86_64-linux-gnu/libpython3.10.so (found suitable version "3.10.6", minimum required is "3.5") 
[3.174s] -- Using PYTHON_EXECUTABLE: /usr/bin/python3
[3.174s] -- Using PYTHON_INCLUDE_DIRS: /usr/include/python3.10
[3.174s] -- Using PYTHON_LIBRARIES: /usr/lib/x86_64-linux-gnu/libpython3.10.so
[3.200s] -- Found PythonExtra: .so  
[3.270s] -- Configuring done
[3.354s] -- Generating done
[3.357s] -- Build files have been written to: /home/xukai/00-Learn/ros2-learning/ws01_plumbing/build/turtlesim
[3.372s] Invoked command in '/home/xukai/00-Learn/ros2-learning/ws01_plumbing/build/turtlesim' returned '0': CMAKE_PREFIX_PATH=/opt/ros/humble /usr/bin/cmake /home/xukai/00-Learn/ros2-learning/ws01_plumbing/src/turtlesim -DCMAKE_INSTALL_PREFIX=/home/xukai/00-Learn/ros2-learning/ws01_plumbing/install/turtlesim
[3.374s] Invoking command in '/home/xukai/00-Learn/ros2-learning/ws01_plumbing/build/turtlesim': CMAKE_PREFIX_PATH=/opt/ros/humble /usr/bin/cmake --build /home/xukai/00-Learn/ros2-learning/ws01_plumbing/build/turtlesim -- -j8 -l8
[3.422s] [  1%] [34m[1mGenerating C code for ROS interfaces[0m
[3.434s] [  2%] [34m[1mGenerating C++ code for ROS interfaces[0m
[3.449s] [  2%] Built target ament_cmake_python_copy_turtlesim
[3.782s] running egg_info
[3.782s] creating turtlesim.egg-info
[3.783s] writing turtlesim.egg-info/PKG-INFO
[3.783s] writing dependency_links to turtlesim.egg-info/dependency_links.txt
[3.783s] writing top-level names to turtlesim.egg-info/top_level.txt
[3.783s] writing manifest file 'turtlesim.egg-info/SOURCES.txt'
[3.786s] reading manifest file 'turtlesim.egg-info/SOURCES.txt'
[3.787s] writing manifest file 'turtlesim.egg-info/SOURCES.txt'
[3.818s] [  2%] Built target ament_cmake_python_build_turtlesim_egg
[4.598s] [  2%] Built target turtlesim__cpp
[4.611s] [  4%] [34m[1mGenerating C++ type support dispatch for ROS interfaces[0m
[4.612s] [  5%] [34m[1mGenerating C++ introspection for ROS interfaces[0m
[4.613s] [  5%] [34m[1mGenerating C++ type support for eProsima Fast-RTPS[0m
[4.617s] [  7%] [32mBuilding C object CMakeFiles/turtlesim__rosidl_generator_c.dir/rosidl_generator_c/turtlesim/msg/detail/color__functions.c.o[0m
[4.619s] [  7%] [32mBuilding C object CMakeFiles/turtlesim__rosidl_generator_c.dir/rosidl_generator_c/turtlesim/action/detail/rotate_absolute__functions.c.o[0m
[4.619s] [  8%] [32mBuilding C object CMakeFiles/turtlesim__rosidl_generator_c.dir/rosidl_generator_c/turtlesim/msg/detail/pose__functions.c.o[0m
[4.623s] [  9%] [32mBuilding C object CMakeFiles/turtlesim__rosidl_generator_c.dir/rosidl_generator_c/turtlesim/srv/detail/kill__functions.c.o[0m
[4.627s] [ 10%] [32mBuilding C object CMakeFiles/turtlesim__rosidl_generator_c.dir/rosidl_generator_c/turtlesim/srv/detail/set_pen__functions.c.o[0m
[4.722s] [ 11%] [32mBuilding C object CMakeFiles/turtlesim__rosidl_generator_c.dir/rosidl_generator_c/turtlesim/srv/detail/spawn__functions.c.o[0m
[4.724s] [ 12%] [32mBuilding C object CMakeFiles/turtlesim__rosidl_generator_c.dir/rosidl_generator_c/turtlesim/srv/detail/teleport_absolute__functions.c.o[0m
[4.741s] [ 13%] [32mBuilding C object CMakeFiles/turtlesim__rosidl_generator_c.dir/rosidl_generator_c/turtlesim/srv/detail/teleport_relative__functions.c.o[0m
[4.856s] [ 14%] [32m[1mLinking C shared library libturtlesim__rosidl_generator_c.so[0m
[4.908s] [ 14%] Built target turtlesim__rosidl_generator_c
[4.923s] [ 15%] [34m[1mGenerating C type support for eProsima Fast-RTPS[0m
[4.925s] [ 16%] [34m[1mGenerating C type support dispatch for ROS interfaces[0m
[4.928s] [ 17%] [34m[1mGenerating C introspection for ROS interfaces[0m
[5.602s] [ 18%] [32mBuilding CXX object CMakeFiles/turtlesim__rosidl_typesupport_cpp.dir/rosidl_typesupport_cpp/turtlesim/msg/color__type_support.cpp.o[0m
[5.605s] [ 19%] [32mBuilding CXX object CMakeFiles/turtlesim__rosidl_typesupport_cpp.dir/rosidl_typesupport_cpp/turtlesim/msg/pose__type_support.cpp.o[0m
[5.606s] [ 20%] [32mBuilding CXX object CMakeFiles/turtlesim__rosidl_typesupport_cpp.dir/rosidl_typesupport_cpp/turtlesim/action/rotate_absolute__type_support.cpp.o[0m
[5.974s] [ 21%] [32mBuilding CXX object CMakeFiles/turtlesim__rosidl_typesupport_introspection_cpp.dir/rosidl_typesupport_introspection_cpp/turtlesim/action/detail/rotate_absolute__type_support.cpp.o[0m
[6.141s] [ 22%] [32mBuilding CXX object CMakeFiles/turtlesim__rosidl_typesupport_c.dir/rosidl_typesupport_c/turtlesim/action/rotate_absolute__type_support.cpp.o[0m
[6.242s] [ 23%] [32mBuilding CXX object CMakeFiles/turtlesim__rosidl_typesupport_c.dir/rosidl_typesupport_c/turtlesim/msg/color__type_support.cpp.o[0m
[6.255s] [ 24%] [32mBuilding CXX object CMakeFiles/turtlesim__rosidl_typesupport_cpp.dir/rosidl_typesupport_cpp/turtlesim/srv/kill__type_support.cpp.o[0m
[6.297s] [ 25%] [32mBuilding CXX object CMakeFiles/turtlesim__rosidl_typesupport_c.dir/rosidl_typesupport_c/turtlesim/msg/pose__type_support.cpp.o[0m
[6.307s] [ 26%] [32mBuilding CXX object CMakeFiles/turtlesim__rosidl_typesupport_cpp.dir/rosidl_typesupport_cpp/turtlesim/srv/set_pen__type_support.cpp.o[0m
[6.326s] [ 27%] [32mBuilding CXX object CMakeFiles/turtlesim__rosidl_typesupport_fastrtps_cpp.dir/rosidl_typesupport_fastrtps_cpp/turtlesim/action/detail/dds_fastrtps/rotate_absolute__type_support.cpp.o[0m
[6.354s] [ 28%] [32mBuilding CXX object CMakeFiles/turtlesim__rosidl_typesupport_c.dir/rosidl_typesupport_c/turtlesim/srv/kill__type_support.cpp.o[0m
[6.406s] [ 29%] [32mBuilding CXX object CMakeFiles/turtlesim__rosidl_typesupport_c.dir/rosidl_typesupport_c/turtlesim/srv/set_pen__type_support.cpp.o[0m
[6.464s] [ 30%] [32mBuilding CXX object CMakeFiles/turtlesim__rosidl_typesupport_c.dir/rosidl_typesupport_c/turtlesim/srv/spawn__type_support.cpp.o[0m
[6.526s] [ 31%] [32mBuilding CXX object CMakeFiles/turtlesim__rosidl_typesupport_c.dir/rosidl_typesupport_c/turtlesim/srv/teleport_absolute__type_support.cpp.o[0m
[6.591s] [ 32%] [32mBuilding CXX object CMakeFiles/turtlesim__rosidl_typesupport_c.dir/rosidl_typesupport_c/turtlesim/srv/teleport_relative__type_support.cpp.o[0m
[6.651s] [ 33%] [32m[1mLinking CXX shared library libturtlesim__rosidl_typesupport_c.so[0m
[6.703s] [ 34%] [32mBuilding CXX object CMakeFiles/turtlesim__rosidl_typesupport_cpp.dir/rosidl_typesupport_cpp/turtlesim/srv/spawn__type_support.cpp.o[0m
[6.715s] [ 35%] [32mBuilding C object CMakeFiles/turtlesim__rosidl_typesupport_introspection_c.dir/rosidl_typesupport_introspection_c/turtlesim/action/detail/rotate_absolute__type_support.c.o[0m
[6.745s] [ 35%] Built target turtlesim__rosidl_typesupport_c
[6.759s] [ 36%] [32mBuilding C object CMakeFiles/turtlesim__rosidl_typesupport_introspection_c.dir/rosidl_typesupport_introspection_c/turtlesim/msg/detail/color__type_support.c.o[0m
[6.813s] [ 37%] [32mBuilding CXX object CMakeFiles/turtlesim__rosidl_typesupport_introspection_cpp.dir/rosidl_typesupport_introspection_cpp/turtlesim/msg/detail/color__type_support.cpp.o[0m
[6.824s] [ 38%] [32mBuilding C object CMakeFiles/turtlesim__rosidl_typesupport_introspection_c.dir/rosidl_typesupport_introspection_c/turtlesim/msg/detail/pose__type_support.c.o[0m
[6.830s] [ 39%] [32mBuilding CXX object CMakeFiles/turtlesim__rosidl_typesupport_cpp.dir/rosidl_typesupport_cpp/turtlesim/srv/teleport_absolute__type_support.cpp.o[0m
[6.847s] [ 40%] [32mBuilding C object CMakeFiles/turtlesim__rosidl_typesupport_introspection_c.dir/rosidl_typesupport_introspection_c/turtlesim/srv/detail/kill__type_support.c.o[0m
[6.880s] [ 41%] [32mBuilding CXX object CMakeFiles/turtlesim__rosidl_typesupport_fastrtps_c.dir/rosidl_typesupport_fastrtps_c/turtlesim/action/detail/rotate_absolute__type_support_c.cpp.o[0m
[6.907s] [ 42%] [32mBuilding CXX object CMakeFiles/turtlesim__rosidl_typesupport_fastrtps_c.dir/rosidl_typesupport_fastrtps_c/turtlesim/msg/detail/color__type_support_c.cpp.o[0m
[6.911s] [ 43%] [32mBuilding C object CMakeFiles/turtlesim__rosidl_typesupport_introspection_c.dir/rosidl_typesupport_introspection_c/turtlesim/srv/detail/set_pen__type_support.c.o[0m
[6.978s] [ 44%] [32mBuilding C object CMakeFiles/turtlesim__rosidl_typesupport_introspection_c.dir/rosidl_typesupport_introspection_c/turtlesim/srv/detail/spawn__type_support.c.o[0m
[7.047s] [ 45%] [32mBuilding C object CMakeFiles/turtlesim__rosidl_typesupport_introspection_c.dir/rosidl_typesupport_introspection_c/turtlesim/srv/detail/teleport_absolute__type_support.c.o[0m
[7.129s] [ 46%] [32mBuilding C object CMakeFiles/turtlesim__rosidl_typesupport_introspection_c.dir/rosidl_typesupport_introspection_c/turtlesim/srv/detail/teleport_relative__type_support.c.o[0m
[7.210s] [ 47%] [32m[1mLinking C shared library libturtlesim__rosidl_typesupport_introspection_c.so[0m
[7.225s] [ 48%] [32mBuilding CXX object CMakeFiles/turtlesim__rosidl_typesupport_cpp.dir/rosidl_typesupport_cpp/turtlesim/srv/teleport_relative__type_support.cpp.o[0m
[7.261s] [ 49%] [32mBuilding CXX object CMakeFiles/turtlesim__rosidl_typesupport_introspection_cpp.dir/rosidl_typesupport_introspection_cpp/turtlesim/msg/detail/pose__type_support.cpp.o[0m
[7.308s] [ 49%] Built target turtlesim__rosidl_typesupport_introspection_c
[7.325s] [ 50%] [32mBuilding CXX object CMakeFiles/turtlesim__rosidl_typesupport_introspection_cpp.dir/rosidl_typesupport_introspection_cpp/turtlesim/srv/detail/kill__type_support.cpp.o[0m
[7.430s] [ 51%] [32mBuilding CXX object CMakeFiles/turtlesim__rosidl_typesupport_introspection_cpp.dir/rosidl_typesupport_introspection_cpp/turtlesim/srv/detail/set_pen__type_support.cpp.o[0m
[7.535s] [ 52%] [32mBuilding CXX object CMakeFiles/turtlesim__rosidl_typesupport_fastrtps_cpp.dir/rosidl_typesupport_fastrtps_cpp/turtlesim/msg/detail/dds_fastrtps/color__type_support.cpp.o[0m
[7.551s] [ 53%] [32mBuilding CXX object CMakeFiles/turtlesim__rosidl_typesupport_fastrtps_c.dir/rosidl_typesupport_fastrtps_c/turtlesim/msg/detail/pose__type_support_c.cpp.o[0m
[7.639s] [ 54%] [32mBuilding CXX object CMakeFiles/turtlesim__rosidl_typesupport_fastrtps_c.dir/rosidl_typesupport_fastrtps_c/turtlesim/srv/detail/kill__type_support_c.cpp.o[0m
[7.711s] [ 55%] [32mBuilding CXX object CMakeFiles/turtlesim__rosidl_typesupport_introspection_cpp.dir/rosidl_typesupport_introspection_cpp/turtlesim/srv/detail/spawn__type_support.cpp.o[0m
[7.733s] [ 56%] [32m[1mLinking CXX shared library libturtlesim__rosidl_typesupport_cpp.so[0m
[7.851s] [ 56%] Built target turtlesim__rosidl_typesupport_cpp
[7.877s] [ 57%] [34m[1mGenerating include/turtlesim/moc_turtle_frame.cpp[0m
[8.058s] [ 58%] [32mBuilding CXX object CMakeFiles/turtlesim__rosidl_typesupport_introspection_cpp.dir/rosidl_typesupport_introspection_cpp/turtlesim/srv/detail/teleport_absolute__type_support.cpp.o[0m
[8.092s] [ 59%] [32mBuilding CXX object CMakeFiles/turtlesim__rosidl_typesupport_introspection_cpp.dir/rosidl_typesupport_introspection_cpp/turtlesim/srv/detail/teleport_relative__type_support.cpp.o[0m
[8.107s] [ 60%] [32mBuilding CXX object CMakeFiles/turtlesim_node.dir/src/turtlesim.cpp.o[0m
[8.184s] [ 61%] [32mBuilding CXX object CMakeFiles/turtlesim_node.dir/src/turtle.cpp.o[0m
[8.212s] [ 62%] [32mBuilding CXX object CMakeFiles/turtlesim__rosidl_typesupport_fastrtps_c.dir/rosidl_typesupport_fastrtps_c/turtlesim/srv/detail/set_pen__type_support_c.cpp.o[0m
[8.230s] [ 63%] [32mBuilding CXX object CMakeFiles/turtlesim__rosidl_typesupport_fastrtps_cpp.dir/rosidl_typesupport_fastrtps_cpp/turtlesim/msg/detail/dds_fastrtps/pose__type_support.cpp.o[0m
[8.296s] [ 64%] [32mBuilding CXX object CMakeFiles/turtlesim__rosidl_typesupport_fastrtps_cpp.dir/rosidl_typesupport_fastrtps_cpp/turtlesim/srv/detail/dds_fastrtps/kill__type_support.cpp.o[0m
[8.411s] [ 65%] [32mBuilding CXX object CMakeFiles/turtlesim__rosidl_typesupport_fastrtps_cpp.dir/rosidl_typesupport_fastrtps_cpp/turtlesim/srv/detail/dds_fastrtps/set_pen__type_support.cpp.o[0m
[8.789s] [ 66%] [32mBuilding CXX object CMakeFiles/turtlesim__rosidl_typesupport_fastrtps_cpp.dir/rosidl_typesupport_fastrtps_cpp/turtlesim/srv/detail/dds_fastrtps/spawn__type_support.cpp.o[0m
[8.813s] [ 67%] [32mBuilding CXX object CMakeFiles/turtlesim__rosidl_typesupport_fastrtps_c.dir/rosidl_typesupport_fastrtps_c/turtlesim/srv/detail/spawn__type_support_c.cpp.o[0m
[8.856s] [ 68%] [32m[1mLinking CXX shared library libturtlesim__rosidl_typesupport_introspection_cpp.so[0m
[8.956s] [ 69%] [32mBuilding CXX object CMakeFiles/turtlesim__rosidl_typesupport_fastrtps_cpp.dir/rosidl_typesupport_fastrtps_cpp/turtlesim/srv/detail/dds_fastrtps/teleport_absolute__type_support.cpp.o[0m
[9.047s] [ 70%] [32mBuilding CXX object CMakeFiles/turtlesim__rosidl_typesupport_fastrtps_cpp.dir/rosidl_typesupport_fastrtps_cpp/turtlesim/srv/detail/dds_fastrtps/teleport_relative__type_support.cpp.o[0m
[9.052s] [ 70%] Built target turtlesim__rosidl_typesupport_introspection_cpp
[9.096s] [ 71%] [32mBuilding CXX object CMakeFiles/turtle_teleop_key.dir/tutorials/teleop_turtle_key.cpp.o[0m
[9.160s] [ 72%] [32mBuilding CXX object CMakeFiles/draw_square.dir/tutorials/draw_square.cpp.o[0m
[9.484s] [ 73%] [32mBuilding CXX object CMakeFiles/turtlesim__rosidl_typesupport_fastrtps_c.dir/rosidl_typesupport_fastrtps_c/turtlesim/srv/detail/teleport_absolute__type_support_c.cpp.o[0m
[9.657s] [ 74%] [32mBuilding CXX object CMakeFiles/turtlesim__rosidl_typesupport_fastrtps_c.dir/rosidl_typesupport_fastrtps_c/turtlesim/srv/detail/teleport_relative__type_support_c.cpp.o[0m
[9.782s] [ 75%] [32mBuilding CXX object CMakeFiles/mimic.dir/tutorials/mimic.cpp.o[0m
[9.916s] [ 76%] [32m[1mLinking CXX shared library libturtlesim__rosidl_typesupport_fastrtps_cpp.so[0m
[10.115s] [ 76%] Built target turtlesim__rosidl_typesupport_fastrtps_cpp
[10.130s] [ 77%] [32mBuilding CXX object CMakeFiles/turtlesim_node.dir/src/turtle_frame.cpp.o[0m
[10.217s] [ 78%] [32mBuilding CXX object CMakeFiles/turtlesim_node.dir/include/turtlesim/moc_turtle_frame.cpp.o[0m
[10.304s] [ 79%] [32m[1mLinking CXX shared library libturtlesim__rosidl_typesupport_fastrtps_c.so[0m
[10.533s] [ 79%] Built target turtlesim__rosidl_typesupport_fastrtps_c
[10.595s] [ 79%] Built target turtlesim
[10.652s] [ 80%] [34m[1mGenerating Python code for ROS interfaces[0m
[15.405s] [ 80%] Built target turtlesim__py
[15.466s] [ 81%] [32mBuilding C object CMakeFiles/turtlesim__rosidl_generator_py.dir/rosidl_generator_py/turtlesim/action/_rotate_absolute_s.c.o[0m
[15.914s] [ 82%] [32mBuilding C object CMakeFiles/turtlesim__rosidl_generator_py.dir/rosidl_generator_py/turtlesim/msg/_color_s.c.o[0m
[16.128s] [ 83%] [32mBuilding C object CMakeFiles/turtlesim__rosidl_generator_py.dir/rosidl_generator_py/turtlesim/msg/_pose_s.c.o[0m
[16.340s] [ 84%] [32mBuilding C object CMakeFiles/turtlesim__rosidl_generator_py.dir/rosidl_generator_py/turtlesim/srv/_kill_s.c.o[0m
[16.545s] [ 85%] [32mBuilding C object CMakeFiles/turtlesim__rosidl_generator_py.dir/rosidl_generator_py/turtlesim/srv/_set_pen_s.c.o[0m
[16.813s] [ 86%] [32mBuilding C object CMakeFiles/turtlesim__rosidl_generator_py.dir/rosidl_generator_py/turtlesim/srv/_spawn_s.c.o[0m
[17.055s] [ 87%] [32mBuilding C object CMakeFiles/turtlesim__rosidl_generator_py.dir/rosidl_generator_py/turtlesim/srv/_teleport_absolute_s.c.o[0m
[17.083s] [ 88%] [32mBuilding C object CMakeFiles/turtlesim__rosidl_generator_py.dir/rosidl_generator_py/turtlesim/srv/_teleport_relative_s.c.o[0m
[17.307s] [ 89%] [32m[1mLinking C shared library rosidl_generator_py/turtlesim/libturtlesim__rosidl_generator_py.so[0m
[17.416s] [ 89%] Built target turtlesim__rosidl_generator_py
[17.452s] [ 90%] [32mBuilding C object CMakeFiles/turtlesim__rosidl_typesupport_fastrtps_c__pyext.dir/rosidl_generator_py/turtlesim/_turtlesim_s.ep.rosidl_typesupport_fastrtps_c.c.o[0m
[17.454s] [ 91%] [32mBuilding C object CMakeFiles/turtlesim__rosidl_typesupport_introspection_c__pyext.dir/rosidl_generator_py/turtlesim/_turtlesim_s.ep.rosidl_typesupport_introspection_c.c.o[0m
[17.740s] [ 92%] [32m[1mLinking C shared library rosidl_generator_py/turtlesim/turtlesim_s__rosidl_typesupport_introspection_c.cpython-310-x86_64-linux-gnu.so[0m
[17.759s] [ 93%] [32m[1mLinking C shared library rosidl_generator_py/turtlesim/turtlesim_s__rosidl_typesupport_fastrtps_c.cpython-310-x86_64-linux-gnu.so[0m
[17.818s] [ 93%] Built target turtlesim__rosidl_typesupport_introspection_c__pyext
[17.838s] [ 93%] Built target turtlesim__rosidl_typesupport_fastrtps_c__pyext
[17.854s] [ 94%] [32mBuilding C object CMakeFiles/turtlesim__rosidl_typesupport_c__pyext.dir/rosidl_generator_py/turtlesim/_turtlesim_s.ep.rosidl_typesupport_c.c.o[0m
[18.137s] [ 95%] [32m[1mLinking C shared library rosidl_generator_py/turtlesim/turtlesim_s__rosidl_typesupport_c.cpython-310-x86_64-linux-gnu.so[0m
[18.225s] [ 95%] Built target turtlesim__rosidl_typesupport_c__pyext
[20.383s] [ 96%] [32m[1mLinking CXX executable turtle_teleop_key[0m
[21.040s] [ 96%] Built target turtle_teleop_key
[23.986s] [ 97%] [32m[1mLinking CXX executable mimic[0m
[24.705s] [ 97%] Built target mimic
[25.198s] [ 98%] [32m[1mLinking CXX executable draw_square[0m
[25.950s] [ 98%] Built target draw_square
[28.349s] [100%] [32m[1mLinking CXX executable turtlesim_node[0m
[31.251s] [100%] Built target turtlesim_node
[31.264s] Invoked command in '/home/xukai/00-Learn/ros2-learning/ws01_plumbing/build/turtlesim' returned '0': CMAKE_PREFIX_PATH=/opt/ros/humble /usr/bin/cmake --build /home/xukai/00-Learn/ros2-learning/ws01_plumbing/build/turtlesim -- -j8 -l8
[31.518s] Invoking command in '/home/xukai/00-Learn/ros2-learning/ws01_plumbing/build/turtlesim': CMAKE_PREFIX_PATH=/opt/ros/humble /usr/bin/cmake --install /home/xukai/00-Learn/ros2-learning/ws01_plumbing/build/turtlesim
[31.526s] -- Install configuration: ""
[31.526s] -- Installing: /home/xukai/00-Learn/ros2-learning/ws01_plumbing/install/turtlesim/share/ament_index/resource_index/rosidl_interfaces/turtlesim
[31.526s] -- Installing: /home/xukai/00-Learn/ros2-learning/ws01_plumbing/install/turtlesim/include/turtlesim/turtlesim
[31.527s] -- Installing: /home/xukai/00-Learn/ros2-learning/ws01_plumbing/install/turtlesim/include/turtlesim/turtlesim/msg
[31.527s] -- Installing: /home/xukai/00-Learn/ros2-learning/ws01_plumbing/install/turtlesim/include/turtlesim/turtlesim/msg/rosidl_generator_c__visibility_control.h
[31.527s] -- Installing: /home/xukai/00-Learn/ros2-learning/ws01_plumbing/install/turtlesim/include/turtlesim/turtlesim/msg/pose.h
[31.527s] -- Installing: /home/xukai/00-Learn/ros2-learning/ws01_plumbing/install/turtlesim/include/turtlesim/turtlesim/msg/color.h
[31.528s] -- Installing: /home/xukai/00-Learn/ros2-learning/ws01_plumbing/install/turtlesim/include/turtlesim/turtlesim/msg/detail
[31.528s] -- Installing: /home/xukai/00-Learn/ros2-learning/ws01_plumbing/install/turtlesim/include/turtlesim/turtlesim/msg/detail/color__struct.h
[31.528s] -- Installing: /home/xukai/00-Learn/ros2-learning/ws01_plumbing/install/turtlesim/include/turtlesim/turtlesim/msg/detail/pose__struct.h
[31.528s] -- Installing: /home/xukai/00-Learn/ros2-learning/ws01_plumbing/install/turtlesim/include/turtlesim/turtlesim/msg/detail/color__functions.c
[31.528s] -- Installing: /home/xukai/00-Learn/ros2-learning/ws01_plumbing/install/turtlesim/include/turtlesim/turtlesim/msg/detail/pose__functions.c
[31.529s] -- Installing: /home/xukai/00-Learn/ros2-learning/ws01_plumbing/install/turtlesim/include/turtlesim/turtlesim/msg/detail/color__type_support.h
[31.529s] -- Installing: /home/xukai/00-Learn/ros2-learning/ws01_plumbing/install/turtlesim/include/turtlesim/turtlesim/msg/detail/pose__functions.h
[31.529s] -- Installing: /home/xukai/00-Learn/ros2-learning/ws01_plumbing/install/turtlesim/include/turtlesim/turtlesim/msg/detail/color__functions.h
[31.529s] -- Installing: /home/xukai/00-Learn/ros2-learning/ws01_plumbing/install/turtlesim/include/turtlesim/turtlesim/msg/detail/pose__type_support.h
[31.529s] -- Installing: /home/xukai/00-Learn/ros2-learning/ws01_plumbing/install/turtlesim/include/turtlesim/turtlesim/action
[31.530s] -- Installing: /home/xukai/00-Learn/ros2-learning/ws01_plumbing/install/turtlesim/include/turtlesim/turtlesim/action/rotate_absolute.h
[31.530s] -- Installing: /home/xukai/00-Learn/ros2-learning/ws01_plumbing/install/turtlesim/include/turtlesim/turtlesim/action/detail
[31.530s] -- Installing: /home/xukai/00-Learn/ros2-learning/ws01_plumbing/install/turtlesim/include/turtlesim/turtlesim/action/detail/rotate_absolute__functions.h
[31.530s] -- Installing: /home/xukai/00-Learn/ros2-learning/ws01_plumbing/install/turtlesim/include/turtlesim/turtlesim/action/detail/rotate_absolute__functions.c
[31.530s] -- Installing: /home/xukai/00-Learn/ros2-learning/ws01_plumbing/install/turtlesim/include/turtlesim/turtlesim/action/detail/rotate_absolute__struct.h
[31.530s] -- Installing: /home/xukai/00-Learn/ros2-learning/ws01_plumbing/install/turtlesim/include/turtlesim/turtlesim/action/detail/rotate_absolute__type_support.h
[31.531s] -- Installing: /home/xukai/00-Learn/ros2-learning/ws01_plumbing/install/turtlesim/include/turtlesim/turtlesim/srv
[31.531s] -- Installing: /home/xukai/00-Learn/ros2-learning/ws01_plumbing/install/turtlesim/include/turtlesim/turtlesim/srv/kill.h
[31.531s] -- Installing: /home/xukai/00-Learn/ros2-learning/ws01_plumbing/install/turtlesim/include/turtlesim/turtlesim/srv/teleport_absolute.h
[31.531s] -- Installing: /home/xukai/00-Learn/ros2-learning/ws01_plumbing/install/turtlesim/include/turtlesim/turtlesim/srv/spawn.h
[31.531s] -- Installing: /home/xukai/00-Learn/ros2-learning/ws01_plumbing/install/turtlesim/include/turtlesim/turtlesim/srv/detail
[31.531s] -- Installing: /home/xukai/00-Learn/ros2-learning/ws01_plumbing/install/turtlesim/include/turtlesim/turtlesim/srv/detail/teleport_absolute__struct.h
[31.532s] -- Installing: /home/xukai/00-Learn/ros2-learning/ws01_plumbing/install/turtlesim/include/turtlesim/turtlesim/srv/detail/set_pen__functions.c
[31.532s] -- Installing: /home/xukai/00-Learn/ros2-learning/ws01_plumbing/install/turtlesim/include/turtlesim/turtlesim/srv/detail/spawn__struct.h
[31.532s] -- Installing: /home/xukai/00-Learn/ros2-learning/ws01_plumbing/install/turtlesim/include/turtlesim/turtlesim/srv/detail/teleport_relative__functions.c
[31.532s] -- Installing: /home/xukai/00-Learn/ros2-learning/ws01_plumbing/install/turtlesim/include/turtlesim/turtlesim/srv/detail/teleport_absolute__type_support.h
[31.532s] -- Installing: /home/xukai/00-Learn/ros2-learning/ws01_plumbing/install/turtlesim/include/turtlesim/turtlesim/srv/detail/set_pen__type_support.h
[31.533s] -- Installing: /home/xukai/00-Learn/ros2-learning/ws01_plumbing/install/turtlesim/include/turtlesim/turtlesim/srv/detail/kill__struct.h
[31.533s] -- Installing: /home/xukai/00-Learn/ros2-learning/ws01_plumbing/install/turtlesim/include/turtlesim/turtlesim/srv/detail/kill__type_support.h
[31.533s] -- Installing: /home/xukai/00-Learn/ros2-learning/ws01_plumbing/install/turtlesim/include/turtlesim/turtlesim/srv/detail/teleport_absolute__functions.c
[31.533s] -- Installing: /home/xukai/00-Learn/ros2-learning/ws01_plumbing/install/turtlesim/include/turtlesim/turtlesim/srv/detail/teleport_absolute__functions.h
[31.533s] -- Installing: /home/xukai/00-Learn/ros2-learning/ws01_plumbing/install/turtlesim/include/turtlesim/turtlesim/srv/detail/kill__functions.h
[31.534s] -- Installing: /home/xukai/00-Learn/ros2-learning/ws01_plumbing/install/turtlesim/include/turtlesim/turtlesim/srv/detail/teleport_relative__functions.h
[31.534s] -- Installing: /home/xukai/00-Learn/ros2-learning/ws01_plumbing/install/turtlesim/include/turtlesim/turtlesim/srv/detail/set_pen__functions.h
[31.534s] -- Installing: /home/xukai/00-Learn/ros2-learning/ws01_plumbing/install/turtlesim/include/turtlesim/turtlesim/srv/detail/spawn__functions.h
[31.534s] -- Installing: /home/xukai/00-Learn/ros2-learning/ws01_plumbing/install/turtlesim/include/turtlesim/turtlesim/srv/detail/spawn__type_support.h
[31.534s] -- Installing: /home/xukai/00-Learn/ros2-learning/ws01_plumbing/install/turtlesim/include/turtlesim/turtlesim/srv/detail/spawn__functions.c
[31.535s] -- Installing: /home/xukai/00-Learn/ros2-learning/ws01_plumbing/install/turtlesim/include/turtlesim/turtlesim/srv/detail/kill__functions.c
[31.535s] -- Installing: /home/xukai/00-Learn/ros2-learning/ws01_plumbing/install/turtlesim/include/turtlesim/turtlesim/srv/detail/teleport_relative__type_support.h
[31.535s] -- Installing: /home/xukai/00-Learn/ros2-learning/ws01_plumbing/install/turtlesim/include/turtlesim/turtlesim/srv/detail/teleport_relative__struct.h
[31.535s] -- Installing: /home/xukai/00-Learn/ros2-learning/ws01_plumbing/install/turtlesim/include/turtlesim/turtlesim/srv/detail/set_pen__struct.h
[31.535s] -- Installing: /home/xukai/00-Learn/ros2-learning/ws01_plumbing/install/turtlesim/include/turtlesim/turtlesim/srv/teleport_relative.h
[31.535s] -- Installing: /home/xukai/00-Learn/ros2-learning/ws01_plumbing/install/turtlesim/include/turtlesim/turtlesim/srv/set_pen.h
[31.536s] -- Installing: /home/xukai/00-Learn/ros2-learning/ws01_plumbing/install/turtlesim/share/turtlesim/environment/library_path.sh
[31.536s] -- Installing: /home/xukai/00-Learn/ros2-learning/ws01_plumbing/install/turtlesim/share/turtlesim/environment/library_path.dsv
[31.536s] -- Installing: /home/xukai/00-Learn/ros2-learning/ws01_plumbing/install/turtlesim/lib/libturtlesim__rosidl_generator_c.so
[31.537s] -- Set runtime path of "/home/xukai/00-Learn/ros2-learning/ws01_plumbing/install/turtlesim/lib/libturtlesim__rosidl_generator_c.so" to ""
[31.537s] -- Up-to-date: /home/xukai/00-Learn/ros2-learning/ws01_plumbing/install/turtlesim/include/turtlesim/turtlesim
[31.537s] -- Up-to-date: /home/xukai/00-Learn/ros2-learning/ws01_plumbing/install/turtlesim/include/turtlesim/turtlesim/msg
[31.537s] -- Installing: /home/xukai/00-Learn/ros2-learning/ws01_plumbing/install/turtlesim/include/turtlesim/turtlesim/msg/rosidl_typesupport_fastrtps_c__visibility_control.h
[31.537s] -- Up-to-date: /home/xukai/00-Learn/ros2-learning/ws01_plumbing/install/turtlesim/include/turtlesim/turtlesim/msg/detail
[31.538s] -- Installing: /home/xukai/00-Learn/ros2-learning/ws01_plumbing/install/turtlesim/include/turtlesim/turtlesim/msg/detail/pose__rosidl_typesupport_fastrtps_c.h
[31.538s] -- Installing: /home/xukai/00-Learn/ros2-learning/ws01_plumbing/install/turtlesim/include/turtlesim/turtlesim/msg/detail/color__rosidl_typesupport_fastrtps_c.h
[31.538s] -- Up-to-date: /home/xukai/00-Learn/ros2-learning/ws01_plumbing/install/turtlesim/include/turtlesim/turtlesim/action
[31.538s] -- Up-to-date: /home/xukai/00-Learn/ros2-learning/ws01_plumbing/install/turtlesim/include/turtlesim/turtlesim/action/detail
[31.538s] -- Installing: /home/xukai/00-Learn/ros2-learning/ws01_plumbing/install/turtlesim/include/turtlesim/turtlesim/action/detail/rotate_absolute__rosidl_typesupport_fastrtps_c.h
[31.538s] -- Up-to-date: /home/xukai/00-Learn/ros2-learning/ws01_plumbing/install/turtlesim/include/turtlesim/turtlesim/srv
[31.539s] -- Up-to-date: /home/xukai/00-Learn/ros2-learning/ws01_plumbing/install/turtlesim/include/turtlesim/turtlesim/srv/detail
[31.539s] -- Installing: /home/xukai/00-Learn/ros2-learning/ws01_plumbing/install/turtlesim/include/turtlesim/turtlesim/srv/detail/spawn__rosidl_typesupport_fastrtps_c.h
[31.539s] -- Installing: /home/xukai/00-Learn/ros2-learning/ws01_plumbing/install/turtlesim/include/turtlesim/turtlesim/srv/detail/teleport_relative__rosidl_typesupport_fastrtps_c.h
[31.539s] -- Installing: /home/xukai/00-Learn/ros2-learning/ws01_plumbing/install/turtlesim/include/turtlesim/turtlesim/srv/detail/kill__rosidl_typesupport_fastrtps_c.h
[31.539s] -- Installing: /home/xukai/00-Learn/ros2-learning/ws01_plumbing/install/turtlesim/include/turtlesim/turtlesim/srv/detail/set_pen__rosidl_typesupport_fastrtps_c.h
[31.539s] -- Installing: /home/xukai/00-Learn/ros2-learning/ws01_plumbing/install/turtlesim/include/turtlesim/turtlesim/srv/detail/teleport_absolute__rosidl_typesupport_fastrtps_c.h
[31.540s] -- Installing: /home/xukai/00-Learn/ros2-learning/ws01_plumbing/install/turtlesim/lib/libturtlesim__rosidl_typesupport_fastrtps_c.so
[31.540s] -- Set runtime path of "/home/xukai/00-Learn/ros2-learning/ws01_plumbing/install/turtlesim/lib/libturtlesim__rosidl_typesupport_fastrtps_c.so" to ""
[31.540s] -- Up-to-date: /home/xukai/00-Learn/ros2-learning/ws01_plumbing/install/turtlesim/include/turtlesim/turtlesim
[31.540s] -- Up-to-date: /home/xukai/00-Learn/ros2-learning/ws01_plumbing/install/turtlesim/include/turtlesim/turtlesim/msg
[31.540s] -- Installing: /home/xukai/00-Learn/ros2-learning/ws01_plumbing/install/turtlesim/include/turtlesim/turtlesim/msg/pose.hpp
[31.540s] -- Installing: /home/xukai/00-Learn/ros2-learning/ws01_plumbing/install/turtlesim/include/turtlesim/turtlesim/msg/color.hpp
[31.540s] -- Up-to-date: /home/xukai/00-Learn/ros2-learning/ws01_plumbing/install/turtlesim/include/turtlesim/turtlesim/msg/detail
[31.541s] -- Installing: /home/xukai/00-Learn/ros2-learning/ws01_plumbing/install/turtlesim/include/turtlesim/turtlesim/msg/detail/pose__builder.hpp
[31.541s] -- Installing: /home/xukai/00-Learn/ros2-learning/ws01_plumbing/install/turtlesim/include/turtlesim/turtlesim/msg/detail/pose__struct.hpp
[31.541s] -- Installing: /home/xukai/00-Learn/ros2-learning/ws01_plumbing/install/turtlesim/include/turtlesim/turtlesim/msg/detail/color__struct.hpp
[31.541s] -- Installing: /home/xukai/00-Learn/ros2-learning/ws01_plumbing/install/turtlesim/include/turtlesim/turtlesim/msg/detail/color__traits.hpp
[31.542s] -- Installing: /home/xukai/00-Learn/ros2-learning/ws01_plumbing/install/turtlesim/include/turtlesim/turtlesim/msg/detail/color__builder.hpp
[31.542s] -- Installing: /home/xukai/00-Learn/ros2-learning/ws01_plumbing/install/turtlesim/include/turtlesim/turtlesim/msg/detail/pose__traits.hpp
[31.542s] -- Up-to-date: /home/xukai/00-Learn/ros2-learning/ws01_plumbing/install/turtlesim/include/turtlesim/turtlesim/action
[31.542s] -- Installing: /home/xukai/00-Learn/ros2-learning/ws01_plumbing/install/turtlesim/include/turtlesim/turtlesim/action/rotate_absolute.hpp
[31.542s] -- Up-to-date: /home/xukai/00-Learn/ros2-learning/ws01_plumbing/install/turtlesim/include/turtlesim/turtlesim/action/detail
[31.543s] -- Installing: /home/xukai/00-Learn/ros2-learning/ws01_plumbing/install/turtlesim/include/turtlesim/turtlesim/action/detail/rotate_absolute__traits.hpp
[31.543s] -- Installing: /home/xukai/00-Learn/ros2-learning/ws01_plumbing/install/turtlesim/include/turtlesim/turtlesim/action/detail/rotate_absolute__builder.hpp
[31.543s] -- Installing: /home/xukai/00-Learn/ros2-learning/ws01_plumbing/install/turtlesim/include/turtlesim/turtlesim/action/detail/rotate_absolute__struct.hpp
[31.543s] -- Up-to-date: /home/xukai/00-Learn/ros2-learning/ws01_plumbing/install/turtlesim/include/turtlesim/turtlesim/srv
[31.543s] -- Installing: /home/xukai/00-Learn/ros2-learning/ws01_plumbing/install/turtlesim/include/turtlesim/turtlesim/srv/kill.hpp
[31.544s] -- Installing: /home/xukai/00-Learn/ros2-learning/ws01_plumbing/install/turtlesim/include/turtlesim/turtlesim/srv/teleport_relative.hpp
[31.544s] -- Installing: /home/xukai/00-Learn/ros2-learning/ws01_plumbing/install/turtlesim/include/turtlesim/turtlesim/srv/spawn.hpp
[31.544s] -- Installing: /home/xukai/00-Learn/ros2-learning/ws01_plumbing/install/turtlesim/include/turtlesim/turtlesim/srv/teleport_absolute.hpp
[31.544s] -- Installing: /home/xukai/00-Learn/ros2-learning/ws01_plumbing/install/turtlesim/include/turtlesim/turtlesim/srv/set_pen.hpp
[31.544s] -- Up-to-date: /home/xukai/00-Learn/ros2-learning/ws01_plumbing/install/turtlesim/include/turtlesim/turtlesim/srv/detail
[31.545s] -- Installing: /home/xukai/00-Learn/ros2-learning/ws01_plumbing/install/turtlesim/include/turtlesim/turtlesim/srv/detail/kill__traits.hpp
[31.545s] -- Installing: /home/xukai/00-Learn/ros2-learning/ws01_plumbing/install/turtlesim/include/turtlesim/turtlesim/srv/detail/teleport_absolute__builder.hpp
[31.545s] -- Installing: /home/xukai/00-Learn/ros2-learning/ws01_plumbing/install/turtlesim/include/turtlesim/turtlesim/srv/detail/teleport_relative__struct.hpp
[31.545s] -- Installing: /home/xukai/00-Learn/ros2-learning/ws01_plumbing/install/turtlesim/include/turtlesim/turtlesim/srv/detail/spawn__traits.hpp
[31.545s] -- Installing: /home/xukai/00-Learn/ros2-learning/ws01_plumbing/install/turtlesim/include/turtlesim/turtlesim/srv/detail/teleport_relative__builder.hpp
[31.545s] -- Installing: /home/xukai/00-Learn/ros2-learning/ws01_plumbing/install/turtlesim/include/turtlesim/turtlesim/srv/detail/teleport_absolute__struct.hpp
[31.545s] -- Installing: /home/xukai/00-Learn/ros2-learning/ws01_plumbing/install/turtlesim/include/turtlesim/turtlesim/srv/detail/kill__builder.hpp
[31.545s] -- Installing: /home/xukai/00-Learn/ros2-learning/ws01_plumbing/install/turtlesim/include/turtlesim/turtlesim/srv/detail/set_pen__traits.hpp
[31.546s] -- Installing: /home/xukai/00-Learn/ros2-learning/ws01_plumbing/install/turtlesim/include/turtlesim/turtlesim/srv/detail/set_pen__builder.hpp
[31.546s] -- Installing: /home/xukai/00-Learn/ros2-learning/ws01_plumbing/install/turtlesim/include/turtlesim/turtlesim/srv/detail/teleport_absolute__traits.hpp
[31.546s] -- Installing: /home/xukai/00-Learn/ros2-learning/ws01_plumbing/install/turtlesim/include/turtlesim/turtlesim/srv/detail/spawn__builder.hpp
[31.546s] -- Installing: /home/xukai/00-Learn/ros2-learning/ws01_plumbing/install/turtlesim/include/turtlesim/turtlesim/srv/detail/set_pen__struct.hpp
[31.546s] -- Installing: /home/xukai/00-Learn/ros2-learning/ws01_plumbing/install/turtlesim/include/turtlesim/turtlesim/srv/detail/spawn__struct.hpp
[31.546s] -- Installing: /home/xukai/00-Learn/ros2-learning/ws01_plumbing/install/turtlesim/include/turtlesim/turtlesim/srv/detail/teleport_relative__traits.hpp
[31.546s] -- Installing: /home/xukai/00-Learn/ros2-learning/ws01_plumbing/install/turtlesim/include/turtlesim/turtlesim/srv/detail/kill__struct.hpp
[31.547s] -- Up-to-date: /home/xukai/00-Learn/ros2-learning/ws01_plumbing/install/turtlesim/include/turtlesim/turtlesim
[31.547s] -- Up-to-date: /home/xukai/00-Learn/ros2-learning/ws01_plumbing/install/turtlesim/include/turtlesim/turtlesim/msg
[31.547s] -- Up-to-date: /home/xukai/00-Learn/ros2-learning/ws01_plumbing/install/turtlesim/include/turtlesim/turtlesim/msg/detail
[31.547s] -- Installing: /home/xukai/00-Learn/ros2-learning/ws01_plumbing/install/turtlesim/include/turtlesim/turtlesim/msg/detail/dds_fastrtps
[31.547s] -- Installing: /home/xukai/00-Learn/ros2-learning/ws01_plumbing/install/turtlesim/include/turtlesim/turtlesim/msg/detail/color__rosidl_typesupport_fastrtps_cpp.hpp
[31.547s] -- Installing: /home/xukai/00-Learn/ros2-learning/ws01_plumbing/install/turtlesim/include/turtlesim/turtlesim/msg/detail/pose__rosidl_typesupport_fastrtps_cpp.hpp
[31.547s] -- Installing: /home/xukai/00-Learn/ros2-learning/ws01_plumbing/install/turtlesim/include/turtlesim/turtlesim/msg/rosidl_typesupport_fastrtps_cpp__visibility_control.h
[31.547s] -- Up-to-date: /home/xukai/00-Learn/ros2-learning/ws01_plumbing/install/turtlesim/include/turtlesim/turtlesim/action
[31.547s] -- Up-to-date: /home/xukai/00-Learn/ros2-learning/ws01_plumbing/install/turtlesim/include/turtlesim/turtlesim/action/detail
[31.547s] -- Installing: /home/xukai/00-Learn/ros2-learning/ws01_plumbing/install/turtlesim/include/turtlesim/turtlesim/action/detail/dds_fastrtps
[31.548s] -- Installing: /home/xukai/00-Learn/ros2-learning/ws01_plumbing/install/turtlesim/include/turtlesim/turtlesim/action/detail/rotate_absolute__rosidl_typesupport_fastrtps_cpp.hpp
[31.548s] -- Up-to-date: /home/xukai/00-Learn/ros2-learning/ws01_plumbing/install/turtlesim/include/turtlesim/turtlesim/srv
[31.548s] -- Up-to-date: /home/xukai/00-Learn/ros2-learning/ws01_plumbing/install/turtlesim/include/turtlesim/turtlesim/srv/detail
[31.548s] -- Installing: /home/xukai/00-Learn/ros2-learning/ws01_plumbing/install/turtlesim/include/turtlesim/turtlesim/srv/detail/dds_fastrtps
[31.548s] -- Installing: /home/xukai/00-Learn/ros2-learning/ws01_plumbing/install/turtlesim/include/turtlesim/turtlesim/srv/detail/teleport_relative__rosidl_typesupport_fastrtps_cpp.hpp
[31.548s] -- Installing: /home/xukai/00-Learn/ros2-learning/ws01_plumbing/install/turtlesim/include/turtlesim/turtlesim/srv/detail/set_pen__rosidl_typesupport_fastrtps_cpp.hpp
[31.548s] -- Installing: /home/xukai/00-Learn/ros2-learning/ws01_plumbing/install/turtlesim/include/turtlesim/turtlesim/srv/detail/teleport_absolute__rosidl_typesupport_fastrtps_cpp.hpp
[31.548s] -- Installing: /home/xukai/00-Learn/ros2-learning/ws01_plumbing/install/turtlesim/include/turtlesim/turtlesim/srv/detail/kill__rosidl_typesupport_fastrtps_cpp.hpp
[31.548s] -- Installing: /home/xukai/00-Learn/ros2-learning/ws01_plumbing/install/turtlesim/include/turtlesim/turtlesim/srv/detail/spawn__rosidl_typesupport_fastrtps_cpp.hpp
[31.548s] -- Installing: /home/xukai/00-Learn/ros2-learning/ws01_plumbing/install/turtlesim/lib/libturtlesim__rosidl_typesupport_fastrtps_cpp.so
[31.549s] -- Set runtime path of "/home/xukai/00-Learn/ros2-learning/ws01_plumbing/install/turtlesim/lib/libturtlesim__rosidl_typesupport_fastrtps_cpp.so" to ""
[31.549s] -- Up-to-date: /home/xukai/00-Learn/ros2-learning/ws01_plumbing/install/turtlesim/include/turtlesim/turtlesim
[31.549s] -- Up-to-date: /home/xukai/00-Learn/ros2-learning/ws01_plumbing/install/turtlesim/include/turtlesim/turtlesim/msg
[31.549s] -- Installing: /home/xukai/00-Learn/ros2-learning/ws01_plumbing/install/turtlesim/include/turtlesim/turtlesim/msg/rosidl_typesupport_introspection_c__visibility_control.h
[31.549s] -- Up-to-date: /home/xukai/00-Learn/ros2-learning/ws01_plumbing/install/turtlesim/include/turtlesim/turtlesim/msg/detail
[31.550s] -- Installing: /home/xukai/00-Learn/ros2-learning/ws01_plumbing/install/turtlesim/include/turtlesim/turtlesim/msg/detail/color__type_support.c
[31.550s] -- Installing: /home/xukai/00-Learn/ros2-learning/ws01_plumbing/install/turtlesim/include/turtlesim/turtlesim/msg/detail/color__rosidl_typesupport_introspection_c.h
[31.550s] -- Installing: /home/xukai/00-Learn/ros2-learning/ws01_plumbing/install/turtlesim/include/turtlesim/turtlesim/msg/detail/pose__type_support.c
[31.550s] -- Installing: /home/xukai/00-Learn/ros2-learning/ws01_plumbing/install/turtlesim/include/turtlesim/turtlesim/msg/detail/pose__rosidl_typesupport_introspection_c.h
[31.551s] -- Up-to-date: /home/xukai/00-Learn/ros2-learning/ws01_plumbing/install/turtlesim/include/turtlesim/turtlesim/action
[31.551s] -- Up-to-date: /home/xukai/00-Learn/ros2-learning/ws01_plumbing/install/turtlesim/include/turtlesim/turtlesim/action/detail
[31.551s] -- Installing: /home/xukai/00-Learn/ros2-learning/ws01_plumbing/install/turtlesim/include/turtlesim/turtlesim/action/detail/rotate_absolute__rosidl_typesupport_introspection_c.h
[31.551s] -- Installing: /home/xukai/00-Learn/ros2-learning/ws01_plumbing/install/turtlesim/include/turtlesim/turtlesim/action/detail/rotate_absolute__type_support.c
[31.551s] -- Up-to-date: /home/xukai/00-Learn/ros2-learning/ws01_plumbing/install/turtlesim/include/turtlesim/turtlesim/srv
[31.551s] -- Up-to-date: /home/xukai/00-Learn/ros2-learning/ws01_plumbing/install/turtlesim/include/turtlesim/turtlesim/srv/detail
[31.552s] -- Installing: /home/xukai/00-Learn/ros2-learning/ws01_plumbing/install/turtlesim/include/turtlesim/turtlesim/srv/detail/teleport_relative__rosidl_typesupport_introspection_c.h
[31.552s] -- Installing: /home/xukai/00-Learn/ros2-learning/ws01_plumbing/install/turtlesim/include/turtlesim/turtlesim/srv/detail/kill__rosidl_typesupport_introspection_c.h
[31.552s] -- Installing: /home/xukai/00-Learn/ros2-learning/ws01_plumbing/install/turtlesim/include/turtlesim/turtlesim/srv/detail/teleport_absolute__rosidl_typesupport_introspection_c.h
[31.552s] -- Installing: /home/xukai/00-Learn/ros2-learning/ws01_plumbing/install/turtlesim/include/turtlesim/turtlesim/srv/detail/set_pen__type_support.c
[31.552s] -- Installing: /home/xukai/00-Learn/ros2-learning/ws01_plumbing/install/turtlesim/include/turtlesim/turtlesim/srv/detail/set_pen__rosidl_typesupport_introspection_c.h
[31.552s] -- Installing: /home/xukai/00-Learn/ros2-learning/ws01_plumbing/install/turtlesim/include/turtlesim/turtlesim/srv/detail/spawn__rosidl_typesupport_introspection_c.h
[31.552s] -- Installing: /home/xukai/00-Learn/ros2-learning/ws01_plumbing/install/turtlesim/include/turtlesim/turtlesim/srv/detail/kill__type_support.c
[31.552s] -- Installing: /home/xukai/00-Learn/ros2-learning/ws01_plumbing/install/turtlesim/include/turtlesim/turtlesim/srv/detail/teleport_relative__type_support.c
[31.553s] -- Installing: /home/xukai/00-Learn/ros2-learning/ws01_plumbing/install/turtlesim/include/turtlesim/turtlesim/srv/detail/spawn__type_support.c
[31.553s] -- Installing: /home/xukai/00-Learn/ros2-learning/ws01_plumbing/install/turtlesim/include/turtlesim/turtlesim/srv/detail/teleport_absolute__type_support.c
[31.553s] -- Installing: /home/xukai/00-Learn/ros2-learning/ws01_plumbing/install/turtlesim/lib/libturtlesim__rosidl_typesupport_introspection_c.so
[31.553s] -- Set runtime path of "/home/xukai/00-Learn/ros2-learning/ws01_plumbing/install/turtlesim/lib/libturtlesim__rosidl_typesupport_introspection_c.so" to ""
[31.553s] -- Installing: /home/xukai/00-Learn/ros2-learning/ws01_plumbing/install/turtlesim/lib/libturtlesim__rosidl_typesupport_c.so
[31.554s] -- Set runtime path of "/home/xukai/00-Learn/ros2-learning/ws01_plumbing/install/turtlesim/lib/libturtlesim__rosidl_typesupport_c.so" to ""
[31.554s] -- Up-to-date: /home/xukai/00-Learn/ros2-learning/ws01_plumbing/install/turtlesim/include/turtlesim/turtlesim
[31.554s] -- Up-to-date: /home/xukai/00-Learn/ros2-learning/ws01_plumbing/install/turtlesim/include/turtlesim/turtlesim/msg
[31.555s] -- Up-to-date: /home/xukai/00-Learn/ros2-learning/ws01_plumbing/install/turtlesim/include/turtlesim/turtlesim/msg/detail
[31.555s] -- Installing: /home/xukai/00-Learn/ros2-learning/ws01_plumbing/install/turtlesim/include/turtlesim/turtlesim/msg/detail/color__type_support.cpp
[31.555s] -- Installing: /home/xukai/00-Learn/ros2-learning/ws01_plumbing/install/turtlesim/include/turtlesim/turtlesim/msg/detail/color__rosidl_typesupport_introspection_cpp.hpp
[31.555s] -- Installing: /home/xukai/00-Learn/ros2-learning/ws01_plumbing/install/turtlesim/include/turtlesim/turtlesim/msg/detail/pose__type_support.cpp
[31.555s] -- Installing: /home/xukai/00-Learn/ros2-learning/ws01_plumbing/install/turtlesim/include/turtlesim/turtlesim/msg/detail/pose__rosidl_typesupport_introspection_cpp.hpp
[31.555s] -- Up-to-date: /home/xukai/00-Learn/ros2-learning/ws01_plumbing/install/turtlesim/include/turtlesim/turtlesim/action
[31.555s] -- Up-to-date: /home/xukai/00-Learn/ros2-learning/ws01_plumbing/install/turtlesim/include/turtlesim/turtlesim/action/detail
[31.555s] -- Installing: /home/xukai/00-Learn/ros2-learning/ws01_plumbing/install/turtlesim/include/turtlesim/turtlesim/action/detail/rotate_absolute__rosidl_typesupport_introspection_cpp.hpp
[31.555s] -- Installing: /home/xukai/00-Learn/ros2-learning/ws01_plumbing/install/turtlesim/include/turtlesim/turtlesim/action/detail/rotate_absolute__type_support.cpp
[31.556s] -- Up-to-date: /home/xukai/00-Learn/ros2-learning/ws01_plumbing/install/turtlesim/include/turtlesim/turtlesim/srv
[31.556s] -- Up-to-date: /home/xukai/00-Learn/ros2-learning/ws01_plumbing/install/turtlesim/include/turtlesim/turtlesim/srv/detail
[31.556s] -- Installing: /home/xukai/00-Learn/ros2-learning/ws01_plumbing/install/turtlesim/include/turtlesim/turtlesim/srv/detail/kill__type_support.cpp
[31.556s] -- Installing: /home/xukai/00-Learn/ros2-learning/ws01_plumbing/install/turtlesim/include/turtlesim/turtlesim/srv/detail/teleport_absolute__type_support.cpp
[31.556s] -- Installing: /home/xukai/00-Learn/ros2-learning/ws01_plumbing/install/turtlesim/include/turtlesim/turtlesim/srv/detail/set_pen__type_support.cpp
[31.556s] -- Installing: /home/xukai/00-Learn/ros2-learning/ws01_plumbing/install/turtlesim/include/turtlesim/turtlesim/srv/detail/spawn__type_support.cpp
[31.556s] -- Installing: /home/xukai/00-Learn/ros2-learning/ws01_plumbing/install/turtlesim/include/turtlesim/turtlesim/srv/detail/teleport_absolute__rosidl_typesupport_introspection_cpp.hpp
[31.557s] -- Installing: /home/xukai/00-Learn/ros2-learning/ws01_plumbing/install/turtlesim/include/turtlesim/turtlesim/srv/detail/set_pen__rosidl_typesupport_introspection_cpp.hpp
[31.557s] -- Installing: /home/xukai/00-Learn/ros2-learning/ws01_plumbing/install/turtlesim/include/turtlesim/turtlesim/srv/detail/kill__rosidl_typesupport_introspection_cpp.hpp
[31.557s] -- Installing: /home/xukai/00-Learn/ros2-learning/ws01_plumbing/install/turtlesim/include/turtlesim/turtlesim/srv/detail/spawn__rosidl_typesupport_introspection_cpp.hpp
[31.557s] -- Installing: /home/xukai/00-Learn/ros2-learning/ws01_plumbing/install/turtlesim/include/turtlesim/turtlesim/srv/detail/teleport_relative__rosidl_typesupport_introspection_cpp.hpp
[31.557s] -- Installing: /home/xukai/00-Learn/ros2-learning/ws01_plumbing/install/turtlesim/include/turtlesim/turtlesim/srv/detail/teleport_relative__type_support.cpp
[31.557s] -- Installing: /home/xukai/00-Learn/ros2-learning/ws01_plumbing/install/turtlesim/lib/libturtlesim__rosidl_typesupport_introspection_cpp.so
[31.558s] -- Set runtime path of "/home/xukai/00-Learn/ros2-learning/ws01_plumbing/install/turtlesim/lib/libturtlesim__rosidl_typesupport_introspection_cpp.so" to ""
[31.558s] -- Installing: /home/xukai/00-Learn/ros2-learning/ws01_plumbing/install/turtlesim/lib/libturtlesim__rosidl_typesupport_cpp.so
[31.559s] -- Set runtime path of "/home/xukai/00-Learn/ros2-learning/ws01_plumbing/install/turtlesim/lib/libturtlesim__rosidl_typesupport_cpp.so" to ""
[31.559s] -- Installing: /home/xukai/00-Learn/ros2-learning/ws01_plumbing/install/turtlesim/share/turtlesim/environment/pythonpath.sh
[31.559s] -- Installing: /home/xukai/00-Learn/ros2-learning/ws01_plumbing/install/turtlesim/share/turtlesim/environment/pythonpath.dsv
[31.559s] -- Installing: /home/xukai/00-Learn/ros2-learning/ws01_plumbing/install/turtlesim/local/lib/python3.10/dist-packages/turtlesim-1.4.2-py3.10.egg-info
[31.559s] -- Installing: /home/xukai/00-Learn/ros2-learning/ws01_plumbing/install/turtlesim/local/lib/python3.10/dist-packages/turtlesim-1.4.2-py3.10.egg-info/SOURCES.txt
[31.560s] -- Installing: /home/xukai/00-Learn/ros2-learning/ws01_plumbing/install/turtlesim/local/lib/python3.10/dist-packages/turtlesim-1.4.2-py3.10.egg-info/top_level.txt
[31.560s] -- Installing: /home/xukai/00-Learn/ros2-learning/ws01_plumbing/install/turtlesim/local/lib/python3.10/dist-packages/turtlesim-1.4.2-py3.10.egg-info/PKG-INFO
[31.560s] -- Installing: /home/xukai/00-Learn/ros2-learning/ws01_plumbing/install/turtlesim/local/lib/python3.10/dist-packages/turtlesim-1.4.2-py3.10.egg-info/dependency_links.txt
[31.560s] -- Installing: /home/xukai/00-Learn/ros2-learning/ws01_plumbing/install/turtlesim/local/lib/python3.10/dist-packages/turtlesim
[31.560s] -- Installing: /home/xukai/00-Learn/ros2-learning/ws01_plumbing/install/turtlesim/local/lib/python3.10/dist-packages/turtlesim/turtlesim_s__rosidl_typesupport_fastrtps_c.cpython-310-x86_64-linux-gnu.so
[31.560s] -- Installing: /home/xukai/00-Learn/ros2-learning/ws01_plumbing/install/turtlesim/local/lib/python3.10/dist-packages/turtlesim/msg
[31.560s] -- Installing: /home/xukai/00-Learn/ros2-learning/ws01_plumbing/install/turtlesim/local/lib/python3.10/dist-packages/turtlesim/msg/_pose.py
[31.561s] -- Installing: /home/xukai/00-Learn/ros2-learning/ws01_plumbing/install/turtlesim/local/lib/python3.10/dist-packages/turtlesim/msg/_pose_s.c
[31.561s] -- Installing: /home/xukai/00-Learn/ros2-learning/ws01_plumbing/install/turtlesim/local/lib/python3.10/dist-packages/turtlesim/msg/_color.py
[31.561s] -- Installing: /home/xukai/00-Learn/ros2-learning/ws01_plumbing/install/turtlesim/local/lib/python3.10/dist-packages/turtlesim/msg/__init__.py
[31.561s] -- Installing: /home/xukai/00-Learn/ros2-learning/ws01_plumbing/install/turtlesim/local/lib/python3.10/dist-packages/turtlesim/msg/_color_s.c
[31.561s] -- Installing: /home/xukai/00-Learn/ros2-learning/ws01_plumbing/install/turtlesim/local/lib/python3.10/dist-packages/turtlesim/action
[31.561s] -- Installing: /home/xukai/00-Learn/ros2-learning/ws01_plumbing/install/turtlesim/local/lib/python3.10/dist-packages/turtlesim/action/_rotate_absolute_s.c
[31.561s] -- Installing: /home/xukai/00-Learn/ros2-learning/ws01_plumbing/install/turtlesim/local/lib/python3.10/dist-packages/turtlesim/action/__init__.py
[31.562s] -- Installing: /home/xukai/00-Learn/ros2-learning/ws01_plumbing/install/turtlesim/local/lib/python3.10/dist-packages/turtlesim/action/_rotate_absolute.py
[31.562s] -- Installing: /home/xukai/00-Learn/ros2-learning/ws01_plumbing/install/turtlesim/local/lib/python3.10/dist-packages/turtlesim/turtlesim_s__rosidl_typesupport_c.cpython-310-x86_64-linux-gnu.so
[31.562s] -- Installing: /home/xukai/00-Learn/ros2-learning/ws01_plumbing/install/turtlesim/local/lib/python3.10/dist-packages/turtlesim/libturtlesim__rosidl_generator_py.so
[31.562s] -- Installing: /home/xukai/00-Learn/ros2-learning/ws01_plumbing/install/turtlesim/local/lib/python3.10/dist-packages/turtlesim/srv
[31.562s] -- Installing: /home/xukai/00-Learn/ros2-learning/ws01_plumbing/install/turtlesim/local/lib/python3.10/dist-packages/turtlesim/srv/_kill.py
[31.563s] -- Installing: /home/xukai/00-Learn/ros2-learning/ws01_plumbing/install/turtlesim/local/lib/python3.10/dist-packages/turtlesim/srv/_set_pen.py
[31.563s] -- Installing: /home/xukai/00-Learn/ros2-learning/ws01_plumbing/install/turtlesim/local/lib/python3.10/dist-packages/turtlesim/srv/_set_pen_s.c
[31.563s] -- Installing: /home/xukai/00-Learn/ros2-learning/ws01_plumbing/install/turtlesim/local/lib/python3.10/dist-packages/turtlesim/srv/_teleport_relative_s.c
[31.563s] -- Installing: /home/xukai/00-Learn/ros2-learning/ws01_plumbing/install/turtlesim/local/lib/python3.10/dist-packages/turtlesim/srv/_kill_s.c
[31.563s] -- Installing: /home/xukai/00-Learn/ros2-learning/ws01_plumbing/install/turtlesim/local/lib/python3.10/dist-packages/turtlesim/srv/_teleport_absolute.py
[31.563s] -- Installing: /home/xukai/00-Learn/ros2-learning/ws01_plumbing/install/turtlesim/local/lib/python3.10/dist-packages/turtlesim/srv/_teleport_absolute_s.c
[31.564s] -- Installing: /home/xukai/00-Learn/ros2-learning/ws01_plumbing/install/turtlesim/local/lib/python3.10/dist-packages/turtlesim/srv/__init__.py
[31.564s] -- Installing: /home/xukai/00-Learn/ros2-learning/ws01_plumbing/install/turtlesim/local/lib/python3.10/dist-packages/turtlesim/srv/_teleport_relative.py
[31.564s] -- Installing: /home/xukai/00-Learn/ros2-learning/ws01_plumbing/install/turtlesim/local/lib/python3.10/dist-packages/turtlesim/srv/_spawn_s.c
[31.564s] -- Installing: /home/xukai/00-Learn/ros2-learning/ws01_plumbing/install/turtlesim/local/lib/python3.10/dist-packages/turtlesim/srv/_spawn.py
[31.564s] -- Installing: /home/xukai/00-Learn/ros2-learning/ws01_plumbing/install/turtlesim/local/lib/python3.10/dist-packages/turtlesim/_turtlesim_s.ep.rosidl_typesupport_introspection_c.c
[31.564s] -- Installing: /home/xukai/00-Learn/ros2-learning/ws01_plumbing/install/turtlesim/local/lib/python3.10/dist-packages/turtlesim/_turtlesim_s.ep.rosidl_typesupport_fastrtps_c.c
[31.565s] -- Installing: /home/xukai/00-Learn/ros2-learning/ws01_plumbing/install/turtlesim/local/lib/python3.10/dist-packages/turtlesim/__init__.py
[31.565s] -- Installing: /home/xukai/00-Learn/ros2-learning/ws01_plumbing/install/turtlesim/local/lib/python3.10/dist-packages/turtlesim/turtlesim_s__rosidl_typesupport_introspection_c.cpython-310-x86_64-linux-gnu.so
[31.565s] -- Installing: /home/xukai/00-Learn/ros2-learning/ws01_plumbing/install/turtlesim/local/lib/python3.10/dist-packages/turtlesim/_turtlesim_s.ep.rosidl_typesupport_c.c
[31.618s] Listing '/home/xukai/00-Learn/ros2-learning/ws01_plumbing/install/turtlesim/local/lib/python3.10/dist-packages/turtlesim'...
[31.618s] Compiling '/home/xukai/00-Learn/ros2-learning/ws01_plumbing/install/turtlesim/local/lib/python3.10/dist-packages/turtlesim/__init__.py'...
[31.618s] Listing '/home/xukai/00-Learn/ros2-learning/ws01_plumbing/install/turtlesim/local/lib/python3.10/dist-packages/turtlesim/action'...
[31.618s] Compiling '/home/xukai/00-Learn/ros2-learning/ws01_plumbing/install/turtlesim/local/lib/python3.10/dist-packages/turtlesim/action/__init__.py'...
[31.618s] Compiling '/home/xukai/00-Learn/ros2-learning/ws01_plumbing/install/turtlesim/local/lib/python3.10/dist-packages/turtlesim/action/_rotate_absolute.py'...
[31.618s] Listing '/home/xukai/00-Learn/ros2-learning/ws01_plumbing/install/turtlesim/local/lib/python3.10/dist-packages/turtlesim/msg'...
[31.618s] Compiling '/home/xukai/00-Learn/ros2-learning/ws01_plumbing/install/turtlesim/local/lib/python3.10/dist-packages/turtlesim/msg/__init__.py'...
[31.618s] Compiling '/home/xukai/00-Learn/ros2-learning/ws01_plumbing/install/turtlesim/local/lib/python3.10/dist-packages/turtlesim/msg/_color.py'...
[31.618s] Compiling '/home/xukai/00-Learn/ros2-learning/ws01_plumbing/install/turtlesim/local/lib/python3.10/dist-packages/turtlesim/msg/_pose.py'...
[31.618s] Listing '/home/xukai/00-Learn/ros2-learning/ws01_plumbing/install/turtlesim/local/lib/python3.10/dist-packages/turtlesim/srv'...
[31.618s] Compiling '/home/xukai/00-Learn/ros2-learning/ws01_plumbing/install/turtlesim/local/lib/python3.10/dist-packages/turtlesim/srv/__init__.py'...
[31.618s] Compiling '/home/xukai/00-Learn/ros2-learning/ws01_plumbing/install/turtlesim/local/lib/python3.10/dist-packages/turtlesim/srv/_kill.py'...
[31.619s] Compiling '/home/xukai/00-Learn/ros2-learning/ws01_plumbing/install/turtlesim/local/lib/python3.10/dist-packages/turtlesim/srv/_set_pen.py'...
[31.619s] Compiling '/home/xukai/00-Learn/ros2-learning/ws01_plumbing/install/turtlesim/local/lib/python3.10/dist-packages/turtlesim/srv/_spawn.py'...
[31.619s] Compiling '/home/xukai/00-Learn/ros2-learning/ws01_plumbing/install/turtlesim/local/lib/python3.10/dist-packages/turtlesim/srv/_teleport_absolute.py'...
[31.619s] Compiling '/home/xukai/00-Learn/ros2-learning/ws01_plumbing/install/turtlesim/local/lib/python3.10/dist-packages/turtlesim/srv/_teleport_relative.py'...
[31.622s] -- Installing: /home/xukai/00-Learn/ros2-learning/ws01_plumbing/install/turtlesim/local/lib/python3.10/dist-packages/turtlesim/turtlesim_s__rosidl_typesupport_fastrtps_c.cpython-310-x86_64-linux-gnu.so
[31.623s] -- Set runtime path of "/home/xukai/00-Learn/ros2-learning/ws01_plumbing/install/turtlesim/local/lib/python3.10/dist-packages/turtlesim/turtlesim_s__rosidl_typesupport_fastrtps_c.cpython-310-x86_64-linux-gnu.so" to ""
[31.623s] -- Installing: /home/xukai/00-Learn/ros2-learning/ws01_plumbing/install/turtlesim/local/lib/python3.10/dist-packages/turtlesim/turtlesim_s__rosidl_typesupport_introspection_c.cpython-310-x86_64-linux-gnu.so
[31.624s] -- Set runtime path of "/home/xukai/00-Learn/ros2-learning/ws01_plumbing/install/turtlesim/local/lib/python3.10/dist-packages/turtlesim/turtlesim_s__rosidl_typesupport_introspection_c.cpython-310-x86_64-linux-gnu.so" to ""
[31.624s] -- Installing: /home/xukai/00-Learn/ros2-learning/ws01_plumbing/install/turtlesim/local/lib/python3.10/dist-packages/turtlesim/turtlesim_s__rosidl_typesupport_c.cpython-310-x86_64-linux-gnu.so
[31.625s] -- Set runtime path of "/home/xukai/00-Learn/ros2-learning/ws01_plumbing/install/turtlesim/local/lib/python3.10/dist-packages/turtlesim/turtlesim_s__rosidl_typesupport_c.cpython-310-x86_64-linux-gnu.so" to ""
[31.625s] -- Installing: /home/xukai/00-Learn/ros2-learning/ws01_plumbing/install/turtlesim/lib/libturtlesim__rosidl_generator_py.so
[31.625s] -- Set runtime path of "/home/xukai/00-Learn/ros2-learning/ws01_plumbing/install/turtlesim/lib/libturtlesim__rosidl_generator_py.so" to ""
[31.625s] -- Installing: /home/xukai/00-Learn/ros2-learning/ws01_plumbing/install/turtlesim/share/turtlesim/action/RotateAbsolute.idl
[31.625s] -- Installing: /home/xukai/00-Learn/ros2-learning/ws01_plumbing/install/turtlesim/share/turtlesim/msg/Color.idl
[31.626s] -- Installing: /home/xukai/00-Learn/ros2-learning/ws01_plumbing/install/turtlesim/share/turtlesim/msg/Pose.idl
[31.626s] -- Installing: /home/xukai/00-Learn/ros2-learning/ws01_plumbing/install/turtlesim/share/turtlesim/srv/Kill.idl
[31.626s] -- Installing: /home/xukai/00-Learn/ros2-learning/ws01_plumbing/install/turtlesim/share/turtlesim/srv/SetPen.idl
[31.627s] -- Installing: /home/xukai/00-Learn/ros2-learning/ws01_plumbing/install/turtlesim/share/turtlesim/srv/Spawn.idl
[31.627s] -- Installing: /home/xukai/00-Learn/ros2-learning/ws01_plumbing/install/turtlesim/share/turtlesim/srv/TeleportAbsolute.idl
[31.627s] -- Installing: /home/xukai/00-Learn/ros2-learning/ws01_plumbing/install/turtlesim/share/turtlesim/srv/TeleportRelative.idl
[31.627s] -- Installing: /home/xukai/00-Learn/ros2-learning/ws01_plumbing/install/turtlesim/share/turtlesim/action/RotateAbsolute.action
[31.627s] -- Installing: /home/xukai/00-Learn/ros2-learning/ws01_plumbing/install/turtlesim/share/turtlesim/msg/Color.msg
[31.627s] -- Installing: /home/xukai/00-Learn/ros2-learning/ws01_plumbing/install/turtlesim/share/turtlesim/msg/Pose.msg
[31.628s] -- Installing: /home/xukai/00-Learn/ros2-learning/ws01_plumbing/install/turtlesim/share/turtlesim/srv/Kill.srv
[31.628s] -- Installing: /home/xukai/00-Learn/ros2-learning/ws01_plumbing/install/turtlesim/share/turtlesim/srv/Kill_Request.msg
[31.628s] -- Installing: /home/xukai/00-Learn/ros2-learning/ws01_plumbing/install/turtlesim/share/turtlesim/srv/Kill_Response.msg
[31.628s] -- Installing: /home/xukai/00-Learn/ros2-learning/ws01_plumbing/install/turtlesim/share/turtlesim/srv/SetPen.srv
[31.628s] -- Installing: /home/xukai/00-Learn/ros2-learning/ws01_plumbing/install/turtlesim/share/turtlesim/srv/SetPen_Request.msg
[31.628s] -- Installing: /home/xukai/00-Learn/ros2-learning/ws01_plumbing/install/turtlesim/share/turtlesim/srv/SetPen_Response.msg
[31.629s] -- Installing: /home/xukai/00-Learn/ros2-learning/ws01_plumbing/install/turtlesim/share/turtlesim/srv/Spawn.srv
[31.629s] -- Installing: /home/xukai/00-Learn/ros2-learning/ws01_plumbing/install/turtlesim/share/turtlesim/srv/Spawn_Request.msg
[31.629s] -- Installing: /home/xukai/00-Learn/ros2-learning/ws01_plumbing/install/turtlesim/share/turtlesim/srv/Spawn_Response.msg
[31.629s] -- Installing: /home/xukai/00-Learn/ros2-learning/ws01_plumbing/install/turtlesim/share/turtlesim/srv/TeleportAbsolute.srv
[31.629s] -- Installing: /home/xukai/00-Learn/ros2-learning/ws01_plumbing/install/turtlesim/share/turtlesim/srv/TeleportAbsolute_Request.msg
[31.629s] -- Installing: /home/xukai/00-Learn/ros2-learning/ws01_plumbing/install/turtlesim/share/turtlesim/srv/TeleportAbsolute_Response.msg
[31.629s] -- Installing: /home/xukai/00-Learn/ros2-learning/ws01_plumbing/install/turtlesim/share/turtlesim/srv/TeleportRelative.srv
[31.630s] -- Installing: /home/xukai/00-Learn/ros2-learning/ws01_plumbing/install/turtlesim/share/turtlesim/srv/TeleportRelative_Request.msg
[31.630s] -- Installing: /home/xukai/00-Learn/ros2-learning/ws01_plumbing/install/turtlesim/share/turtlesim/srv/TeleportRelative_Response.msg
[31.630s] -- Installing: /home/xukai/00-Learn/ros2-learning/ws01_plumbing/install/turtlesim/lib/turtlesim/turtlesim_node
[31.640s] -- Set runtime path of "/home/xukai/00-Learn/ros2-learning/ws01_plumbing/install/turtlesim/lib/turtlesim/turtlesim_node" to ""
[31.641s] -- Installing: /home/xukai/00-Learn/ros2-learning/ws01_plumbing/install/turtlesim/lib/turtlesim/turtle_teleop_key
[31.643s] -- Set runtime path of "/home/xukai/00-Learn/ros2-learning/ws01_plumbing/install/turtlesim/lib/turtlesim/turtle_teleop_key" to ""
[31.643s] -- Installing: /home/xukai/00-Learn/ros2-learning/ws01_plumbing/install/turtlesim/lib/turtlesim/draw_square
[31.650s] -- Set runtime path of "/home/xukai/00-Learn/ros2-learning/ws01_plumbing/install/turtlesim/lib/turtlesim/draw_square" to ""
[31.650s] -- Installing: /home/xukai/00-Learn/ros2-learning/ws01_plumbing/install/turtlesim/lib/turtlesim/mimic
[31.657s] -- Set runtime path of "/home/xukai/00-Learn/ros2-learning/ws01_plumbing/install/turtlesim/lib/turtlesim/mimic" to ""
[31.657s] -- Installing: /home/xukai/00-Learn/ros2-learning/ws01_plumbing/install/turtlesim/share/turtlesim/images
[31.657s] -- Installing: /home/xukai/00-Learn/ros2-learning/ws01_plumbing/install/turtlesim/share/turtlesim/images/ardent.png
[31.657s] -- Installing: /home/xukai/00-Learn/ros2-learning/ws01_plumbing/install/turtlesim/share/turtlesim/images/eloquent.png
[31.657s] -- Installing: /home/xukai/00-Learn/ros2-learning/ws01_plumbing/install/turtlesim/share/turtlesim/images/crystal.png
[31.657s] -- Installing: /home/xukai/00-Learn/ros2-learning/ws01_plumbing/install/turtlesim/share/turtlesim/images/bouncy.png
[31.657s] -- Installing: /home/xukai/00-Learn/ros2-learning/ws01_plumbing/install/turtlesim/share/turtlesim/images/rolling.png
[31.657s] -- Installing: /home/xukai/00-Learn/ros2-learning/ws01_plumbing/install/turtlesim/share/turtlesim/images/humble.png
[31.657s] -- Installing: /home/xukai/00-Learn/ros2-learning/ws01_plumbing/install/turtlesim/share/turtlesim/images/galactic.png
[31.657s] -- Installing: /home/xukai/00-Learn/ros2-learning/ws01_plumbing/install/turtlesim/share/turtlesim/images/dashing.png
[31.658s] -- Installing: /home/xukai/00-Learn/ros2-learning/ws01_plumbing/install/turtlesim/share/turtlesim/images/foxy.png
[31.658s] -- Installing: /home/xukai/00-Learn/ros2-learning/ws01_plumbing/install/turtlesim/share/turtlesim/launch
[31.658s] -- Installing: /home/xukai/00-Learn/ros2-learning/ws01_plumbing/install/turtlesim/share/turtlesim/launch/multisim.launch.py
[31.658s] -- Installing: /home/xukai/00-Learn/ros2-learning/ws01_plumbing/install/turtlesim/share/ament_index/resource_index/package_run_dependencies/turtlesim
[31.658s] -- Installing: /home/xukai/00-Learn/ros2-learning/ws01_plumbing/install/turtlesim/share/ament_index/resource_index/parent_prefix_path/turtlesim
[31.658s] -- Installing: /home/xukai/00-Learn/ros2-learning/ws01_plumbing/install/turtlesim/share/turtlesim/environment/ament_prefix_path.sh
[31.658s] -- Installing: /home/xukai/00-Learn/ros2-learning/ws01_plumbing/install/turtlesim/share/turtlesim/environment/ament_prefix_path.dsv
[31.658s] -- Installing: /home/xukai/00-Learn/ros2-learning/ws01_plumbing/install/turtlesim/share/turtlesim/environment/path.sh
[31.658s] -- Installing: /home/xukai/00-Learn/ros2-learning/ws01_plumbing/install/turtlesim/share/turtlesim/environment/path.dsv
[31.659s] -- Installing: /home/xukai/00-Learn/ros2-learning/ws01_plumbing/install/turtlesim/share/turtlesim/local_setup.bash
[31.659s] -- Installing: /home/xukai/00-Learn/ros2-learning/ws01_plumbing/install/turtlesim/share/turtlesim/local_setup.sh
[31.659s] -- Installing: /home/xukai/00-Learn/ros2-learning/ws01_plumbing/install/turtlesim/share/turtlesim/local_setup.zsh
[31.659s] -- Installing: /home/xukai/00-Learn/ros2-learning/ws01_plumbing/install/turtlesim/share/turtlesim/local_setup.dsv
[31.659s] -- Installing: /home/xukai/00-Learn/ros2-learning/ws01_plumbing/install/turtlesim/share/turtlesim/package.dsv
[31.659s] -- Installing: /home/xukai/00-Learn/ros2-learning/ws01_plumbing/install/turtlesim/share/ament_index/resource_index/packages/turtlesim
[31.660s] -- Installing: /home/xukai/00-Learn/ros2-learning/ws01_plumbing/install/turtlesim/share/turtlesim/cmake/export_turtlesim__rosidl_generator_cExport.cmake
[31.660s] -- Installing: /home/xukai/00-Learn/ros2-learning/ws01_plumbing/install/turtlesim/share/turtlesim/cmake/export_turtlesim__rosidl_generator_cExport-noconfig.cmake
[31.660s] -- Installing: /home/xukai/00-Learn/ros2-learning/ws01_plumbing/install/turtlesim/share/turtlesim/cmake/export_turtlesim__rosidl_typesupport_fastrtps_cExport.cmake
[31.660s] -- Installing: /home/xukai/00-Learn/ros2-learning/ws01_plumbing/install/turtlesim/share/turtlesim/cmake/export_turtlesim__rosidl_typesupport_fastrtps_cExport-noconfig.cmake
[31.660s] -- Installing: /home/xukai/00-Learn/ros2-learning/ws01_plumbing/install/turtlesim/share/turtlesim/cmake/export_turtlesim__rosidl_generator_cppExport.cmake
[31.661s] -- Installing: /home/xukai/00-Learn/ros2-learning/ws01_plumbing/install/turtlesim/share/turtlesim/cmake/export_turtlesim__rosidl_typesupport_fastrtps_cppExport.cmake
[31.661s] -- Installing: /home/xukai/00-Learn/ros2-learning/ws01_plumbing/install/turtlesim/share/turtlesim/cmake/export_turtlesim__rosidl_typesupport_fastrtps_cppExport-noconfig.cmake
[31.661s] -- Installing: /home/xukai/00-Learn/ros2-learning/ws01_plumbing/install/turtlesim/share/turtlesim/cmake/turtlesim__rosidl_typesupport_introspection_cExport.cmake
[31.661s] -- Installing: /home/xukai/00-Learn/ros2-learning/ws01_plumbing/install/turtlesim/share/turtlesim/cmake/turtlesim__rosidl_typesupport_introspection_cExport-noconfig.cmake
[31.661s] -- Installing: /home/xukai/00-Learn/ros2-learning/ws01_plumbing/install/turtlesim/share/turtlesim/cmake/turtlesim__rosidl_typesupport_cExport.cmake
[31.661s] -- Installing: /home/xukai/00-Learn/ros2-learning/ws01_plumbing/install/turtlesim/share/turtlesim/cmake/turtlesim__rosidl_typesupport_cExport-noconfig.cmake
[31.661s] -- Installing: /home/xukai/00-Learn/ros2-learning/ws01_plumbing/install/turtlesim/share/turtlesim/cmake/turtlesim__rosidl_typesupport_introspection_cppExport.cmake
[31.662s] -- Installing: /home/xukai/00-Learn/ros2-learning/ws01_plumbing/install/turtlesim/share/turtlesim/cmake/turtlesim__rosidl_typesupport_introspection_cppExport-noconfig.cmake
[31.662s] -- Installing: /home/xukai/00-Learn/ros2-learning/ws01_plumbing/install/turtlesim/share/turtlesim/cmake/turtlesim__rosidl_typesupport_cppExport.cmake
[31.662s] -- Installing: /home/xukai/00-Learn/ros2-learning/ws01_plumbing/install/turtlesim/share/turtlesim/cmake/turtlesim__rosidl_typesupport_cppExport-noconfig.cmake
[31.662s] -- Installing: /home/xukai/00-Learn/ros2-learning/ws01_plumbing/install/turtlesim/share/turtlesim/cmake/export_turtlesim__rosidl_generator_pyExport.cmake
[31.662s] -- Installing: /home/xukai/00-Learn/ros2-learning/ws01_plumbing/install/turtlesim/share/turtlesim/cmake/export_turtlesim__rosidl_generator_pyExport-noconfig.cmake
[31.662s] -- Installing: /home/xukai/00-Learn/ros2-learning/ws01_plumbing/install/turtlesim/share/turtlesim/cmake/rosidl_cmake-extras.cmake
[31.662s] -- Installing: /home/xukai/00-Learn/ros2-learning/ws01_plumbing/install/turtlesim/share/turtlesim/cmake/ament_cmake_export_dependencies-extras.cmake
[31.662s] -- Installing: /home/xukai/00-Learn/ros2-learning/ws01_plumbing/install/turtlesim/share/turtlesim/cmake/ament_cmake_export_include_directories-extras.cmake
[31.663s] -- Installing: /home/xukai/00-Learn/ros2-learning/ws01_plumbing/install/turtlesim/share/turtlesim/cmake/ament_cmake_export_libraries-extras.cmake
[31.663s] -- Installing: /home/xukai/00-Learn/ros2-learning/ws01_plumbing/install/turtlesim/share/turtlesim/cmake/ament_cmake_export_targets-extras.cmake
[31.663s] -- Installing: /home/xukai/00-Learn/ros2-learning/ws01_plumbing/install/turtlesim/share/turtlesim/cmake/rosidl_cmake_export_typesupport_targets-extras.cmake
[31.663s] -- Installing: /home/xukai/00-Learn/ros2-learning/ws01_plumbing/install/turtlesim/share/turtlesim/cmake/rosidl_cmake_export_typesupport_libraries-extras.cmake
[31.663s] -- Installing: /home/xukai/00-Learn/ros2-learning/ws01_plumbing/install/turtlesim/share/turtlesim/cmake/turtlesimConfig.cmake
[31.663s] -- Installing: /home/xukai/00-Learn/ros2-learning/ws01_plumbing/install/turtlesim/share/turtlesim/cmake/turtlesimConfig-version.cmake
[31.664s] -- Installing: /home/xukai/00-Learn/ros2-learning/ws01_plumbing/install/turtlesim/share/turtlesim/package.xml
[31.667s] Invoked command in '/home/xukai/00-Learn/ros2-learning/ws01_plumbing/build/turtlesim' returned '0': CMAKE_PREFIX_PATH=/opt/ros/humble /usr/bin/cmake --install /home/xukai/00-Learn/ros2-learning/ws01_plumbing/build/turtlesim
