[1.170s] Invoking command in '/home/xukai/00-Learn/ros2-learning/ws01_plumbing/src/py03_action': PYTHONPATH=/home/xukai/00-Learn/ros2-learning/ws01_plumbing/build/py03_action/prefix_override:/home/xukai/00-Learn/ros2-learning/ws01_plumbing/install/py03_action/lib/python3.10/site-packages:${PYTHONPATH} /usr/bin/python3 setup.py egg_info --egg-base ../../build/py03_action build --build-base /home/xukai/00-Learn/ros2-learning/ws01_plumbing/build/py03_action/build install --record /home/xukai/00-Learn/ros2-learning/ws01_plumbing/build/py03_action/install.log --single-version-externally-managed
[1.509s] running egg_info
[1.511s] creating ../../build/py03_action/py03_action.egg-info
[1.511s] writing ../../build/py03_action/py03_action.egg-info/PKG-INFO
[1.512s] writing dependency_links to ../../build/py03_action/py03_action.egg-info/dependency_links.txt
[1.512s] writing entry points to ../../build/py03_action/py03_action.egg-info/entry_points.txt
[1.512s] writing requirements to ../../build/py03_action/py03_action.egg-info/requires.txt
[1.512s] writing top-level names to ../../build/py03_action/py03_action.egg-info/top_level.txt
[1.513s] writing manifest file '../../build/py03_action/py03_action.egg-info/SOURCES.txt'
[1.514s] reading manifest file '../../build/py03_action/py03_action.egg-info/SOURCES.txt'
[1.516s] writing manifest file '../../build/py03_action/py03_action.egg-info/SOURCES.txt'
[1.516s] running build
[1.517s] running build_py
[1.517s] creating /home/xukai/00-Learn/ros2-learning/ws01_plumbing/build/py03_action/build
[1.517s] creating /home/xukai/00-Learn/ros2-learning/ws01_plumbing/build/py03_action/build/lib
[1.517s] creating /home/xukai/00-Learn/ros2-learning/ws01_plumbing/build/py03_action/build/lib/py03_action
[1.517s] copying py03_action/demo02_action_client_py.py -> /home/xukai/00-Learn/ros2-learning/ws01_plumbing/build/py03_action/build/lib/py03_action
[1.517s] copying py03_action/demo01_action_server_py.py -> /home/xukai/00-Learn/ros2-learning/ws01_plumbing/build/py03_action/build/lib/py03_action
[1.518s] copying py03_action/__init__.py -> /home/xukai/00-Learn/ros2-learning/ws01_plumbing/build/py03_action/build/lib/py03_action
[1.518s] running install
[1.518s] running install_lib
[1.519s] creating /home/xukai/00-Learn/ros2-learning/ws01_plumbing/install/py03_action/lib/python3.10/site-packages/py03_action
[1.519s] copying /home/xukai/00-Learn/ros2-learning/ws01_plumbing/build/py03_action/build/lib/py03_action/demo02_action_client_py.py -> /home/xukai/00-Learn/ros2-learning/ws01_plumbing/install/py03_action/lib/python3.10/site-packages/py03_action
[1.520s] copying /home/xukai/00-Learn/ros2-learning/ws01_plumbing/build/py03_action/build/lib/py03_action/demo01_action_server_py.py -> /home/xukai/00-Learn/ros2-learning/ws01_plumbing/install/py03_action/lib/python3.10/site-packages/py03_action
[1.520s] copying /home/xukai/00-Learn/ros2-learning/ws01_plumbing/build/py03_action/build/lib/py03_action/__init__.py -> /home/xukai/00-Learn/ros2-learning/ws01_plumbing/install/py03_action/lib/python3.10/site-packages/py03_action
[1.520s] byte-compiling /home/xukai/00-Learn/ros2-learning/ws01_plumbing/install/py03_action/lib/python3.10/site-packages/py03_action/demo02_action_client_py.py to demo02_action_client_py.cpython-310.pyc
[1.521s] byte-compiling /home/xukai/00-Learn/ros2-learning/ws01_plumbing/install/py03_action/lib/python3.10/site-packages/py03_action/demo01_action_server_py.py to demo01_action_server_py.cpython-310.pyc
[1.522s] byte-compiling /home/xukai/00-Learn/ros2-learning/ws01_plumbing/install/py03_action/lib/python3.10/site-packages/py03_action/__init__.py to __init__.cpython-310.pyc
[1.522s] running install_data
[1.524s] creating /home/xukai/00-Learn/ros2-learning/ws01_plumbing/install/py03_action/share/ament_index
[1.524s] creating /home/xukai/00-Learn/ros2-learning/ws01_plumbing/install/py03_action/share/ament_index/resource_index
[1.524s] creating /home/xukai/00-Learn/ros2-learning/ws01_plumbing/install/py03_action/share/ament_index/resource_index/packages
[1.524s] copying resource/py03_action -> /home/xukai/00-Learn/ros2-learning/ws01_plumbing/install/py03_action/share/ament_index/resource_index/packages
[1.524s] copying package.xml -> /home/xukai/00-Learn/ros2-learning/ws01_plumbing/install/py03_action/share/py03_action
[1.525s] running install_egg_info
[1.527s] Copying ../../build/py03_action/py03_action.egg-info to /home/xukai/00-Learn/ros2-learning/ws01_plumbing/install/py03_action/lib/python3.10/site-packages/py03_action-0.0.0-py3.10.egg-info
[1.528s] running install_scripts
[1.561s] Installing demo01_action_server_py script to /home/xukai/00-Learn/ros2-learning/ws01_plumbing/install/py03_action/lib/py03_action
[1.561s] Installing demo02_action_client_py script to /home/xukai/00-Learn/ros2-learning/ws01_plumbing/install/py03_action/lib/py03_action
[1.561s] writing list of installed files to '/home/xukai/00-Learn/ros2-learning/ws01_plumbing/build/py03_action/install.log'
[1.605s] Invoked command in '/home/xukai/00-Learn/ros2-learning/ws01_plumbing/src/py03_action' returned '0': PYTHONPATH=/home/xukai/00-Learn/ros2-learning/ws01_plumbing/build/py03_action/prefix_override:/home/xukai/00-Learn/ros2-learning/ws01_plumbing/install/py03_action/lib/python3.10/site-packages:${PYTHONPATH} /usr/bin/python3 setup.py egg_info --egg-base ../../build/py03_action build --build-base /home/xukai/00-Learn/ros2-learning/ws01_plumbing/build/py03_action/build install --record /home/xukai/00-Learn/ros2-learning/ws01_plumbing/build/py03_action/install.log --single-version-externally-managed
