[0.646s] Invoking command in '/home/xukai/00-Learn/ros2-learning/ws01_plumbing/src/py06_time': PYTHONPATH=/home/xukai/00-Learn/ros2-learning/ws01_plumbing/build/py06_time/prefix_override:/home/xukai/00-Learn/ros2-learning/ws01_plumbing/install/py06_time/lib/python3.10/site-packages:${PYTHONPATH} /usr/bin/python3 setup.py egg_info --egg-base ../../build/py06_time build --build-base /home/xukai/00-Learn/ros2-learning/ws01_plumbing/build/py06_time/build install --record /home/xukai/00-Learn/ros2-learning/ws01_plumbing/build/py06_time/install.log --single-version-externally-managed
[0.906s] running egg_info
[0.907s] writing ../../build/py06_time/py06_time.egg-info/PKG-INFO
[0.907s] writing dependency_links to ../../build/py06_time/py06_time.egg-info/dependency_links.txt
[0.907s] writing entry points to ../../build/py06_time/py06_time.egg-info/entry_points.txt
[0.907s] writing requirements to ../../build/py06_time/py06_time.egg-info/requires.txt
[0.907s] writing top-level names to ../../build/py06_time/py06_time.egg-info/top_level.txt
[0.910s] reading manifest file '../../build/py06_time/py06_time.egg-info/SOURCES.txt'
[0.911s] writing manifest file '../../build/py06_time/py06_time.egg-info/SOURCES.txt'
[0.911s] running build
[0.911s] running build_py
[0.911s] copying py06_time/demo01_time.py -> /home/xukai/00-Learn/ros2-learning/ws01_plumbing/build/py06_time/build/lib/py06_time
[0.911s] running install
[0.912s] running install_lib
[0.912s] copying /home/xukai/00-Learn/ros2-learning/ws01_plumbing/build/py06_time/build/lib/py06_time/demo01_time.py -> /home/xukai/00-Learn/ros2-learning/ws01_plumbing/install/py06_time/lib/python3.10/site-packages/py06_time
[0.913s] byte-compiling /home/xukai/00-Learn/ros2-learning/ws01_plumbing/install/py06_time/lib/python3.10/site-packages/py06_time/demo01_time.py to demo01_time.cpython-310.pyc
[0.914s] running install_data
[0.914s] running install_egg_info
[0.916s] removing '/home/xukai/00-Learn/ros2-learning/ws01_plumbing/install/py06_time/lib/python3.10/site-packages/py06_time-0.0.0-py3.10.egg-info' (and everything under it)
[0.917s] Copying ../../build/py06_time/py06_time.egg-info to /home/xukai/00-Learn/ros2-learning/ws01_plumbing/install/py06_time/lib/python3.10/site-packages/py06_time-0.0.0-py3.10.egg-info
[0.918s] running install_scripts
[0.937s] Installing demo01_time script to /home/xukai/00-Learn/ros2-learning/ws01_plumbing/install/py06_time/lib/py06_time
[0.938s] writing list of installed files to '/home/xukai/00-Learn/ros2-learning/ws01_plumbing/build/py06_time/install.log'
[0.961s] Invoked command in '/home/xukai/00-Learn/ros2-learning/ws01_plumbing/src/py06_time' returned '0': PYTHONPATH=/home/xukai/00-Learn/ros2-learning/ws01_plumbing/build/py06_time/prefix_override:/home/xukai/00-Learn/ros2-learning/ws01_plumbing/install/py06_time/lib/python3.10/site-packages:${PYTHONPATH} /usr/bin/python3 setup.py egg_info --egg-base ../../build/py06_time build --build-base /home/xukai/00-Learn/ros2-learning/ws01_plumbing/build/py06_time/build install --record /home/xukai/00-Learn/ros2-learning/ws01_plumbing/build/py06_time/install.log --single-version-externally-managed
