[1.163s] Invoking command in '/home/xukai/00-Learn/ros2-learning/ws01_plumbing/src/py04_param': PYTHONPATH=/home/xukai/00-Learn/ros2-learning/ws01_plumbing/build/py04_param/prefix_override:/home/xukai/00-Learn/ros2-learning/ws01_plumbing/install/py04_param/lib/python3.10/site-packages:${PYTHONPATH} /usr/bin/python3 setup.py egg_info --egg-base ../../build/py04_param build --build-base /home/xukai/00-Learn/ros2-learning/ws01_plumbing/build/py04_param/build install --record /home/xukai/00-Learn/ros2-learning/ws01_plumbing/build/py04_param/install.log --single-version-externally-managed
[1.474s] running egg_info
[1.475s] writing ../../build/py04_param/py04_param.egg-info/PKG-INFO
[1.475s] writing dependency_links to ../../build/py04_param/py04_param.egg-info/dependency_links.txt
[1.475s] writing entry points to ../../build/py04_param/py04_param.egg-info/entry_points.txt
[1.476s] writing requirements to ../../build/py04_param/py04_param.egg-info/requires.txt
[1.476s] writing top-level names to ../../build/py04_param/py04_param.egg-info/top_level.txt
[1.477s] reading manifest file '../../build/py04_param/py04_param.egg-info/SOURCES.txt'
[1.478s] writing manifest file '../../build/py04_param/py04_param.egg-info/SOURCES.txt'
[1.478s] running build
[1.478s] running build_py
[1.478s] copying py04_param/demo01_param_server_py.py -> /home/xukai/00-Learn/ros2-learning/ws01_plumbing/build/py04_param/build/lib/py04_param
[1.478s] running install
[1.479s] running install_lib
[1.480s] copying /home/xukai/00-Learn/ros2-learning/ws01_plumbing/build/py04_param/build/lib/py04_param/demo01_param_server_py.py -> /home/xukai/00-Learn/ros2-learning/ws01_plumbing/install/py04_param/lib/python3.10/site-packages/py04_param
[1.481s] byte-compiling /home/xukai/00-Learn/ros2-learning/ws01_plumbing/install/py04_param/lib/python3.10/site-packages/py04_param/demo01_param_server_py.py to demo01_param_server_py.cpython-310.pyc
[1.482s] running install_data
[1.483s] running install_egg_info
[1.486s] removing '/home/xukai/00-Learn/ros2-learning/ws01_plumbing/install/py04_param/lib/python3.10/site-packages/py04_param-0.0.0-py3.10.egg-info' (and everything under it)
[1.486s] Copying ../../build/py04_param/py04_param.egg-info to /home/xukai/00-Learn/ros2-learning/ws01_plumbing/install/py04_param/lib/python3.10/site-packages/py04_param-0.0.0-py3.10.egg-info
[1.487s] running install_scripts
[1.514s] Installing demo00_param_py script to /home/xukai/00-Learn/ros2-learning/ws01_plumbing/install/py04_param/lib/py04_param
[1.514s] Installing demo01_param_server_py script to /home/xukai/00-Learn/ros2-learning/ws01_plumbing/install/py04_param/lib/py04_param
[1.515s] writing list of installed files to '/home/xukai/00-Learn/ros2-learning/ws01_plumbing/build/py04_param/install.log'
[1.554s] Invoked command in '/home/xukai/00-Learn/ros2-learning/ws01_plumbing/src/py04_param' returned '0': PYTHONPATH=/home/xukai/00-Learn/ros2-learning/ws01_plumbing/build/py04_param/prefix_override:/home/xukai/00-Learn/ros2-learning/ws01_plumbing/install/py04_param/lib/python3.10/site-packages:${PYTHONPATH} /usr/bin/python3 setup.py egg_info --egg-base ../../build/py04_param build --build-base /home/xukai/00-Learn/ros2-learning/ws01_plumbing/build/py04_param/build install --record /home/xukai/00-Learn/ros2-learning/ws01_plumbing/build/py04_param/install.log --single-version-externally-managed
