[0.594s] Invoking command in '/home/xukai/00-Learn/ros2-learning/ws01_plumbing/src/py02_service': PYTHONPATH=/home/xukai/00-Learn/ros2-learning/ws01_plumbing/build/py02_service/prefix_override:/home/xukai/00-Learn/ros2-learning/ws01_plumbing/install/py02_service/lib/python3.10/site-packages:${PYTHONPATH} /usr/bin/python3 setup.py egg_info --egg-base ../../build/py02_service build --build-base /home/xukai/00-Learn/ros2-learning/ws01_plumbing/build/py02_service/build install --record /home/xukai/00-Learn/ros2-learning/ws01_plumbing/build/py02_service/install.log --single-version-externally-managed
[0.824s] running egg_info
[0.825s] writing ../../build/py02_service/py02_service.egg-info/PKG-INFO
[0.825s] writing dependency_links to ../../build/py02_service/py02_service.egg-info/dependency_links.txt
[0.826s] writing entry points to ../../build/py02_service/py02_service.egg-info/entry_points.txt
[0.826s] writing requirements to ../../build/py02_service/py02_service.egg-info/requires.txt
[0.826s] writing top-level names to ../../build/py02_service/py02_service.egg-info/top_level.txt
[0.829s] reading manifest file '../../build/py02_service/py02_service.egg-info/SOURCES.txt'
[0.830s] writing manifest file '../../build/py02_service/py02_service.egg-info/SOURCES.txt'
[0.830s] running build
[0.830s] running build_py
[0.831s] running install
[0.831s] running install_lib
[0.832s] running install_data
[0.833s] running install_egg_info
[0.835s] removing '/home/xukai/00-Learn/ros2-learning/ws01_plumbing/install/py02_service/lib/python3.10/site-packages/py02_service-0.0.0-py3.10.egg-info' (and everything under it)
[0.836s] Copying ../../build/py02_service/py02_service.egg-info to /home/xukai/00-Learn/ros2-learning/ws01_plumbing/install/py02_service/lib/python3.10/site-packages/py02_service-0.0.0-py3.10.egg-info
[0.837s] running install_scripts
[0.855s] Installing demo01_server_py script to /home/xukai/00-Learn/ros2-learning/ws01_plumbing/install/py02_service/lib/py02_service
[0.856s] Installing demo02_client_py script to /home/xukai/00-Learn/ros2-learning/ws01_plumbing/install/py02_service/lib/py02_service
[0.856s] writing list of installed files to '/home/xukai/00-Learn/ros2-learning/ws01_plumbing/build/py02_service/install.log'
[0.877s] Invoked command in '/home/xukai/00-Learn/ros2-learning/ws01_plumbing/src/py02_service' returned '0': PYTHONPATH=/home/xukai/00-Learn/ros2-learning/ws01_plumbing/build/py02_service/prefix_override:/home/xukai/00-Learn/ros2-learning/ws01_plumbing/install/py02_service/lib/python3.10/site-packages:${PYTHONPATH} /usr/bin/python3 setup.py egg_info --egg-base ../../build/py02_service build --build-base /home/xukai/00-Learn/ros2-learning/ws01_plumbing/build/py02_service/build install --record /home/xukai/00-Learn/ros2-learning/ws01_plumbing/build/py02_service/install.log --single-version-externally-managed
