running egg_info
creating ../../build/py01_launch/py01_launch.egg-info
writing ../../build/py01_launch/py01_launch.egg-info/PKG-INFO
writing dependency_links to ../../build/py01_launch/py01_launch.egg-info/dependency_links.txt
writing entry points to ../../build/py01_launch/py01_launch.egg-info/entry_points.txt
writing requirements to ../../build/py01_launch/py01_launch.egg-info/requires.txt
writing top-level names to ../../build/py01_launch/py01_launch.egg-info/top_level.txt
writing manifest file '../../build/py01_launch/py01_launch.egg-info/SOURCES.txt'
reading manifest file '../../build/py01_launch/py01_launch.egg-info/SOURCES.txt'
writing manifest file '../../build/py01_launch/py01_launch.egg-info/SOURCES.txt'
running build
running build_py
creating /home/xukai/00-Learn/ros2-learning/ws02_tools/build/py01_launch/build
creating /home/xukai/00-Learn/ros2-learning/ws02_tools/build/py01_launch/build/lib
creating /home/xukai/00-Learn/ros2-learning/ws02_tools/build/py01_launch/build/lib/py01_launch
copying py01_launch/__init__.py -> /home/xukai/00-Learn/ros2-learning/ws02_tools/build/py01_launch/build/lib/py01_launch
running install
running install_lib
creating /home/xukai/00-Learn/ros2-learning/ws02_tools/install/py01_launch/lib/python3.10/site-packages/py01_launch
copying /home/xukai/00-Learn/ros2-learning/ws02_tools/build/py01_launch/build/lib/py01_launch/__init__.py -> /home/xukai/00-Learn/ros2-learning/ws02_tools/install/py01_launch/lib/python3.10/site-packages/py01_launch
byte-compiling /home/xukai/00-Learn/ros2-learning/ws02_tools/install/py01_launch/lib/python3.10/site-packages/py01_launch/__init__.py to __init__.cpython-310.pyc
running install_data
creating /home/xukai/00-Learn/ros2-learning/ws02_tools/install/py01_launch/share/ament_index
creating /home/xukai/00-Learn/ros2-learning/ws02_tools/install/py01_launch/share/ament_index/resource_index
creating /home/xukai/00-Learn/ros2-learning/ws02_tools/install/py01_launch/share/ament_index/resource_index/packages
copying resource/py01_launch -> /home/xukai/00-Learn/ros2-learning/ws02_tools/install/py01_launch/share/ament_index/resource_index/packages
copying package.xml -> /home/xukai/00-Learn/ros2-learning/ws02_tools/install/py01_launch/share/py01_launch
copying launch/py/py00_base.launch.py -> /home/xukai/00-Learn/ros2-learning/ws02_tools/install/py01_launch/share/py01_launch
copying launch/xml/xml00_base.launch.xml -> /home/xukai/00-Learn/ros2-learning/ws02_tools/install/py01_launch/share/py01_launch
copying launch/yaml/yaml00_base.launch.yaml -> /home/xukai/00-Learn/ros2-learning/ws02_tools/install/py01_launch/share/py01_launch
running install_egg_info
Copying ../../build/py01_launch/py01_launch.egg-info to /home/xukai/00-Learn/ros2-learning/ws02_tools/install/py01_launch/lib/python3.10/site-packages/py01_launch-0.0.0-py3.10.egg-info
running install_scripts
writing list of installed files to '/home/xukai/00-Learn/ros2-learning/ws02_tools/build/py01_launch/install.log'
