running egg_info
writing ../../build/py04_param/py04_param.egg-info/PKG-INFO
writing dependency_links to ../../build/py04_param/py04_param.egg-info/dependency_links.txt
writing entry points to ../../build/py04_param/py04_param.egg-info/entry_points.txt
writing requirements to ../../build/py04_param/py04_param.egg-info/requires.txt
writing top-level names to ../../build/py04_param/py04_param.egg-info/top_level.txt
reading manifest file '../../build/py04_param/py04_param.egg-info/SOURCES.txt'
writing manifest file '../../build/py04_param/py04_param.egg-info/SOURCES.txt'
running build
running build_py
copying py04_param/demo00_param_py.py -> /home/xukai/00-Learn/ros2-learning/ws01_plumbing/build/py04_param/build/lib/py04_param
running install
running install_lib
copying /home/xukai/00-Learn/ros2-learning/ws01_plumbing/build/py04_param/build/lib/py04_param/demo00_param_py.py -> /home/xukai/00-Learn/ros2-learning/ws01_plumbing/install/py04_param/lib/python3.10/site-packages/py04_param
byte-compiling /home/xukai/00-Learn/ros2-learning/ws01_plumbing/install/py04_param/lib/python3.10/site-packages/py04_param/demo00_param_py.py to demo00_param_py.cpython-310.pyc
running install_data
running install_egg_info
removing '/home/xukai/00-Learn/ros2-learning/ws01_plumbing/install/py04_param/lib/python3.10/site-packages/py04_param-0.0.0-py3.10.egg-info' (and everything under it)
Copying ../../build/py04_param/py04_param.egg-info to /home/xukai/00-Learn/ros2-learning/ws01_plumbing/install/py04_param/lib/python3.10/site-packages/py04_param-0.0.0-py3.10.egg-info
running install_scripts
Installing demo00_param_py script to /home/xukai/00-Learn/ros2-learning/ws01_plumbing/install/py04_param/lib/py04_param
writing list of installed files to '/home/xukai/00-Learn/ros2-learning/ws01_plumbing/build/py04_param/install.log'
