[0.664s] Invoking command in '/home/xukai/00-Learn/ros2-learning/ws01_plumbing/src/py01_topic': LD_LIBRARY_PATH=/home/xukai/00-Learn/ros2-learning/ws01_plumbing/install/base_interfaces_demo/lib:${LD_LIBRARY_PATH} PYTHONPATH=/home/xukai/00-Learn/ros2-learning/ws01_plumbing/build/py01_topic/prefix_override:/home/xukai/00-Learn/ros2-learning/ws01_plumbing/install/py01_topic/lib/python3.10/site-packages:/home/xukai/00-Learn/ros2-learning/ws01_plumbing/install/base_interfaces_demo/local/lib/python3.10/dist-packages:${PYTHONPATH} /usr/bin/python3 setup.py egg_info --egg-base ../../build/py01_topic build --build-base /home/xukai/00-Learn/ros2-learning/ws01_plumbing/build/py01_topic/build install --record /home/xukai/00-Learn/ros2-learning/ws01_plumbing/build/py01_topic/install.log --single-version-externally-managed
[0.897s] running egg_info
[0.898s] writing ../../build/py01_topic/py01_topic.egg-info/PKG-INFO
[0.899s] writing dependency_links to ../../build/py01_topic/py01_topic.egg-info/dependency_links.txt
[0.899s] writing entry points to ../../build/py01_topic/py01_topic.egg-info/entry_points.txt
[0.899s] writing requirements to ../../build/py01_topic/py01_topic.egg-info/requires.txt
[0.899s] writing top-level names to ../../build/py01_topic/py01_topic.egg-info/top_level.txt
[0.901s] reading manifest file '../../build/py01_topic/py01_topic.egg-info/SOURCES.txt'
[0.902s] writing manifest file '../../build/py01_topic/py01_topic.egg-info/SOURCES.txt'
[0.902s] running build
[0.902s] running build_py
[0.902s] copying py01_topic/demo01_publisher_str_py.py -> /home/xukai/00-Learn/ros2-learning/ws01_plumbing/build/py01_topic/build/lib/py01_topic
[0.902s] copying py01_topic/demo02_subscriber_str_py.py -> /home/xukai/00-Learn/ros2-learning/ws01_plumbing/build/py01_topic/build/lib/py01_topic
[0.903s] running install
[0.903s] running install_lib
[0.904s] copying /home/xukai/00-Learn/ros2-learning/ws01_plumbing/build/py01_topic/build/lib/py01_topic/demo01_publisher_str_py.py -> /home/xukai/00-Learn/ros2-learning/ws01_plumbing/install/py01_topic/lib/python3.10/site-packages/py01_topic
[0.905s] copying /home/xukai/00-Learn/ros2-learning/ws01_plumbing/build/py01_topic/build/lib/py01_topic/demo02_subscriber_str_py.py -> /home/xukai/00-Learn/ros2-learning/ws01_plumbing/install/py01_topic/lib/python3.10/site-packages/py01_topic
[0.905s] byte-compiling /home/xukai/00-Learn/ros2-learning/ws01_plumbing/install/py01_topic/lib/python3.10/site-packages/py01_topic/demo01_publisher_str_py.py to demo01_publisher_str_py.cpython-310.pyc
[0.906s] byte-compiling /home/xukai/00-Learn/ros2-learning/ws01_plumbing/install/py01_topic/lib/python3.10/site-packages/py01_topic/demo02_subscriber_str_py.py to demo02_subscriber_str_py.cpython-310.pyc
[0.906s] running install_data
[0.907s] running install_egg_info
[0.909s] removing '/home/xukai/00-Learn/ros2-learning/ws01_plumbing/install/py01_topic/lib/python3.10/site-packages/py01_topic-0.0.0-py3.10.egg-info' (and everything under it)
[0.909s] Copying ../../build/py01_topic/py01_topic.egg-info to /home/xukai/00-Learn/ros2-learning/ws01_plumbing/install/py01_topic/lib/python3.10/site-packages/py01_topic-0.0.0-py3.10.egg-info
[0.910s] running install_scripts
[0.928s] Installing demo01_publisher_str_py script to /home/xukai/00-Learn/ros2-learning/ws01_plumbing/install/py01_topic/lib/py01_topic
[0.929s] Installing demo02_subscriber_str_py script to /home/xukai/00-Learn/ros2-learning/ws01_plumbing/install/py01_topic/lib/py01_topic
[0.929s] writing list of installed files to '/home/xukai/00-Learn/ros2-learning/ws01_plumbing/build/py01_topic/install.log'
[0.954s] Invoked command in '/home/xukai/00-Learn/ros2-learning/ws01_plumbing/src/py01_topic' returned '0': LD_LIBRARY_PATH=/home/xukai/00-Learn/ros2-learning/ws01_plumbing/install/base_interfaces_demo/lib:${LD_LIBRARY_PATH} PYTHONPATH=/home/xukai/00-Learn/ros2-learning/ws01_plumbing/build/py01_topic/prefix_override:/home/xukai/00-Learn/ros2-learning/ws01_plumbing/install/py01_topic/lib/python3.10/site-packages:/home/xukai/00-Learn/ros2-learning/ws01_plumbing/install/base_interfaces_demo/local/lib/python3.10/dist-packages:${PYTHONPATH} /usr/bin/python3 setup.py egg_info --egg-base ../../build/py01_topic build --build-base /home/xukai/00-Learn/ros2-learning/ws01_plumbing/build/py01_topic/build install --record /home/xukai/00-Learn/ros2-learning/ws01_plumbing/build/py01_topic/install.log --single-version-externally-managed
