running egg_info
writing ../../build/py07_exercise/py07_exercise.egg-info/PKG-INFO
writing dependency_links to ../../build/py07_exercise/py07_exercise.egg-info/dependency_links.txt
writing entry points to ../../build/py07_exercise/py07_exercise.egg-info/entry_points.txt
writing requirements to ../../build/py07_exercise/py07_exercise.egg-info/requires.txt
writing top-level names to ../../build/py07_exercise/py07_exercise.egg-info/top_level.txt
reading manifest file '../../build/py07_exercise/py07_exercise.egg-info/SOURCES.txt'
writing manifest file '../../build/py07_exercise/py07_exercise.egg-info/SOURCES.txt'
running build
running build_py
copying py07_exercise/exe02_server_py.py -> /home/xukai/00-Learn/ros2-learning/ws01_plumbing/build/py07_exercise/build/lib/py07_exercise
running install
running install_lib
copying /home/xukai/00-Learn/ros2-learning/ws01_plumbing/build/py07_exercise/build/lib/py07_exercise/exe02_server_py.py -> /home/xukai/00-Learn/ros2-learning/ws01_plumbing/install/py07_exercise/lib/python3.10/site-packages/py07_exercise
byte-compiling /home/xukai/00-Learn/ros2-learning/ws01_plumbing/install/py07_exercise/lib/python3.10/site-packages/py07_exercise/exe02_server_py.py to exe02_server_py.cpython-310.pyc
running install_data
running install_egg_info
removing '/home/xukai/00-Learn/ros2-learning/ws01_plumbing/install/py07_exercise/lib/python3.10/site-packages/py07_exercise-0.0.0-py3.10.egg-info' (and everything under it)
Copying ../../build/py07_exercise/py07_exercise.egg-info to /home/xukai/00-Learn/ros2-learning/ws01_plumbing/install/py07_exercise/lib/python3.10/site-packages/py07_exercise-0.0.0-py3.10.egg-info
running install_scripts
Installing exe01_pub_sub_py script to /home/xukai/00-Learn/ros2-learning/ws01_plumbing/install/py07_exercise/lib/py07_exercise
Installing exe02_server_py script to /home/xukai/00-Learn/ros2-learning/ws01_plumbing/install/py07_exercise/lib/py07_exercise
Installing exe03_client_py script to /home/xukai/00-Learn/ros2-learning/ws01_plumbing/install/py07_exercise/lib/py07_exercise
writing list of installed files to '/home/xukai/00-Learn/ros2-learning/ws01_plumbing/build/py07_exercise/install.log'
