[0.763s] Invoking command in '/home/xukai/00-Learn/ros2-learning/ws01_plumbing/src/py06_time': PYTHONPATH=/home/xukai/00-Learn/ros2-learning/ws01_plumbing/build/py06_time/prefix_override:/home/xukai/00-Learn/ros2-learning/ws01_plumbing/install/py06_time/lib/python3.10/site-packages:${PYTHONPATH} /usr/bin/python3 setup.py egg_info --egg-base ../../build/py06_time build --build-base /home/xukai/00-Learn/ros2-learning/ws01_plumbing/build/py06_time/build install --record /home/xukai/00-Learn/ros2-learning/ws01_plumbing/build/py06_time/install.log --single-version-externally-managed
[1.060s] running egg_info
[1.061s] writing ../../build/py06_time/py06_time.egg-info/PKG-INFO
[1.061s] writing dependency_links to ../../build/py06_time/py06_time.egg-info/dependency_links.txt
[1.062s] writing entry points to ../../build/py06_time/py06_time.egg-info/entry_points.txt
[1.062s] writing requirements to ../../build/py06_time/py06_time.egg-info/requires.txt
[1.062s] writing top-level names to ../../build/py06_time/py06_time.egg-info/top_level.txt
[1.065s] reading manifest file '../../build/py06_time/py06_time.egg-info/SOURCES.txt'
[1.066s] writing manifest file '../../build/py06_time/py06_time.egg-info/SOURCES.txt'
[1.067s] running build
[1.067s] running build_py
[1.067s] copying py06_time/demo01_time.py -> /home/xukai/00-Learn/ros2-learning/ws01_plumbing/build/py06_time/build/lib/py06_time
[1.067s] running install
[1.068s] running install_lib
[1.069s] copying /home/xukai/00-Learn/ros2-learning/ws01_plumbing/build/py06_time/build/lib/py06_time/demo01_time.py -> /home/xukai/00-Learn/ros2-learning/ws01_plumbing/install/py06_time/lib/python3.10/site-packages/py06_time
[1.070s] byte-compiling /home/xukai/00-Learn/ros2-learning/ws01_plumbing/install/py06_time/lib/python3.10/site-packages/py06_time/demo01_time.py to demo01_time.cpython-310.pyc
[1.071s] running install_data
[1.071s] running install_egg_info
[1.074s] removing '/home/xukai/00-Learn/ros2-learning/ws01_plumbing/install/py06_time/lib/python3.10/site-packages/py06_time-0.0.0-py3.10.egg-info' (and everything under it)
[1.074s] Copying ../../build/py06_time/py06_time.egg-info to /home/xukai/00-Learn/ros2-learning/ws01_plumbing/install/py06_time/lib/python3.10/site-packages/py06_time-0.0.0-py3.10.egg-info
[1.075s] running install_scripts
[1.107s] Installing demo01_time script to /home/xukai/00-Learn/ros2-learning/ws01_plumbing/install/py06_time/lib/py06_time
[1.108s] writing list of installed files to '/home/xukai/00-Learn/ros2-learning/ws01_plumbing/build/py06_time/install.log'
[1.145s] Invoked command in '/home/xukai/00-Learn/ros2-learning/ws01_plumbing/src/py06_time' returned '0': PYTHONPATH=/home/xukai/00-Learn/ros2-learning/ws01_plumbing/build/py06_time/prefix_override:/home/xukai/00-Learn/ros2-learning/ws01_plumbing/install/py06_time/lib/python3.10/site-packages:${PYTHONPATH} /usr/bin/python3 setup.py egg_info --egg-base ../../build/py06_time build --build-base /home/xukai/00-Learn/ros2-learning/ws01_plumbing/build/py06_time/build install --record /home/xukai/00-Learn/ros2-learning/ws01_plumbing/build/py06_time/install.log --single-version-externally-managed
