/home/xukai/00-Learn/ros2-learning/ws01_plumbing/install/py04_param/lib/python3.10/site-packages/py04_param/demo00_param_py.py
/home/xukai/00-Learn/ros2-learning/ws01_plumbing/install/py04_param/lib/python3.10/site-packages/py04_param/__init__.py
/home/xukai/00-Learn/ros2-learning/ws01_plumbing/install/py04_param/lib/python3.10/site-packages/py04_param/demo02_param_client_py.py
/home/xukai/00-Learn/ros2-learning/ws01_plumbing/install/py04_param/lib/python3.10/site-packages/py04_param/demo01_param_server_py.py
/home/xukai/00-Learn/ros2-learning/ws01_plumbing/install/py04_param/lib/python3.10/site-packages/py04_param/__pycache__/demo00_param_py.cpython-310.pyc
/home/xukai/00-Learn/ros2-learning/ws01_plumbing/install/py04_param/lib/python3.10/site-packages/py04_param/__pycache__/__init__.cpython-310.pyc
/home/xukai/00-Learn/ros2-learning/ws01_plumbing/install/py04_param/lib/python3.10/site-packages/py04_param/__pycache__/demo02_param_client_py.cpython-310.pyc
/home/xukai/00-Learn/ros2-learning/ws01_plumbing/install/py04_param/lib/python3.10/site-packages/py04_param/__pycache__/demo01_param_server_py.cpython-310.pyc
/home/xukai/00-Learn/ros2-learning/ws01_plumbing/install/py04_param/share/ament_index/resource_index/packages/py04_param
/home/xukai/00-Learn/ros2-learning/ws01_plumbing/install/py04_param/share/py04_param/package.xml
/home/xukai/00-Learn/ros2-learning/ws01_plumbing/install/py04_param/lib/python3.10/site-packages/py04_param-0.0.0-py3.10.egg-info/zip-safe
/home/xukai/00-Learn/ros2-learning/ws01_plumbing/install/py04_param/lib/python3.10/site-packages/py04_param-0.0.0-py3.10.egg-info/entry_points.txt
/home/xukai/00-Learn/ros2-learning/ws01_plumbing/install/py04_param/lib/python3.10/site-packages/py04_param-0.0.0-py3.10.egg-info/requires.txt
/home/xukai/00-Learn/ros2-learning/ws01_plumbing/install/py04_param/lib/python3.10/site-packages/py04_param-0.0.0-py3.10.egg-info/SOURCES.txt
/home/xukai/00-Learn/ros2-learning/ws01_plumbing/install/py04_param/lib/python3.10/site-packages/py04_param-0.0.0-py3.10.egg-info/top_level.txt
/home/xukai/00-Learn/ros2-learning/ws01_plumbing/install/py04_param/lib/python3.10/site-packages/py04_param-0.0.0-py3.10.egg-info/PKG-INFO
/home/xukai/00-Learn/ros2-learning/ws01_plumbing/install/py04_param/lib/python3.10/site-packages/py04_param-0.0.0-py3.10.egg-info/dependency_links.txt
/home/xukai/00-Learn/ros2-learning/ws01_plumbing/install/py04_param/lib/py04_param/demo00_param_py
/home/xukai/00-Learn/ros2-learning/ws01_plumbing/install/py04_param/lib/py04_param/demo01_param_server_py
/home/xukai/00-Learn/ros2-learning/ws01_plumbing/install/py04_param/lib/py04_param/demo02_param_client_py
