[1.841s] Invoking command in '/home/xukai/00-Learn/ros2-learning/ws01_plumbing/src/py04_param': PYTHONPATH=/home/xukai/00-Learn/ros2-learning/ws01_plumbing/build/py04_param/prefix_override:/home/xukai/00-Learn/ros2-learning/ws01_plumbing/install/py04_param/lib/python3.10/site-packages:${PYTHONPATH} /usr/bin/python3 setup.py egg_info --egg-base ../../build/py04_param build --build-base /home/xukai/00-Learn/ros2-learning/ws01_plumbing/build/py04_param/build install --record /home/xukai/00-Learn/ros2-learning/ws01_plumbing/build/py04_param/install.log --single-version-externally-managed
[2.347s] running egg_info
[2.348s] creating ../../build/py04_param/py04_param.egg-info
[2.349s] writing ../../build/py04_param/py04_param.egg-info/PKG-INFO
[2.350s] writing dependency_links to ../../build/py04_param/py04_param.egg-info/dependency_links.txt
[2.351s] writing entry points to ../../build/py04_param/py04_param.egg-info/entry_points.txt
[2.352s] writing requirements to ../../build/py04_param/py04_param.egg-info/requires.txt
[2.352s] writing top-level names to ../../build/py04_param/py04_param.egg-info/top_level.txt
[2.354s] writing manifest file '../../build/py04_param/py04_param.egg-info/SOURCES.txt'
[2.358s] reading manifest file '../../build/py04_param/py04_param.egg-info/SOURCES.txt'
[2.360s] writing manifest file '../../build/py04_param/py04_param.egg-info/SOURCES.txt'
[2.361s] running build
[2.361s] running build_py
[2.361s] creating /home/xukai/00-Learn/ros2-learning/ws01_plumbing/build/py04_param/build
[2.362s] creating /home/xukai/00-Learn/ros2-learning/ws01_plumbing/build/py04_param/build/lib
[2.362s] creating /home/xukai/00-Learn/ros2-learning/ws01_plumbing/build/py04_param/build/lib/py04_param
[2.362s] copying py04_param/demo00_param_py.py -> /home/xukai/00-Learn/ros2-learning/ws01_plumbing/build/py04_param/build/lib/py04_param
[2.363s] copying py04_param/__init__.py -> /home/xukai/00-Learn/ros2-learning/ws01_plumbing/build/py04_param/build/lib/py04_param
[2.364s] copying py04_param/demo02_param_client_py.py -> /home/xukai/00-Learn/ros2-learning/ws01_plumbing/build/py04_param/build/lib/py04_param
[2.365s] copying py04_param/demo01_param_server_py.py -> /home/xukai/00-Learn/ros2-learning/ws01_plumbing/build/py04_param/build/lib/py04_param
[2.366s] running install
[2.367s] running install_lib
[2.368s] creating /home/xukai/00-Learn/ros2-learning/ws01_plumbing/install/py04_param/lib/python3.10/site-packages/py04_param
[2.368s] copying /home/xukai/00-Learn/ros2-learning/ws01_plumbing/build/py04_param/build/lib/py04_param/demo00_param_py.py -> /home/xukai/00-Learn/ros2-learning/ws01_plumbing/install/py04_param/lib/python3.10/site-packages/py04_param
[2.368s] copying /home/xukai/00-Learn/ros2-learning/ws01_plumbing/build/py04_param/build/lib/py04_param/__init__.py -> /home/xukai/00-Learn/ros2-learning/ws01_plumbing/install/py04_param/lib/python3.10/site-packages/py04_param
[2.368s] copying /home/xukai/00-Learn/ros2-learning/ws01_plumbing/build/py04_param/build/lib/py04_param/demo02_param_client_py.py -> /home/xukai/00-Learn/ros2-learning/ws01_plumbing/install/py04_param/lib/python3.10/site-packages/py04_param
[2.369s] copying /home/xukai/00-Learn/ros2-learning/ws01_plumbing/build/py04_param/build/lib/py04_param/demo01_param_server_py.py -> /home/xukai/00-Learn/ros2-learning/ws01_plumbing/install/py04_param/lib/python3.10/site-packages/py04_param
[2.370s] byte-compiling /home/xukai/00-Learn/ros2-learning/ws01_plumbing/install/py04_param/lib/python3.10/site-packages/py04_param/demo00_param_py.py to demo00_param_py.cpython-310.pyc
[2.371s] byte-compiling /home/xukai/00-Learn/ros2-learning/ws01_plumbing/install/py04_param/lib/python3.10/site-packages/py04_param/__init__.py to __init__.cpython-310.pyc
[2.371s] byte-compiling /home/xukai/00-Learn/ros2-learning/ws01_plumbing/install/py04_param/lib/python3.10/site-packages/py04_param/demo02_param_client_py.py to demo02_param_client_py.cpython-310.pyc
[2.374s] byte-compiling /home/xukai/00-Learn/ros2-learning/ws01_plumbing/install/py04_param/lib/python3.10/site-packages/py04_param/demo01_param_server_py.py to demo01_param_server_py.cpython-310.pyc
[2.375s] running install_data
[2.376s] creating /home/xukai/00-Learn/ros2-learning/ws01_plumbing/install/py04_param/share/ament_index
[2.376s] creating /home/xukai/00-Learn/ros2-learning/ws01_plumbing/install/py04_param/share/ament_index/resource_index
[2.377s] creating /home/xukai/00-Learn/ros2-learning/ws01_plumbing/install/py04_param/share/ament_index/resource_index/packages
[2.377s] copying resource/py04_param -> /home/xukai/00-Learn/ros2-learning/ws01_plumbing/install/py04_param/share/ament_index/resource_index/packages
[2.377s] copying package.xml -> /home/xukai/00-Learn/ros2-learning/ws01_plumbing/install/py04_param/share/py04_param
[2.377s] running install_egg_info
[2.381s] Copying ../../build/py04_param/py04_param.egg-info to /home/xukai/00-Learn/ros2-learning/ws01_plumbing/install/py04_param/lib/python3.10/site-packages/py04_param-0.0.0-py3.10.egg-info
[2.382s] running install_scripts
[2.422s] Installing demo00_param_py script to /home/xukai/00-Learn/ros2-learning/ws01_plumbing/install/py04_param/lib/py04_param
[2.423s] Installing demo01_param_server_py script to /home/xukai/00-Learn/ros2-learning/ws01_plumbing/install/py04_param/lib/py04_param
[2.424s] Installing demo02_param_client_py script to /home/xukai/00-Learn/ros2-learning/ws01_plumbing/install/py04_param/lib/py04_param
[2.425s] writing list of installed files to '/home/xukai/00-Learn/ros2-learning/ws01_plumbing/build/py04_param/install.log'
[2.488s] Invoked command in '/home/xukai/00-Learn/ros2-learning/ws01_plumbing/src/py04_param' returned '0': PYTHONPATH=/home/xukai/00-Learn/ros2-learning/ws01_plumbing/build/py04_param/prefix_override:/home/xukai/00-Learn/ros2-learning/ws01_plumbing/install/py04_param/lib/python3.10/site-packages:${PYTHONPATH} /usr/bin/python3 setup.py egg_info --egg-base ../../build/py04_param build --build-base /home/xukai/00-Learn/ros2-learning/ws01_plumbing/build/py04_param/build install --record /home/xukai/00-Learn/ros2-learning/ws01_plumbing/build/py04_param/install.log --single-version-externally-managed
