[0.019s] Invoking command in '/home/xukai/00-Learn/ros2-learning/ws01_plumbing/build/base_interfaces_demo': CMAKE_PREFIX_PATH=/opt/ros/humble /usr/bin/cmake --build /home/xukai/00-Learn/ros2-learning/ws01_plumbing/build/base_interfaces_demo -- -j8 -l8
[0.077s] -- Found ament_cmake: 1.3.4 (/opt/ros/humble/share/ament_cmake/cmake)
[0.246s] -- Found rosidl_default_generators: 1.2.0 (/opt/ros/humble/share/rosidl_default_generators/cmake)
[0.248s] -- Using all available rosidl_typesupport_c: rosidl_typesupport_fastrtps_c;rosidl_typesupport_introspection_c
[0.253s] -- Found rosidl_adapter: 3.1.4 (/opt/ros/humble/share/rosidl_adapter/cmake)
[0.295s] -- Using all available rosidl_typesupport_cpp: rosidl_typesupport_fastrtps_cpp;rosidl_typesupport_introspection_cpp
[0.617s] -- Found ament_cmake_ros: 0.10.0 (/opt/ros/humble/share/ament_cmake_ros/cmake)
[0.786s] -- Using all available rosidl_typesupport_c: rosidl_typesupport_fastrtps_c;rosidl_typesupport_introspection_c
[1.007s] -- Using all available rosidl_typesupport_cpp: rosidl_typesupport_fastrtps_cpp;rosidl_typesupport_introspection_cpp
[1.030s] -- Found python_cmake_module: 0.10.0 (/opt/ros/humble/share/python_cmake_module/cmake)
[1.051s] -- Using PYTHON_EXECUTABLE: /usr/bin/python3
[1.051s] -- Using PYTHON_INCLUDE_DIRS: /usr/include/python3.10
[1.051s] -- Using PYTHON_LIBRARIES: /usr/lib/x86_64-linux-gnu/libpython3.10.so
[1.062s] -- Found ament_lint_auto: 0.12.6 (/opt/ros/humble/share/ament_lint_auto/cmake)
[1.083s] -- Added test 'lint_cmake' to check CMake code style
[1.085s] -- Added test 'xmllint' to check XML markup files
[1.089s] -- Configuring done
[1.138s] -- Generating done
[1.141s] -- Build files have been written to: /home/xukai/00-Learn/ros2-learning/ws01_plumbing/build/base_interfaces_demo
[1.162s] [  2%] [34m[1mGenerating C code for ROS interfaces[0m
[1.172s] [  5%] [34m[1mGenerating C++ code for ROS interfaces[0m
[1.184s] [  5%] Built target ament_cmake_python_copy_base_interfaces_demo
[1.547s] [  5%] Built target base_interfaces_demo__cpp
[1.557s] [  7%] [34m[1mGenerating C++ type support dispatch for ROS interfaces[0m
[1.558s] [35m[1mConsolidate compiler generated dependencies of target base_interfaces_demo__rosidl_generator_c[0m
[1.558s] [ 10%] [34m[1mGenerating C++ type support for eProsima Fast-RTPS[0m
[1.561s] [ 12%] [34m[1mGenerating C++ introspection for ROS interfaces[0m
[1.565s] running egg_info
[1.566s] writing base_interfaces_demo.egg-info/PKG-INFO
[1.566s] writing dependency_links to base_interfaces_demo.egg-info/dependency_links.txt
[1.567s] writing top-level names to base_interfaces_demo.egg-info/top_level.txt
[1.571s] reading manifest file 'base_interfaces_demo.egg-info/SOURCES.txt'
[1.572s] writing manifest file 'base_interfaces_demo.egg-info/SOURCES.txt'
[1.576s] [ 17%] [32mBuilding C object CMakeFiles/base_interfaces_demo__rosidl_generator_c.dir/rosidl_generator_c/base_interfaces_demo/srv/detail/add_ints__functions.c.o[0m
[1.576s] [ 17%] [32mBuilding C object CMakeFiles/base_interfaces_demo__rosidl_generator_c.dir/rosidl_generator_c/base_interfaces_demo/msg/detail/student__functions.c.o[0m
[1.617s] [ 17%] Built target ament_cmake_python_build_base_interfaces_demo_egg
[1.734s] [ 20%] [32m[1mLinking C shared library libbase_interfaces_demo__rosidl_generator_c.so[0m
[1.800s] [ 20%] Built target base_interfaces_demo__rosidl_generator_c
[1.814s] [ 25%] [34m[1mGenerating C introspection for ROS interfaces[0m
[1.816s] [ 25%] [34m[1mGenerating C type support for eProsima Fast-RTPS[0m
[1.824s] [ 28%] [34m[1mGenerating C type support dispatch for ROS interfaces[0m
[2.044s] [35m[1mConsolidate compiler generated dependencies of target base_interfaces_demo__rosidl_typesupport_cpp[0m
[2.074s] [ 30%] [32mBuilding CXX object CMakeFiles/base_interfaces_demo__rosidl_typesupport_cpp.dir/rosidl_typesupport_cpp/base_interfaces_demo/msg/student__type_support.cpp.o[0m
[2.095s] [ 33%] [32mBuilding CXX object CMakeFiles/base_interfaces_demo__rosidl_typesupport_cpp.dir/rosidl_typesupport_cpp/base_interfaces_demo/srv/add_ints__type_support.cpp.o[0m
[2.134s] [35m[1mConsolidate compiler generated dependencies of target base_interfaces_demo__rosidl_typesupport_fastrtps_cpp[0m
[2.159s] [35m[1mConsolidate compiler generated dependencies of target base_interfaces_demo__rosidl_typesupport_introspection_cpp[0m
[2.187s] [ 35%] [32mBuilding CXX object CMakeFiles/base_interfaces_demo__rosidl_typesupport_fastrtps_cpp.dir/rosidl_typesupport_fastrtps_cpp/base_interfaces_demo/msg/detail/dds_fastrtps/student__type_support.cpp.o[0m
[2.189s] [ 38%] [32mBuilding CXX object CMakeFiles/base_interfaces_demo__rosidl_typesupport_introspection_cpp.dir/rosidl_typesupport_introspection_cpp/base_interfaces_demo/msg/detail/student__type_support.cpp.o[0m
[2.192s] [ 41%] [32mBuilding CXX object CMakeFiles/base_interfaces_demo__rosidl_typesupport_fastrtps_cpp.dir/rosidl_typesupport_fastrtps_cpp/base_interfaces_demo/srv/detail/dds_fastrtps/add_ints__type_support.cpp.o[0m
[2.418s] [35m[1mConsolidate compiler generated dependencies of target base_interfaces_demo__rosidl_typesupport_c[0m
[2.437s] [35m[1mConsolidate compiler generated dependencies of target base_interfaces_demo__rosidl_typesupport_introspection_c[0m
[2.453s] [ 43%] [32mBuilding CXX object CMakeFiles/base_interfaces_demo__rosidl_typesupport_c.dir/rosidl_typesupport_c/base_interfaces_demo/msg/student__type_support.cpp.o[0m
[2.459s] [ 46%] [32mBuilding C object CMakeFiles/base_interfaces_demo__rosidl_typesupport_introspection_c.dir/rosidl_typesupport_introspection_c/base_interfaces_demo/msg/detail/student__type_support.c.o[0m
[2.473s] [35m[1mConsolidate compiler generated dependencies of target base_interfaces_demo__rosidl_typesupport_fastrtps_c[0m
[2.515s] [ 48%] [32mBuilding CXX object CMakeFiles/base_interfaces_demo__rosidl_typesupport_fastrtps_c.dir/rosidl_typesupport_fastrtps_c/base_interfaces_demo/msg/detail/student__type_support_c.cpp.o[0m
[2.521s] [ 51%] [32mBuilding C object CMakeFiles/base_interfaces_demo__rosidl_typesupport_introspection_c.dir/rosidl_typesupport_introspection_c/base_interfaces_demo/srv/detail/add_ints__type_support.c.o[0m
[2.533s] [ 53%] [32mBuilding CXX object CMakeFiles/base_interfaces_demo__rosidl_typesupport_c.dir/rosidl_typesupport_c/base_interfaces_demo/srv/add_ints__type_support.cpp.o[0m
[2.595s] [ 56%] [32m[1mLinking C shared library libbase_interfaces_demo__rosidl_typesupport_introspection_c.so[0m
[2.617s] [ 58%] [32mBuilding CXX object CMakeFiles/base_interfaces_demo__rosidl_typesupport_fastrtps_c.dir/rosidl_typesupport_fastrtps_c/base_interfaces_demo/srv/detail/add_ints__type_support_c.cpp.o[0m
[2.622s] [ 61%] [32m[1mLinking CXX shared library libbase_interfaces_demo__rosidl_typesupport_c.so[0m
[2.653s] [ 61%] Built target base_interfaces_demo__rosidl_typesupport_introspection_c
[2.662s] [ 64%] [32m[1mLinking CXX shared library libbase_interfaces_demo__rosidl_typesupport_cpp.so[0m
[2.666s] [ 66%] [32mBuilding CXX object CMakeFiles/base_interfaces_demo__rosidl_typesupport_introspection_cpp.dir/rosidl_typesupport_introspection_cpp/base_interfaces_demo/srv/detail/add_ints__type_support.cpp.o[0m
[2.770s] [ 66%] Built target base_interfaces_demo__rosidl_typesupport_c
[2.780s] [ 66%] Built target base_interfaces_demo__rosidl_typesupport_cpp
[2.868s] [ 69%] [32m[1mLinking CXX shared library libbase_interfaces_demo__rosidl_typesupport_fastrtps_cpp.so[0m
[2.959s] [ 69%] Built target base_interfaces_demo__rosidl_typesupport_fastrtps_cpp
[3.104s] [ 71%] [32m[1mLinking CXX shared library libbase_interfaces_demo__rosidl_typesupport_introspection_cpp.so[0m
[3.137s] [ 74%] [32m[1mLinking CXX shared library libbase_interfaces_demo__rosidl_typesupport_fastrtps_c.so[0m
[3.176s] [ 74%] Built target base_interfaces_demo__rosidl_typesupport_introspection_cpp
[3.212s] [ 74%] Built target base_interfaces_demo__rosidl_typesupport_fastrtps_c
[3.232s] [ 74%] Built target base_interfaces_demo
[3.250s] [ 76%] [34m[1mGenerating Python code for ROS interfaces[0m
[3.686s] [ 76%] Built target base_interfaces_demo__py
[3.695s] [35m[1mConsolidate compiler generated dependencies of target base_interfaces_demo__rosidl_generator_py[0m
[3.709s] [ 82%] [32mBuilding C object CMakeFiles/base_interfaces_demo__rosidl_generator_py.dir/rosidl_generator_py/base_interfaces_demo/msg/_student_s.c.o[0m
[3.709s] [ 82%] [32mBuilding C object CMakeFiles/base_interfaces_demo__rosidl_generator_py.dir/rosidl_generator_py/base_interfaces_demo/srv/_add_ints_s.c.o[0m
[3.802s] [ 84%] [32m[1mLinking C shared library rosidl_generator_py/base_interfaces_demo/libbase_interfaces_demo__rosidl_generator_py.so[0m
[3.846s] [ 84%] Built target base_interfaces_demo__rosidl_generator_py
[3.856s] [35m[1mConsolidate compiler generated dependencies of target base_interfaces_demo__rosidl_typesupport_c__pyext[0m
[3.857s] [35m[1mConsolidate compiler generated dependencies of target base_interfaces_demo__rosidl_typesupport_fastrtps_c__pyext[0m
[3.857s] [35m[1mConsolidate compiler generated dependencies of target base_interfaces_demo__rosidl_typesupport_introspection_c__pyext[0m
[3.870s] [ 89%] [32mBuilding C object CMakeFiles/base_interfaces_demo__rosidl_typesupport_introspection_c__pyext.dir/rosidl_generator_py/base_interfaces_demo/_base_interfaces_demo_s.ep.rosidl_typesupport_introspection_c.c.o[0m
[3.871s] [ 89%] [32mBuilding C object CMakeFiles/base_interfaces_demo__rosidl_typesupport_c__pyext.dir/rosidl_generator_py/base_interfaces_demo/_base_interfaces_demo_s.ep.rosidl_typesupport_c.c.o[0m
[3.874s] [ 92%] [32mBuilding C object CMakeFiles/base_interfaces_demo__rosidl_typesupport_fastrtps_c__pyext.dir/rosidl_generator_py/base_interfaces_demo/_base_interfaces_demo_s.ep.rosidl_typesupport_fastrtps_c.c.o[0m
[3.963s] [ 94%] [32m[1mLinking C shared library rosidl_generator_py/base_interfaces_demo/base_interfaces_demo_s__rosidl_typesupport_c.cpython-310-x86_64-linux-gnu.so[0m
[3.965s] [ 97%] [32m[1mLinking C shared library rosidl_generator_py/base_interfaces_demo/base_interfaces_demo_s__rosidl_typesupport_introspection_c.cpython-310-x86_64-linux-gnu.so[0m
[4.005s] [ 97%] Built target base_interfaces_demo__rosidl_typesupport_c__pyext
[4.007s] [ 97%] Built target base_interfaces_demo__rosidl_typesupport_introspection_c__pyext
[4.020s] [100%] [32m[1mLinking C shared library rosidl_generator_py/base_interfaces_demo/base_interfaces_demo_s__rosidl_typesupport_fastrtps_c.cpython-310-x86_64-linux-gnu.so[0m
[4.056s] [100%] Built target base_interfaces_demo__rosidl_typesupport_fastrtps_c__pyext
[4.067s] Invoked command in '/home/xukai/00-Learn/ros2-learning/ws01_plumbing/build/base_interfaces_demo' returned '0': CMAKE_PREFIX_PATH=/opt/ros/humble /usr/bin/cmake --build /home/xukai/00-Learn/ros2-learning/ws01_plumbing/build/base_interfaces_demo -- -j8 -l8
[4.155s] Invoking command in '/home/xukai/00-Learn/ros2-learning/ws01_plumbing/build/base_interfaces_demo': CMAKE_PREFIX_PATH=/opt/ros/humble /usr/bin/cmake --install /home/xukai/00-Learn/ros2-learning/ws01_plumbing/build/base_interfaces_demo
[4.162s] -- Install configuration: ""
[4.162s] -- Installing: /home/xukai/00-Learn/ros2-learning/ws01_plumbing/install/base_interfaces_demo/share/ament_index/resource_index/rosidl_interfaces/base_interfaces_demo
[4.162s] -- Up-to-date: /home/xukai/00-Learn/ros2-learning/ws01_plumbing/install/base_interfaces_demo/include/base_interfaces_demo/base_interfaces_demo
[4.162s] -- Up-to-date: /home/xukai/00-Learn/ros2-learning/ws01_plumbing/install/base_interfaces_demo/include/base_interfaces_demo/base_interfaces_demo/msg
[4.162s] -- Up-to-date: /home/xukai/00-Learn/ros2-learning/ws01_plumbing/install/base_interfaces_demo/include/base_interfaces_demo/base_interfaces_demo/msg/rosidl_generator_c__visibility_control.h
[4.163s] -- Installing: /home/xukai/00-Learn/ros2-learning/ws01_plumbing/install/base_interfaces_demo/include/base_interfaces_demo/base_interfaces_demo/msg/student.h
[4.163s] -- Up-to-date: /home/xukai/00-Learn/ros2-learning/ws01_plumbing/install/base_interfaces_demo/include/base_interfaces_demo/base_interfaces_demo/msg/detail
[4.163s] -- Installing: /home/xukai/00-Learn/ros2-learning/ws01_plumbing/install/base_interfaces_demo/include/base_interfaces_demo/base_interfaces_demo/msg/detail/student__type_support.h
[4.163s] -- Installing: /home/xukai/00-Learn/ros2-learning/ws01_plumbing/install/base_interfaces_demo/include/base_interfaces_demo/base_interfaces_demo/msg/detail/student__struct.h
[4.163s] -- Installing: /home/xukai/00-Learn/ros2-learning/ws01_plumbing/install/base_interfaces_demo/include/base_interfaces_demo/base_interfaces_demo/msg/detail/student__functions.h
[4.163s] -- Installing: /home/xukai/00-Learn/ros2-learning/ws01_plumbing/install/base_interfaces_demo/include/base_interfaces_demo/base_interfaces_demo/msg/detail/student__functions.c
[4.163s] -- Installing: /home/xukai/00-Learn/ros2-learning/ws01_plumbing/install/base_interfaces_demo/include/base_interfaces_demo/base_interfaces_demo/srv
[4.164s] -- Installing: /home/xukai/00-Learn/ros2-learning/ws01_plumbing/install/base_interfaces_demo/include/base_interfaces_demo/base_interfaces_demo/srv/add_ints.h
[4.164s] -- Installing: /home/xukai/00-Learn/ros2-learning/ws01_plumbing/install/base_interfaces_demo/include/base_interfaces_demo/base_interfaces_demo/srv/detail
[4.164s] -- Installing: /home/xukai/00-Learn/ros2-learning/ws01_plumbing/install/base_interfaces_demo/include/base_interfaces_demo/base_interfaces_demo/srv/detail/add_ints__functions.c
[4.164s] -- Installing: /home/xukai/00-Learn/ros2-learning/ws01_plumbing/install/base_interfaces_demo/include/base_interfaces_demo/base_interfaces_demo/srv/detail/add_ints__struct.h
[4.164s] -- Installing: /home/xukai/00-Learn/ros2-learning/ws01_plumbing/install/base_interfaces_demo/include/base_interfaces_demo/base_interfaces_demo/srv/detail/add_ints__functions.h
[4.164s] -- Installing: /home/xukai/00-Learn/ros2-learning/ws01_plumbing/install/base_interfaces_demo/include/base_interfaces_demo/base_interfaces_demo/srv/detail/add_ints__type_support.h
[4.164s] -- Up-to-date: /home/xukai/00-Learn/ros2-learning/ws01_plumbing/install/base_interfaces_demo/share/base_interfaces_demo/environment/library_path.sh
[4.164s] -- Installing: /home/xukai/00-Learn/ros2-learning/ws01_plumbing/install/base_interfaces_demo/share/base_interfaces_demo/environment/library_path.dsv
[4.165s] -- Installing: /home/xukai/00-Learn/ros2-learning/ws01_plumbing/install/base_interfaces_demo/lib/libbase_interfaces_demo__rosidl_generator_c.so
[4.165s] -- Set runtime path of "/home/xukai/00-Learn/ros2-learning/ws01_plumbing/install/base_interfaces_demo/lib/libbase_interfaces_demo__rosidl_generator_c.so" to ""
[4.165s] -- Up-to-date: /home/xukai/00-Learn/ros2-learning/ws01_plumbing/install/base_interfaces_demo/include/base_interfaces_demo/base_interfaces_demo
[4.166s] -- Up-to-date: /home/xukai/00-Learn/ros2-learning/ws01_plumbing/install/base_interfaces_demo/include/base_interfaces_demo/base_interfaces_demo/msg
[4.166s] -- Up-to-date: /home/xukai/00-Learn/ros2-learning/ws01_plumbing/install/base_interfaces_demo/include/base_interfaces_demo/base_interfaces_demo/msg/rosidl_typesupport_fastrtps_c__visibility_control.h
[4.166s] -- Up-to-date: /home/xukai/00-Learn/ros2-learning/ws01_plumbing/install/base_interfaces_demo/include/base_interfaces_demo/base_interfaces_demo/msg/detail
[4.166s] -- Installing: /home/xukai/00-Learn/ros2-learning/ws01_plumbing/install/base_interfaces_demo/include/base_interfaces_demo/base_interfaces_demo/msg/detail/student__rosidl_typesupport_fastrtps_c.h
[4.166s] -- Up-to-date: /home/xukai/00-Learn/ros2-learning/ws01_plumbing/install/base_interfaces_demo/include/base_interfaces_demo/base_interfaces_demo/srv
[4.166s] -- Up-to-date: /home/xukai/00-Learn/ros2-learning/ws01_plumbing/install/base_interfaces_demo/include/base_interfaces_demo/base_interfaces_demo/srv/detail
[4.166s] -- Installing: /home/xukai/00-Learn/ros2-learning/ws01_plumbing/install/base_interfaces_demo/include/base_interfaces_demo/base_interfaces_demo/srv/detail/add_ints__rosidl_typesupport_fastrtps_c.h
[4.166s] -- Installing: /home/xukai/00-Learn/ros2-learning/ws01_plumbing/install/base_interfaces_demo/lib/libbase_interfaces_demo__rosidl_typesupport_fastrtps_c.so
[4.167s] -- Set runtime path of "/home/xukai/00-Learn/ros2-learning/ws01_plumbing/install/base_interfaces_demo/lib/libbase_interfaces_demo__rosidl_typesupport_fastrtps_c.so" to ""
[4.167s] -- Up-to-date: /home/xukai/00-Learn/ros2-learning/ws01_plumbing/install/base_interfaces_demo/include/base_interfaces_demo/base_interfaces_demo
[4.167s] -- Up-to-date: /home/xukai/00-Learn/ros2-learning/ws01_plumbing/install/base_interfaces_demo/include/base_interfaces_demo/base_interfaces_demo/msg
[4.167s] -- Up-to-date: /home/xukai/00-Learn/ros2-learning/ws01_plumbing/install/base_interfaces_demo/include/base_interfaces_demo/base_interfaces_demo/msg/rosidl_typesupport_introspection_c__visibility_control.h
[4.167s] -- Up-to-date: /home/xukai/00-Learn/ros2-learning/ws01_plumbing/install/base_interfaces_demo/include/base_interfaces_demo/base_interfaces_demo/msg/detail
[4.167s] -- Installing: /home/xukai/00-Learn/ros2-learning/ws01_plumbing/install/base_interfaces_demo/include/base_interfaces_demo/base_interfaces_demo/msg/detail/student__rosidl_typesupport_introspection_c.h
[4.168s] -- Installing: /home/xukai/00-Learn/ros2-learning/ws01_plumbing/install/base_interfaces_demo/include/base_interfaces_demo/base_interfaces_demo/msg/detail/student__type_support.c
[4.168s] -- Up-to-date: /home/xukai/00-Learn/ros2-learning/ws01_plumbing/install/base_interfaces_demo/include/base_interfaces_demo/base_interfaces_demo/srv
[4.168s] -- Up-to-date: /home/xukai/00-Learn/ros2-learning/ws01_plumbing/install/base_interfaces_demo/include/base_interfaces_demo/base_interfaces_demo/srv/detail
[4.168s] -- Installing: /home/xukai/00-Learn/ros2-learning/ws01_plumbing/install/base_interfaces_demo/include/base_interfaces_demo/base_interfaces_demo/srv/detail/add_ints__rosidl_typesupport_introspection_c.h
[4.168s] -- Installing: /home/xukai/00-Learn/ros2-learning/ws01_plumbing/install/base_interfaces_demo/include/base_interfaces_demo/base_interfaces_demo/srv/detail/add_ints__type_support.c
[4.168s] -- Installing: /home/xukai/00-Learn/ros2-learning/ws01_plumbing/install/base_interfaces_demo/lib/libbase_interfaces_demo__rosidl_typesupport_introspection_c.so
[4.168s] -- Set runtime path of "/home/xukai/00-Learn/ros2-learning/ws01_plumbing/install/base_interfaces_demo/lib/libbase_interfaces_demo__rosidl_typesupport_introspection_c.so" to ""
[4.169s] -- Installing: /home/xukai/00-Learn/ros2-learning/ws01_plumbing/install/base_interfaces_demo/lib/libbase_interfaces_demo__rosidl_typesupport_c.so
[4.170s] -- Set runtime path of "/home/xukai/00-Learn/ros2-learning/ws01_plumbing/install/base_interfaces_demo/lib/libbase_interfaces_demo__rosidl_typesupport_c.so" to ""
[4.170s] -- Up-to-date: /home/xukai/00-Learn/ros2-learning/ws01_plumbing/install/base_interfaces_demo/include/base_interfaces_demo/base_interfaces_demo
[4.170s] -- Up-to-date: /home/xukai/00-Learn/ros2-learning/ws01_plumbing/install/base_interfaces_demo/include/base_interfaces_demo/base_interfaces_demo/msg
[4.170s] -- Installing: /home/xukai/00-Learn/ros2-learning/ws01_plumbing/install/base_interfaces_demo/include/base_interfaces_demo/base_interfaces_demo/msg/student.hpp
[4.170s] -- Up-to-date: /home/xukai/00-Learn/ros2-learning/ws01_plumbing/install/base_interfaces_demo/include/base_interfaces_demo/base_interfaces_demo/msg/detail
[4.170s] -- Installing: /home/xukai/00-Learn/ros2-learning/ws01_plumbing/install/base_interfaces_demo/include/base_interfaces_demo/base_interfaces_demo/msg/detail/student__struct.hpp
[4.171s] -- Installing: /home/xukai/00-Learn/ros2-learning/ws01_plumbing/install/base_interfaces_demo/include/base_interfaces_demo/base_interfaces_demo/msg/detail/student__traits.hpp
[4.171s] -- Installing: /home/xukai/00-Learn/ros2-learning/ws01_plumbing/install/base_interfaces_demo/include/base_interfaces_demo/base_interfaces_demo/msg/detail/student__builder.hpp
[4.171s] -- Up-to-date: /home/xukai/00-Learn/ros2-learning/ws01_plumbing/install/base_interfaces_demo/include/base_interfaces_demo/base_interfaces_demo/srv
[4.171s] -- Installing: /home/xukai/00-Learn/ros2-learning/ws01_plumbing/install/base_interfaces_demo/include/base_interfaces_demo/base_interfaces_demo/srv/add_ints.hpp
[4.171s] -- Up-to-date: /home/xukai/00-Learn/ros2-learning/ws01_plumbing/install/base_interfaces_demo/include/base_interfaces_demo/base_interfaces_demo/srv/detail
[4.171s] -- Installing: /home/xukai/00-Learn/ros2-learning/ws01_plumbing/install/base_interfaces_demo/include/base_interfaces_demo/base_interfaces_demo/srv/detail/add_ints__traits.hpp
[4.171s] -- Installing: /home/xukai/00-Learn/ros2-learning/ws01_plumbing/install/base_interfaces_demo/include/base_interfaces_demo/base_interfaces_demo/srv/detail/add_ints__struct.hpp
[4.171s] -- Installing: /home/xukai/00-Learn/ros2-learning/ws01_plumbing/install/base_interfaces_demo/include/base_interfaces_demo/base_interfaces_demo/srv/detail/add_ints__builder.hpp
[4.171s] -- Up-to-date: /home/xukai/00-Learn/ros2-learning/ws01_plumbing/install/base_interfaces_demo/include/base_interfaces_demo/base_interfaces_demo
[4.172s] -- Up-to-date: /home/xukai/00-Learn/ros2-learning/ws01_plumbing/install/base_interfaces_demo/include/base_interfaces_demo/base_interfaces_demo/msg
[4.172s] -- Up-to-date: /home/xukai/00-Learn/ros2-learning/ws01_plumbing/install/base_interfaces_demo/include/base_interfaces_demo/base_interfaces_demo/msg/detail
[4.172s] -- Up-to-date: /home/xukai/00-Learn/ros2-learning/ws01_plumbing/install/base_interfaces_demo/include/base_interfaces_demo/base_interfaces_demo/msg/detail/dds_fastrtps
[4.172s] -- Installing: /home/xukai/00-Learn/ros2-learning/ws01_plumbing/install/base_interfaces_demo/include/base_interfaces_demo/base_interfaces_demo/msg/detail/student__rosidl_typesupport_fastrtps_cpp.hpp
[4.172s] -- Up-to-date: /home/xukai/00-Learn/ros2-learning/ws01_plumbing/install/base_interfaces_demo/include/base_interfaces_demo/base_interfaces_demo/msg/rosidl_typesupport_fastrtps_cpp__visibility_control.h
[4.172s] -- Up-to-date: /home/xukai/00-Learn/ros2-learning/ws01_plumbing/install/base_interfaces_demo/include/base_interfaces_demo/base_interfaces_demo/srv
[4.172s] -- Up-to-date: /home/xukai/00-Learn/ros2-learning/ws01_plumbing/install/base_interfaces_demo/include/base_interfaces_demo/base_interfaces_demo/srv/detail
[4.172s] -- Installing: /home/xukai/00-Learn/ros2-learning/ws01_plumbing/install/base_interfaces_demo/include/base_interfaces_demo/base_interfaces_demo/srv/detail/dds_fastrtps
[4.173s] -- Installing: /home/xukai/00-Learn/ros2-learning/ws01_plumbing/install/base_interfaces_demo/include/base_interfaces_demo/base_interfaces_demo/srv/detail/add_ints__rosidl_typesupport_fastrtps_cpp.hpp
[4.173s] -- Installing: /home/xukai/00-Learn/ros2-learning/ws01_plumbing/install/base_interfaces_demo/lib/libbase_interfaces_demo__rosidl_typesupport_fastrtps_cpp.so
[4.173s] -- Set runtime path of "/home/xukai/00-Learn/ros2-learning/ws01_plumbing/install/base_interfaces_demo/lib/libbase_interfaces_demo__rosidl_typesupport_fastrtps_cpp.so" to ""
[4.173s] -- Up-to-date: /home/xukai/00-Learn/ros2-learning/ws01_plumbing/install/base_interfaces_demo/include/base_interfaces_demo/base_interfaces_demo
[4.173s] -- Up-to-date: /home/xukai/00-Learn/ros2-learning/ws01_plumbing/install/base_interfaces_demo/include/base_interfaces_demo/base_interfaces_demo/msg
[4.173s] -- Up-to-date: /home/xukai/00-Learn/ros2-learning/ws01_plumbing/install/base_interfaces_demo/include/base_interfaces_demo/base_interfaces_demo/msg/detail
[4.173s] -- Installing: /home/xukai/00-Learn/ros2-learning/ws01_plumbing/install/base_interfaces_demo/include/base_interfaces_demo/base_interfaces_demo/msg/detail/student__rosidl_typesupport_introspection_cpp.hpp
[4.174s] -- Installing: /home/xukai/00-Learn/ros2-learning/ws01_plumbing/install/base_interfaces_demo/include/base_interfaces_demo/base_interfaces_demo/msg/detail/student__type_support.cpp
[4.174s] -- Up-to-date: /home/xukai/00-Learn/ros2-learning/ws01_plumbing/install/base_interfaces_demo/include/base_interfaces_demo/base_interfaces_demo/srv
[4.174s] -- Up-to-date: /home/xukai/00-Learn/ros2-learning/ws01_plumbing/install/base_interfaces_demo/include/base_interfaces_demo/base_interfaces_demo/srv/detail
[4.174s] -- Installing: /home/xukai/00-Learn/ros2-learning/ws01_plumbing/install/base_interfaces_demo/include/base_interfaces_demo/base_interfaces_demo/srv/detail/add_ints__rosidl_typesupport_introspection_cpp.hpp
[4.174s] -- Installing: /home/xukai/00-Learn/ros2-learning/ws01_plumbing/install/base_interfaces_demo/include/base_interfaces_demo/base_interfaces_demo/srv/detail/add_ints__type_support.cpp
[4.175s] -- Installing: /home/xukai/00-Learn/ros2-learning/ws01_plumbing/install/base_interfaces_demo/lib/libbase_interfaces_demo__rosidl_typesupport_introspection_cpp.so
[4.175s] -- Set runtime path of "/home/xukai/00-Learn/ros2-learning/ws01_plumbing/install/base_interfaces_demo/lib/libbase_interfaces_demo__rosidl_typesupport_introspection_cpp.so" to ""
[4.176s] -- Installing: /home/xukai/00-Learn/ros2-learning/ws01_plumbing/install/base_interfaces_demo/lib/libbase_interfaces_demo__rosidl_typesupport_cpp.so
[4.177s] -- Set runtime path of "/home/xukai/00-Learn/ros2-learning/ws01_plumbing/install/base_interfaces_demo/lib/libbase_interfaces_demo__rosidl_typesupport_cpp.so" to ""
[4.177s] -- Up-to-date: /home/xukai/00-Learn/ros2-learning/ws01_plumbing/install/base_interfaces_demo/share/base_interfaces_demo/environment/pythonpath.sh
[4.177s] -- Installing: /home/xukai/00-Learn/ros2-learning/ws01_plumbing/install/base_interfaces_demo/share/base_interfaces_demo/environment/pythonpath.dsv
[4.177s] -- Up-to-date: /home/xukai/00-Learn/ros2-learning/ws01_plumbing/install/base_interfaces_demo/local/lib/python3.10/dist-packages/base_interfaces_demo-0.0.0-py3.10.egg-info
[4.177s] -- Installing: /home/xukai/00-Learn/ros2-learning/ws01_plumbing/install/base_interfaces_demo/local/lib/python3.10/dist-packages/base_interfaces_demo-0.0.0-py3.10.egg-info/SOURCES.txt
[4.178s] -- Installing: /home/xukai/00-Learn/ros2-learning/ws01_plumbing/install/base_interfaces_demo/local/lib/python3.10/dist-packages/base_interfaces_demo-0.0.0-py3.10.egg-info/top_level.txt
[4.178s] -- Installing: /home/xukai/00-Learn/ros2-learning/ws01_plumbing/install/base_interfaces_demo/local/lib/python3.10/dist-packages/base_interfaces_demo-0.0.0-py3.10.egg-info/PKG-INFO
[4.178s] -- Installing: /home/xukai/00-Learn/ros2-learning/ws01_plumbing/install/base_interfaces_demo/local/lib/python3.10/dist-packages/base_interfaces_demo-0.0.0-py3.10.egg-info/dependency_links.txt
[4.178s] -- Up-to-date: /home/xukai/00-Learn/ros2-learning/ws01_plumbing/install/base_interfaces_demo/local/lib/python3.10/dist-packages/base_interfaces_demo
[4.178s] -- Up-to-date: /home/xukai/00-Learn/ros2-learning/ws01_plumbing/install/base_interfaces_demo/local/lib/python3.10/dist-packages/base_interfaces_demo/msg
[4.178s] -- Installing: /home/xukai/00-Learn/ros2-learning/ws01_plumbing/install/base_interfaces_demo/local/lib/python3.10/dist-packages/base_interfaces_demo/msg/_student.py
[4.178s] -- Installing: /home/xukai/00-Learn/ros2-learning/ws01_plumbing/install/base_interfaces_demo/local/lib/python3.10/dist-packages/base_interfaces_demo/msg/__init__.py
[4.178s] -- Installing: /home/xukai/00-Learn/ros2-learning/ws01_plumbing/install/base_interfaces_demo/local/lib/python3.10/dist-packages/base_interfaces_demo/msg/_student_s.c
[4.178s] -- Installing: /home/xukai/00-Learn/ros2-learning/ws01_plumbing/install/base_interfaces_demo/local/lib/python3.10/dist-packages/base_interfaces_demo/_base_interfaces_demo_s.ep.rosidl_typesupport_introspection_c.c
[4.178s] -- Installing: /home/xukai/00-Learn/ros2-learning/ws01_plumbing/install/base_interfaces_demo/local/lib/python3.10/dist-packages/base_interfaces_demo/base_interfaces_demo_s__rosidl_typesupport_c.cpython-310-x86_64-linux-gnu.so
[4.179s] -- Installing: /home/xukai/00-Learn/ros2-learning/ws01_plumbing/install/base_interfaces_demo/local/lib/python3.10/dist-packages/base_interfaces_demo/_base_interfaces_demo_s.ep.rosidl_typesupport_c.c
[4.179s] -- Installing: /home/xukai/00-Learn/ros2-learning/ws01_plumbing/install/base_interfaces_demo/local/lib/python3.10/dist-packages/base_interfaces_demo/srv
[4.179s] -- Installing: /home/xukai/00-Learn/ros2-learning/ws01_plumbing/install/base_interfaces_demo/local/lib/python3.10/dist-packages/base_interfaces_demo/srv/_add_ints_s.c
[4.179s] -- Installing: /home/xukai/00-Learn/ros2-learning/ws01_plumbing/install/base_interfaces_demo/local/lib/python3.10/dist-packages/base_interfaces_demo/srv/__init__.py
[4.179s] -- Installing: /home/xukai/00-Learn/ros2-learning/ws01_plumbing/install/base_interfaces_demo/local/lib/python3.10/dist-packages/base_interfaces_demo/srv/_add_ints.py
[4.179s] -- Installing: /home/xukai/00-Learn/ros2-learning/ws01_plumbing/install/base_interfaces_demo/local/lib/python3.10/dist-packages/base_interfaces_demo/base_interfaces_demo_s__rosidl_typesupport_introspection_c.cpython-310-x86_64-linux-gnu.so
[4.179s] -- Installing: /home/xukai/00-Learn/ros2-learning/ws01_plumbing/install/base_interfaces_demo/local/lib/python3.10/dist-packages/base_interfaces_demo/__init__.py
[4.180s] -- Installing: /home/xukai/00-Learn/ros2-learning/ws01_plumbing/install/base_interfaces_demo/local/lib/python3.10/dist-packages/base_interfaces_demo/base_interfaces_demo_s__rosidl_typesupport_fastrtps_c.cpython-310-x86_64-linux-gnu.so
[4.180s] -- Installing: /home/xukai/00-Learn/ros2-learning/ws01_plumbing/install/base_interfaces_demo/local/lib/python3.10/dist-packages/base_interfaces_demo/_base_interfaces_demo_s.ep.rosidl_typesupport_fastrtps_c.c
[4.180s] -- Installing: /home/xukai/00-Learn/ros2-learning/ws01_plumbing/install/base_interfaces_demo/local/lib/python3.10/dist-packages/base_interfaces_demo/libbase_interfaces_demo__rosidl_generator_py.so
[4.215s] Listing '/home/xukai/00-Learn/ros2-learning/ws01_plumbing/install/base_interfaces_demo/local/lib/python3.10/dist-packages/base_interfaces_demo'...
[4.215s] Compiling '/home/xukai/00-Learn/ros2-learning/ws01_plumbing/install/base_interfaces_demo/local/lib/python3.10/dist-packages/base_interfaces_demo/__init__.py'...
[4.215s] Listing '/home/xukai/00-Learn/ros2-learning/ws01_plumbing/install/base_interfaces_demo/local/lib/python3.10/dist-packages/base_interfaces_demo/msg'...
[4.215s] Compiling '/home/xukai/00-Learn/ros2-learning/ws01_plumbing/install/base_interfaces_demo/local/lib/python3.10/dist-packages/base_interfaces_demo/msg/__init__.py'...
[4.216s] Compiling '/home/xukai/00-Learn/ros2-learning/ws01_plumbing/install/base_interfaces_demo/local/lib/python3.10/dist-packages/base_interfaces_demo/msg/_student.py'...
[4.216s] Listing '/home/xukai/00-Learn/ros2-learning/ws01_plumbing/install/base_interfaces_demo/local/lib/python3.10/dist-packages/base_interfaces_demo/srv'...
[4.216s] Compiling '/home/xukai/00-Learn/ros2-learning/ws01_plumbing/install/base_interfaces_demo/local/lib/python3.10/dist-packages/base_interfaces_demo/srv/__init__.py'...
[4.216s] Compiling '/home/xukai/00-Learn/ros2-learning/ws01_plumbing/install/base_interfaces_demo/local/lib/python3.10/dist-packages/base_interfaces_demo/srv/_add_ints.py'...
[4.220s] -- Installing: /home/xukai/00-Learn/ros2-learning/ws01_plumbing/install/base_interfaces_demo/local/lib/python3.10/dist-packages/base_interfaces_demo/base_interfaces_demo_s__rosidl_typesupport_fastrtps_c.cpython-310-x86_64-linux-gnu.so
[4.221s] -- Set runtime path of "/home/xukai/00-Learn/ros2-learning/ws01_plumbing/install/base_interfaces_demo/local/lib/python3.10/dist-packages/base_interfaces_demo/base_interfaces_demo_s__rosidl_typesupport_fastrtps_c.cpython-310-x86_64-linux-gnu.so" to ""
[4.221s] -- Installing: /home/xukai/00-Learn/ros2-learning/ws01_plumbing/install/base_interfaces_demo/local/lib/python3.10/dist-packages/base_interfaces_demo/base_interfaces_demo_s__rosidl_typesupport_introspection_c.cpython-310-x86_64-linux-gnu.so
[4.221s] -- Set runtime path of "/home/xukai/00-Learn/ros2-learning/ws01_plumbing/install/base_interfaces_demo/local/lib/python3.10/dist-packages/base_interfaces_demo/base_interfaces_demo_s__rosidl_typesupport_introspection_c.cpython-310-x86_64-linux-gnu.so" to ""
[4.222s] -- Installing: /home/xukai/00-Learn/ros2-learning/ws01_plumbing/install/base_interfaces_demo/local/lib/python3.10/dist-packages/base_interfaces_demo/base_interfaces_demo_s__rosidl_typesupport_c.cpython-310-x86_64-linux-gnu.so
[4.222s] -- Set runtime path of "/home/xukai/00-Learn/ros2-learning/ws01_plumbing/install/base_interfaces_demo/local/lib/python3.10/dist-packages/base_interfaces_demo/base_interfaces_demo_s__rosidl_typesupport_c.cpython-310-x86_64-linux-gnu.so" to ""
[4.223s] -- Installing: /home/xukai/00-Learn/ros2-learning/ws01_plumbing/install/base_interfaces_demo/lib/libbase_interfaces_demo__rosidl_generator_py.so
[4.223s] -- Set runtime path of "/home/xukai/00-Learn/ros2-learning/ws01_plumbing/install/base_interfaces_demo/lib/libbase_interfaces_demo__rosidl_generator_py.so" to ""
[4.223s] -- Up-to-date: /home/xukai/00-Learn/ros2-learning/ws01_plumbing/install/base_interfaces_demo/share/base_interfaces_demo/msg/Student.idl
[4.223s] -- Installing: /home/xukai/00-Learn/ros2-learning/ws01_plumbing/install/base_interfaces_demo/share/base_interfaces_demo/srv/AddInts.idl
[4.224s] -- Up-to-date: /home/xukai/00-Learn/ros2-learning/ws01_plumbing/install/base_interfaces_demo/share/base_interfaces_demo/msg/Student.msg
[4.224s] -- Installing: /home/xukai/00-Learn/ros2-learning/ws01_plumbing/install/base_interfaces_demo/share/base_interfaces_demo/srv/AddInts.srv
[4.224s] -- Installing: /home/xukai/00-Learn/ros2-learning/ws01_plumbing/install/base_interfaces_demo/share/base_interfaces_demo/srv/AddInts_Request.msg
[4.224s] -- Installing: /home/xukai/00-Learn/ros2-learning/ws01_plumbing/install/base_interfaces_demo/share/base_interfaces_demo/srv/AddInts_Response.msg
[4.224s] -- Up-to-date: /home/xukai/00-Learn/ros2-learning/ws01_plumbing/install/base_interfaces_demo/share/ament_index/resource_index/package_run_dependencies/base_interfaces_demo
[4.224s] -- Installing: /home/xukai/00-Learn/ros2-learning/ws01_plumbing/install/base_interfaces_demo/share/ament_index/resource_index/parent_prefix_path/base_interfaces_demo
[4.224s] -- Up-to-date: /home/xukai/00-Learn/ros2-learning/ws01_plumbing/install/base_interfaces_demo/share/base_interfaces_demo/environment/ament_prefix_path.sh
[4.224s] -- Installing: /home/xukai/00-Learn/ros2-learning/ws01_plumbing/install/base_interfaces_demo/share/base_interfaces_demo/environment/ament_prefix_path.dsv
[4.225s] -- Up-to-date: /home/xukai/00-Learn/ros2-learning/ws01_plumbing/install/base_interfaces_demo/share/base_interfaces_demo/environment/path.sh
[4.225s] -- Installing: /home/xukai/00-Learn/ros2-learning/ws01_plumbing/install/base_interfaces_demo/share/base_interfaces_demo/environment/path.dsv
[4.225s] -- Up-to-date: /home/xukai/00-Learn/ros2-learning/ws01_plumbing/install/base_interfaces_demo/share/base_interfaces_demo/local_setup.bash
[4.225s] -- Up-to-date: /home/xukai/00-Learn/ros2-learning/ws01_plumbing/install/base_interfaces_demo/share/base_interfaces_demo/local_setup.sh
[4.225s] -- Up-to-date: /home/xukai/00-Learn/ros2-learning/ws01_plumbing/install/base_interfaces_demo/share/base_interfaces_demo/local_setup.zsh
[4.225s] -- Installing: /home/xukai/00-Learn/ros2-learning/ws01_plumbing/install/base_interfaces_demo/share/base_interfaces_demo/local_setup.dsv
[4.226s] -- Installing: /home/xukai/00-Learn/ros2-learning/ws01_plumbing/install/base_interfaces_demo/share/base_interfaces_demo/package.dsv
[4.226s] -- Up-to-date: /home/xukai/00-Learn/ros2-learning/ws01_plumbing/install/base_interfaces_demo/share/ament_index/resource_index/packages/base_interfaces_demo
[4.226s] -- Up-to-date: /home/xukai/00-Learn/ros2-learning/ws01_plumbing/install/base_interfaces_demo/share/base_interfaces_demo/cmake/export_base_interfaces_demo__rosidl_generator_cExport.cmake
[4.226s] -- Up-to-date: /home/xukai/00-Learn/ros2-learning/ws01_plumbing/install/base_interfaces_demo/share/base_interfaces_demo/cmake/export_base_interfaces_demo__rosidl_generator_cExport-noconfig.cmake
[4.226s] -- Up-to-date: /home/xukai/00-Learn/ros2-learning/ws01_plumbing/install/base_interfaces_demo/share/base_interfaces_demo/cmake/export_base_interfaces_demo__rosidl_typesupport_fastrtps_cExport.cmake
[4.227s] -- Up-to-date: /home/xukai/00-Learn/ros2-learning/ws01_plumbing/install/base_interfaces_demo/share/base_interfaces_demo/cmake/export_base_interfaces_demo__rosidl_typesupport_fastrtps_cExport-noconfig.cmake
[4.227s] -- Up-to-date: /home/xukai/00-Learn/ros2-learning/ws01_plumbing/install/base_interfaces_demo/share/base_interfaces_demo/cmake/base_interfaces_demo__rosidl_typesupport_introspection_cExport.cmake
[4.227s] -- Up-to-date: /home/xukai/00-Learn/ros2-learning/ws01_plumbing/install/base_interfaces_demo/share/base_interfaces_demo/cmake/base_interfaces_demo__rosidl_typesupport_introspection_cExport-noconfig.cmake
[4.228s] -- Up-to-date: /home/xukai/00-Learn/ros2-learning/ws01_plumbing/install/base_interfaces_demo/share/base_interfaces_demo/cmake/base_interfaces_demo__rosidl_typesupport_cExport.cmake
[4.228s] -- Up-to-date: /home/xukai/00-Learn/ros2-learning/ws01_plumbing/install/base_interfaces_demo/share/base_interfaces_demo/cmake/base_interfaces_demo__rosidl_typesupport_cExport-noconfig.cmake
[4.228s] -- Up-to-date: /home/xukai/00-Learn/ros2-learning/ws01_plumbing/install/base_interfaces_demo/share/base_interfaces_demo/cmake/export_base_interfaces_demo__rosidl_generator_cppExport.cmake
[4.229s] -- Up-to-date: /home/xukai/00-Learn/ros2-learning/ws01_plumbing/install/base_interfaces_demo/share/base_interfaces_demo/cmake/export_base_interfaces_demo__rosidl_typesupport_fastrtps_cppExport.cmake
[4.229s] -- Up-to-date: /home/xukai/00-Learn/ros2-learning/ws01_plumbing/install/base_interfaces_demo/share/base_interfaces_demo/cmake/export_base_interfaces_demo__rosidl_typesupport_fastrtps_cppExport-noconfig.cmake
[4.229s] -- Up-to-date: /home/xukai/00-Learn/ros2-learning/ws01_plumbing/install/base_interfaces_demo/share/base_interfaces_demo/cmake/base_interfaces_demo__rosidl_typesupport_introspection_cppExport.cmake
[4.229s] -- Up-to-date: /home/xukai/00-Learn/ros2-learning/ws01_plumbing/install/base_interfaces_demo/share/base_interfaces_demo/cmake/base_interfaces_demo__rosidl_typesupport_introspection_cppExport-noconfig.cmake
[4.230s] -- Up-to-date: /home/xukai/00-Learn/ros2-learning/ws01_plumbing/install/base_interfaces_demo/share/base_interfaces_demo/cmake/base_interfaces_demo__rosidl_typesupport_cppExport.cmake
[4.230s] -- Up-to-date: /home/xukai/00-Learn/ros2-learning/ws01_plumbing/install/base_interfaces_demo/share/base_interfaces_demo/cmake/base_interfaces_demo__rosidl_typesupport_cppExport-noconfig.cmake
[4.230s] -- Up-to-date: /home/xukai/00-Learn/ros2-learning/ws01_plumbing/install/base_interfaces_demo/share/base_interfaces_demo/cmake/export_base_interfaces_demo__rosidl_generator_pyExport.cmake
[4.230s] -- Up-to-date: /home/xukai/00-Learn/ros2-learning/ws01_plumbing/install/base_interfaces_demo/share/base_interfaces_demo/cmake/export_base_interfaces_demo__rosidl_generator_pyExport-noconfig.cmake
[4.230s] -- Installing: /home/xukai/00-Learn/ros2-learning/ws01_plumbing/install/base_interfaces_demo/share/base_interfaces_demo/cmake/rosidl_cmake-extras.cmake
[4.231s] -- Up-to-date: /home/xukai/00-Learn/ros2-learning/ws01_plumbing/install/base_interfaces_demo/share/base_interfaces_demo/cmake/ament_cmake_export_include_directories-extras.cmake
[4.231s] -- Up-to-date: /home/xukai/00-Learn/ros2-learning/ws01_plumbing/install/base_interfaces_demo/share/base_interfaces_demo/cmake/ament_cmake_export_libraries-extras.cmake
[4.231s] -- Up-to-date: /home/xukai/00-Learn/ros2-learning/ws01_plumbing/install/base_interfaces_demo/share/base_interfaces_demo/cmake/ament_cmake_export_targets-extras.cmake
[4.231s] -- Up-to-date: /home/xukai/00-Learn/ros2-learning/ws01_plumbing/install/base_interfaces_demo/share/base_interfaces_demo/cmake/rosidl_cmake_export_typesupport_targets-extras.cmake
[4.231s] -- Up-to-date: /home/xukai/00-Learn/ros2-learning/ws01_plumbing/install/base_interfaces_demo/share/base_interfaces_demo/cmake/ament_cmake_export_dependencies-extras.cmake
[4.231s] -- Up-to-date: /home/xukai/00-Learn/ros2-learning/ws01_plumbing/install/base_interfaces_demo/share/base_interfaces_demo/cmake/rosidl_cmake_export_typesupport_libraries-extras.cmake
[4.231s] -- Up-to-date: /home/xukai/00-Learn/ros2-learning/ws01_plumbing/install/base_interfaces_demo/share/base_interfaces_demo/cmake/base_interfaces_demoConfig.cmake
[4.231s] -- Up-to-date: /home/xukai/00-Learn/ros2-learning/ws01_plumbing/install/base_interfaces_demo/share/base_interfaces_demo/cmake/base_interfaces_demoConfig-version.cmake
[4.231s] -- Up-to-date: /home/xukai/00-Learn/ros2-learning/ws01_plumbing/install/base_interfaces_demo/share/base_interfaces_demo/package.xml
[4.234s] Invoked command in '/home/xukai/00-Learn/ros2-learning/ws01_plumbing/build/base_interfaces_demo' returned '0': CMAKE_PREFIX_PATH=/opt/ros/humble /usr/bin/cmake --install /home/xukai/00-Learn/ros2-learning/ws01_plumbing/build/base_interfaces_demo
