[1.722s] Invoking command in '/home/xukai/00-Learn/ros2-learning/ws01_plumbing/src/py07_exercise': PYTHONPATH=/home/xukai/00-Learn/ros2-learning/ws01_plumbing/build/py07_exercise/prefix_override:/home/xukai/00-Learn/ros2-learning/ws01_plumbing/install/py07_exercise/lib/python3.10/site-packages:${PYTHONPATH} /usr/bin/python3 setup.py egg_info --egg-base ../../build/py07_exercise build --build-base /home/xukai/00-Learn/ros2-learning/ws01_plumbing/build/py07_exercise/build install --record /home/xukai/00-Learn/ros2-learning/ws01_plumbing/build/py07_exercise/install.log --single-version-externally-managed
[2.162s] running egg_info
[2.163s] creating ../../build/py07_exercise/py07_exercise.egg-info
[2.164s] writing ../../build/py07_exercise/py07_exercise.egg-info/PKG-INFO
[2.166s] writing dependency_links to ../../build/py07_exercise/py07_exercise.egg-info/dependency_links.txt
[2.166s] writing entry points to ../../build/py07_exercise/py07_exercise.egg-info/entry_points.txt
[2.167s] writing requirements to ../../build/py07_exercise/py07_exercise.egg-info/requires.txt
[2.168s] writing top-level names to ../../build/py07_exercise/py07_exercise.egg-info/top_level.txt
[2.169s] writing manifest file '../../build/py07_exercise/py07_exercise.egg-info/SOURCES.txt'
[2.172s] reading manifest file '../../build/py07_exercise/py07_exercise.egg-info/SOURCES.txt'
[2.174s] writing manifest file '../../build/py07_exercise/py07_exercise.egg-info/SOURCES.txt'
[2.174s] running build
[2.174s] running build_py
[2.175s] creating /home/xukai/00-Learn/ros2-learning/ws01_plumbing/build/py07_exercise/build
[2.175s] creating /home/xukai/00-Learn/ros2-learning/ws01_plumbing/build/py07_exercise/build/lib
[2.175s] creating /home/xukai/00-Learn/ros2-learning/ws01_plumbing/build/py07_exercise/build/lib/py07_exercise
[2.176s] copying py07_exercise/exe03_client_py.py -> /home/xukai/00-Learn/ros2-learning/ws01_plumbing/build/py07_exercise/build/lib/py07_exercise
[2.177s] copying py07_exercise/exe02_server_py.py -> /home/xukai/00-Learn/ros2-learning/ws01_plumbing/build/py07_exercise/build/lib/py07_exercise
[2.178s] copying py07_exercise/__init__.py -> /home/xukai/00-Learn/ros2-learning/ws01_plumbing/build/py07_exercise/build/lib/py07_exercise
[2.178s] copying py07_exercise/exe01_pub_sub_py.py -> /home/xukai/00-Learn/ros2-learning/ws01_plumbing/build/py07_exercise/build/lib/py07_exercise
[2.179s] running install
[2.180s] running install_lib
[2.181s] creating /home/xukai/00-Learn/ros2-learning/ws01_plumbing/install/py07_exercise/lib/python3.10/site-packages/py07_exercise
[2.181s] copying /home/xukai/00-Learn/ros2-learning/ws01_plumbing/build/py07_exercise/build/lib/py07_exercise/exe03_client_py.py -> /home/xukai/00-Learn/ros2-learning/ws01_plumbing/install/py07_exercise/lib/python3.10/site-packages/py07_exercise
[2.182s] copying /home/xukai/00-Learn/ros2-learning/ws01_plumbing/build/py07_exercise/build/lib/py07_exercise/exe02_server_py.py -> /home/xukai/00-Learn/ros2-learning/ws01_plumbing/install/py07_exercise/lib/python3.10/site-packages/py07_exercise
[2.182s] copying /home/xukai/00-Learn/ros2-learning/ws01_plumbing/build/py07_exercise/build/lib/py07_exercise/__init__.py -> /home/xukai/00-Learn/ros2-learning/ws01_plumbing/install/py07_exercise/lib/python3.10/site-packages/py07_exercise
[2.182s] copying /home/xukai/00-Learn/ros2-learning/ws01_plumbing/build/py07_exercise/build/lib/py07_exercise/exe01_pub_sub_py.py -> /home/xukai/00-Learn/ros2-learning/ws01_plumbing/install/py07_exercise/lib/python3.10/site-packages/py07_exercise
[2.183s] byte-compiling /home/xukai/00-Learn/ros2-learning/ws01_plumbing/install/py07_exercise/lib/python3.10/site-packages/py07_exercise/exe03_client_py.py to exe03_client_py.cpython-310.pyc
[2.184s] byte-compiling /home/xukai/00-Learn/ros2-learning/ws01_plumbing/install/py07_exercise/lib/python3.10/site-packages/py07_exercise/exe02_server_py.py to exe02_server_py.cpython-310.pyc
[2.185s] byte-compiling /home/xukai/00-Learn/ros2-learning/ws01_plumbing/install/py07_exercise/lib/python3.10/site-packages/py07_exercise/__init__.py to __init__.cpython-310.pyc
[2.187s] byte-compiling /home/xukai/00-Learn/ros2-learning/ws01_plumbing/install/py07_exercise/lib/python3.10/site-packages/py07_exercise/exe01_pub_sub_py.py to exe01_pub_sub_py.cpython-310.pyc
[2.187s] running install_data
[2.187s] creating /home/xukai/00-Learn/ros2-learning/ws01_plumbing/install/py07_exercise/share/ament_index
[2.188s] creating /home/xukai/00-Learn/ros2-learning/ws01_plumbing/install/py07_exercise/share/ament_index/resource_index
[2.188s] creating /home/xukai/00-Learn/ros2-learning/ws01_plumbing/install/py07_exercise/share/ament_index/resource_index/packages
[2.188s] copying resource/py07_exercise -> /home/xukai/00-Learn/ros2-learning/ws01_plumbing/install/py07_exercise/share/ament_index/resource_index/packages
[2.188s] copying package.xml -> /home/xukai/00-Learn/ros2-learning/ws01_plumbing/install/py07_exercise/share/py07_exercise
[2.188s] creating /home/xukai/00-Learn/ros2-learning/ws01_plumbing/install/py07_exercise/share/py07_exercise/launch
[2.189s] copying launch/exe02_server.launch.py -> /home/xukai/00-Learn/ros2-learning/ws01_plumbing/install/py07_exercise/share/py07_exercise/launch
[2.189s] copying launch/exe01_pub_sub.launch.py -> /home/xukai/00-Learn/ros2-learning/ws01_plumbing/install/py07_exercise/share/py07_exercise/launch
[2.189s] copying launch/exe03_client.launch.py -> /home/xukai/00-Learn/ros2-learning/ws01_plumbing/install/py07_exercise/share/py07_exercise/launch
[2.189s] running install_egg_info
[2.192s] Copying ../../build/py07_exercise/py07_exercise.egg-info to /home/xukai/00-Learn/ros2-learning/ws01_plumbing/install/py07_exercise/lib/python3.10/site-packages/py07_exercise-0.0.0-py3.10.egg-info
[2.193s] running install_scripts
[2.249s] Installing exe01_pub_sub_py script to /home/xukai/00-Learn/ros2-learning/ws01_plumbing/install/py07_exercise/lib/py07_exercise
[2.250s] Installing exe02_server_py script to /home/xukai/00-Learn/ros2-learning/ws01_plumbing/install/py07_exercise/lib/py07_exercise
[2.250s] Installing exe03_client_py script to /home/xukai/00-Learn/ros2-learning/ws01_plumbing/install/py07_exercise/lib/py07_exercise
[2.250s] writing list of installed files to '/home/xukai/00-Learn/ros2-learning/ws01_plumbing/build/py07_exercise/install.log'
[2.281s] Invoked command in '/home/xukai/00-Learn/ros2-learning/ws01_plumbing/src/py07_exercise' returned '0': PYTHONPATH=/home/xukai/00-Learn/ros2-learning/ws01_plumbing/build/py07_exercise/prefix_override:/home/xukai/00-Learn/ros2-learning/ws01_plumbing/install/py07_exercise/lib/python3.10/site-packages:${PYTHONPATH} /usr/bin/python3 setup.py egg_info --egg-base ../../build/py07_exercise build --build-base /home/xukai/00-Learn/ros2-learning/ws01_plumbing/build/py07_exercise/build install --record /home/xukai/00-Learn/ros2-learning/ws01_plumbing/build/py07_exercise/install.log --single-version-externally-managed
