[0.709s] Invoking command in '/home/xukai/00-Learn/ros2-learning/ws01_plumbing/src/py06_time': PYTHONPATH=/home/xukai/00-Learn/ros2-learning/ws01_plumbing/build/py06_time/prefix_override:/home/xukai/00-Learn/ros2-learning/ws01_plumbing/install/py06_time/lib/python3.10/site-packages:${PYTHONPATH} /usr/bin/python3 setup.py egg_info --egg-base ../../build/py06_time build --build-base /home/xukai/00-Learn/ros2-learning/ws01_plumbing/build/py06_time/build install --record /home/xukai/00-Learn/ros2-learning/ws01_plumbing/build/py06_time/install.log --single-version-externally-managed
[0.980s] running egg_info
[0.981s] writing ../../build/py06_time/py06_time.egg-info/PKG-INFO
[0.982s] writing dependency_links to ../../build/py06_time/py06_time.egg-info/dependency_links.txt
[0.982s] writing entry points to ../../build/py06_time/py06_time.egg-info/entry_points.txt
[0.982s] writing requirements to ../../build/py06_time/py06_time.egg-info/requires.txt
[0.982s] writing top-level names to ../../build/py06_time/py06_time.egg-info/top_level.txt
[0.984s] reading manifest file '../../build/py06_time/py06_time.egg-info/SOURCES.txt'
[0.985s] writing manifest file '../../build/py06_time/py06_time.egg-info/SOURCES.txt'
[0.985s] running build
[0.985s] running build_py
[0.985s] copying py06_time/demo01_time.py -> /home/xukai/00-Learn/ros2-learning/ws01_plumbing/build/py06_time/build/lib/py06_time
[0.985s] running install
[0.985s] running install_lib
[0.986s] copying /home/xukai/00-Learn/ros2-learning/ws01_plumbing/build/py06_time/build/lib/py06_time/demo01_time.py -> /home/xukai/00-Learn/ros2-learning/ws01_plumbing/install/py06_time/lib/python3.10/site-packages/py06_time
[0.987s] byte-compiling /home/xukai/00-Learn/ros2-learning/ws01_plumbing/install/py06_time/lib/python3.10/site-packages/py06_time/demo01_time.py to demo01_time.cpython-310.pyc
[0.988s] running install_data
[0.989s] running install_egg_info
[0.991s] removing '/home/xukai/00-Learn/ros2-learning/ws01_plumbing/install/py06_time/lib/python3.10/site-packages/py06_time-0.0.0-py3.10.egg-info' (and everything under it)
[0.991s] Copying ../../build/py06_time/py06_time.egg-info to /home/xukai/00-Learn/ros2-learning/ws01_plumbing/install/py06_time/lib/python3.10/site-packages/py06_time-0.0.0-py3.10.egg-info
[0.992s] running install_scripts
[1.013s] Installing demo01_time script to /home/xukai/00-Learn/ros2-learning/ws01_plumbing/install/py06_time/lib/py06_time
[1.013s] writing list of installed files to '/home/xukai/00-Learn/ros2-learning/ws01_plumbing/build/py06_time/install.log'
[1.043s] Invoked command in '/home/xukai/00-Learn/ros2-learning/ws01_plumbing/src/py06_time' returned '0': PYTHONPATH=/home/xukai/00-Learn/ros2-learning/ws01_plumbing/build/py06_time/prefix_override:/home/xukai/00-Learn/ros2-learning/ws01_plumbing/install/py06_time/lib/python3.10/site-packages:${PYTHONPATH} /usr/bin/python3 setup.py egg_info --egg-base ../../build/py06_time build --build-base /home/xukai/00-Learn/ros2-learning/ws01_plumbing/build/py06_time/build install --record /home/xukai/00-Learn/ros2-learning/ws01_plumbing/build/py06_time/install.log --single-version-externally-managed
