[0.666s] Invoking command in '/home/xukai/00-Learn/ros2-learning/ws01_plumbing/src/py07_exercise': PYTHONPATH=/home/xukai/00-Learn/ros2-learning/ws01_plumbing/build/py07_exercise/prefix_override:/home/xukai/00-Learn/ros2-learning/ws01_plumbing/install/py07_exercise/lib/python3.10/site-packages:${PYTHONPATH} /usr/bin/python3 setup.py egg_info --egg-base ../../build/py07_exercise build --build-base /home/xukai/00-Learn/ros2-learning/ws01_plumbing/build/py07_exercise/build install --record /home/xukai/00-Learn/ros2-learning/ws01_plumbing/build/py07_exercise/install.log --single-version-externally-managed
[0.890s] running egg_info
[0.890s] creating ../../build/py07_exercise/py07_exercise.egg-info
[0.890s] writing ../../build/py07_exercise/py07_exercise.egg-info/PKG-INFO
[0.891s] writing dependency_links to ../../build/py07_exercise/py07_exercise.egg-info/dependency_links.txt
[0.891s] writing entry points to ../../build/py07_exercise/py07_exercise.egg-info/entry_points.txt
[0.891s] writing requirements to ../../build/py07_exercise/py07_exercise.egg-info/requires.txt
[0.891s] writing top-level names to ../../build/py07_exercise/py07_exercise.egg-info/top_level.txt
[0.891s] writing manifest file '../../build/py07_exercise/py07_exercise.egg-info/SOURCES.txt'
[0.894s] reading manifest file '../../build/py07_exercise/py07_exercise.egg-info/SOURCES.txt'
[0.895s] writing manifest file '../../build/py07_exercise/py07_exercise.egg-info/SOURCES.txt'
[0.895s] running build
[0.895s] running build_py
[0.895s] creating /home/xukai/00-Learn/ros2-learning/ws01_plumbing/build/py07_exercise/build
[0.895s] creating /home/xukai/00-Learn/ros2-learning/ws01_plumbing/build/py07_exercise/build/lib
[0.895s] creating /home/xukai/00-Learn/ros2-learning/ws01_plumbing/build/py07_exercise/build/lib/py07_exercise
[0.896s] copying py07_exercise/__init__.py -> /home/xukai/00-Learn/ros2-learning/ws01_plumbing/build/py07_exercise/build/lib/py07_exercise
[0.896s] copying py07_exercise/exe01_pub_sub_py.py -> /home/xukai/00-Learn/ros2-learning/ws01_plumbing/build/py07_exercise/build/lib/py07_exercise
[0.896s] running install
[0.896s] running install_lib
[0.897s] creating /home/xukai/00-Learn/ros2-learning/ws01_plumbing/install/py07_exercise/lib/python3.10/site-packages/py07_exercise
[0.897s] copying /home/xukai/00-Learn/ros2-learning/ws01_plumbing/build/py07_exercise/build/lib/py07_exercise/__init__.py -> /home/xukai/00-Learn/ros2-learning/ws01_plumbing/install/py07_exercise/lib/python3.10/site-packages/py07_exercise
[0.897s] copying /home/xukai/00-Learn/ros2-learning/ws01_plumbing/build/py07_exercise/build/lib/py07_exercise/exe01_pub_sub_py.py -> /home/xukai/00-Learn/ros2-learning/ws01_plumbing/install/py07_exercise/lib/python3.10/site-packages/py07_exercise
[0.897s] byte-compiling /home/xukai/00-Learn/ros2-learning/ws01_plumbing/install/py07_exercise/lib/python3.10/site-packages/py07_exercise/__init__.py to __init__.cpython-310.pyc
[0.898s] byte-compiling /home/xukai/00-Learn/ros2-learning/ws01_plumbing/install/py07_exercise/lib/python3.10/site-packages/py07_exercise/exe01_pub_sub_py.py to exe01_pub_sub_py.cpython-310.pyc
[0.898s] running install_data
[0.899s] creating /home/xukai/00-Learn/ros2-learning/ws01_plumbing/install/py07_exercise/share/ament_index
[0.899s] creating /home/xukai/00-Learn/ros2-learning/ws01_plumbing/install/py07_exercise/share/ament_index/resource_index
[0.899s] creating /home/xukai/00-Learn/ros2-learning/ws01_plumbing/install/py07_exercise/share/ament_index/resource_index/packages
[0.899s] copying resource/py07_exercise -> /home/xukai/00-Learn/ros2-learning/ws01_plumbing/install/py07_exercise/share/ament_index/resource_index/packages
[0.900s] copying package.xml -> /home/xukai/00-Learn/ros2-learning/ws01_plumbing/install/py07_exercise/share/py07_exercise
[0.900s] creating /home/xukai/00-Learn/ros2-learning/ws01_plumbing/install/py07_exercise/share/py07_exercise/launch
[0.900s] copying launch/exe01_pub_sub.launch.py -> /home/xukai/00-Learn/ros2-learning/ws01_plumbing/install/py07_exercise/share/py07_exercise/launch
[0.900s] running install_egg_info
[0.902s] Copying ../../build/py07_exercise/py07_exercise.egg-info to /home/xukai/00-Learn/ros2-learning/ws01_plumbing/install/py07_exercise/lib/python3.10/site-packages/py07_exercise-0.0.0-py3.10.egg-info
[0.903s] running install_scripts
[0.925s] Installing exe01_pub_sub_py script to /home/xukai/00-Learn/ros2-learning/ws01_plumbing/install/py07_exercise/lib/py07_exercise
[0.926s] writing list of installed files to '/home/xukai/00-Learn/ros2-learning/ws01_plumbing/build/py07_exercise/install.log'
[0.950s] Invoked command in '/home/xukai/00-Learn/ros2-learning/ws01_plumbing/src/py07_exercise' returned '0': PYTHONPATH=/home/xukai/00-Learn/ros2-learning/ws01_plumbing/build/py07_exercise/prefix_override:/home/xukai/00-Learn/ros2-learning/ws01_plumbing/install/py07_exercise/lib/python3.10/site-packages:${PYTHONPATH} /usr/bin/python3 setup.py egg_info --egg-base ../../build/py07_exercise build --build-base /home/xukai/00-Learn/ros2-learning/ws01_plumbing/build/py07_exercise/build install --record /home/xukai/00-Learn/ros2-learning/ws01_plumbing/build/py07_exercise/install.log --single-version-externally-managed
