[0.540s] Invoking command in '/home/xukai/00-Learn/ros2-learning/ws02_tools/src/py01_launch': PYTHONPATH=/home/xukai/00-Learn/ros2-learning/ws02_tools/build/py01_launch/prefix_override:/home/xukai/00-Learn/ros2-learning/ws02_tools/install/py01_launch/lib/python3.10/site-packages:${PYTHONPATH} /usr/bin/python3 setup.py egg_info --egg-base ../../build/py01_launch build --build-base /home/xukai/00-Learn/ros2-learning/ws02_tools/build/py01_launch/build install --record /home/xukai/00-Learn/ros2-learning/ws02_tools/build/py01_launch/install.log --single-version-externally-managed
[0.764s] running egg_info
[0.764s] creating ../../build/py01_launch/py01_launch.egg-info
[0.765s] writing ../../build/py01_launch/py01_launch.egg-info/PKG-INFO
[0.765s] writing dependency_links to ../../build/py01_launch/py01_launch.egg-info/dependency_links.txt
[0.765s] writing entry points to ../../build/py01_launch/py01_launch.egg-info/entry_points.txt
[0.766s] writing requirements to ../../build/py01_launch/py01_launch.egg-info/requires.txt
[0.766s] writing top-level names to ../../build/py01_launch/py01_launch.egg-info/top_level.txt
[0.766s] writing manifest file '../../build/py01_launch/py01_launch.egg-info/SOURCES.txt'
[0.767s] reading manifest file '../../build/py01_launch/py01_launch.egg-info/SOURCES.txt'
[0.768s] writing manifest file '../../build/py01_launch/py01_launch.egg-info/SOURCES.txt'
[0.768s] running build
[0.768s] running build_py
[0.769s] creating /home/xukai/00-Learn/ros2-learning/ws02_tools/build/py01_launch/build
[0.769s] creating /home/xukai/00-Learn/ros2-learning/ws02_tools/build/py01_launch/build/lib
[0.769s] creating /home/xukai/00-Learn/ros2-learning/ws02_tools/build/py01_launch/build/lib/py01_launch
[0.769s] copying py01_launch/__init__.py -> /home/xukai/00-Learn/ros2-learning/ws02_tools/build/py01_launch/build/lib/py01_launch
[0.769s] running install
[0.769s] running install_lib
[0.770s] creating /home/xukai/00-Learn/ros2-learning/ws02_tools/install/py01_launch/lib/python3.10/site-packages/py01_launch
[0.770s] copying /home/xukai/00-Learn/ros2-learning/ws02_tools/build/py01_launch/build/lib/py01_launch/__init__.py -> /home/xukai/00-Learn/ros2-learning/ws02_tools/install/py01_launch/lib/python3.10/site-packages/py01_launch
[0.770s] byte-compiling /home/xukai/00-Learn/ros2-learning/ws02_tools/install/py01_launch/lib/python3.10/site-packages/py01_launch/__init__.py to __init__.cpython-310.pyc
[0.770s] running install_data
[0.771s] creating /home/xukai/00-Learn/ros2-learning/ws02_tools/install/py01_launch/share/ament_index
[0.771s] creating /home/xukai/00-Learn/ros2-learning/ws02_tools/install/py01_launch/share/ament_index/resource_index
[0.771s] creating /home/xukai/00-Learn/ros2-learning/ws02_tools/install/py01_launch/share/ament_index/resource_index/packages
[0.772s] copying resource/py01_launch -> /home/xukai/00-Learn/ros2-learning/ws02_tools/install/py01_launch/share/ament_index/resource_index/packages
[0.772s] copying package.xml -> /home/xukai/00-Learn/ros2-learning/ws02_tools/install/py01_launch/share/py01_launch
[0.772s] copying launch/py/py03_args.launch.py -> /home/xukai/00-Learn/ros2-learning/ws02_tools/install/py01_launch/share/py01_launch
[0.772s] copying launch/py/py01_node.launch.py -> /home/xukai/00-Learn/ros2-learning/ws02_tools/install/py01_launch/share/py01_launch
[0.772s] copying launch/py/py02_cmd.launch.py -> /home/xukai/00-Learn/ros2-learning/ws02_tools/install/py01_launch/share/py01_launch
[0.773s] copying launch/py/py04_include.launch.py -> /home/xukai/00-Learn/ros2-learning/ws02_tools/install/py01_launch/share/py01_launch
[0.773s] copying launch/py/py00_base.launch.py -> /home/xukai/00-Learn/ros2-learning/ws02_tools/install/py01_launch/share/py01_launch
[0.773s] copying launch/xml/xml00_base.launch.xml -> /home/xukai/00-Learn/ros2-learning/ws02_tools/install/py01_launch/share/py01_launch
[0.773s] copying launch/yaml/yaml00_base.launch.yaml -> /home/xukai/00-Learn/ros2-learning/ws02_tools/install/py01_launch/share/py01_launch
[0.773s] copying config/t2.yaml -> /home/xukai/00-Learn/ros2-learning/ws02_tools/install/py01_launch/share/py01_launch
[0.773s] running install_egg_info
[0.775s] Copying ../../build/py01_launch/py01_launch.egg-info to /home/xukai/00-Learn/ros2-learning/ws02_tools/install/py01_launch/lib/python3.10/site-packages/py01_launch-0.0.0-py3.10.egg-info
[0.775s] running install_scripts
[0.791s] writing list of installed files to '/home/xukai/00-Learn/ros2-learning/ws02_tools/build/py01_launch/install.log'
[0.814s] Invoked command in '/home/xukai/00-Learn/ros2-learning/ws02_tools/src/py01_launch' returned '0': PYTHONPATH=/home/xukai/00-Learn/ros2-learning/ws02_tools/build/py01_launch/prefix_override:/home/xukai/00-Learn/ros2-learning/ws02_tools/install/py01_launch/lib/python3.10/site-packages:${PYTHONPATH} /usr/bin/python3 setup.py egg_info --egg-base ../../build/py01_launch build --build-base /home/xukai/00-Learn/ros2-learning/ws02_tools/build/py01_launch/build install --record /home/xukai/00-Learn/ros2-learning/ws02_tools/build/py01_launch/install.log --single-version-externally-managed
