[0.873s] Invoking command in '/home/xukai/00-Learn/ros2-learning/ws01_plumbing/src/py03_action': PYTHONPATH=/home/xukai/00-Learn/ros2-learning/ws01_plumbing/build/py03_action/prefix_override:/home/xukai/00-Learn/ros2-learning/ws01_plumbing/install/py03_action/lib/python3.10/site-packages:${PYTHONPATH} /usr/bin/python3 setup.py egg_info --egg-base ../../build/py03_action build --build-base /home/xukai/00-Learn/ros2-learning/ws01_plumbing/build/py03_action/build install --record /home/xukai/00-Learn/ros2-learning/ws01_plumbing/build/py03_action/install.log --single-version-externally-managed
[1.180s] running egg_info
[1.181s] writing ../../build/py03_action/py03_action.egg-info/PKG-INFO
[1.181s] writing dependency_links to ../../build/py03_action/py03_action.egg-info/dependency_links.txt
[1.182s] writing entry points to ../../build/py03_action/py03_action.egg-info/entry_points.txt
[1.182s] writing requirements to ../../build/py03_action/py03_action.egg-info/requires.txt
[1.182s] writing top-level names to ../../build/py03_action/py03_action.egg-info/top_level.txt
[1.183s] reading manifest file '../../build/py03_action/py03_action.egg-info/SOURCES.txt'
[1.184s] writing manifest file '../../build/py03_action/py03_action.egg-info/SOURCES.txt'
[1.184s] running build
[1.185s] running build_py
[1.185s] copying py03_action/demo01_action_server_py.py -> /home/xukai/00-Learn/ros2-learning/ws01_plumbing/build/py03_action/build/lib/py03_action
[1.185s] running install
[1.185s] running install_lib
[1.186s] copying /home/xukai/00-Learn/ros2-learning/ws01_plumbing/build/py03_action/build/lib/py03_action/demo01_action_server_py.py -> /home/xukai/00-Learn/ros2-learning/ws01_plumbing/install/py03_action/lib/python3.10/site-packages/py03_action
[1.187s] byte-compiling /home/xukai/00-Learn/ros2-learning/ws01_plumbing/install/py03_action/lib/python3.10/site-packages/py03_action/demo01_action_server_py.py to demo01_action_server_py.cpython-310.pyc
[1.187s] running install_data
[1.188s] running install_egg_info
[1.190s] removing '/home/xukai/00-Learn/ros2-learning/ws01_plumbing/install/py03_action/lib/python3.10/site-packages/py03_action-0.0.0-py3.10.egg-info' (and everything under it)
[1.190s] Copying ../../build/py03_action/py03_action.egg-info to /home/xukai/00-Learn/ros2-learning/ws01_plumbing/install/py03_action/lib/python3.10/site-packages/py03_action-0.0.0-py3.10.egg-info
[1.191s] running install_scripts
[1.217s] Installing demo01_action_server_py script to /home/xukai/00-Learn/ros2-learning/ws01_plumbing/install/py03_action/lib/py03_action
[1.217s] Installing demo02_action_client_py script to /home/xukai/00-Learn/ros2-learning/ws01_plumbing/install/py03_action/lib/py03_action
[1.217s] writing list of installed files to '/home/xukai/00-Learn/ros2-learning/ws01_plumbing/build/py03_action/install.log'
[1.256s] Invoked command in '/home/xukai/00-Learn/ros2-learning/ws01_plumbing/src/py03_action' returned '0': PYTHONPATH=/home/xukai/00-Learn/ros2-learning/ws01_plumbing/build/py03_action/prefix_override:/home/xukai/00-Learn/ros2-learning/ws01_plumbing/install/py03_action/lib/python3.10/site-packages:${PYTHONPATH} /usr/bin/python3 setup.py egg_info --egg-base ../../build/py03_action build --build-base /home/xukai/00-Learn/ros2-learning/ws01_plumbing/build/py03_action/build install --record /home/xukai/00-Learn/ros2-learning/ws01_plumbing/build/py03_action/install.log --single-version-externally-managed
