[0.626s] Invoking command in '/home/xukai/00-Learn/ros2-learning/ws01_plumbing/src/tutorails_plumbing': AMENT_PREFIX_PATH=/home/xukai/00-Learn/ros2-learning/ws01_plumbing/install/py03_action:/home/xukai/00-Learn/ros2-learning/ws01_plumbing/install/py02_service:/home/xukai/00-Learn/ros2-learning/ws01_plumbing/install/py01_topic:/home/xukai/00-Learn/ros2-learning/ws01_plumbing/install/py04_param:/home/xukai/00-Learn/ros2-learning/ws01_plumbing/install/tutorails_plumbing:/home/xukai/00-Learn/ros2-learning/ws01_plumbing/install/py05_names:/home/xukai/00-Learn/ros2-learning/ws01_plumbing/install/base_interfaces_demo:/opt/ros/humble PYTHONPATH=/home/xukai/00-Learn/ros2-learning/ws01_plumbing/build/tutorails_plumbing/prefix_override:/home/xukai/00-Learn/ros2-learning/ws01_plumbing/install/tutorails_plumbing/lib/python3.10/site-packages:/home/xukai/00-Learn/ros2-learning/ws01_plumbing/install/py03_action/lib/python3.10/site-packages:/home/xukai/00-Learn/ros2-learning/ws01_plumbing/install/py02_service/lib/python3.10/site-packages:/home/xukai/00-Learn/ros2-learning/ws01_plumbing/install/py01_topic/lib/python3.10/site-packages:/home/xukai/00-Learn/ros2-learning/ws01_plumbing/install/py04_param/lib/python3.10/site-packages:/home/xukai/00-Learn/ros2-learning/ws01_plumbing/install/tutorails_plumbing/lib/python3.10/site-packages:/home/xukai/00-Learn/ros2-learning/ws01_plumbing/install/py05_names/lib/python3.10/site-packages:/home/xukai/00-Learn/ros2-learning/ws01_plumbing/install/base_interfaces_demo/local/lib/python3.10/dist-packages:/opt/ros/humble/lib/python3.10/site-packages:/opt/ros/humble/local/lib/python3.10/dist-packages /usr/bin/python3 setup.py egg_info --egg-base ../../build/tutorails_plumbing build --build-base /home/xukai/00-Learn/ros2-learning/ws01_plumbing/build/tutorails_plumbing/build install --record /home/xukai/00-Learn/ros2-learning/ws01_plumbing/build/tutorails_plumbing/install.log --single-version-externally-managed
[0.854s] running egg_info
[0.854s] creating ../../build/tutorails_plumbing/tutorails_plumbing.egg-info
[0.855s] writing ../../build/tutorails_plumbing/tutorails_plumbing.egg-info/PKG-INFO
[0.855s] writing dependency_links to ../../build/tutorails_plumbing/tutorails_plumbing.egg-info/dependency_links.txt
[0.855s] writing entry points to ../../build/tutorails_plumbing/tutorails_plumbing.egg-info/entry_points.txt
[0.855s] writing requirements to ../../build/tutorails_plumbing/tutorails_plumbing.egg-info/requires.txt
[0.855s] writing top-level names to ../../build/tutorails_plumbing/tutorails_plumbing.egg-info/top_level.txt
[0.855s] writing manifest file '../../build/tutorails_plumbing/tutorails_plumbing.egg-info/SOURCES.txt'
[0.856s] reading manifest file '../../build/tutorails_plumbing/tutorails_plumbing.egg-info/SOURCES.txt'
[0.857s] writing manifest file '../../build/tutorails_plumbing/tutorails_plumbing.egg-info/SOURCES.txt'
[0.857s] running build
[0.858s] running build_py
[0.858s] creating /home/xukai/00-Learn/ros2-learning/ws01_plumbing/build/tutorails_plumbing/build
[0.858s] creating /home/xukai/00-Learn/ros2-learning/ws01_plumbing/build/tutorails_plumbing/build/lib
[0.858s] creating /home/xukai/00-Learn/ros2-learning/ws01_plumbing/build/tutorails_plumbing/build/lib/tutorails_plumbing
[0.858s] copying tutorails_plumbing/__init__.py -> /home/xukai/00-Learn/ros2-learning/ws01_plumbing/build/tutorails_plumbing/build/lib/tutorails_plumbing
[0.858s] running install
[0.858s] running install_lib
[0.859s] creating /home/xukai/00-Learn/ros2-learning/ws01_plumbing/install/tutorails_plumbing/lib/python3.10/site-packages/tutorails_plumbing
[0.859s] copying /home/xukai/00-Learn/ros2-learning/ws01_plumbing/build/tutorails_plumbing/build/lib/tutorails_plumbing/__init__.py -> /home/xukai/00-Learn/ros2-learning/ws01_plumbing/install/tutorails_plumbing/lib/python3.10/site-packages/tutorails_plumbing
[0.860s] byte-compiling /home/xukai/00-Learn/ros2-learning/ws01_plumbing/install/tutorails_plumbing/lib/python3.10/site-packages/tutorails_plumbing/__init__.py to __init__.cpython-310.pyc
[0.860s] running install_data
[0.860s] creating /home/xukai/00-Learn/ros2-learning/ws01_plumbing/install/tutorails_plumbing/share/ament_index
[0.860s] creating /home/xukai/00-Learn/ros2-learning/ws01_plumbing/install/tutorails_plumbing/share/ament_index/resource_index
[0.861s] creating /home/xukai/00-Learn/ros2-learning/ws01_plumbing/install/tutorails_plumbing/share/ament_index/resource_index/packages
[0.861s] copying resource/tutorails_plumbing -> /home/xukai/00-Learn/ros2-learning/ws01_plumbing/install/tutorails_plumbing/share/ament_index/resource_index/packages
[0.861s] copying package.xml -> /home/xukai/00-Learn/ros2-learning/ws01_plumbing/install/tutorails_plumbing/share/tutorails_plumbing
[0.861s] running install_egg_info
[0.862s] Copying ../../build/tutorails_plumbing/tutorails_plumbing.egg-info to /home/xukai/00-Learn/ros2-learning/ws01_plumbing/install/tutorails_plumbing/lib/python3.10/site-packages/tutorails_plumbing-0.0.0-py3.10.egg-info
[0.863s] running install_scripts
[0.884s] writing list of installed files to '/home/xukai/00-Learn/ros2-learning/ws01_plumbing/build/tutorails_plumbing/install.log'
[0.910s] Invoked command in '/home/xukai/00-Learn/ros2-learning/ws01_plumbing/src/tutorails_plumbing' returned '0': AMENT_PREFIX_PATH=/home/xukai/00-Learn/ros2-learning/ws01_plumbing/install/py03_action:/home/xukai/00-Learn/ros2-learning/ws01_plumbing/install/py02_service:/home/xukai/00-Learn/ros2-learning/ws01_plumbing/install/py01_topic:/home/xukai/00-Learn/ros2-learning/ws01_plumbing/install/py04_param:/home/xukai/00-Learn/ros2-learning/ws01_plumbing/install/tutorails_plumbing:/home/xukai/00-Learn/ros2-learning/ws01_plumbing/install/py05_names:/home/xukai/00-Learn/ros2-learning/ws01_plumbing/install/base_interfaces_demo:/opt/ros/humble PYTHONPATH=/home/xukai/00-Learn/ros2-learning/ws01_plumbing/build/tutorails_plumbing/prefix_override:/home/xukai/00-Learn/ros2-learning/ws01_plumbing/install/tutorails_plumbing/lib/python3.10/site-packages:/home/xukai/00-Learn/ros2-learning/ws01_plumbing/install/py03_action/lib/python3.10/site-packages:/home/xukai/00-Learn/ros2-learning/ws01_plumbing/install/py02_service/lib/python3.10/site-packages:/home/xukai/00-Learn/ros2-learning/ws01_plumbing/install/py01_topic/lib/python3.10/site-packages:/home/xukai/00-Learn/ros2-learning/ws01_plumbing/install/py04_param/lib/python3.10/site-packages:/home/xukai/00-Learn/ros2-learning/ws01_plumbing/install/tutorails_plumbing/lib/python3.10/site-packages:/home/xukai/00-Learn/ros2-learning/ws01_plumbing/install/py05_names/lib/python3.10/site-packages:/home/xukai/00-Learn/ros2-learning/ws01_plumbing/install/base_interfaces_demo/local/lib/python3.10/dist-packages:/opt/ros/humble/lib/python3.10/site-packages:/opt/ros/humble/local/lib/python3.10/dist-packages /usr/bin/python3 setup.py egg_info --egg-base ../../build/tutorails_plumbing build --build-base /home/xukai/00-Learn/ros2-learning/ws01_plumbing/build/tutorails_plumbing/build install --record /home/xukai/00-Learn/ros2-learning/ws01_plumbing/build/tutorails_plumbing/install.log --single-version-externally-managed
