[0.635s] Invoking command in '/home/xukai/00-Learn/ros2-learning/ws01_plumbing/src/py01_topic': AMENT_PREFIX_PATH=/home/xukai/00-Learn/ros2-learning/ws01_plumbing/install/base_interfaces_demo:${AMENT_PREFIX_PATH} CMAKE_PREFIX_PATH=/home/xukai/00-Learn/ros2-learning/ws01_plumbing/install/base_interfaces_demo PYTHONPATH=/home/xukai/00-Learn/ros2-learning/ws01_plumbing/build/py01_topic/prefix_override:/home/xukai/00-Learn/ros2-learning/ws01_plumbing/install/py01_topic/lib/python3.10/site-packages:${PYTHONPATH} /usr/bin/python3 setup.py egg_info --egg-base ../../build/py01_topic build --build-base /home/xukai/00-Learn/ros2-learning/ws01_plumbing/build/py01_topic/build install --record /home/xukai/00-Learn/ros2-learning/ws01_plumbing/build/py01_topic/install.log --single-version-externally-managed
[0.899s] running egg_info
[0.899s] creating ../../build/py01_topic/py01_topic.egg-info
[0.899s] writing ../../build/py01_topic/py01_topic.egg-info/PKG-INFO
[0.899s] writing dependency_links to ../../build/py01_topic/py01_topic.egg-info/dependency_links.txt
[0.899s] writing entry points to ../../build/py01_topic/py01_topic.egg-info/entry_points.txt
[0.900s] writing requirements to ../../build/py01_topic/py01_topic.egg-info/requires.txt
[0.900s] writing top-level names to ../../build/py01_topic/py01_topic.egg-info/top_level.txt
[0.900s] writing manifest file '../../build/py01_topic/py01_topic.egg-info/SOURCES.txt'
[0.902s] reading manifest file '../../build/py01_topic/py01_topic.egg-info/SOURCES.txt'
[0.903s] writing manifest file '../../build/py01_topic/py01_topic.egg-info/SOURCES.txt'
[0.903s] running build
[0.903s] running build_py
[0.904s] creating /home/xukai/00-Learn/ros2-learning/ws01_plumbing/build/py01_topic/build
[0.904s] creating /home/xukai/00-Learn/ros2-learning/ws01_plumbing/build/py01_topic/build/lib
[0.904s] creating /home/xukai/00-Learn/ros2-learning/ws01_plumbing/build/py01_topic/build/lib/py01_topic
[0.904s] copying py01_topic/demo01_publisher_str_py.py -> /home/xukai/00-Learn/ros2-learning/ws01_plumbing/build/py01_topic/build/lib/py01_topic
[0.904s] copying py01_topic/__init__.py -> /home/xukai/00-Learn/ros2-learning/ws01_plumbing/build/py01_topic/build/lib/py01_topic
[0.905s] copying py01_topic/demo02_subscriber_str_py.py -> /home/xukai/00-Learn/ros2-learning/ws01_plumbing/build/py01_topic/build/lib/py01_topic
[0.905s] running install
[0.905s] running install_lib
[0.906s] creating /home/xukai/00-Learn/ros2-learning/ws01_plumbing/install/py01_topic/lib/python3.10/site-packages/py01_topic
[0.906s] copying /home/xukai/00-Learn/ros2-learning/ws01_plumbing/build/py01_topic/build/lib/py01_topic/demo01_publisher_str_py.py -> /home/xukai/00-Learn/ros2-learning/ws01_plumbing/install/py01_topic/lib/python3.10/site-packages/py01_topic
[0.906s] copying /home/xukai/00-Learn/ros2-learning/ws01_plumbing/build/py01_topic/build/lib/py01_topic/__init__.py -> /home/xukai/00-Learn/ros2-learning/ws01_plumbing/install/py01_topic/lib/python3.10/site-packages/py01_topic
[0.906s] copying /home/xukai/00-Learn/ros2-learning/ws01_plumbing/build/py01_topic/build/lib/py01_topic/demo02_subscriber_str_py.py -> /home/xukai/00-Learn/ros2-learning/ws01_plumbing/install/py01_topic/lib/python3.10/site-packages/py01_topic
[0.907s] byte-compiling /home/xukai/00-Learn/ros2-learning/ws01_plumbing/install/py01_topic/lib/python3.10/site-packages/py01_topic/demo01_publisher_str_py.py to demo01_publisher_str_py.cpython-310.pyc
[0.908s] byte-compiling /home/xukai/00-Learn/ros2-learning/ws01_plumbing/install/py01_topic/lib/python3.10/site-packages/py01_topic/__init__.py to __init__.cpython-310.pyc
[0.908s] byte-compiling /home/xukai/00-Learn/ros2-learning/ws01_plumbing/install/py01_topic/lib/python3.10/site-packages/py01_topic/demo02_subscriber_str_py.py to demo02_subscriber_str_py.cpython-310.pyc
[0.908s] running install_data
[0.909s] creating /home/xukai/00-Learn/ros2-learning/ws01_plumbing/install/py01_topic/share/ament_index
[0.909s] creating /home/xukai/00-Learn/ros2-learning/ws01_plumbing/install/py01_topic/share/ament_index/resource_index
[0.909s] creating /home/xukai/00-Learn/ros2-learning/ws01_plumbing/install/py01_topic/share/ament_index/resource_index/packages
[0.909s] copying resource/py01_topic -> /home/xukai/00-Learn/ros2-learning/ws01_plumbing/install/py01_topic/share/ament_index/resource_index/packages
[0.909s] copying package.xml -> /home/xukai/00-Learn/ros2-learning/ws01_plumbing/install/py01_topic/share/py01_topic
[0.909s] running install_egg_info
[0.911s] Copying ../../build/py01_topic/py01_topic.egg-info to /home/xukai/00-Learn/ros2-learning/ws01_plumbing/install/py01_topic/lib/python3.10/site-packages/py01_topic-0.0.0-py3.10.egg-info
[0.911s] running install_scripts
[0.931s] Installing demo01_publisher_str_py script to /home/xukai/00-Learn/ros2-learning/ws01_plumbing/install/py01_topic/lib/py01_topic
[0.931s] Installing demo02_subscriber_str_py script to /home/xukai/00-Learn/ros2-learning/ws01_plumbing/install/py01_topic/lib/py01_topic
[0.931s] writing list of installed files to '/home/xukai/00-Learn/ros2-learning/ws01_plumbing/build/py01_topic/install.log'
[0.954s] Invoked command in '/home/xukai/00-Learn/ros2-learning/ws01_plumbing/src/py01_topic' returned '0': AMENT_PREFIX_PATH=/home/xukai/00-Learn/ros2-learning/ws01_plumbing/install/base_interfaces_demo:${AMENT_PREFIX_PATH} CMAKE_PREFIX_PATH=/home/xukai/00-Learn/ros2-learning/ws01_plumbing/install/base_interfaces_demo PYTHONPATH=/home/xukai/00-Learn/ros2-learning/ws01_plumbing/build/py01_topic/prefix_override:/home/xukai/00-Learn/ros2-learning/ws01_plumbing/install/py01_topic/lib/python3.10/site-packages:${PYTHONPATH} /usr/bin/python3 setup.py egg_info --egg-base ../../build/py01_topic build --build-base /home/xukai/00-Learn/ros2-learning/ws01_plumbing/build/py01_topic/build install --record /home/xukai/00-Learn/ros2-learning/ws01_plumbing/build/py01_topic/install.log --single-version-externally-managed
