[0.595s] Invoking command in '/home/xukai/00-Learn/ros2-learning/ws01_plumbing/src/py04_param': PYTHONPATH=/home/xukai/00-Learn/ros2-learning/ws01_plumbing/build/py04_param/prefix_override:/home/xukai/00-Learn/ros2-learning/ws01_plumbing/install/py04_param/lib/python3.10/site-packages:${PYTHONPATH} /usr/bin/python3 setup.py egg_info --egg-base ../../build/py04_param build --build-base /home/xukai/00-Learn/ros2-learning/ws01_plumbing/build/py04_param/build install --record /home/xukai/00-Learn/ros2-learning/ws01_plumbing/build/py04_param/install.log --single-version-externally-managed
[0.899s] running egg_info
[0.900s] writing ../../build/py04_param/py04_param.egg-info/PKG-INFO
[0.900s] writing dependency_links to ../../build/py04_param/py04_param.egg-info/dependency_links.txt
[0.900s] writing entry points to ../../build/py04_param/py04_param.egg-info/entry_points.txt
[0.901s] writing requirements to ../../build/py04_param/py04_param.egg-info/requires.txt
[0.901s] writing top-level names to ../../build/py04_param/py04_param.egg-info/top_level.txt
[0.902s] reading manifest file '../../build/py04_param/py04_param.egg-info/SOURCES.txt'
[0.903s] writing manifest file '../../build/py04_param/py04_param.egg-info/SOURCES.txt'
[0.904s] running build
[0.904s] running build_py
[0.904s] copying py04_param/demo02_param_client_py.py -> /home/xukai/00-Learn/ros2-learning/ws01_plumbing/build/py04_param/build/lib/py04_param
[0.904s] running install
[0.905s] running install_lib
[0.906s] copying /home/xukai/00-Learn/ros2-learning/ws01_plumbing/build/py04_param/build/lib/py04_param/demo02_param_client_py.py -> /home/xukai/00-Learn/ros2-learning/ws01_plumbing/install/py04_param/lib/python3.10/site-packages/py04_param
[0.906s] byte-compiling /home/xukai/00-Learn/ros2-learning/ws01_plumbing/install/py04_param/lib/python3.10/site-packages/py04_param/demo02_param_client_py.py to demo02_param_client_py.cpython-310.pyc
[0.908s]   File "/home/xukai/00-Learn/ros2-learning/ws01_plumbing/install/py04_param/lib/python3.10/site-packages/py04_param/demo02_param_client_py.py", line 82
[0.908s]     for name in response.:
[0.908s]                          ^
[0.908s] SyntaxError: invalid syntax
[0.908s] 
[0.908s] running install_data
[0.908s] running install_egg_info
[0.911s] removing '/home/xukai/00-Learn/ros2-learning/ws01_plumbing/install/py04_param/lib/python3.10/site-packages/py04_param-0.0.0-py3.10.egg-info' (and everything under it)
[0.911s] Copying ../../build/py04_param/py04_param.egg-info to /home/xukai/00-Learn/ros2-learning/ws01_plumbing/install/py04_param/lib/python3.10/site-packages/py04_param-0.0.0-py3.10.egg-info
[0.912s] running install_scripts
[0.939s] Installing demo00_param_py script to /home/xukai/00-Learn/ros2-learning/ws01_plumbing/install/py04_param/lib/py04_param
[0.939s] Installing demo01_param_server_py script to /home/xukai/00-Learn/ros2-learning/ws01_plumbing/install/py04_param/lib/py04_param
[0.939s] Installing demo02_param_client_py script to /home/xukai/00-Learn/ros2-learning/ws01_plumbing/install/py04_param/lib/py04_param
[0.939s] writing list of installed files to '/home/xukai/00-Learn/ros2-learning/ws01_plumbing/build/py04_param/install.log'
[0.963s] Invoked command in '/home/xukai/00-Learn/ros2-learning/ws01_plumbing/src/py04_param' returned '0': PYTHONPATH=/home/xukai/00-Learn/ros2-learning/ws01_plumbing/build/py04_param/prefix_override:/home/xukai/00-Learn/ros2-learning/ws01_plumbing/install/py04_param/lib/python3.10/site-packages:${PYTHONPATH} /usr/bin/python3 setup.py egg_info --egg-base ../../build/py04_param build --build-base /home/xukai/00-Learn/ros2-learning/ws01_plumbing/build/py04_param/build install --record /home/xukai/00-Learn/ros2-learning/ws01_plumbing/build/py04_param/install.log --single-version-externally-managed
