[0.717s] Invoking command in '/home/xukai/00-Learn/ros2-learning/ws01_plumbing/src/py04_param': PYTHONPATH=/home/xukai/00-Learn/ros2-learning/ws01_plumbing/build/py04_param/prefix_override:/home/xukai/00-Learn/ros2-learning/ws01_plumbing/install/py04_param/lib/python3.10/site-packages:${PYTHONPATH} /usr/bin/python3 setup.py egg_info --egg-base ../../build/py04_param build --build-base /home/xukai/00-Learn/ros2-learning/ws01_plumbing/build/py04_param/build install --record /home/xukai/00-Learn/ros2-learning/ws01_plumbing/build/py04_param/install.log --single-version-externally-managed
[0.979s] running egg_info
[0.980s] creating ../../build/py04_param/py04_param.egg-info
[0.980s] writing ../../build/py04_param/py04_param.egg-info/PKG-INFO
[0.980s] writing dependency_links to ../../build/py04_param/py04_param.egg-info/dependency_links.txt
[0.981s] writing entry points to ../../build/py04_param/py04_param.egg-info/entry_points.txt
[0.981s] writing requirements to ../../build/py04_param/py04_param.egg-info/requires.txt
[0.981s] writing top-level names to ../../build/py04_param/py04_param.egg-info/top_level.txt
[0.981s] writing manifest file '../../build/py04_param/py04_param.egg-info/SOURCES.txt'
[0.984s] reading manifest file '../../build/py04_param/py04_param.egg-info/SOURCES.txt'
[0.985s] writing manifest file '../../build/py04_param/py04_param.egg-info/SOURCES.txt'
[0.985s] running build
[0.985s] running build_py
[0.986s] creating /home/xukai/00-Learn/ros2-learning/ws01_plumbing/build/py04_param/build
[0.986s] creating /home/xukai/00-Learn/ros2-learning/ws01_plumbing/build/py04_param/build/lib
[0.986s] creating /home/xukai/00-Learn/ros2-learning/ws01_plumbing/build/py04_param/build/lib/py04_param
[0.986s] copying py04_param/demo00_param_py.py -> /home/xukai/00-Learn/ros2-learning/ws01_plumbing/build/py04_param/build/lib/py04_param
[0.986s] copying py04_param/__init__.py -> /home/xukai/00-Learn/ros2-learning/ws01_plumbing/build/py04_param/build/lib/py04_param
[0.986s] running install
[0.987s] running install_lib
[0.988s] creating /home/xukai/00-Learn/ros2-learning/ws01_plumbing/install/py04_param/lib/python3.10/site-packages/py04_param
[0.988s] copying /home/xukai/00-Learn/ros2-learning/ws01_plumbing/build/py04_param/build/lib/py04_param/demo00_param_py.py -> /home/xukai/00-Learn/ros2-learning/ws01_plumbing/install/py04_param/lib/python3.10/site-packages/py04_param
[0.988s] copying /home/xukai/00-Learn/ros2-learning/ws01_plumbing/build/py04_param/build/lib/py04_param/__init__.py -> /home/xukai/00-Learn/ros2-learning/ws01_plumbing/install/py04_param/lib/python3.10/site-packages/py04_param
[0.989s] byte-compiling /home/xukai/00-Learn/ros2-learning/ws01_plumbing/install/py04_param/lib/python3.10/site-packages/py04_param/demo00_param_py.py to demo00_param_py.cpython-310.pyc
[0.989s] byte-compiling /home/xukai/00-Learn/ros2-learning/ws01_plumbing/install/py04_param/lib/python3.10/site-packages/py04_param/__init__.py to __init__.cpython-310.pyc
[0.989s] running install_data
[0.990s] creating /home/xukai/00-Learn/ros2-learning/ws01_plumbing/install/py04_param/share/ament_index
[0.990s] creating /home/xukai/00-Learn/ros2-learning/ws01_plumbing/install/py04_param/share/ament_index/resource_index
[0.990s] creating /home/xukai/00-Learn/ros2-learning/ws01_plumbing/install/py04_param/share/ament_index/resource_index/packages
[0.990s] copying resource/py04_param -> /home/xukai/00-Learn/ros2-learning/ws01_plumbing/install/py04_param/share/ament_index/resource_index/packages
[0.991s] copying package.xml -> /home/xukai/00-Learn/ros2-learning/ws01_plumbing/install/py04_param/share/py04_param
[0.991s] running install_egg_info
[0.992s] Copying ../../build/py04_param/py04_param.egg-info to /home/xukai/00-Learn/ros2-learning/ws01_plumbing/install/py04_param/lib/python3.10/site-packages/py04_param-0.0.0-py3.10.egg-info
[0.993s] running install_scripts
[1.016s] writing list of installed files to '/home/xukai/00-Learn/ros2-learning/ws01_plumbing/build/py04_param/install.log'
[1.046s] Invoked command in '/home/xukai/00-Learn/ros2-learning/ws01_plumbing/src/py04_param' returned '0': PYTHONPATH=/home/xukai/00-Learn/ros2-learning/ws01_plumbing/build/py04_param/prefix_override:/home/xukai/00-Learn/ros2-learning/ws01_plumbing/install/py04_param/lib/python3.10/site-packages:${PYTHONPATH} /usr/bin/python3 setup.py egg_info --egg-base ../../build/py04_param build --build-base /home/xukai/00-Learn/ros2-learning/ws01_plumbing/build/py04_param/build install --record /home/xukai/00-Learn/ros2-learning/ws01_plumbing/build/py04_param/install.log --single-version-externally-managed
