[0.842s] Invoking command in '/home/xukai/00-Learn/ros2-learning/ws01_plumbing/src/py04_param': PYTHONPATH=/home/xukai/00-Learn/ros2-learning/ws01_plumbing/build/py04_param/prefix_override:/home/xukai/00-Learn/ros2-learning/ws01_plumbing/install/py04_param/lib/python3.10/site-packages:${PYTHONPATH} /usr/bin/python3 setup.py egg_info --egg-base ../../build/py04_param build --build-base /home/xukai/00-Learn/ros2-learning/ws01_plumbing/build/py04_param/build install --record /home/xukai/00-Learn/ros2-learning/ws01_plumbing/build/py04_param/install.log --single-version-externally-managed
[1.141s] running egg_info
[1.143s] writing ../../build/py04_param/py04_param.egg-info/PKG-INFO
[1.143s] writing dependency_links to ../../build/py04_param/py04_param.egg-info/dependency_links.txt
[1.143s] writing entry points to ../../build/py04_param/py04_param.egg-info/entry_points.txt
[1.143s] writing requirements to ../../build/py04_param/py04_param.egg-info/requires.txt
[1.143s] writing top-level names to ../../build/py04_param/py04_param.egg-info/top_level.txt
[1.147s] reading manifest file '../../build/py04_param/py04_param.egg-info/SOURCES.txt'
[1.149s] writing manifest file '../../build/py04_param/py04_param.egg-info/SOURCES.txt'
[1.149s] running build
[1.150s] running build_py
[1.150s] copying py04_param/demo01_param_server_py.py -> /home/xukai/00-Learn/ros2-learning/ws01_plumbing/build/py04_param/build/lib/py04_param
[1.150s] running install
[1.151s] running install_lib
[1.153s] copying /home/xukai/00-Learn/ros2-learning/ws01_plumbing/build/py04_param/build/lib/py04_param/demo01_param_server_py.py -> /home/xukai/00-Learn/ros2-learning/ws01_plumbing/install/py04_param/lib/python3.10/site-packages/py04_param
[1.154s] byte-compiling /home/xukai/00-Learn/ros2-learning/ws01_plumbing/install/py04_param/lib/python3.10/site-packages/py04_param/demo01_param_server_py.py to demo01_param_server_py.cpython-310.pyc
[1.154s] running install_data
[1.155s] running install_egg_info
[1.157s] removing '/home/xukai/00-Learn/ros2-learning/ws01_plumbing/install/py04_param/lib/python3.10/site-packages/py04_param-0.0.0-py3.10.egg-info' (and everything under it)
[1.158s] Copying ../../build/py04_param/py04_param.egg-info to /home/xukai/00-Learn/ros2-learning/ws01_plumbing/install/py04_param/lib/python3.10/site-packages/py04_param-0.0.0-py3.10.egg-info
[1.159s] running install_scripts
[1.179s] Installing demo00_param_py script to /home/xukai/00-Learn/ros2-learning/ws01_plumbing/install/py04_param/lib/py04_param
[1.179s] Installing demo01_param_server_py script to /home/xukai/00-Learn/ros2-learning/ws01_plumbing/install/py04_param/lib/py04_param
[1.180s] writing list of installed files to '/home/xukai/00-Learn/ros2-learning/ws01_plumbing/build/py04_param/install.log'
[1.214s] Invoked command in '/home/xukai/00-Learn/ros2-learning/ws01_plumbing/src/py04_param' returned '0': PYTHONPATH=/home/xukai/00-Learn/ros2-learning/ws01_plumbing/build/py04_param/prefix_override:/home/xukai/00-Learn/ros2-learning/ws01_plumbing/install/py04_param/lib/python3.10/site-packages:${PYTHONPATH} /usr/bin/python3 setup.py egg_info --egg-base ../../build/py04_param build --build-base /home/xukai/00-Learn/ros2-learning/ws01_plumbing/build/py04_param/build install --record /home/xukai/00-Learn/ros2-learning/ws01_plumbing/build/py04_param/install.log --single-version-externally-managed
