[  3%] Built target base_interfaces_demo__cpp
[ 12%] Built target base_interfaces_demo__rosidl_generator_c
[ 12%] Built target ament_cmake_python_copy_base_interfaces_demo
[ 22%] Built target base_interfaces_demo__rosidl_typesupport_introspection_cpp
[ 41%] Built target base_interfaces_demo__rosidl_typesupport_fastrtps_cpp
[ 41%] Built target base_interfaces_demo__rosidl_typesupport_cpp
[ 51%] Built target base_interfaces_demo__rosidl_typesupport_c
[ 61%] Built target base_interfaces_demo__rosidl_typesupport_introspection_c
[ 70%] Built target base_interfaces_demo__rosidl_typesupport_fastrtps_c
[ 70%] Built target base_interfaces_demo
[ 74%] Built target base_interfaces_demo__py
[ 80%] Built target base_interfaces_demo__rosidl_generator_py
[100%] Built target base_interfaces_demo__rosidl_typesupport_introspection_c__pyext
[100%] Built target base_interfaces_demo__rosidl_typesupport_fastrtps_c__pyext
[100%] Built target base_interfaces_demo__rosidl_typesupport_c__pyext
running egg_info
writing base_interfaces_demo.egg-info/PKG-INFO
writing dependency_links to base_interfaces_demo.egg-info/dependency_links.txt
writing top-level names to base_interfaces_demo.egg-info/top_level.txt
reading manifest file 'base_interfaces_demo.egg-info/SOURCES.txt'
writing manifest file 'base_interfaces_demo.egg-info/SOURCES.txt'
[100%] Built target ament_cmake_python_build_base_interfaces_demo_egg
-- Install configuration: ""
-- Installing: /home/xukai/00-Learn/ros2-learning/ws01_plumbing/install/base_interfaces_demo/share/ament_index/resource_index/rosidl_interfaces/base_interfaces_demo
-- Installing: /home/xukai/00-Learn/ros2-learning/ws01_plumbing/install/base_interfaces_demo/include/base_interfaces_demo/base_interfaces_demo
-- Installing: /home/xukai/00-Learn/ros2-learning/ws01_plumbing/install/base_interfaces_demo/include/base_interfaces_demo/base_interfaces_demo/msg
-- Installing: /home/xukai/00-Learn/ros2-learning/ws01_plumbing/install/base_interfaces_demo/include/base_interfaces_demo/base_interfaces_demo/msg/rosidl_generator_c__visibility_control.h
-- Installing: /home/xukai/00-Learn/ros2-learning/ws01_plumbing/install/base_interfaces_demo/include/base_interfaces_demo/base_interfaces_demo/msg/student.h
-- Installing: /home/xukai/00-Learn/ros2-learning/ws01_plumbing/install/base_interfaces_demo/include/base_interfaces_demo/base_interfaces_demo/msg/detail
-- Installing: /home/xukai/00-Learn/ros2-learning/ws01_plumbing/install/base_interfaces_demo/include/base_interfaces_demo/base_interfaces_demo/msg/detail/student__type_support.h
-- Installing: /home/xukai/00-Learn/ros2-learning/ws01_plumbing/install/base_interfaces_demo/include/base_interfaces_demo/base_interfaces_demo/msg/detail/student__struct.h
-- Installing: /home/xukai/00-Learn/ros2-learning/ws01_plumbing/install/base_interfaces_demo/include/base_interfaces_demo/base_interfaces_demo/msg/detail/student__functions.h
-- Installing: /home/xukai/00-Learn/ros2-learning/ws01_plumbing/install/base_interfaces_demo/include/base_interfaces_demo/base_interfaces_demo/msg/detail/student__functions.c
-- Installing: /home/xukai/00-Learn/ros2-learning/ws01_plumbing/install/base_interfaces_demo/share/base_interfaces_demo/environment/library_path.sh
-- Installing: /home/xukai/00-Learn/ros2-learning/ws01_plumbing/install/base_interfaces_demo/share/base_interfaces_demo/environment/library_path.dsv
-- Installing: /home/xukai/00-Learn/ros2-learning/ws01_plumbing/install/base_interfaces_demo/lib/libbase_interfaces_demo__rosidl_generator_c.so
-- Set runtime path of "/home/xukai/00-Learn/ros2-learning/ws01_plumbing/install/base_interfaces_demo/lib/libbase_interfaces_demo__rosidl_generator_c.so" to ""
-- Up-to-date: /home/xukai/00-Learn/ros2-learning/ws01_plumbing/install/base_interfaces_demo/include/base_interfaces_demo/base_interfaces_demo
-- Up-to-date: /home/xukai/00-Learn/ros2-learning/ws01_plumbing/install/base_interfaces_demo/include/base_interfaces_demo/base_interfaces_demo/msg
-- Installing: /home/xukai/00-Learn/ros2-learning/ws01_plumbing/install/base_interfaces_demo/include/base_interfaces_demo/base_interfaces_demo/msg/rosidl_typesupport_fastrtps_c__visibility_control.h
-- Up-to-date: /home/xukai/00-Learn/ros2-learning/ws01_plumbing/install/base_interfaces_demo/include/base_interfaces_demo/base_interfaces_demo/msg/detail
-- Installing: /home/xukai/00-Learn/ros2-learning/ws01_plumbing/install/base_interfaces_demo/include/base_interfaces_demo/base_interfaces_demo/msg/detail/student__rosidl_typesupport_fastrtps_c.h
-- Installing: /home/xukai/00-Learn/ros2-learning/ws01_plumbing/install/base_interfaces_demo/lib/libbase_interfaces_demo__rosidl_typesupport_fastrtps_c.so
-- Set runtime path of "/home/xukai/00-Learn/ros2-learning/ws01_plumbing/install/base_interfaces_demo/lib/libbase_interfaces_demo__rosidl_typesupport_fastrtps_c.so" to ""
-- Up-to-date: /home/xukai/00-Learn/ros2-learning/ws01_plumbing/install/base_interfaces_demo/include/base_interfaces_demo/base_interfaces_demo
-- Up-to-date: /home/xukai/00-Learn/ros2-learning/ws01_plumbing/install/base_interfaces_demo/include/base_interfaces_demo/base_interfaces_demo/msg
-- Installing: /home/xukai/00-Learn/ros2-learning/ws01_plumbing/install/base_interfaces_demo/include/base_interfaces_demo/base_interfaces_demo/msg/rosidl_typesupport_introspection_c__visibility_control.h
-- Up-to-date: /home/xukai/00-Learn/ros2-learning/ws01_plumbing/install/base_interfaces_demo/include/base_interfaces_demo/base_interfaces_demo/msg/detail
-- Installing: /home/xukai/00-Learn/ros2-learning/ws01_plumbing/install/base_interfaces_demo/include/base_interfaces_demo/base_interfaces_demo/msg/detail/student__rosidl_typesupport_introspection_c.h
-- Installing: /home/xukai/00-Learn/ros2-learning/ws01_plumbing/install/base_interfaces_demo/include/base_interfaces_demo/base_interfaces_demo/msg/detail/student__type_support.c
-- Installing: /home/xukai/00-Learn/ros2-learning/ws01_plumbing/install/base_interfaces_demo/lib/libbase_interfaces_demo__rosidl_typesupport_introspection_c.so
-- Set runtime path of "/home/xukai/00-Learn/ros2-learning/ws01_plumbing/install/base_interfaces_demo/lib/libbase_interfaces_demo__rosidl_typesupport_introspection_c.so" to ""
-- Installing: /home/xukai/00-Learn/ros2-learning/ws01_plumbing/install/base_interfaces_demo/lib/libbase_interfaces_demo__rosidl_typesupport_c.so
-- Set runtime path of "/home/xukai/00-Learn/ros2-learning/ws01_plumbing/install/base_interfaces_demo/lib/libbase_interfaces_demo__rosidl_typesupport_c.so" to ""
-- Up-to-date: /home/xukai/00-Learn/ros2-learning/ws01_plumbing/install/base_interfaces_demo/include/base_interfaces_demo/base_interfaces_demo
-- Up-to-date: /home/xukai/00-Learn/ros2-learning/ws01_plumbing/install/base_interfaces_demo/include/base_interfaces_demo/base_interfaces_demo/msg
-- Installing: /home/xukai/00-Learn/ros2-learning/ws01_plumbing/install/base_interfaces_demo/include/base_interfaces_demo/base_interfaces_demo/msg/student.hpp
-- Up-to-date: /home/xukai/00-Learn/ros2-learning/ws01_plumbing/install/base_interfaces_demo/include/base_interfaces_demo/base_interfaces_demo/msg/detail
-- Installing: /home/xukai/00-Learn/ros2-learning/ws01_plumbing/install/base_interfaces_demo/include/base_interfaces_demo/base_interfaces_demo/msg/detail/student__struct.hpp
-- Installing: /home/xukai/00-Learn/ros2-learning/ws01_plumbing/install/base_interfaces_demo/include/base_interfaces_demo/base_interfaces_demo/msg/detail/student__traits.hpp
-- Installing: /home/xukai/00-Learn/ros2-learning/ws01_plumbing/install/base_interfaces_demo/include/base_interfaces_demo/base_interfaces_demo/msg/detail/student__builder.hpp
-- Up-to-date: /home/xukai/00-Learn/ros2-learning/ws01_plumbing/install/base_interfaces_demo/include/base_interfaces_demo/base_interfaces_demo
-- Up-to-date: /home/xukai/00-Learn/ros2-learning/ws01_plumbing/install/base_interfaces_demo/include/base_interfaces_demo/base_interfaces_demo/msg
-- Up-to-date: /home/xukai/00-Learn/ros2-learning/ws01_plumbing/install/base_interfaces_demo/include/base_interfaces_demo/base_interfaces_demo/msg/detail
-- Installing: /home/xukai/00-Learn/ros2-learning/ws01_plumbing/install/base_interfaces_demo/include/base_interfaces_demo/base_interfaces_demo/msg/detail/dds_fastrtps
-- Installing: /home/xukai/00-Learn/ros2-learning/ws01_plumbing/install/base_interfaces_demo/include/base_interfaces_demo/base_interfaces_demo/msg/detail/student__rosidl_typesupport_fastrtps_cpp.hpp
-- Installing: /home/xukai/00-Learn/ros2-learning/ws01_plumbing/install/base_interfaces_demo/include/base_interfaces_demo/base_interfaces_demo/msg/rosidl_typesupport_fastrtps_cpp__visibility_control.h
-- Installing: /home/xukai/00-Learn/ros2-learning/ws01_plumbing/install/base_interfaces_demo/lib/libbase_interfaces_demo__rosidl_typesupport_fastrtps_cpp.so
-- Set runtime path of "/home/xukai/00-Learn/ros2-learning/ws01_plumbing/install/base_interfaces_demo/lib/libbase_interfaces_demo__rosidl_typesupport_fastrtps_cpp.so" to ""
-- Up-to-date: /home/xukai/00-Learn/ros2-learning/ws01_plumbing/install/base_interfaces_demo/include/base_interfaces_demo/base_interfaces_demo
-- Up-to-date: /home/xukai/00-Learn/ros2-learning/ws01_plumbing/install/base_interfaces_demo/include/base_interfaces_demo/base_interfaces_demo/msg
-- Up-to-date: /home/xukai/00-Learn/ros2-learning/ws01_plumbing/install/base_interfaces_demo/include/base_interfaces_demo/base_interfaces_demo/msg/detail
-- Installing: /home/xukai/00-Learn/ros2-learning/ws01_plumbing/install/base_interfaces_demo/include/base_interfaces_demo/base_interfaces_demo/msg/detail/student__rosidl_typesupport_introspection_cpp.hpp
-- Installing: /home/xukai/00-Learn/ros2-learning/ws01_plumbing/install/base_interfaces_demo/include/base_interfaces_demo/base_interfaces_demo/msg/detail/student__type_support.cpp
-- Installing: /home/xukai/00-Learn/ros2-learning/ws01_plumbing/install/base_interfaces_demo/lib/libbase_interfaces_demo__rosidl_typesupport_introspection_cpp.so
-- Set runtime path of "/home/xukai/00-Learn/ros2-learning/ws01_plumbing/install/base_interfaces_demo/lib/libbase_interfaces_demo__rosidl_typesupport_introspection_cpp.so" to ""
-- Installing: /home/xukai/00-Learn/ros2-learning/ws01_plumbing/install/base_interfaces_demo/lib/libbase_interfaces_demo__rosidl_typesupport_cpp.so
-- Set runtime path of "/home/xukai/00-Learn/ros2-learning/ws01_plumbing/install/base_interfaces_demo/lib/libbase_interfaces_demo__rosidl_typesupport_cpp.so" to ""
-- Installing: /home/xukai/00-Learn/ros2-learning/ws01_plumbing/install/base_interfaces_demo/share/base_interfaces_demo/environment/pythonpath.sh
-- Installing: /home/xukai/00-Learn/ros2-learning/ws01_plumbing/install/base_interfaces_demo/share/base_interfaces_demo/environment/pythonpath.dsv
-- Installing: /home/xukai/00-Learn/ros2-learning/ws01_plumbing/install/base_interfaces_demo/local/lib/python3.10/dist-packages/base_interfaces_demo-0.0.0-py3.10.egg-info
-- Installing: /home/xukai/00-Learn/ros2-learning/ws01_plumbing/install/base_interfaces_demo/local/lib/python3.10/dist-packages/base_interfaces_demo-0.0.0-py3.10.egg-info/SOURCES.txt
-- Installing: /home/xukai/00-Learn/ros2-learning/ws01_plumbing/install/base_interfaces_demo/local/lib/python3.10/dist-packages/base_interfaces_demo-0.0.0-py3.10.egg-info/top_level.txt
-- Installing: /home/xukai/00-Learn/ros2-learning/ws01_plumbing/install/base_interfaces_demo/local/lib/python3.10/dist-packages/base_interfaces_demo-0.0.0-py3.10.egg-info/PKG-INFO
-- Installing: /home/xukai/00-Learn/ros2-learning/ws01_plumbing/install/base_interfaces_demo/local/lib/python3.10/dist-packages/base_interfaces_demo-0.0.0-py3.10.egg-info/dependency_links.txt
-- Installing: /home/xukai/00-Learn/ros2-learning/ws01_plumbing/install/base_interfaces_demo/local/lib/python3.10/dist-packages/base_interfaces_demo
-- Installing: /home/xukai/00-Learn/ros2-learning/ws01_plumbing/install/base_interfaces_demo/local/lib/python3.10/dist-packages/base_interfaces_demo/msg
-- Installing: /home/xukai/00-Learn/ros2-learning/ws01_plumbing/install/base_interfaces_demo/local/lib/python3.10/dist-packages/base_interfaces_demo/msg/_student.py
-- Installing: /home/xukai/00-Learn/ros2-learning/ws01_plumbing/install/base_interfaces_demo/local/lib/python3.10/dist-packages/base_interfaces_demo/msg/__init__.py
-- Installing: /home/xukai/00-Learn/ros2-learning/ws01_plumbing/install/base_interfaces_demo/local/lib/python3.10/dist-packages/base_interfaces_demo/msg/_student_s.c
-- Installing: /home/xukai/00-Learn/ros2-learning/ws01_plumbing/install/base_interfaces_demo/local/lib/python3.10/dist-packages/base_interfaces_demo/_base_interfaces_demo_s.ep.rosidl_typesupport_introspection_c.c
-- Installing: /home/xukai/00-Learn/ros2-learning/ws01_plumbing/install/base_interfaces_demo/local/lib/python3.10/dist-packages/base_interfaces_demo/base_interfaces_demo_s__rosidl_typesupport_c.cpython-310-x86_64-linux-gnu.so
-- Installing: /home/xukai/00-Learn/ros2-learning/ws01_plumbing/install/base_interfaces_demo/local/lib/python3.10/dist-packages/base_interfaces_demo/_base_interfaces_demo_s.ep.rosidl_typesupport_c.c
-- Installing: /home/xukai/00-Learn/ros2-learning/ws01_plumbing/install/base_interfaces_demo/local/lib/python3.10/dist-packages/base_interfaces_demo/base_interfaces_demo_s__rosidl_typesupport_introspection_c.cpython-310-x86_64-linux-gnu.so
-- Installing: /home/xukai/00-Learn/ros2-learning/ws01_plumbing/install/base_interfaces_demo/local/lib/python3.10/dist-packages/base_interfaces_demo/__init__.py
-- Installing: /home/xukai/00-Learn/ros2-learning/ws01_plumbing/install/base_interfaces_demo/local/lib/python3.10/dist-packages/base_interfaces_demo/base_interfaces_demo_s__rosidl_typesupport_fastrtps_c.cpython-310-x86_64-linux-gnu.so
-- Installing: /home/xukai/00-Learn/ros2-learning/ws01_plumbing/install/base_interfaces_demo/local/lib/python3.10/dist-packages/base_interfaces_demo/_base_interfaces_demo_s.ep.rosidl_typesupport_fastrtps_c.c
-- Installing: /home/xukai/00-Learn/ros2-learning/ws01_plumbing/install/base_interfaces_demo/local/lib/python3.10/dist-packages/base_interfaces_demo/libbase_interfaces_demo__rosidl_generator_py.so
Listing '/home/xukai/00-Learn/ros2-learning/ws01_plumbing/install/base_interfaces_demo/local/lib/python3.10/dist-packages/base_interfaces_demo'...
Compiling '/home/xukai/00-Learn/ros2-learning/ws01_plumbing/install/base_interfaces_demo/local/lib/python3.10/dist-packages/base_interfaces_demo/__init__.py'...
Listing '/home/xukai/00-Learn/ros2-learning/ws01_plumbing/install/base_interfaces_demo/local/lib/python3.10/dist-packages/base_interfaces_demo/msg'...
Compiling '/home/xukai/00-Learn/ros2-learning/ws01_plumbing/install/base_interfaces_demo/local/lib/python3.10/dist-packages/base_interfaces_demo/msg/__init__.py'...
Compiling '/home/xukai/00-Learn/ros2-learning/ws01_plumbing/install/base_interfaces_demo/local/lib/python3.10/dist-packages/base_interfaces_demo/msg/_student.py'...
-- Installing: /home/xukai/00-Learn/ros2-learning/ws01_plumbing/install/base_interfaces_demo/local/lib/python3.10/dist-packages/base_interfaces_demo/base_interfaces_demo_s__rosidl_typesupport_fastrtps_c.cpython-310-x86_64-linux-gnu.so
-- Set runtime path of "/home/xukai/00-Learn/ros2-learning/ws01_plumbing/install/base_interfaces_demo/local/lib/python3.10/dist-packages/base_interfaces_demo/base_interfaces_demo_s__rosidl_typesupport_fastrtps_c.cpython-310-x86_64-linux-gnu.so" to ""
-- Installing: /home/xukai/00-Learn/ros2-learning/ws01_plumbing/install/base_interfaces_demo/local/lib/python3.10/dist-packages/base_interfaces_demo/base_interfaces_demo_s__rosidl_typesupport_introspection_c.cpython-310-x86_64-linux-gnu.so
-- Set runtime path of "/home/xukai/00-Learn/ros2-learning/ws01_plumbing/install/base_interfaces_demo/local/lib/python3.10/dist-packages/base_interfaces_demo/base_interfaces_demo_s__rosidl_typesupport_introspection_c.cpython-310-x86_64-linux-gnu.so" to ""
-- Installing: /home/xukai/00-Learn/ros2-learning/ws01_plumbing/install/base_interfaces_demo/local/lib/python3.10/dist-packages/base_interfaces_demo/base_interfaces_demo_s__rosidl_typesupport_c.cpython-310-x86_64-linux-gnu.so
-- Set runtime path of "/home/xukai/00-Learn/ros2-learning/ws01_plumbing/install/base_interfaces_demo/local/lib/python3.10/dist-packages/base_interfaces_demo/base_interfaces_demo_s__rosidl_typesupport_c.cpython-310-x86_64-linux-gnu.so" to ""
-- Installing: /home/xukai/00-Learn/ros2-learning/ws01_plumbing/install/base_interfaces_demo/lib/libbase_interfaces_demo__rosidl_generator_py.so
-- Set runtime path of "/home/xukai/00-Learn/ros2-learning/ws01_plumbing/install/base_interfaces_demo/lib/libbase_interfaces_demo__rosidl_generator_py.so" to ""
-- Installing: /home/xukai/00-Learn/ros2-learning/ws01_plumbing/install/base_interfaces_demo/share/base_interfaces_demo/msg/Student.idl
-- Installing: /home/xukai/00-Learn/ros2-learning/ws01_plumbing/install/base_interfaces_demo/share/base_interfaces_demo/msg/Student.msg
-- Installing: /home/xukai/00-Learn/ros2-learning/ws01_plumbing/install/base_interfaces_demo/share/ament_index/resource_index/package_run_dependencies/base_interfaces_demo
-- Installing: /home/xukai/00-Learn/ros2-learning/ws01_plumbing/install/base_interfaces_demo/share/ament_index/resource_index/parent_prefix_path/base_interfaces_demo
-- Installing: /home/xukai/00-Learn/ros2-learning/ws01_plumbing/install/base_interfaces_demo/share/base_interfaces_demo/environment/ament_prefix_path.sh
-- Installing: /home/xukai/00-Learn/ros2-learning/ws01_plumbing/install/base_interfaces_demo/share/base_interfaces_demo/environment/ament_prefix_path.dsv
-- Installing: /home/xukai/00-Learn/ros2-learning/ws01_plumbing/install/base_interfaces_demo/share/base_interfaces_demo/environment/path.sh
-- Installing: /home/xukai/00-Learn/ros2-learning/ws01_plumbing/install/base_interfaces_demo/share/base_interfaces_demo/environment/path.dsv
-- Installing: /home/xukai/00-Learn/ros2-learning/ws01_plumbing/install/base_interfaces_demo/share/base_interfaces_demo/local_setup.bash
-- Installing: /home/xukai/00-Learn/ros2-learning/ws01_plumbing/install/base_interfaces_demo/share/base_interfaces_demo/local_setup.sh
-- Installing: /home/xukai/00-Learn/ros2-learning/ws01_plumbing/install/base_interfaces_demo/share/base_interfaces_demo/local_setup.zsh
-- Installing: /home/xukai/00-Learn/ros2-learning/ws01_plumbing/install/base_interfaces_demo/share/base_interfaces_demo/local_setup.dsv
-- Installing: /home/xukai/00-Learn/ros2-learning/ws01_plumbing/install/base_interfaces_demo/share/base_interfaces_demo/package.dsv
-- Installing: /home/xukai/00-Learn/ros2-learning/ws01_plumbing/install/base_interfaces_demo/share/ament_index/resource_index/packages/base_interfaces_demo
-- Installing: /home/xukai/00-Learn/ros2-learning/ws01_plumbing/install/base_interfaces_demo/share/base_interfaces_demo/cmake/export_base_interfaces_demo__rosidl_generator_cExport.cmake
-- Installing: /home/xukai/00-Learn/ros2-learning/ws01_plumbing/install/base_interfaces_demo/share/base_interfaces_demo/cmake/export_base_interfaces_demo__rosidl_generator_cExport-noconfig.cmake
-- Installing: /home/xukai/00-Learn/ros2-learning/ws01_plumbing/install/base_interfaces_demo/share/base_interfaces_demo/cmake/export_base_interfaces_demo__rosidl_typesupport_fastrtps_cExport.cmake
-- Installing: /home/xukai/00-Learn/ros2-learning/ws01_plumbing/install/base_interfaces_demo/share/base_interfaces_demo/cmake/export_base_interfaces_demo__rosidl_typesupport_fastrtps_cExport-noconfig.cmake
-- Installing: /home/xukai/00-Learn/ros2-learning/ws01_plumbing/install/base_interfaces_demo/share/base_interfaces_demo/cmake/base_interfaces_demo__rosidl_typesupport_introspection_cExport.cmake
-- Installing: /home/xukai/00-Learn/ros2-learning/ws01_plumbing/install/base_interfaces_demo/share/base_interfaces_demo/cmake/base_interfaces_demo__rosidl_typesupport_introspection_cExport-noconfig.cmake
-- Installing: /home/xukai/00-Learn/ros2-learning/ws01_plumbing/install/base_interfaces_demo/share/base_interfaces_demo/cmake/base_interfaces_demo__rosidl_typesupport_cExport.cmake
-- Installing: /home/xukai/00-Learn/ros2-learning/ws01_plumbing/install/base_interfaces_demo/share/base_interfaces_demo/cmake/base_interfaces_demo__rosidl_typesupport_cExport-noconfig.cmake
-- Installing: /home/xukai/00-Learn/ros2-learning/ws01_plumbing/install/base_interfaces_demo/share/base_interfaces_demo/cmake/export_base_interfaces_demo__rosidl_generator_cppExport.cmake
-- Installing: /home/xukai/00-Learn/ros2-learning/ws01_plumbing/install/base_interfaces_demo/share/base_interfaces_demo/cmake/export_base_interfaces_demo__rosidl_typesupport_fastrtps_cppExport.cmake
-- Installing: /home/xukai/00-Learn/ros2-learning/ws01_plumbing/install/base_interfaces_demo/share/base_interfaces_demo/cmake/export_base_interfaces_demo__rosidl_typesupport_fastrtps_cppExport-noconfig.cmake
-- Installing: /home/xukai/00-Learn/ros2-learning/ws01_plumbing/install/base_interfaces_demo/share/base_interfaces_demo/cmake/base_interfaces_demo__rosidl_typesupport_introspection_cppExport.cmake
-- Installing: /home/xukai/00-Learn/ros2-learning/ws01_plumbing/install/base_interfaces_demo/share/base_interfaces_demo/cmake/base_interfaces_demo__rosidl_typesupport_introspection_cppExport-noconfig.cmake
-- Installing: /home/xukai/00-Learn/ros2-learning/ws01_plumbing/install/base_interfaces_demo/share/base_interfaces_demo/cmake/base_interfaces_demo__rosidl_typesupport_cppExport.cmake
-- Installing: /home/xukai/00-Learn/ros2-learning/ws01_plumbing/install/base_interfaces_demo/share/base_interfaces_demo/cmake/base_interfaces_demo__rosidl_typesupport_cppExport-noconfig.cmake
-- Installing: /home/xukai/00-Learn/ros2-learning/ws01_plumbing/install/base_interfaces_demo/share/base_interfaces_demo/cmake/export_base_interfaces_demo__rosidl_generator_pyExport.cmake
-- Installing: /home/xukai/00-Learn/ros2-learning/ws01_plumbing/install/base_interfaces_demo/share/base_interfaces_demo/cmake/export_base_interfaces_demo__rosidl_generator_pyExport-noconfig.cmake
-- Installing: /home/xukai/00-Learn/ros2-learning/ws01_plumbing/install/base_interfaces_demo/share/base_interfaces_demo/cmake/rosidl_cmake-extras.cmake
-- Installing: /home/xukai/00-Learn/ros2-learning/ws01_plumbing/install/base_interfaces_demo/share/base_interfaces_demo/cmake/ament_cmake_export_include_directories-extras.cmake
-- Installing: /home/xukai/00-Learn/ros2-learning/ws01_plumbing/install/base_interfaces_demo/share/base_interfaces_demo/cmake/ament_cmake_export_libraries-extras.cmake
-- Installing: /home/xukai/00-Learn/ros2-learning/ws01_plumbing/install/base_interfaces_demo/share/base_interfaces_demo/cmake/ament_cmake_export_targets-extras.cmake
-- Installing: /home/xukai/00-Learn/ros2-learning/ws01_plumbing/install/base_interfaces_demo/share/base_interfaces_demo/cmake/rosidl_cmake_export_typesupport_targets-extras.cmake
-- Installing: /home/xukai/00-Learn/ros2-learning/ws01_plumbing/install/base_interfaces_demo/share/base_interfaces_demo/cmake/ament_cmake_export_dependencies-extras.cmake
-- Installing: /home/xukai/00-Learn/ros2-learning/ws01_plumbing/install/base_interfaces_demo/share/base_interfaces_demo/cmake/rosidl_cmake_export_typesupport_libraries-extras.cmake
-- Installing: /home/xukai/00-Learn/ros2-learning/ws01_plumbing/install/base_interfaces_demo/share/base_interfaces_demo/cmake/base_interfaces_demoConfig.cmake
-- Installing: /home/xukai/00-Learn/ros2-learning/ws01_plumbing/install/base_interfaces_demo/share/base_interfaces_demo/cmake/base_interfaces_demoConfig-version.cmake
-- Installing: /home/xukai/00-Learn/ros2-learning/ws01_plumbing/install/base_interfaces_demo/share/base_interfaces_demo/package.xml
