/home/xukai/00-Learn/ros2-learning/ws01_plumbing/install/py01_topic/lib/python3.10/site-packages/py01_topic/demo01_publisher_str_py.py
/home/xukai/00-Learn/ros2-learning/ws01_plumbing/install/py01_topic/lib/python3.10/site-packages/py01_topic/demo03_publisher_stu_py.py
/home/xukai/00-Learn/ros2-learning/ws01_plumbing/install/py01_topic/lib/python3.10/site-packages/py01_topic/__init__.py
/home/xukai/00-Learn/ros2-learning/ws01_plumbing/install/py01_topic/lib/python3.10/site-packages/py01_topic/demo02_subscriber_str_py.py
/home/xukai/00-Learn/ros2-learning/ws01_plumbing/install/py01_topic/lib/python3.10/site-packages/py01_topic/demo04_subscriber_stu_py.py
/home/xukai/00-Learn/ros2-learning/ws01_plumbing/install/py01_topic/lib/python3.10/site-packages/py01_topic/__pycache__/demo01_publisher_str_py.cpython-310.pyc
/home/xukai/00-Learn/ros2-learning/ws01_plumbing/install/py01_topic/lib/python3.10/site-packages/py01_topic/__pycache__/demo03_publisher_stu_py.cpython-310.pyc
/home/xukai/00-Learn/ros2-learning/ws01_plumbing/install/py01_topic/lib/python3.10/site-packages/py01_topic/__pycache__/__init__.cpython-310.pyc
/home/xukai/00-Learn/ros2-learning/ws01_plumbing/install/py01_topic/lib/python3.10/site-packages/py01_topic/__pycache__/demo02_subscriber_str_py.cpython-310.pyc
/home/xukai/00-Learn/ros2-learning/ws01_plumbing/install/py01_topic/lib/python3.10/site-packages/py01_topic/__pycache__/demo04_subscriber_stu_py.cpython-310.pyc
/home/xukai/00-Learn/ros2-learning/ws01_plumbing/install/py01_topic/share/ament_index/resource_index/packages/py01_topic
/home/xukai/00-Learn/ros2-learning/ws01_plumbing/install/py01_topic/share/py01_topic/package.xml
/home/xukai/00-Learn/ros2-learning/ws01_plumbing/install/py01_topic/lib/python3.10/site-packages/py01_topic-0.0.0-py3.10.egg-info/zip-safe
/home/xukai/00-Learn/ros2-learning/ws01_plumbing/install/py01_topic/lib/python3.10/site-packages/py01_topic-0.0.0-py3.10.egg-info/entry_points.txt
/home/xukai/00-Learn/ros2-learning/ws01_plumbing/install/py01_topic/lib/python3.10/site-packages/py01_topic-0.0.0-py3.10.egg-info/requires.txt
/home/xukai/00-Learn/ros2-learning/ws01_plumbing/install/py01_topic/lib/python3.10/site-packages/py01_topic-0.0.0-py3.10.egg-info/SOURCES.txt
/home/xukai/00-Learn/ros2-learning/ws01_plumbing/install/py01_topic/lib/python3.10/site-packages/py01_topic-0.0.0-py3.10.egg-info/top_level.txt
/home/xukai/00-Learn/ros2-learning/ws01_plumbing/install/py01_topic/lib/python3.10/site-packages/py01_topic-0.0.0-py3.10.egg-info/PKG-INFO
/home/xukai/00-Learn/ros2-learning/ws01_plumbing/install/py01_topic/lib/python3.10/site-packages/py01_topic-0.0.0-py3.10.egg-info/dependency_links.txt
/home/xukai/00-Learn/ros2-learning/ws01_plumbing/install/py01_topic/lib/py01_topic/demo01_publisher_str_py
/home/xukai/00-Learn/ros2-learning/ws01_plumbing/install/py01_topic/lib/py01_topic/demo02_subscriber_str_py
/home/xukai/00-Learn/ros2-learning/ws01_plumbing/install/py01_topic/lib/py01_topic/demo03_publisher_stu_py
/home/xukai/00-Learn/ros2-learning/ws01_plumbing/install/py01_topic/lib/py01_topic/demo04_subscriber_stu_py
